[0.087s] Invoking command in '/home/mine/Desktop/ros2_ws/build/ugv02_cartographer': CMAKE_PREFIX_PATH=${CMAKE_PREFIX_PATH}:/opt/ros/humble /usr/bin/cmake --build /home/mine/Desktop/ros2_ws/build/ugv02_cartographer -- -j4 -l4
[0.278s] Invoked command in '/home/mine/Desktop/ros2_ws/build/ugv02_cartographer' returned '0': CMAKE_PREFIX_PATH=${CMAKE_PREFIX_PATH}:/opt/ros/humble /usr/bin/cmake --build /home/mine/Desktop/ros2_ws/build/ugv02_cartographer -- -j4 -l4
[0.477s] Invoking command in '/home/mine/Desktop/ros2_ws/build/ugv02_cartographer': CMAKE_PREFIX_PATH=${CMAKE_PREFIX_PATH}:/opt/ros/humble /usr/bin/cmake --install /home/mine/Desktop/ros2_ws/build/ugv02_cartographer
[0.521s] -- Install configuration: ""
[0.523s] -- Up-to-date: /home/mine/Desktop/ros2_ws/install/ugv02_cartographer/share/ament_index/resource_index/package_run_dependencies/ugv02_cartographer
[0.527s] -- Up-to-date: /home/mine/Desktop/ros2_ws/install/ugv02_cartographer/share/ament_index/resource_index/parent_prefix_path/ugv02_cartographer
[0.532s] -- Up-to-date: /home/mine/Desktop/ros2_ws/install/ugv02_cartographer/share/ugv02_cartographer/environment/ament_prefix_path.sh
[0.533s] -- Up-to-date: /home/mine/Desktop/ros2_ws/install/ugv02_cartographer/share/ugv02_cartographer/environment/ament_prefix_path.dsv
[0.533s] -- Up-to-date: /home/mine/Desktop/ros2_ws/install/ugv02_cartographer/share/ugv02_cartographer/environment/path.sh
[0.537s] -- Up-to-date: /home/mine/Desktop/ros2_ws/install/ugv02_cartographer/share/ugv02_cartographer/environment/path.dsv
[0.538s] -- Up-to-date: /home/mine/Desktop/ros2_ws/install/ugv02_cartographer/share/ugv02_cartographer/local_setup.bash
[0.548s] -- Up-to-date: /home/mine/Desktop/ros2_ws/install/ugv02_cartographer/share/ugv02_cartographer/local_setup.sh
[0.549s] -- Up-to-date: /home/mine/Desktop/ros2_ws/install/ugv02_cartographer/share/ugv02_cartographer/local_setup.zsh
[0.552s] -- Up-to-date: /home/mine/Desktop/ros2_ws/install/ugv02_cartographer/share/ugv02_cartographer/local_setup.dsv
[0.553s] -- Installing: /home/mine/Desktop/ros2_ws/install/ugv02_cartographer/share/ugv02_cartographer/package.dsv
[0.554s] -- Up-to-date: /home/mine/Desktop/ros2_ws/install/ugv02_cartographer/share/ament_index/resource_index/packages/ugv02_cartographer
[0.555s] -- Up-to-date: /home/mine/Desktop/ros2_ws/install/ugv02_cartographer/share/ugv02_cartographer/cmake/ugv02_cartographerConfig.cmake
[0.556s] -- Up-to-date: /home/mine/Desktop/ros2_ws/install/ugv02_cartographer/share/ugv02_cartographer/cmake/ugv02_cartographerConfig-version.cmake
[0.557s] -- Up-to-date: /home/mine/Desktop/ros2_ws/install/ugv02_cartographer/share/ugv02_cartographer/package.xml
[0.557s] -- Up-to-date: /home/mine/Desktop/ros2_ws/install/ugv02_cartographer/share//config
[0.558s] -- Installing: /home/mine/Desktop/ros2_ws/install/ugv02_cartographer/share//config/cartographer_2d.lua
[0.559s] -- Up-to-date: /home/mine/Desktop/ros2_ws/install/ugv02_cartographer/share//launch
[0.559s] -- Up-to-date: /home/mine/Desktop/ros2_ws/install/ugv02_cartographer/share//launch/cartographer.launch.py
[0.560s] -- Up-to-date: /home/mine/Desktop/ros2_ws/install/ugv02_cartographer/share//launch/build
[0.562s] -- Up-to-date: /home/mine/Desktop/ros2_ws/install/ugv02_cartographer/share//launch/build/.built_by
[0.563s] -- Up-to-date: /home/mine/Desktop/ros2_ws/install/ugv02_cartographer/share//launch/build/COLCON_IGNORE
[0.563s] -- Up-to-date: /home/mine/Desktop/ros2_ws/install/ugv02_cartographer/share//launch/install
[0.563s] -- Up-to-date: /home/mine/Desktop/ros2_ws/install/ugv02_cartographer/share//launch/install/local_setup.bash
[0.564s] -- Up-to-date: /home/mine/Desktop/ros2_ws/install/ugv02_cartographer/share//launch/install/setup.sh
[0.567s] -- Up-to-date: /home/mine/Desktop/ros2_ws/install/ugv02_cartographer/share//launch/install/_local_setup_util_ps1.py
[0.568s] -- Up-to-date: /home/mine/Desktop/ros2_ws/install/ugv02_cartographer/share//launch/install/.colcon_install_layout
[0.568s] -- Up-to-date: /home/mine/Desktop/ros2_ws/install/ugv02_cartographer/share//launch/install/setup.ps1
[0.569s] -- Up-to-date: /home/mine/Desktop/ros2_ws/install/ugv02_cartographer/share//launch/install/_local_setup_util_sh.py
[0.570s] -- Up-to-date: /home/mine/Desktop/ros2_ws/install/ugv02_cartographer/share//launch/install/local_setup.sh
[0.571s] -- Up-to-date: /home/mine/Desktop/ros2_ws/install/ugv02_cartographer/share//launch/install/local_setup.ps1
[0.571s] -- Up-to-date: /home/mine/Desktop/ros2_ws/install/ugv02_cartographer/share//launch/install/COLCON_IGNORE
[0.572s] -- Up-to-date: /home/mine/Desktop/ros2_ws/install/ugv02_cartographer/share//launch/install/local_setup.zsh
[0.572s] -- Up-to-date: /home/mine/Desktop/ros2_ws/install/ugv02_cartographer/share//launch/install/setup.zsh
[0.573s] -- Up-to-date: /home/mine/Desktop/ros2_ws/install/ugv02_cartographer/share//launch/install/setup.bash
[0.573s] -- Up-to-date: /home/mine/Desktop/ros2_ws/install/ugv02_cartographer/share//launch/log
[0.574s] -- Up-to-date: /home/mine/Desktop/ros2_ws/install/ugv02_cartographer/share//launch/log/build_2024-04-25_00-37-51
[0.575s] -- Up-to-date: /home/mine/Desktop/ros2_ws/install/ugv02_cartographer/share//launch/log/build_2024-04-25_00-37-51/events.log
[0.575s] -- Up-to-date: /home/mine/Desktop/ros2_ws/install/ugv02_cartographer/share//launch/log/build_2024-04-25_00-37-51/logger_all.log
[0.576s] -- Up-to-date: /home/mine/Desktop/ros2_ws/install/ugv02_cartographer/share//launch/log/latest
[0.577s] -- Up-to-date: /home/mine/Desktop/ros2_ws/install/ugv02_cartographer/share//launch/log/latest_build
[0.578s] -- Up-to-date: /home/mine/Desktop/ros2_ws/install/ugv02_cartographer/share//launch/log/COLCON_IGNORE
[0.578s] -- Up-to-date: /home/mine/Desktop/ros2_ws/install/ugv02_cartographer/share//launch/log/build_2024-04-25_00-36-22
[0.579s] -- Up-to-date: /home/mine/Desktop/ros2_ws/install/ugv02_cartographer/share//launch/log/build_2024-04-25_00-36-22/events.log
[0.581s] -- Up-to-date: /home/mine/Desktop/ros2_ws/install/ugv02_cartographer/share//launch/log/build_2024-04-25_00-36-22/logger_all.log
[0.583s] Invoked command in '/home/mine/Desktop/ros2_ws/build/ugv02_cartographer' returned '0': CMAKE_PREFIX_PATH=${CMAKE_PREFIX_PATH}:/opt/ros/humble /usr/bin/cmake --install /home/mine/Desktop/ros2_ws/build/ugv02_cartographer
