[0.079s] Invoking command in '/home/mine/Desktop/ros2_ws/build/sllidar_ros2': CMAKE_PREFIX_PATH=${CMAKE_PREFIX_PATH}:/opt/ros/humble /usr/bin/cmake --build /home/mine/Desktop/ros2_ws/build/sllidar_ros2 -- -j4 -l4
[0.479s] [ 10%] Built target sllidar_client
[0.542s] [100%] Built target sllidar_node
[0.656s] Invoked command in '/home/mine/Desktop/ros2_ws/build/sllidar_ros2' returned '0': CMAKE_PREFIX_PATH=${CMAKE_PREFIX_PATH}:/opt/ros/humble /usr/bin/cmake --build /home/mine/Desktop/ros2_ws/build/sllidar_ros2 -- -j4 -l4
[1.254s] Invoking command in '/home/mine/Desktop/ros2_ws/build/sllidar_ros2': CMAKE_PREFIX_PATH=${CMAKE_PREFIX_PATH}:/opt/ros/humble /usr/bin/cmake --install /home/mine/Desktop/ros2_ws/build/sllidar_ros2
[1.302s] -- Install configuration: ""
[1.307s] -- Execute custom install script
[1.313s] -- Up-to-date symlink: /home/mine/Desktop/ros2_ws/install/sllidar_ros2/share/sllidar_ros2/launch/sllidar_a1_launch.py
[1.314s] -- Up-to-date symlink: /home/mine/Desktop/ros2_ws/install/sllidar_ros2/share/sllidar_ros2/launch/sllidar_a2m12_launch .py
[1.316s] -- Up-to-date symlink: /home/mine/Desktop/ros2_ws/install/sllidar_ros2/share/sllidar_ros2/launch/sllidar_a2m7_launch.py
[1.317s] -- Up-to-date symlink: /home/mine/Desktop/ros2_ws/install/sllidar_ros2/share/sllidar_ros2/launch/sllidar_a2m8_launch.py
[1.318s] -- Up-to-date symlink: /home/mine/Desktop/ros2_ws/install/sllidar_ros2/share/sllidar_ros2/launch/sllidar_a3_launch.py
[1.319s] -- Up-to-date symlink: /home/mine/Desktop/ros2_ws/install/sllidar_ros2/share/sllidar_ros2/launch/sllidar_c1_launch.py
[1.320s] -- Up-to-date symlink: /home/mine/Desktop/ros2_ws/install/sllidar_ros2/share/sllidar_ros2/launch/sllidar_s1_launch.py
[1.321s] -- Up-to-date symlink: /home/mine/Desktop/ros2_ws/install/sllidar_ros2/share/sllidar_ros2/launch/sllidar_s1_tcp_launch.py
[1.322s] -- Up-to-date symlink: /home/mine/Desktop/ros2_ws/install/sllidar_ros2/share/sllidar_ros2/launch/sllidar_s2_launch.py
[1.323s] -- Up-to-date symlink: /home/mine/Desktop/ros2_ws/install/sllidar_ros2/share/sllidar_ros2/launch/sllidar_s2e_launch.py
[1.323s] -- Up-to-date symlink: /home/mine/Desktop/ros2_ws/install/sllidar_ros2/share/sllidar_ros2/launch/sllidar_s3_launch.py
[1.325s] -- Up-to-date symlink: /home/mine/Desktop/ros2_ws/install/sllidar_ros2/share/sllidar_ros2/launch/sllidar_t1_launch.py
[1.327s] -- Up-to-date symlink: /home/mine/Desktop/ros2_ws/install/sllidar_ros2/share/sllidar_ros2/launch/view_sllidar_a1_launch.py
[1.327s] -- Up-to-date symlink: /home/mine/Desktop/ros2_ws/install/sllidar_ros2/share/sllidar_ros2/launch/view_sllidar_a2m12_launch.py
[1.328s] -- Up-to-date symlink: /home/mine/Desktop/ros2_ws/install/sllidar_ros2/share/sllidar_ros2/launch/view_sllidar_a2m7_launch.py
[1.329s] -- Up-to-date symlink: /home/mine/Desktop/ros2_ws/install/sllidar_ros2/share/sllidar_ros2/launch/view_sllidar_a2m8_launch.py
[1.330s] -- Up-to-date symlink: /home/mine/Desktop/ros2_ws/install/sllidar_ros2/share/sllidar_ros2/launch/view_sllidar_a3_launch.py
[1.332s] -- Up-to-date symlink: /home/mine/Desktop/ros2_ws/install/sllidar_ros2/share/sllidar_ros2/launch/view_sllidar_c1_launch.py
[1.333s] -- Up-to-date symlink: /home/mine/Desktop/ros2_ws/install/sllidar_ros2/share/sllidar_ros2/launch/view_sllidar_s1_launch.py
[1.334s] -- Up-to-date symlink: /home/mine/Desktop/ros2_ws/install/sllidar_ros2/share/sllidar_ros2/launch/view_sllidar_s1_tcp_launch.py
[1.335s] -- Up-to-date symlink: /home/mine/Desktop/ros2_ws/install/sllidar_ros2/share/sllidar_ros2/launch/view_sllidar_s2_launch.py
[1.336s] -- Up-to-date symlink: /home/mine/Desktop/ros2_ws/install/sllidar_ros2/share/sllidar_ros2/launch/view_sllidar_s2e_launch.py
[1.338s] -- Up-to-date symlink: /home/mine/Desktop/ros2_ws/install/sllidar_ros2/share/sllidar_ros2/launch/view_sllidar_s3_launch.py
[1.338s] -- Up-to-date symlink: /home/mine/Desktop/ros2_ws/install/sllidar_ros2/share/sllidar_ros2/launch/view_sllidar_t1_launch.py
[1.339s] -- Up-to-date symlink: /home/mine/Desktop/ros2_ws/install/sllidar_ros2/share/sllidar_ros2/rviz/sllidar_ros2.rviz
[1.341s] -- Up-to-date symlink: /home/mine/Desktop/ros2_ws/install/sllidar_ros2/lib/sllidar_ros2/sllidar_node
[1.342s] -- Up-to-date symlink: /home/mine/Desktop/ros2_ws/install/sllidar_ros2/lib/sllidar_ros2/sllidar_client
[1.350s] -- Up-to-date symlink: /home/mine/Desktop/ros2_ws/install/sllidar_ros2/share/ament_index/resource_index/package_run_dependencies/sllidar_ros2
[1.352s] -- Up-to-date symlink: /home/mine/Desktop/ros2_ws/install/sllidar_ros2/share/ament_index/resource_index/parent_prefix_path/sllidar_ros2
[1.353s] -- Up-to-date symlink: /home/mine/Desktop/ros2_ws/install/sllidar_ros2/share/sllidar_ros2/environment/ament_prefix_path.sh
[1.354s] -- Up-to-date symlink: /home/mine/Desktop/ros2_ws/install/sllidar_ros2/share/sllidar_ros2/environment/ament_prefix_path.dsv
[1.357s] -- Up-to-date symlink: /home/mine/Desktop/ros2_ws/install/sllidar_ros2/share/sllidar_ros2/environment/path.sh
[1.359s] -- Up-to-date symlink: /home/mine/Desktop/ros2_ws/install/sllidar_ros2/share/sllidar_ros2/environment/path.dsv
[1.360s] -- Up-to-date symlink: /home/mine/Desktop/ros2_ws/install/sllidar_ros2/share/sllidar_ros2/local_setup.bash
[1.364s] -- Up-to-date symlink: /home/mine/Desktop/ros2_ws/install/sllidar_ros2/share/sllidar_ros2/local_setup.sh
[1.365s] -- Up-to-date symlink: /home/mine/Desktop/ros2_ws/install/sllidar_ros2/share/sllidar_ros2/local_setup.zsh
[1.365s] -- Up-to-date symlink: /home/mine/Desktop/ros2_ws/install/sllidar_ros2/share/sllidar_ros2/local_setup.dsv
[1.368s] -- Symlinking: /home/mine/Desktop/ros2_ws/install/sllidar_ros2/share/sllidar_ros2/package.dsv
[1.411s] -- Up-to-date symlink: /home/mine/Desktop/ros2_ws/install/sllidar_ros2/share/ament_index/resource_index/packages/sllidar_ros2
[1.414s] -- Up-to-date symlink: /home/mine/Desktop/ros2_ws/install/sllidar_ros2/share/sllidar_ros2/cmake/ament_cmake_export_dependencies-extras.cmake
[1.415s] -- Up-to-date symlink: /home/mine/Desktop/ros2_ws/install/sllidar_ros2/share/sllidar_ros2/cmake/ament_cmake_export_include_directories-extras.cmake
[1.417s] -- Up-to-date symlink: /home/mine/Desktop/ros2_ws/install/sllidar_ros2/share/sllidar_ros2/cmake/sllidar_ros2Config.cmake
[1.418s] -- Up-to-date symlink: /home/mine/Desktop/ros2_ws/install/sllidar_ros2/share/sllidar_ros2/cmake/sllidar_ros2Config-version.cmake
[1.419s] -- Up-to-date symlink: /home/mine/Desktop/ros2_ws/install/sllidar_ros2/share/sllidar_ros2/package.xml
[1.428s] Invoked command in '/home/mine/Desktop/ros2_ws/build/sllidar_ros2' returned '0': CMAKE_PREFIX_PATH=${CMAKE_PREFIX_PATH}:/opt/ros/humble /usr/bin/cmake --install /home/mine/Desktop/ros2_ws/build/sllidar_ros2
