[5.468s] Invoking command in '/home/mine/Desktop/mineswarm-parent/ros2_ws/src/communication_module': PYTHONPATH=/home/mine/Desktop/mineswarm-parent/ros2_ws/build/communication_module/prefix_override:/home/mine/Desktop/mineswarm-parent/ros2_ws/install/communication_module/lib/python3.10/site-packages:${PYTHONPATH} /usr/bin/python3 -W ignore:setup.py install is deprecated setup.py egg_info --egg-base ../../build/communication_module build --build-base /home/mine/Desktop/mineswarm-parent/ros2_ws/build/communication_module/build install --record /home/mine/Desktop/mineswarm-parent/ros2_ws/build/communication_module/install.log --single-version-externally-managed install_data
[7.555s] running egg_info
[7.559s] creating ../../build/communication_module/communication_module.egg-info
[7.561s] writing ../../build/communication_module/communication_module.egg-info/PKG-INFO
[7.563s] writing dependency_links to ../../build/communication_module/communication_module.egg-info/dependency_links.txt
[7.572s] writing entry points to ../../build/communication_module/communication_module.egg-info/entry_points.txt
[7.574s] writing requirements to ../../build/communication_module/communication_module.egg-info/requires.txt
[7.575s] writing top-level names to ../../build/communication_module/communication_module.egg-info/top_level.txt
[7.576s] writing manifest file '../../build/communication_module/communication_module.egg-info/SOURCES.txt'
[7.580s] reading manifest file '../../build/communication_module/communication_module.egg-info/SOURCES.txt'
[7.597s] writing manifest file '../../build/communication_module/communication_module.egg-info/SOURCES.txt'
[7.604s] running build
[7.605s] running build_py
[7.612s] creating /home/mine/Desktop/mineswarm-parent/ros2_ws/build/communication_module/build
[7.613s] creating /home/mine/Desktop/mineswarm-parent/ros2_ws/build/communication_module/build/lib
[7.614s] creating /home/mine/Desktop/mineswarm-parent/ros2_ws/build/communication_module/build/lib/communication_module
[7.616s] copying communication_module/ugv02_control.py -> /home/mine/Desktop/mineswarm-parent/ros2_ws/build/communication_module/build/lib/communication_module
[7.617s] copying communication_module/__init__.py -> /home/mine/Desktop/mineswarm-parent/ros2_ws/build/communication_module/build/lib/communication_module
[7.625s] running install
[7.625s] running install_lib
[7.633s] creating /home/mine/Desktop/mineswarm-parent/ros2_ws/install/communication_module/lib/python3.10/site-packages/communication_module
[7.635s] copying /home/mine/Desktop/mineswarm-parent/ros2_ws/build/communication_module/build/lib/communication_module/ugv02_control.py -> /home/mine/Desktop/mineswarm-parent/ros2_ws/install/communication_module/lib/python3.10/site-packages/communication_module
[7.635s] copying /home/mine/Desktop/mineswarm-parent/ros2_ws/build/communication_module/build/lib/communication_module/__init__.py -> /home/mine/Desktop/mineswarm-parent/ros2_ws/install/communication_module/lib/python3.10/site-packages/communication_module
[7.648s] byte-compiling /home/mine/Desktop/mineswarm-parent/ros2_ws/install/communication_module/lib/python3.10/site-packages/communication_module/ugv02_control.py to ugv02_control.cpython-310.pyc
[7.649s] byte-compiling /home/mine/Desktop/mineswarm-parent/ros2_ws/install/communication_module/lib/python3.10/site-packages/communication_module/__init__.py to __init__.cpython-310.pyc
[7.650s] running install_data
[7.651s] creating /home/mine/Desktop/mineswarm-parent/ros2_ws/install/communication_module/share/ament_index
[7.652s] creating /home/mine/Desktop/mineswarm-parent/ros2_ws/install/communication_module/share/ament_index/resource_index
[7.653s] creating /home/mine/Desktop/mineswarm-parent/ros2_ws/install/communication_module/share/ament_index/resource_index/packages
[7.655s] copying resource/communication_module -> /home/mine/Desktop/mineswarm-parent/ros2_ws/install/communication_module/share/ament_index/resource_index/packages
[7.673s] copying package.xml -> /home/mine/Desktop/mineswarm-parent/ros2_ws/install/communication_module/share/communication_module
[7.674s] running install_egg_info
[7.675s] Copying ../../build/communication_module/communication_module.egg-info to /home/mine/Desktop/mineswarm-parent/ros2_ws/install/communication_module/lib/python3.10/site-packages/communication_module-0.0.0-py3.10.egg-info
[7.681s] running install_scripts
[7.836s] Installing ugv02_control script to /home/mine/Desktop/mineswarm-parent/ros2_ws/install/communication_module/lib/communication_module
[7.841s] writing list of installed files to '/home/mine/Desktop/mineswarm-parent/ros2_ws/build/communication_module/install.log'
[8.167s] Invoked command in '/home/mine/Desktop/mineswarm-parent/ros2_ws/src/communication_module' returned '0': PYTHONPATH=/home/mine/Desktop/mineswarm-parent/ros2_ws/build/communication_module/prefix_override:/home/mine/Desktop/mineswarm-parent/ros2_ws/install/communication_module/lib/python3.10/site-packages:${PYTHONPATH} /usr/bin/python3 -W ignore:setup.py install is deprecated setup.py egg_info --egg-base ../../build/communication_module build --build-base /home/mine/Desktop/mineswarm-parent/ros2_ws/build/communication_module/build install --record /home/mine/Desktop/mineswarm-parent/ros2_ws/build/communication_module/install.log --single-version-externally-managed install_data
