[3.336s] Invoking command in '/home/robot/Desktop/ros2_ws/src/childcomms': PYTHONPATH=/home/robot/Desktop/ros2_ws/build/childcomms/prefix_override:/home/robot/Desktop/ros2_ws/install/childcomms/lib/python3.10/site-packages:${PYTHONPATH} /usr/bin/python3 -W ignore:setup.py install is deprecated setup.py egg_info --egg-base ../../build/childcomms build --build-base /home/robot/Desktop/ros2_ws/build/childcomms/build install --record /home/robot/Desktop/ros2_ws/build/childcomms/install.log --single-version-externally-managed install_data
[4.522s] running egg_info
[4.526s] writing ../../build/childcomms/childcomms.egg-info/PKG-INFO
[4.527s] writing dependency_links to ../../build/childcomms/childcomms.egg-info/dependency_links.txt
[4.528s] writing entry points to ../../build/childcomms/childcomms.egg-info/entry_points.txt
[4.529s] writing requirements to ../../build/childcomms/childcomms.egg-info/requires.txt
[4.530s] writing top-level names to ../../build/childcomms/childcomms.egg-info/top_level.txt
[4.538s] reading manifest file '../../build/childcomms/childcomms.egg-info/SOURCES.txt'
[4.540s] adding license file 'LICENSE'
[4.559s] writing manifest file '../../build/childcomms/childcomms.egg-info/SOURCES.txt'
[4.560s] running build
[4.561s] running build_py
[4.562s] copying childcomms/childcomms1.py -> /home/robot/Desktop/ros2_ws/build/childcomms/build/lib/childcomms
[4.563s] running install
[4.564s] running install_lib
[4.565s] copying /home/robot/Desktop/ros2_ws/build/childcomms/build/lib/childcomms/childcomms1.py -> /home/robot/Desktop/ros2_ws/install/childcomms/lib/python3.10/site-packages/childcomms
[4.566s] byte-compiling /home/robot/Desktop/ros2_ws/install/childcomms/lib/python3.10/site-packages/childcomms/childcomms1.py to childcomms1.cpython-310.pyc
[4.568s] running install_data
[4.568s] running install_egg_info
[4.574s] removing '/home/robot/Desktop/ros2_ws/install/childcomms/lib/python3.10/site-packages/childcomms-0.0.0-py3.10.egg-info' (and everything under it)
[4.576s] Copying ../../build/childcomms/childcomms.egg-info to /home/robot/Desktop/ros2_ws/install/childcomms/lib/python3.10/site-packages/childcomms-0.0.0-py3.10.egg-info
[4.595s] running install_scripts
[4.685s] Installing childcomms1 script to /home/robot/Desktop/ros2_ws/install/childcomms/lib/childcomms
[4.687s] Installing childcomms2 script to /home/robot/Desktop/ros2_ws/install/childcomms/lib/childcomms
[4.688s] writing list of installed files to '/home/robot/Desktop/ros2_ws/build/childcomms/install.log'
[4.836s] Invoked command in '/home/robot/Desktop/ros2_ws/src/childcomms' returned '0': PYTHONPATH=/home/robot/Desktop/ros2_ws/build/childcomms/prefix_override:/home/robot/Desktop/ros2_ws/install/childcomms/lib/python3.10/site-packages:${PYTHONPATH} /usr/bin/python3 -W ignore:setup.py install is deprecated setup.py egg_info --egg-base ../../build/childcomms build --build-base /home/robot/Desktop/ros2_ws/build/childcomms/build install --record /home/robot/Desktop/ros2_ws/build/childcomms/install.log --single-version-externally-managed install_data
