[4.976s] Invoking command in '/home/robot/Desktop/mineswarm-parent/ros2_ws/src/childcomms': PYTHONPATH=/home/robot/Desktop/mineswarm-parent/ros2_ws/build/childcomms/prefix_override:/usr/lib/python3/dist-packages/colcon_core/task/python/colcon_distutils_commands:/home/robot/Desktop/mineswarm-parent/ros2_ws/install/childcomms/lib/python3.10/site-packages:${PYTHONPATH} /usr/bin/python3 -W ignore:setup.py install is deprecated setup.py egg_info --egg-base ../../build/childcomms build --build-base /home/robot/Desktop/mineswarm-parent/ros2_ws/build/childcomms/build install --record /home/robot/Desktop/mineswarm-parent/ros2_ws/build/childcomms/install.log --single-version-externally-managed install_data
[6.288s] running egg_info
[6.292s] writing ../../build/childcomms/childcomms.egg-info/PKG-INFO
[6.293s] writing dependency_links to ../../build/childcomms/childcomms.egg-info/dependency_links.txt
[6.294s] writing entry points to ../../build/childcomms/childcomms.egg-info/entry_points.txt
[6.304s] writing requirements to ../../build/childcomms/childcomms.egg-info/requires.txt
[6.305s] writing top-level names to ../../build/childcomms/childcomms.egg-info/top_level.txt
[6.308s] reading manifest file '../../build/childcomms/childcomms.egg-info/SOURCES.txt'
[6.309s] adding license file 'LICENSE'
[6.312s] writing manifest file '../../build/childcomms/childcomms.egg-info/SOURCES.txt'
[6.313s] running build
[6.314s] running build_py
[6.316s] copying childcomms/childcomms.py -> /home/robot/Desktop/mineswarm-parent/ros2_ws/build/childcomms/build/lib/childcomms
[6.317s] running install
[6.318s] running install_lib
[6.321s] copying /home/robot/Desktop/mineswarm-parent/ros2_ws/build/childcomms/build/lib/childcomms/childcomms.py -> /home/robot/Desktop/mineswarm-parent/ros2_ws/install/childcomms/lib/python3.10/site-packages/childcomms
[6.325s] byte-compiling /home/robot/Desktop/mineswarm-parent/ros2_ws/install/childcomms/lib/python3.10/site-packages/childcomms/childcomms.py to childcomms.cpython-310.pyc
[6.328s] running install_data
[6.328s] running install_egg_info
[6.337s] removing '/home/robot/Desktop/mineswarm-parent/ros2_ws/install/childcomms/lib/python3.10/site-packages/childcomms-0.0.0-py3.10.egg-info' (and everything under it)
[6.339s] Copying ../../build/childcomms/childcomms.egg-info to /home/robot/Desktop/mineswarm-parent/ros2_ws/install/childcomms/lib/python3.10/site-packages/childcomms-0.0.0-py3.10.egg-info
[6.346s] running install_scripts
[6.451s] Installing childcomms script to /home/robot/Desktop/mineswarm-parent/ros2_ws/install/childcomms/lib/childcomms
[6.454s] writing list of installed files to '/home/robot/Desktop/mineswarm-parent/ros2_ws/build/childcomms/install.log'
[6.678s] Invoked command in '/home/robot/Desktop/mineswarm-parent/ros2_ws/src/childcomms' returned '0': PYTHONPATH=/home/robot/Desktop/mineswarm-parent/ros2_ws/build/childcomms/prefix_override:/usr/lib/python3/dist-packages/colcon_core/task/python/colcon_distutils_commands:/home/robot/Desktop/mineswarm-parent/ros2_ws/install/childcomms/lib/python3.10/site-packages:${PYTHONPATH} /usr/bin/python3 -W ignore:setup.py install is deprecated setup.py egg_info --egg-base ../../build/childcomms build --build-base /home/robot/Desktop/mineswarm-parent/ros2_ws/build/childcomms/build install --record /home/robot/Desktop/mineswarm-parent/ros2_ws/build/childcomms/install.log --single-version-externally-managed install_data
