[0.644s] DEBUG:colcon:Command line arguments: ['/usr/bin/colcon', 'build']
[0.644s] DEBUG:colcon:Parsed command line arguments: Namespace(log_base=None, log_level=None, verb_name='build', build_base='build', install_base='install', merge_install=False, symlink_install=False, test_result_base=None, continue_on_error=False, executor='parallel', parallel_workers=4, event_handlers=None, ignore_user_meta=False, metas=['./colcon.meta'], base_paths=['.'], packages_ignore=None, packages_ignore_regex=None, paths=None, packages_up_to=None, packages_up_to_regex=None, packages_above=None, packages_above_and_dependencies=None, packages_above_depth=None, packages_select_by_dep=None, packages_skip_by_dep=None, packages_skip_up_to=None, packages_select_build_failed=False, packages_skip_build_finished=False, packages_select_test_failures=False, packages_skip_test_passed=False, packages_select=None, packages_skip=None, packages_select_regex=None, packages_skip_regex=None, packages_start=None, packages_end=None, allow_overriding=[], cmake_args=None, cmake_target=None, cmake_target_skip_unavailable=False, cmake_clean_cache=False, cmake_clean_first=False, cmake_force_configure=False, ament_cmake_args=None, catkin_cmake_args=None, catkin_skip_building_tests=False, verb_parser=<colcon_defaults.argument_parser.defaults.DefaultArgumentsDecorator object at 0xffff9be18ee0>, verb_extension=<colcon_core.verb.build.BuildVerb object at 0xffff9bf31ae0>, main=<bound method BuildVerb.main of <colcon_core.verb.build.BuildVerb object at 0xffff9bf31ae0>>)
[2.353s] Level 1:colcon.colcon_core.package_discovery:discover_packages(colcon_meta) check parameters
[2.353s] Level 1:colcon.colcon_core.package_discovery:discover_packages(recursive) check parameters
[2.354s] Level 1:colcon.colcon_core.package_discovery:discover_packages(ignore) check parameters
[2.354s] Level 1:colcon.colcon_core.package_discovery:discover_packages(path) check parameters
[2.354s] Level 1:colcon.colcon_core.package_discovery:discover_packages(colcon_meta) discover
[2.354s] Level 1:colcon.colcon_core.package_discovery:discover_packages(recursive) discover
[2.355s] INFO:colcon.colcon_core.package_discovery:Crawling recursively for packages in '/home/mine/Desktop/ros2_ws'
[2.355s] Level 1:colcon.colcon_core.package_identification:_identify(.) by extensions ['ignore', 'ignore_ament_install']
[2.355s] Level 1:colcon.colcon_core.package_identification:_identify(.) by extension 'ignore'
[2.356s] Level 1:colcon.colcon_core.package_identification:_identify(.) by extension 'ignore_ament_install'
[2.356s] Level 1:colcon.colcon_core.package_identification:_identify(.) by extensions ['colcon_pkg']
[2.356s] Level 1:colcon.colcon_core.package_identification:_identify(.) by extension 'colcon_pkg'
[2.356s] Level 1:colcon.colcon_core.package_identification:_identify(.) by extensions ['colcon_meta']
[2.357s] Level 1:colcon.colcon_core.package_identification:_identify(.) by extension 'colcon_meta'
[2.357s] Level 1:colcon.colcon_core.package_identification:_identify(.) by extensions ['ros']
[2.357s] Level 1:colcon.colcon_core.package_identification:_identify(.) by extension 'ros'
[2.426s] Level 1:colcon.colcon_core.package_identification:_identify(.) by extensions ['cmake', 'python']
[2.427s] Level 1:colcon.colcon_core.package_identification:_identify(.) by extension 'cmake'
[2.427s] Level 1:colcon.colcon_core.package_identification:_identify(.) by extension 'python'
[2.427s] Level 1:colcon.colcon_core.package_identification:_identify(.) by extensions ['python_setup_py']
[2.427s] Level 1:colcon.colcon_core.package_identification:_identify(.) by extension 'python_setup_py'
[2.428s] Level 1:colcon.colcon_core.package_identification:_identify(build) by extensions ['ignore', 'ignore_ament_install']
[2.428s] Level 1:colcon.colcon_core.package_identification:_identify(build) by extension 'ignore'
[2.428s] Level 1:colcon.colcon_core.package_identification:_identify(build) ignored
[2.429s] Level 1:colcon.colcon_core.package_identification:_identify(install) by extensions ['ignore', 'ignore_ament_install']
[2.429s] Level 1:colcon.colcon_core.package_identification:_identify(install) by extension 'ignore'
[2.429s] Level 1:colcon.colcon_core.package_identification:_identify(install) ignored
[2.430s] Level 1:colcon.colcon_core.package_identification:_identify(log) by extensions ['ignore', 'ignore_ament_install']
[2.430s] Level 1:colcon.colcon_core.package_identification:_identify(log) by extension 'ignore'
[2.430s] Level 1:colcon.colcon_core.package_identification:_identify(log) ignored
[2.431s] Level 1:colcon.colcon_core.package_identification:_identify(src) by extensions ['ignore', 'ignore_ament_install']
[2.431s] Level 1:colcon.colcon_core.package_identification:_identify(src) by extension 'ignore'
[2.431s] Level 1:colcon.colcon_core.package_identification:_identify(src) by extension 'ignore_ament_install'
[2.432s] Level 1:colcon.colcon_core.package_identification:_identify(src) by extensions ['colcon_pkg']
[2.432s] Level 1:colcon.colcon_core.package_identification:_identify(src) by extension 'colcon_pkg'
[2.432s] Level 1:colcon.colcon_core.package_identification:_identify(src) by extensions ['colcon_meta']
[2.432s] Level 1:colcon.colcon_core.package_identification:_identify(src) by extension 'colcon_meta'
[2.432s] Level 1:colcon.colcon_core.package_identification:_identify(src) by extensions ['ros']
[2.432s] Level 1:colcon.colcon_core.package_identification:_identify(src) by extension 'ros'
[2.433s] Level 1:colcon.colcon_core.package_identification:_identify(src) by extensions ['cmake', 'python']
[2.433s] Level 1:colcon.colcon_core.package_identification:_identify(src) by extension 'cmake'
[2.433s] Level 1:colcon.colcon_core.package_identification:_identify(src) by extension 'python'
[2.433s] Level 1:colcon.colcon_core.package_identification:_identify(src) by extensions ['python_setup_py']
[2.433s] Level 1:colcon.colcon_core.package_identification:_identify(src) by extension 'python_setup_py'
[2.434s] Level 1:colcon.colcon_core.package_identification:_identify(src/sllidar_ros2) by extensions ['ignore', 'ignore_ament_install']
[2.434s] Level 1:colcon.colcon_core.package_identification:_identify(src/sllidar_ros2) by extension 'ignore'
[2.434s] Level 1:colcon.colcon_core.package_identification:_identify(src/sllidar_ros2) by extension 'ignore_ament_install'
[2.435s] Level 1:colcon.colcon_core.package_identification:_identify(src/sllidar_ros2) by extensions ['colcon_pkg']
[2.435s] Level 1:colcon.colcon_core.package_identification:_identify(src/sllidar_ros2) by extension 'colcon_pkg'
[2.435s] Level 1:colcon.colcon_core.package_identification:_identify(src/sllidar_ros2) by extensions ['colcon_meta']
[2.435s] Level 1:colcon.colcon_core.package_identification:_identify(src/sllidar_ros2) by extension 'colcon_meta'
[2.435s] Level 1:colcon.colcon_core.package_identification:_identify(src/sllidar_ros2) by extensions ['ros']
[2.435s] Level 1:colcon.colcon_core.package_identification:_identify(src/sllidar_ros2) by extension 'ros'
[2.448s] DEBUG:colcon.colcon_core.package_identification:Package 'src/sllidar_ros2' with type 'ros.ament_cmake' and name 'sllidar_ros2'
[2.449s] Level 1:colcon.colcon_core.package_identification:_identify(src/ugv02_cartographer) by extensions ['ignore', 'ignore_ament_install']
[2.449s] Level 1:colcon.colcon_core.package_identification:_identify(src/ugv02_cartographer) by extension 'ignore'
[2.450s] Level 1:colcon.colcon_core.package_identification:_identify(src/ugv02_cartographer) by extension 'ignore_ament_install'
[2.450s] Level 1:colcon.colcon_core.package_identification:_identify(src/ugv02_cartographer) by extensions ['colcon_pkg']
[2.450s] Level 1:colcon.colcon_core.package_identification:_identify(src/ugv02_cartographer) by extension 'colcon_pkg'
[2.450s] Level 1:colcon.colcon_core.package_identification:_identify(src/ugv02_cartographer) by extensions ['colcon_meta']
[2.450s] Level 1:colcon.colcon_core.package_identification:_identify(src/ugv02_cartographer) by extension 'colcon_meta'
[2.451s] Level 1:colcon.colcon_core.package_identification:_identify(src/ugv02_cartographer) by extensions ['ros']
[2.451s] Level 1:colcon.colcon_core.package_identification:_identify(src/ugv02_cartographer) by extension 'ros'
[2.453s] DEBUG:colcon.colcon_core.package_identification:Package 'src/ugv02_cartographer' with type 'ros.ament_cmake' and name 'ugv02_cartographer'
[2.454s] Level 1:colcon.colcon_core.package_discovery:discover_packages(recursive) using defaults
[2.454s] Level 1:colcon.colcon_core.package_discovery:discover_packages(ignore) discover
[2.454s] Level 1:colcon.colcon_core.package_discovery:discover_packages(ignore) using defaults
[2.454s] Level 1:colcon.colcon_core.package_discovery:discover_packages(path) discover
[2.454s] Level 1:colcon.colcon_core.package_discovery:discover_packages(path) using defaults
[2.555s] Level 1:colcon.colcon_core.package_discovery:discover_packages(prefix_path) check parameters
[2.555s] Level 1:colcon.colcon_core.package_discovery:discover_packages(prefix_path) discover
[2.574s] DEBUG:colcon.colcon_installed_package_information.package_discovery:Found 2 installed packages in /home/mine/Desktop/ros2_ws/install
[2.585s] DEBUG:colcon.colcon_installed_package_information.package_discovery:Found 337 installed packages in /opt/ros/humble
[2.631s] Level 1:colcon.colcon_core.package_discovery:discover_packages(prefix_path) using defaults
[2.846s] Level 5:colcon.colcon_core.verb:set package 'sllidar_ros2' build argument 'cmake_args' from command line to 'None'
[2.846s] Level 5:colcon.colcon_core.verb:set package 'sllidar_ros2' build argument 'cmake_target' from command line to 'None'
[2.847s] Level 5:colcon.colcon_core.verb:set package 'sllidar_ros2' build argument 'cmake_target_skip_unavailable' from command line to 'False'
[2.847s] Level 5:colcon.colcon_core.verb:set package 'sllidar_ros2' build argument 'cmake_clean_cache' from command line to 'False'
[2.847s] Level 5:colcon.colcon_core.verb:set package 'sllidar_ros2' build argument 'cmake_clean_first' from command line to 'False'
[2.847s] Level 5:colcon.colcon_core.verb:set package 'sllidar_ros2' build argument 'cmake_force_configure' from command line to 'False'
[2.847s] Level 5:colcon.colcon_core.verb:set package 'sllidar_ros2' build argument 'ament_cmake_args' from command line to 'None'
[2.847s] Level 5:colcon.colcon_core.verb:set package 'sllidar_ros2' build argument 'catkin_cmake_args' from command line to 'None'
[2.847s] Level 5:colcon.colcon_core.verb:set package 'sllidar_ros2' build argument 'catkin_skip_building_tests' from command line to 'False'
[2.848s] DEBUG:colcon.colcon_core.verb:Building package 'sllidar_ros2' with the following arguments: {'ament_cmake_args': None, 'build_base': '/home/mine/Desktop/ros2_ws/build/sllidar_ros2', 'catkin_cmake_args': None, 'catkin_skip_building_tests': False, 'cmake_args': None, 'cmake_clean_cache': False, 'cmake_clean_first': False, 'cmake_force_configure': False, 'cmake_target': None, 'cmake_target_skip_unavailable': False, 'install_base': '/home/mine/Desktop/ros2_ws/install/sllidar_ros2', 'merge_install': False, 'path': '/home/mine/Desktop/ros2_ws/src/sllidar_ros2', 'symlink_install': False, 'test_result_base': None}
[2.849s] Level 5:colcon.colcon_core.verb:set package 'ugv02_cartographer' build argument 'cmake_args' from command line to 'None'
[2.849s] Level 5:colcon.colcon_core.verb:set package 'ugv02_cartographer' build argument 'cmake_target' from command line to 'None'
[2.849s] Level 5:colcon.colcon_core.verb:set package 'ugv02_cartographer' build argument 'cmake_target_skip_unavailable' from command line to 'False'
[2.850s] Level 5:colcon.colcon_core.verb:set package 'ugv02_cartographer' build argument 'cmake_clean_cache' from command line to 'False'
[2.850s] Level 5:colcon.colcon_core.verb:set package 'ugv02_cartographer' build argument 'cmake_clean_first' from command line to 'False'
[2.850s] Level 5:colcon.colcon_core.verb:set package 'ugv02_cartographer' build argument 'cmake_force_configure' from command line to 'False'
[2.850s] Level 5:colcon.colcon_core.verb:set package 'ugv02_cartographer' build argument 'ament_cmake_args' from command line to 'None'
[2.850s] Level 5:colcon.colcon_core.verb:set package 'ugv02_cartographer' build argument 'catkin_cmake_args' from command line to 'None'
[2.850s] Level 5:colcon.colcon_core.verb:set package 'ugv02_cartographer' build argument 'catkin_skip_building_tests' from command line to 'False'
[2.850s] DEBUG:colcon.colcon_core.verb:Building package 'ugv02_cartographer' with the following arguments: {'ament_cmake_args': None, 'build_base': '/home/mine/Desktop/ros2_ws/build/ugv02_cartographer', 'catkin_cmake_args': None, 'catkin_skip_building_tests': False, 'cmake_args': None, 'cmake_clean_cache': False, 'cmake_clean_first': False, 'cmake_force_configure': False, 'cmake_target': None, 'cmake_target_skip_unavailable': False, 'install_base': '/home/mine/Desktop/ros2_ws/install/ugv02_cartographer', 'merge_install': False, 'path': '/home/mine/Desktop/ros2_ws/src/ugv02_cartographer', 'symlink_install': False, 'test_result_base': None}
[2.851s] INFO:colcon.colcon_core.executor:Executing jobs using 'parallel' executor
[2.854s] DEBUG:colcon.colcon_parallel_executor.executor.parallel:run_until_complete
[2.855s] INFO:colcon.colcon_ros.task.ament_cmake.build:Building ROS package in '/home/mine/Desktop/ros2_ws/src/sllidar_ros2' with build type 'ament_cmake'
[2.856s] INFO:colcon.colcon_cmake.task.cmake.build:Building CMake package in '/home/mine/Desktop/ros2_ws/src/sllidar_ros2'
[2.876s] INFO:colcon.colcon_core.plugin_system:Skipping extension 'colcon_core.shell.bat': Not used on non-Windows systems
[2.878s] INFO:colcon.colcon_core.shell:Skip shell extension 'powershell' for command environment: Not usable outside of PowerShell
[2.878s] DEBUG:colcon.colcon_core.shell:Skip shell extension 'dsv' for command environment
[2.903s] INFO:colcon.colcon_ros.task.ament_cmake.build:Building ROS package in '/home/mine/Desktop/ros2_ws/src/ugv02_cartographer' with build type 'ament_cmake'
[2.903s] INFO:colcon.colcon_cmake.task.cmake.build:Building CMake package in '/home/mine/Desktop/ros2_ws/src/ugv02_cartographer'
[2.904s] INFO:colcon.colcon_core.shell:Skip shell extension 'powershell' for command environment: Not usable outside of PowerShell
[2.905s] DEBUG:colcon.colcon_core.shell:Skip shell extension 'dsv' for command environment
[2.968s] DEBUG:colcon.colcon_core.event_handler.log_command:Invoking command in '/home/mine/Desktop/ros2_ws/build/sllidar_ros2': CMAKE_PREFIX_PATH=${CMAKE_PREFIX_PATH}:/opt/ros/humble /usr/bin/cmake --build /home/mine/Desktop/ros2_ws/build/sllidar_ros2 -- -j4 -l4
[3.000s] DEBUG:colcon.colcon_core.event_handler.log_command:Invoking command in '/home/mine/Desktop/ros2_ws/build/ugv02_cartographer': CMAKE_PREFIX_PATH=${CMAKE_PREFIX_PATH}:/opt/ros/humble /usr/bin/cmake --build /home/mine/Desktop/ros2_ws/build/ugv02_cartographer -- -j4 -l4
[3.400s] DEBUG:colcon.colcon_core.event_handler.log_command:Invoked command in '/home/mine/Desktop/ros2_ws/build/ugv02_cartographer' returned '0': CMAKE_PREFIX_PATH=${CMAKE_PREFIX_PATH}:/opt/ros/humble /usr/bin/cmake --build /home/mine/Desktop/ros2_ws/build/ugv02_cartographer -- -j4 -l4
[3.577s] DEBUG:colcon.colcon_core.event_handler.log_command:Invoking command in '/home/mine/Desktop/ros2_ws/build/ugv02_cartographer': CMAKE_PREFIX_PATH=${CMAKE_PREFIX_PATH}:/opt/ros/humble /usr/bin/cmake --install /home/mine/Desktop/ros2_ws/build/ugv02_cartographer
[3.648s] Level 1:colcon.colcon_core.environment:create_environment_scripts_only(ugv02_cartographer)
[3.651s] DEBUG:colcon.colcon_core.event_handler.log_command:Invoked command in '/home/mine/Desktop/ros2_ws/build/ugv02_cartographer' returned '0': CMAKE_PREFIX_PATH=${CMAKE_PREFIX_PATH}:/opt/ros/humble /usr/bin/cmake --install /home/mine/Desktop/ros2_ws/build/ugv02_cartographer
[3.683s] Level 1:colcon.colcon_core.environment:checking '/home/mine/Desktop/ros2_ws/install/ugv02_cartographer' for CMake module files
[3.686s] Level 1:colcon.colcon_core.environment:checking '/home/mine/Desktop/ros2_ws/install/ugv02_cartographer' for CMake config files
[3.689s] Level 1:colcon.colcon_core.shell:create_environment_hook('ugv02_cartographer', 'cmake_prefix_path')
[3.690s] INFO:colcon.colcon_core.shell:Creating environment hook '/home/mine/Desktop/ros2_ws/install/ugv02_cartographer/share/ugv02_cartographer/hook/cmake_prefix_path.ps1'
[3.697s] INFO:colcon.colcon_core.shell:Creating environment descriptor '/home/mine/Desktop/ros2_ws/install/ugv02_cartographer/share/ugv02_cartographer/hook/cmake_prefix_path.dsv'
[3.701s] INFO:colcon.colcon_core.shell:Creating environment hook '/home/mine/Desktop/ros2_ws/install/ugv02_cartographer/share/ugv02_cartographer/hook/cmake_prefix_path.sh'
[3.707s] Level 1:colcon.colcon_core.environment:checking '/home/mine/Desktop/ros2_ws/install/ugv02_cartographer/bin'
[3.708s] Level 1:colcon.colcon_core.environment:checking '/home/mine/Desktop/ros2_ws/install/ugv02_cartographer/lib/pkgconfig/ugv02_cartographer.pc'
[3.709s] Level 1:colcon.colcon_core.environment:checking '/home/mine/Desktop/ros2_ws/install/ugv02_cartographer/lib/python3.10/site-packages'
[3.711s] Level 1:colcon.colcon_core.environment:checking '/home/mine/Desktop/ros2_ws/install/ugv02_cartographer/bin'
[3.713s] INFO:colcon.colcon_core.shell:Creating package script '/home/mine/Desktop/ros2_ws/install/ugv02_cartographer/share/ugv02_cartographer/package.ps1'
[3.718s] INFO:colcon.colcon_core.shell:Creating package descriptor '/home/mine/Desktop/ros2_ws/install/ugv02_cartographer/share/ugv02_cartographer/package.dsv'
[3.722s] INFO:colcon.colcon_core.shell:Creating package script '/home/mine/Desktop/ros2_ws/install/ugv02_cartographer/share/ugv02_cartographer/package.sh'
[3.731s] INFO:colcon.colcon_core.shell:Creating package script '/home/mine/Desktop/ros2_ws/install/ugv02_cartographer/share/ugv02_cartographer/package.bash'
[3.774s] INFO:colcon.colcon_core.shell:Creating package script '/home/mine/Desktop/ros2_ws/install/ugv02_cartographer/share/ugv02_cartographer/package.zsh'
[3.787s] Level 1:colcon.colcon_core.environment:create_file_with_runtime_dependencies(/home/mine/Desktop/ros2_ws/install/ugv02_cartographer/share/colcon-core/packages/ugv02_cartographer)
[3.799s] DEBUG:colcon.colcon_core.event_handler.log_command:Invoked command in '/home/mine/Desktop/ros2_ws/build/sllidar_ros2' returned '0': CMAKE_PREFIX_PATH=${CMAKE_PREFIX_PATH}:/opt/ros/humble /usr/bin/cmake --build /home/mine/Desktop/ros2_ws/build/sllidar_ros2 -- -j4 -l4
[3.917s] Level 1:colcon.colcon_core.environment:create_environment_scripts_only(ugv02_cartographer)
[3.918s] Level 1:colcon.colcon_core.environment:checking '/home/mine/Desktop/ros2_ws/install/ugv02_cartographer' for CMake module files
[3.922s] Level 1:colcon.colcon_core.environment:checking '/home/mine/Desktop/ros2_ws/install/ugv02_cartographer' for CMake config files
[3.925s] Level 1:colcon.colcon_core.shell:create_environment_hook('ugv02_cartographer', 'cmake_prefix_path')
[3.927s] INFO:colcon.colcon_core.shell:Creating environment hook '/home/mine/Desktop/ros2_ws/install/ugv02_cartographer/share/ugv02_cartographer/hook/cmake_prefix_path.ps1'
[3.931s] INFO:colcon.colcon_core.shell:Creating environment descriptor '/home/mine/Desktop/ros2_ws/install/ugv02_cartographer/share/ugv02_cartographer/hook/cmake_prefix_path.dsv'
[3.934s] INFO:colcon.colcon_core.shell:Creating environment hook '/home/mine/Desktop/ros2_ws/install/ugv02_cartographer/share/ugv02_cartographer/hook/cmake_prefix_path.sh'
[3.938s] Level 1:colcon.colcon_core.environment:checking '/home/mine/Desktop/ros2_ws/install/ugv02_cartographer/bin'
[3.938s] Level 1:colcon.colcon_core.environment:checking '/home/mine/Desktop/ros2_ws/install/ugv02_cartographer/lib/pkgconfig/ugv02_cartographer.pc'
[3.940s] Level 1:colcon.colcon_core.environment:checking '/home/mine/Desktop/ros2_ws/install/ugv02_cartographer/lib/python3.10/site-packages'
[3.941s] Level 1:colcon.colcon_core.environment:checking '/home/mine/Desktop/ros2_ws/install/ugv02_cartographer/bin'
[3.943s] INFO:colcon.colcon_core.shell:Creating package script '/home/mine/Desktop/ros2_ws/install/ugv02_cartographer/share/ugv02_cartographer/package.ps1'
[3.947s] INFO:colcon.colcon_core.shell:Creating package descriptor '/home/mine/Desktop/ros2_ws/install/ugv02_cartographer/share/ugv02_cartographer/package.dsv'
[3.950s] INFO:colcon.colcon_core.shell:Creating package script '/home/mine/Desktop/ros2_ws/install/ugv02_cartographer/share/ugv02_cartographer/package.sh'
[3.953s] INFO:colcon.colcon_core.shell:Creating package script '/home/mine/Desktop/ros2_ws/install/ugv02_cartographer/share/ugv02_cartographer/package.bash'
[3.955s] INFO:colcon.colcon_core.shell:Creating package script '/home/mine/Desktop/ros2_ws/install/ugv02_cartographer/share/ugv02_cartographer/package.zsh'
[3.959s] Level 1:colcon.colcon_core.environment:create_file_with_runtime_dependencies(/home/mine/Desktop/ros2_ws/install/ugv02_cartographer/share/colcon-core/packages/ugv02_cartographer)
[4.216s] DEBUG:colcon.colcon_core.event_handler.log_command:Invoking command in '/home/mine/Desktop/ros2_ws/build/sllidar_ros2': CMAKE_PREFIX_PATH=${CMAKE_PREFIX_PATH}:/opt/ros/humble /usr/bin/cmake --install /home/mine/Desktop/ros2_ws/build/sllidar_ros2
[4.344s] Level 1:colcon.colcon_core.environment:create_environment_scripts_only(sllidar_ros2)
[4.345s] Level 1:colcon.colcon_core.environment:checking '/home/mine/Desktop/ros2_ws/install/sllidar_ros2' for CMake module files
[4.347s] DEBUG:colcon.colcon_core.event_handler.log_command:Invoked command in '/home/mine/Desktop/ros2_ws/build/sllidar_ros2' returned '0': CMAKE_PREFIX_PATH=${CMAKE_PREFIX_PATH}:/opt/ros/humble /usr/bin/cmake --install /home/mine/Desktop/ros2_ws/build/sllidar_ros2
[4.351s] Level 1:colcon.colcon_core.environment:checking '/home/mine/Desktop/ros2_ws/install/sllidar_ros2' for CMake config files
[4.352s] Level 1:colcon.colcon_core.shell:create_environment_hook('sllidar_ros2', 'cmake_prefix_path')
[4.354s] INFO:colcon.colcon_core.shell:Creating environment hook '/home/mine/Desktop/ros2_ws/install/sllidar_ros2/share/sllidar_ros2/hook/cmake_prefix_path.ps1'
[4.357s] INFO:colcon.colcon_core.shell:Creating environment descriptor '/home/mine/Desktop/ros2_ws/install/sllidar_ros2/share/sllidar_ros2/hook/cmake_prefix_path.dsv'
[4.362s] INFO:colcon.colcon_core.shell:Creating environment hook '/home/mine/Desktop/ros2_ws/install/sllidar_ros2/share/sllidar_ros2/hook/cmake_prefix_path.sh'
[4.366s] Level 1:colcon.colcon_core.environment:checking '/home/mine/Desktop/ros2_ws/install/sllidar_ros2/lib'
[4.367s] Level 1:colcon.colcon_core.environment:checking '/home/mine/Desktop/ros2_ws/install/sllidar_ros2/bin'
[4.367s] Level 1:colcon.colcon_core.environment:checking '/home/mine/Desktop/ros2_ws/install/sllidar_ros2/lib/pkgconfig/sllidar_ros2.pc'
[4.368s] Level 1:colcon.colcon_core.environment:checking '/home/mine/Desktop/ros2_ws/install/sllidar_ros2/lib/python3.10/site-packages'
[4.370s] Level 1:colcon.colcon_core.environment:checking '/home/mine/Desktop/ros2_ws/install/sllidar_ros2/bin'
[4.371s] INFO:colcon.colcon_core.shell:Creating package script '/home/mine/Desktop/ros2_ws/install/sllidar_ros2/share/sllidar_ros2/package.ps1'
[4.378s] INFO:colcon.colcon_core.shell:Creating package descriptor '/home/mine/Desktop/ros2_ws/install/sllidar_ros2/share/sllidar_ros2/package.dsv'
[4.383s] INFO:colcon.colcon_core.shell:Creating package script '/home/mine/Desktop/ros2_ws/install/sllidar_ros2/share/sllidar_ros2/package.sh'
[4.385s] INFO:colcon.colcon_core.shell:Creating package script '/home/mine/Desktop/ros2_ws/install/sllidar_ros2/share/sllidar_ros2/package.bash'
[4.388s] INFO:colcon.colcon_core.shell:Creating package script '/home/mine/Desktop/ros2_ws/install/sllidar_ros2/share/sllidar_ros2/package.zsh'
[4.390s] Level 1:colcon.colcon_core.environment:create_file_with_runtime_dependencies(/home/mine/Desktop/ros2_ws/install/sllidar_ros2/share/colcon-core/packages/sllidar_ros2)
[4.762s] Level 1:colcon.colcon_core.environment:create_environment_scripts_only(sllidar_ros2)
[4.763s] Level 1:colcon.colcon_core.environment:checking '/home/mine/Desktop/ros2_ws/install/sllidar_ros2' for CMake module files
[4.766s] Level 1:colcon.colcon_core.environment:checking '/home/mine/Desktop/ros2_ws/install/sllidar_ros2' for CMake config files
[4.768s] Level 1:colcon.colcon_core.shell:create_environment_hook('sllidar_ros2', 'cmake_prefix_path')
[4.768s] INFO:colcon.colcon_core.shell:Creating environment hook '/home/mine/Desktop/ros2_ws/install/sllidar_ros2/share/sllidar_ros2/hook/cmake_prefix_path.ps1'
[4.770s] INFO:colcon.colcon_core.shell:Creating environment descriptor '/home/mine/Desktop/ros2_ws/install/sllidar_ros2/share/sllidar_ros2/hook/cmake_prefix_path.dsv'
[4.772s] INFO:colcon.colcon_core.shell:Creating environment hook '/home/mine/Desktop/ros2_ws/install/sllidar_ros2/share/sllidar_ros2/hook/cmake_prefix_path.sh'
[4.775s] Level 1:colcon.colcon_core.environment:checking '/home/mine/Desktop/ros2_ws/install/sllidar_ros2/lib'
[4.775s] Level 1:colcon.colcon_core.environment:checking '/home/mine/Desktop/ros2_ws/install/sllidar_ros2/bin'
[4.776s] Level 1:colcon.colcon_core.environment:checking '/home/mine/Desktop/ros2_ws/install/sllidar_ros2/lib/pkgconfig/sllidar_ros2.pc'
[4.777s] Level 1:colcon.colcon_core.environment:checking '/home/mine/Desktop/ros2_ws/install/sllidar_ros2/lib/python3.10/site-packages'
[4.777s] Level 1:colcon.colcon_core.environment:checking '/home/mine/Desktop/ros2_ws/install/sllidar_ros2/bin'
[4.779s] INFO:colcon.colcon_core.shell:Creating package script '/home/mine/Desktop/ros2_ws/install/sllidar_ros2/share/sllidar_ros2/package.ps1'
[4.781s] INFO:colcon.colcon_core.shell:Creating package descriptor '/home/mine/Desktop/ros2_ws/install/sllidar_ros2/share/sllidar_ros2/package.dsv'
[4.783s] INFO:colcon.colcon_core.shell:Creating package script '/home/mine/Desktop/ros2_ws/install/sllidar_ros2/share/sllidar_ros2/package.sh'
[4.786s] INFO:colcon.colcon_core.shell:Creating package script '/home/mine/Desktop/ros2_ws/install/sllidar_ros2/share/sllidar_ros2/package.bash'
[4.788s] INFO:colcon.colcon_core.shell:Creating package script '/home/mine/Desktop/ros2_ws/install/sllidar_ros2/share/sllidar_ros2/package.zsh'
[4.790s] Level 1:colcon.colcon_core.environment:create_file_with_runtime_dependencies(/home/mine/Desktop/ros2_ws/install/sllidar_ros2/share/colcon-core/packages/sllidar_ros2)
[4.792s] DEBUG:colcon.colcon_parallel_executor.executor.parallel:closing loop
[4.793s] DEBUG:colcon.colcon_parallel_executor.executor.parallel:loop closed
[4.793s] DEBUG:colcon.colcon_parallel_executor.executor.parallel:run_until_complete finished with '0'
[4.794s] DEBUG:colcon.colcon_core.event_reactor:joining thread
[4.828s] INFO:colcon.colcon_core.plugin_system:Skipping extension 'colcon_notification.desktop_notification.terminal_notifier': Not used on non-Darwin systems
[4.829s] INFO:colcon.colcon_core.plugin_system:Skipping extension 'colcon_notification.desktop_notification.win32': Not used on non-Windows systems
[4.829s] INFO:colcon.colcon_notification.desktop_notification:Sending desktop notification using 'notify2'
[4.902s] DEBUG:colcon.colcon_core.event_reactor:joined thread
[4.904s] INFO:colcon.colcon_core.shell:Creating prefix script '/home/mine/Desktop/ros2_ws/install/local_setup.ps1'
[4.910s] INFO:colcon.colcon_core.shell:Creating prefix util module '/home/mine/Desktop/ros2_ws/install/_local_setup_util_ps1.py'
[4.919s] INFO:colcon.colcon_core.shell:Creating prefix chain script '/home/mine/Desktop/ros2_ws/install/setup.ps1'
[4.929s] INFO:colcon.colcon_core.shell:Creating prefix script '/home/mine/Desktop/ros2_ws/install/local_setup.sh'
[4.934s] INFO:colcon.colcon_core.shell:Creating prefix util module '/home/mine/Desktop/ros2_ws/install/_local_setup_util_sh.py'
[4.938s] INFO:colcon.colcon_core.shell:Creating prefix chain script '/home/mine/Desktop/ros2_ws/install/setup.sh'
[4.946s] INFO:colcon.colcon_core.shell:Creating prefix script '/home/mine/Desktop/ros2_ws/install/local_setup.bash'
[4.953s] INFO:colcon.colcon_core.shell:Creating prefix chain script '/home/mine/Desktop/ros2_ws/install/setup.bash'
[4.965s] INFO:colcon.colcon_core.shell:Creating prefix script '/home/mine/Desktop/ros2_ws/install/local_setup.zsh'
[4.969s] INFO:colcon.colcon_core.shell:Creating prefix chain script '/home/mine/Desktop/ros2_ws/install/setup.zsh'
