[3.315s] Invoking command in '/home/robot/Desktop/ros2_ws/src/childcomms': PYTHONPATH=/home/robot/Desktop/ros2_ws/build/childcomms/prefix_override:/home/robot/Desktop/ros2_ws/install/childcomms/lib/python3.10/site-packages:${PYTHONPATH} /usr/bin/python3 -W ignore:setup.py install is deprecated setup.py egg_info --egg-base ../../build/childcomms build --build-base /home/robot/Desktop/ros2_ws/build/childcomms/build install --record /home/robot/Desktop/ros2_ws/build/childcomms/install.log --single-version-externally-managed install_data
[4.513s] running egg_info
[4.517s] writing ../../build/childcomms/childcomms.egg-info/PKG-INFO
[4.518s] writing dependency_links to ../../build/childcomms/childcomms.egg-info/dependency_links.txt
[4.519s] writing entry points to ../../build/childcomms/childcomms.egg-info/entry_points.txt
[4.520s] writing requirements to ../../build/childcomms/childcomms.egg-info/requires.txt
[4.521s] writing top-level names to ../../build/childcomms/childcomms.egg-info/top_level.txt
[4.529s] reading manifest file '../../build/childcomms/childcomms.egg-info/SOURCES.txt'
[4.530s] adding license file 'LICENSE'
[4.533s] writing manifest file '../../build/childcomms/childcomms.egg-info/SOURCES.txt'
[4.533s] running build
[4.534s] running build_py
[4.534s] copying childcomms/childcomms1.py -> /home/robot/Desktop/ros2_ws/build/childcomms/build/lib/childcomms
[4.535s] copying childcomms/childcomms2.py -> /home/robot/Desktop/ros2_ws/build/childcomms/build/lib/childcomms
[4.538s] running install
[4.539s] running install_lib
[4.543s] copying /home/robot/Desktop/ros2_ws/build/childcomms/build/lib/childcomms/childcomms1.py -> /home/robot/Desktop/ros2_ws/install/childcomms/lib/python3.10/site-packages/childcomms
[4.545s] copying /home/robot/Desktop/ros2_ws/build/childcomms/build/lib/childcomms/childcomms2.py -> /home/robot/Desktop/ros2_ws/install/childcomms/lib/python3.10/site-packages/childcomms
[4.548s] byte-compiling /home/robot/Desktop/ros2_ws/install/childcomms/lib/python3.10/site-packages/childcomms/childcomms1.py to childcomms1.cpython-310.pyc
[4.553s] byte-compiling /home/robot/Desktop/ros2_ws/install/childcomms/lib/python3.10/site-packages/childcomms/childcomms2.py to childcomms2.cpython-310.pyc
[4.557s] running install_data
[4.558s] running install_egg_info
[4.567s] removing '/home/robot/Desktop/ros2_ws/install/childcomms/lib/python3.10/site-packages/childcomms-0.0.0-py3.10.egg-info' (and everything under it)
[4.569s] Copying ../../build/childcomms/childcomms.egg-info to /home/robot/Desktop/ros2_ws/install/childcomms/lib/python3.10/site-packages/childcomms-0.0.0-py3.10.egg-info
[4.578s] running install_scripts
[4.678s] Installing childcomms1 script to /home/robot/Desktop/ros2_ws/install/childcomms/lib/childcomms
[4.679s] Installing childcomms2 script to /home/robot/Desktop/ros2_ws/install/childcomms/lib/childcomms
[4.682s] writing list of installed files to '/home/robot/Desktop/ros2_ws/build/childcomms/install.log'
[4.831s] Invoked command in '/home/robot/Desktop/ros2_ws/src/childcomms' returned '0': PYTHONPATH=/home/robot/Desktop/ros2_ws/build/childcomms/prefix_override:/home/robot/Desktop/ros2_ws/install/childcomms/lib/python3.10/site-packages:${PYTHONPATH} /usr/bin/python3 -W ignore:setup.py install is deprecated setup.py egg_info --egg-base ../../build/childcomms build --build-base /home/robot/Desktop/ros2_ws/build/childcomms/build install --record /home/robot/Desktop/ros2_ws/build/childcomms/install.log --single-version-externally-managed install_data
