[2.259s] Invoking command in '/home/mine/Desktop/ugv02/src/communication_module': PYTHONPATH=/home/mine/Desktop/ugv02/build/communication_module/prefix_override:/home/mine/Desktop/ugv02/install/communication_module/lib/python3.10/site-packages: /usr/bin/python3 -W ignore:setup.py install is deprecated setup.py egg_info --egg-base ../../build/communication_module build --build-base /home/mine/Desktop/ugv02/build/communication_module/build install --record /home/mine/Desktop/ugv02/build/communication_module/install.log --single-version-externally-managed install_data
[3.112s] running egg_info
[3.115s] writing ../../build/communication_module/communication_module.egg-info/PKG-INFO
[3.116s] writing dependency_links to ../../build/communication_module/communication_module.egg-info/dependency_links.txt
[3.117s] writing entry points to ../../build/communication_module/communication_module.egg-info/entry_points.txt
[3.118s] writing requirements to ../../build/communication_module/communication_module.egg-info/requires.txt
[3.118s] writing top-level names to ../../build/communication_module/communication_module.egg-info/top_level.txt
[3.127s] reading manifest file '../../build/communication_module/communication_module.egg-info/SOURCES.txt'
[3.132s] writing manifest file '../../build/communication_module/communication_module.egg-info/SOURCES.txt'
[3.133s] running build
[3.134s] running build_py
[3.134s] copying communication_module/ugv02_control.py -> /home/mine/Desktop/ugv02/build/communication_module/build/lib/communication_module
[3.136s] running install
[3.138s] running install_lib
[3.142s] copying /home/mine/Desktop/ugv02/build/communication_module/build/lib/communication_module/ugv02_control.py -> /home/mine/Desktop/ugv02/install/communication_module/lib/python3.10/site-packages/communication_module
[3.145s] byte-compiling /home/mine/Desktop/ugv02/install/communication_module/lib/python3.10/site-packages/communication_module/ugv02_control.py to ugv02_control.cpython-310.pyc
[3.149s] running install_data
[3.150s] running install_egg_info
[3.159s] removing '/home/mine/Desktop/ugv02/install/communication_module/lib/python3.10/site-packages/communication_module-0.0.0-py3.10.egg-info' (and everything under it)
[3.161s] Copying ../../build/communication_module/communication_module.egg-info to /home/mine/Desktop/ugv02/install/communication_module/lib/python3.10/site-packages/communication_module-0.0.0-py3.10.egg-info
[3.177s] running install_scripts
[3.268s] Installing ugv02_control script to /home/mine/Desktop/ugv02/install/communication_module/lib/communication_module
[3.270s] writing list of installed files to '/home/mine/Desktop/ugv02/build/communication_module/install.log'
[3.404s] Invoked command in '/home/mine/Desktop/ugv02/src/communication_module' returned '0': PYTHONPATH=/home/mine/Desktop/ugv02/build/communication_module/prefix_override:/home/mine/Desktop/ugv02/install/communication_module/lib/python3.10/site-packages: /usr/bin/python3 -W ignore:setup.py install is deprecated setup.py egg_info --egg-base ../../build/communication_module build --build-base /home/mine/Desktop/ugv02/build/communication_module/build install --record /home/mine/Desktop/ugv02/build/communication_module/install.log --single-version-externally-managed install_data
