[1.380s] DEBUG:colcon:Command line arguments: ['/usr/bin/colcon', 'build']
[1.380s] DEBUG:colcon:Parsed command line arguments: Namespace(log_base=None, log_level=None, verb_name='build', build_base='build', install_base='install', merge_install=False, symlink_install=False, test_result_base=None, continue_on_error=False, executor='parallel', parallel_workers=4, event_handlers=None, ignore_user_meta=False, metas=['./colcon.meta'], base_paths=['.'], packages_ignore=None, packages_ignore_regex=None, paths=None, packages_up_to=None, packages_up_to_regex=None, packages_above=None, packages_above_and_dependencies=None, packages_above_depth=None, packages_select_by_dep=None, packages_skip_by_dep=None, packages_skip_up_to=None, packages_select_build_failed=False, packages_skip_build_finished=False, packages_select_test_failures=False, packages_skip_test_passed=False, packages_select=None, packages_skip=None, packages_select_regex=None, packages_skip_regex=None, packages_start=None, packages_end=None, allow_overriding=[], cmake_args=None, cmake_target=None, cmake_target_skip_unavailable=False, cmake_clean_cache=False, cmake_clean_first=False, cmake_force_configure=False, ament_cmake_args=None, catkin_cmake_args=None, catkin_skip_building_tests=False, mixin_files=None, mixin=None, verb_parser=<colcon_mixin.mixin.mixin_argument.MixinArgumentDecorator object at 0xffffbabde470>, verb_extension=<colcon_core.verb.build.BuildVerb object at 0xffffbace2a70>, main=<bound method BuildVerb.main of <colcon_core.verb.build.BuildVerb object at 0xffffbace2a70>>, mixin_verb=('build',))
[3.115s] Level 1:colcon.colcon_core.package_discovery:discover_packages(colcon_meta) check parameters
[3.116s] Level 1:colcon.colcon_core.package_discovery:discover_packages(recursive) check parameters
[3.116s] Level 1:colcon.colcon_core.package_discovery:discover_packages(ignore) check parameters
[3.116s] Level 1:colcon.colcon_core.package_discovery:discover_packages(path) check parameters
[3.116s] Level 1:colcon.colcon_core.package_discovery:discover_packages(colcon_meta) discover
[3.117s] Level 1:colcon.colcon_core.package_discovery:discover_packages(recursive) discover
[3.117s] INFO:colcon.colcon_core.package_discovery:Crawling recursively for packages in '/home/mine/Desktop/mineswarm-parent/ros2_ws'
[3.117s] Level 1:colcon.colcon_core.package_identification:_identify(.) by extensions ['ignore', 'ignore_ament_install']
[3.118s] Level 1:colcon.colcon_core.package_identification:_identify(.) by extension 'ignore'
[3.118s] Level 1:colcon.colcon_core.package_identification:_identify(.) by extension 'ignore_ament_install'
[3.118s] Level 1:colcon.colcon_core.package_identification:_identify(.) by extensions ['colcon_pkg']
[3.118s] Level 1:colcon.colcon_core.package_identification:_identify(.) by extension 'colcon_pkg'
[3.119s] Level 1:colcon.colcon_core.package_identification:_identify(.) by extensions ['colcon_meta']
[3.119s] Level 1:colcon.colcon_core.package_identification:_identify(.) by extension 'colcon_meta'
[3.119s] Level 1:colcon.colcon_core.package_identification:_identify(.) by extensions ['ros']
[3.119s] Level 1:colcon.colcon_core.package_identification:_identify(.) by extension 'ros'
[3.195s] Level 1:colcon.colcon_core.package_identification:_identify(.) by extensions ['cmake', 'python']
[3.196s] Level 1:colcon.colcon_core.package_identification:_identify(.) by extension 'cmake'
[3.196s] Level 1:colcon.colcon_core.package_identification:_identify(.) by extension 'python'
[3.196s] Level 1:colcon.colcon_core.package_identification:_identify(.) by extensions ['python_setup_py']
[3.196s] Level 1:colcon.colcon_core.package_identification:_identify(.) by extension 'python_setup_py'
[3.197s] Level 1:colcon.colcon_core.package_identification:_identify(build) by extensions ['ignore', 'ignore_ament_install']
[3.197s] Level 1:colcon.colcon_core.package_identification:_identify(build) by extension 'ignore'
[3.197s] Level 1:colcon.colcon_core.package_identification:_identify(build) ignored
[3.198s] Level 1:colcon.colcon_core.package_identification:_identify(install) by extensions ['ignore', 'ignore_ament_install']
[3.198s] Level 1:colcon.colcon_core.package_identification:_identify(install) by extension 'ignore'
[3.198s] Level 1:colcon.colcon_core.package_identification:_identify(install) ignored
[3.199s] Level 1:colcon.colcon_core.package_identification:_identify(log) by extensions ['ignore', 'ignore_ament_install']
[3.199s] Level 1:colcon.colcon_core.package_identification:_identify(log) by extension 'ignore'
[3.199s] Level 1:colcon.colcon_core.package_identification:_identify(log) ignored
[3.200s] Level 1:colcon.colcon_core.package_identification:_identify(src) by extensions ['ignore', 'ignore_ament_install']
[3.200s] Level 1:colcon.colcon_core.package_identification:_identify(src) by extension 'ignore'
[3.200s] Level 1:colcon.colcon_core.package_identification:_identify(src) by extension 'ignore_ament_install'
[3.200s] Level 1:colcon.colcon_core.package_identification:_identify(src) by extensions ['colcon_pkg']
[3.200s] Level 1:colcon.colcon_core.package_identification:_identify(src) by extension 'colcon_pkg'
[3.201s] Level 1:colcon.colcon_core.package_identification:_identify(src) by extensions ['colcon_meta']
[3.201s] Level 1:colcon.colcon_core.package_identification:_identify(src) by extension 'colcon_meta'
[3.201s] Level 1:colcon.colcon_core.package_identification:_identify(src) by extensions ['ros']
[3.201s] Level 1:colcon.colcon_core.package_identification:_identify(src) by extension 'ros'
[3.201s] Level 1:colcon.colcon_core.package_identification:_identify(src) by extensions ['cmake', 'python']
[3.201s] Level 1:colcon.colcon_core.package_identification:_identify(src) by extension 'cmake'
[3.202s] Level 1:colcon.colcon_core.package_identification:_identify(src) by extension 'python'
[3.202s] Level 1:colcon.colcon_core.package_identification:_identify(src) by extensions ['python_setup_py']
[3.202s] Level 1:colcon.colcon_core.package_identification:_identify(src) by extension 'python_setup_py'
[3.202s] Level 1:colcon.colcon_core.package_identification:_identify(src/childcomms) by extensions ['ignore', 'ignore_ament_install']
[3.203s] Level 1:colcon.colcon_core.package_identification:_identify(src/childcomms) by extension 'ignore'
[3.203s] Level 1:colcon.colcon_core.package_identification:_identify(src/childcomms) by extension 'ignore_ament_install'
[3.203s] Level 1:colcon.colcon_core.package_identification:_identify(src/childcomms) by extensions ['colcon_pkg']
[3.203s] Level 1:colcon.colcon_core.package_identification:_identify(src/childcomms) by extension 'colcon_pkg'
[3.204s] Level 1:colcon.colcon_core.package_identification:_identify(src/childcomms) by extensions ['colcon_meta']
[3.204s] Level 1:colcon.colcon_core.package_identification:_identify(src/childcomms) by extension 'colcon_meta'
[3.204s] Level 1:colcon.colcon_core.package_identification:_identify(src/childcomms) by extensions ['ros']
[3.204s] Level 1:colcon.colcon_core.package_identification:_identify(src/childcomms) by extension 'ros'
[3.219s] DEBUG:colcon.colcon_core.package_identification:Package 'src/childcomms' with type 'ros.ament_python' and name 'childcomms'
[3.220s] Level 1:colcon.colcon_core.package_identification:_identify(src/communication_module) by extensions ['ignore', 'ignore_ament_install']
[3.220s] Level 1:colcon.colcon_core.package_identification:_identify(src/communication_module) by extension 'ignore'
[3.221s] Level 1:colcon.colcon_core.package_identification:_identify(src/communication_module) by extension 'ignore_ament_install'
[3.221s] Level 1:colcon.colcon_core.package_identification:_identify(src/communication_module) by extensions ['colcon_pkg']
[3.221s] Level 1:colcon.colcon_core.package_identification:_identify(src/communication_module) by extension 'colcon_pkg'
[3.222s] Level 1:colcon.colcon_core.package_identification:_identify(src/communication_module) by extensions ['colcon_meta']
[3.222s] Level 1:colcon.colcon_core.package_identification:_identify(src/communication_module) by extension 'colcon_meta'
[3.222s] Level 1:colcon.colcon_core.package_identification:_identify(src/communication_module) by extensions ['ros']
[3.222s] Level 1:colcon.colcon_core.package_identification:_identify(src/communication_module) by extension 'ros'
[3.225s] DEBUG:colcon.colcon_core.package_identification:Package 'src/communication_module' with type 'ros.ament_python' and name 'communication_module'
[3.226s] Level 1:colcon.colcon_core.package_identification:_identify(src/sllidar_ros2) by extensions ['ignore', 'ignore_ament_install']
[3.226s] Level 1:colcon.colcon_core.package_identification:_identify(src/sllidar_ros2) by extension 'ignore'
[3.227s] Level 1:colcon.colcon_core.package_identification:_identify(src/sllidar_ros2) by extension 'ignore_ament_install'
[3.227s] Level 1:colcon.colcon_core.package_identification:_identify(src/sllidar_ros2) by extensions ['colcon_pkg']
[3.227s] Level 1:colcon.colcon_core.package_identification:_identify(src/sllidar_ros2) by extension 'colcon_pkg'
[3.227s] Level 1:colcon.colcon_core.package_identification:_identify(src/sllidar_ros2) by extensions ['colcon_meta']
[3.228s] Level 1:colcon.colcon_core.package_identification:_identify(src/sllidar_ros2) by extension 'colcon_meta'
[3.228s] Level 1:colcon.colcon_core.package_identification:_identify(src/sllidar_ros2) by extensions ['ros']
[3.228s] Level 1:colcon.colcon_core.package_identification:_identify(src/sllidar_ros2) by extension 'ros'
[3.231s] DEBUG:colcon.colcon_core.package_identification:Package 'src/sllidar_ros2' with type 'ros.ament_cmake' and name 'sllidar_ros2'
[3.232s] Level 1:colcon.colcon_core.package_identification:_identify(src/ugv02_cartographer) by extensions ['ignore', 'ignore_ament_install']
[3.232s] Level 1:colcon.colcon_core.package_identification:_identify(src/ugv02_cartographer) by extension 'ignore'
[3.233s] Level 1:colcon.colcon_core.package_identification:_identify(src/ugv02_cartographer) by extension 'ignore_ament_install'
[3.233s] Level 1:colcon.colcon_core.package_identification:_identify(src/ugv02_cartographer) by extensions ['colcon_pkg']
[3.233s] Level 1:colcon.colcon_core.package_identification:_identify(src/ugv02_cartographer) by extension 'colcon_pkg'
[3.233s] Level 1:colcon.colcon_core.package_identification:_identify(src/ugv02_cartographer) by extensions ['colcon_meta']
[3.233s] Level 1:colcon.colcon_core.package_identification:_identify(src/ugv02_cartographer) by extension 'colcon_meta'
[3.234s] Level 1:colcon.colcon_core.package_identification:_identify(src/ugv02_cartographer) by extensions ['ros']
[3.234s] Level 1:colcon.colcon_core.package_identification:_identify(src/ugv02_cartographer) by extension 'ros'
[3.235s] DEBUG:colcon.colcon_core.package_identification:Package 'src/ugv02_cartographer' with type 'ros.ament_cmake' and name 'ugv02_cartographer'
[3.236s] Level 1:colcon.colcon_core.package_discovery:discover_packages(recursive) using defaults
[3.236s] Level 1:colcon.colcon_core.package_discovery:discover_packages(ignore) discover
[3.236s] Level 1:colcon.colcon_core.package_discovery:discover_packages(ignore) using defaults
[3.236s] Level 1:colcon.colcon_core.package_discovery:discover_packages(path) discover
[3.236s] Level 1:colcon.colcon_core.package_discovery:discover_packages(path) using defaults
[3.436s] Level 1:colcon.colcon_core.package_discovery:discover_packages(prefix_path) check parameters
[3.436s] Level 1:colcon.colcon_core.package_discovery:discover_packages(prefix_path) discover
[3.460s] DEBUG:colcon.colcon_installed_package_information.package_discovery:Found 337 installed packages in /opt/ros/humble
[3.469s] Level 1:colcon.colcon_core.package_discovery:discover_packages(prefix_path) using defaults
[3.677s] Level 5:colcon.colcon_core.verb:set package 'childcomms' build argument 'cmake_args' from command line to 'None'
[3.678s] Level 5:colcon.colcon_core.verb:set package 'childcomms' build argument 'cmake_target' from command line to 'None'
[3.678s] Level 5:colcon.colcon_core.verb:set package 'childcomms' build argument 'cmake_target_skip_unavailable' from command line to 'False'
[3.678s] Level 5:colcon.colcon_core.verb:set package 'childcomms' build argument 'cmake_clean_cache' from command line to 'False'
[3.678s] Level 5:colcon.colcon_core.verb:set package 'childcomms' build argument 'cmake_clean_first' from command line to 'False'
[3.678s] Level 5:colcon.colcon_core.verb:set package 'childcomms' build argument 'cmake_force_configure' from command line to 'False'
[3.678s] Level 5:colcon.colcon_core.verb:set package 'childcomms' build argument 'ament_cmake_args' from command line to 'None'
[3.678s] Level 5:colcon.colcon_core.verb:set package 'childcomms' build argument 'catkin_cmake_args' from command line to 'None'
[3.678s] Level 5:colcon.colcon_core.verb:set package 'childcomms' build argument 'catkin_skip_building_tests' from command line to 'False'
[3.679s] DEBUG:colcon.colcon_core.verb:Building package 'childcomms' with the following arguments: {'ament_cmake_args': None, 'build_base': '/home/mine/Desktop/mineswarm-parent/ros2_ws/build/childcomms', 'catkin_cmake_args': None, 'catkin_skip_building_tests': False, 'cmake_args': None, 'cmake_clean_cache': False, 'cmake_clean_first': False, 'cmake_force_configure': False, 'cmake_target': None, 'cmake_target_skip_unavailable': False, 'install_base': '/home/mine/Desktop/mineswarm-parent/ros2_ws/install/childcomms', 'merge_install': False, 'path': '/home/mine/Desktop/mineswarm-parent/ros2_ws/src/childcomms', 'symlink_install': False, 'test_result_base': None}
[3.680s] Level 5:colcon.colcon_core.verb:set package 'communication_module' build argument 'cmake_args' from command line to 'None'
[3.680s] Level 5:colcon.colcon_core.verb:set package 'communication_module' build argument 'cmake_target' from command line to 'None'
[3.680s] Level 5:colcon.colcon_core.verb:set package 'communication_module' build argument 'cmake_target_skip_unavailable' from command line to 'False'
[3.681s] Level 5:colcon.colcon_core.verb:set package 'communication_module' build argument 'cmake_clean_cache' from command line to 'False'
[3.681s] Level 5:colcon.colcon_core.verb:set package 'communication_module' build argument 'cmake_clean_first' from command line to 'False'
[3.681s] Level 5:colcon.colcon_core.verb:set package 'communication_module' build argument 'cmake_force_configure' from command line to 'False'
[3.681s] Level 5:colcon.colcon_core.verb:set package 'communication_module' build argument 'ament_cmake_args' from command line to 'None'
[3.681s] Level 5:colcon.colcon_core.verb:set package 'communication_module' build argument 'catkin_cmake_args' from command line to 'None'
[3.681s] Level 5:colcon.colcon_core.verb:set package 'communication_module' build argument 'catkin_skip_building_tests' from command line to 'False'
[3.681s] DEBUG:colcon.colcon_core.verb:Building package 'communication_module' with the following arguments: {'ament_cmake_args': None, 'build_base': '/home/mine/Desktop/mineswarm-parent/ros2_ws/build/communication_module', 'catkin_cmake_args': None, 'catkin_skip_building_tests': False, 'cmake_args': None, 'cmake_clean_cache': False, 'cmake_clean_first': False, 'cmake_force_configure': False, 'cmake_target': None, 'cmake_target_skip_unavailable': False, 'install_base': '/home/mine/Desktop/mineswarm-parent/ros2_ws/install/communication_module', 'merge_install': False, 'path': '/home/mine/Desktop/mineswarm-parent/ros2_ws/src/communication_module', 'symlink_install': False, 'test_result_base': None}
[3.683s] Level 5:colcon.colcon_core.verb:set package 'sllidar_ros2' build argument 'cmake_args' from command line to 'None'
[3.683s] Level 5:colcon.colcon_core.verb:set package 'sllidar_ros2' build argument 'cmake_target' from command line to 'None'
[3.683s] Level 5:colcon.colcon_core.verb:set package 'sllidar_ros2' build argument 'cmake_target_skip_unavailable' from command line to 'False'
[3.683s] Level 5:colcon.colcon_core.verb:set package 'sllidar_ros2' build argument 'cmake_clean_cache' from command line to 'False'
[3.683s] Level 5:colcon.colcon_core.verb:set package 'sllidar_ros2' build argument 'cmake_clean_first' from command line to 'False'
[3.683s] Level 5:colcon.colcon_core.verb:set package 'sllidar_ros2' build argument 'cmake_force_configure' from command line to 'False'
[3.683s] Level 5:colcon.colcon_core.verb:set package 'sllidar_ros2' build argument 'ament_cmake_args' from command line to 'None'
[3.683s] Level 5:colcon.colcon_core.verb:set package 'sllidar_ros2' build argument 'catkin_cmake_args' from command line to 'None'
[3.684s] Level 5:colcon.colcon_core.verb:set package 'sllidar_ros2' build argument 'catkin_skip_building_tests' from command line to 'False'
[3.684s] DEBUG:colcon.colcon_core.verb:Building package 'sllidar_ros2' with the following arguments: {'ament_cmake_args': None, 'build_base': '/home/mine/Desktop/mineswarm-parent/ros2_ws/build/sllidar_ros2', 'catkin_cmake_args': None, 'catkin_skip_building_tests': False, 'cmake_args': None, 'cmake_clean_cache': False, 'cmake_clean_first': False, 'cmake_force_configure': False, 'cmake_target': None, 'cmake_target_skip_unavailable': False, 'install_base': '/home/mine/Desktop/mineswarm-parent/ros2_ws/install/sllidar_ros2', 'merge_install': False, 'path': '/home/mine/Desktop/mineswarm-parent/ros2_ws/src/sllidar_ros2', 'symlink_install': False, 'test_result_base': None}
[3.685s] Level 5:colcon.colcon_core.verb:set package 'ugv02_cartographer' build argument 'cmake_args' from command line to 'None'
[3.685s] Level 5:colcon.colcon_core.verb:set package 'ugv02_cartographer' build argument 'cmake_target' from command line to 'None'
[3.685s] Level 5:colcon.colcon_core.verb:set package 'ugv02_cartographer' build argument 'cmake_target_skip_unavailable' from command line to 'False'
[3.685s] Level 5:colcon.colcon_core.verb:set package 'ugv02_cartographer' build argument 'cmake_clean_cache' from command line to 'False'
[3.686s] Level 5:colcon.colcon_core.verb:set package 'ugv02_cartographer' build argument 'cmake_clean_first' from command line to 'False'
[3.686s] Level 5:colcon.colcon_core.verb:set package 'ugv02_cartographer' build argument 'cmake_force_configure' from command line to 'False'
[3.686s] Level 5:colcon.colcon_core.verb:set package 'ugv02_cartographer' build argument 'ament_cmake_args' from command line to 'None'
[3.686s] Level 5:colcon.colcon_core.verb:set package 'ugv02_cartographer' build argument 'catkin_cmake_args' from command line to 'None'
[3.686s] Level 5:colcon.colcon_core.verb:set package 'ugv02_cartographer' build argument 'catkin_skip_building_tests' from command line to 'False'
[3.686s] DEBUG:colcon.colcon_core.verb:Building package 'ugv02_cartographer' with the following arguments: {'ament_cmake_args': None, 'build_base': '/home/mine/Desktop/mineswarm-parent/ros2_ws/build/ugv02_cartographer', 'catkin_cmake_args': None, 'catkin_skip_building_tests': False, 'cmake_args': None, 'cmake_clean_cache': False, 'cmake_clean_first': False, 'cmake_force_configure': False, 'cmake_target': None, 'cmake_target_skip_unavailable': False, 'install_base': '/home/mine/Desktop/mineswarm-parent/ros2_ws/install/ugv02_cartographer', 'merge_install': False, 'path': '/home/mine/Desktop/mineswarm-parent/ros2_ws/src/ugv02_cartographer', 'symlink_install': False, 'test_result_base': None}
[3.687s] INFO:colcon.colcon_core.executor:Executing jobs using 'parallel' executor
[3.690s] DEBUG:colcon.colcon_parallel_executor.executor.parallel:run_until_complete
[3.691s] INFO:colcon.colcon_ros.task.ament_python.build:Building ROS package in '/home/mine/Desktop/mineswarm-parent/ros2_ws/src/childcomms' with build type 'ament_python'
[3.692s] Level 1:colcon.colcon_core.shell:create_environment_hook('childcomms', 'ament_prefix_path')
[3.720s] INFO:colcon.colcon_core.plugin_system:Skipping extension 'colcon_core.shell.bat': Not used on non-Windows systems
[3.722s] INFO:colcon.colcon_core.shell:Creating environment hook '/home/mine/Desktop/mineswarm-parent/ros2_ws/install/childcomms/share/childcomms/hook/ament_prefix_path.ps1'
[3.729s] INFO:colcon.colcon_core.shell:Creating environment descriptor '/home/mine/Desktop/mineswarm-parent/ros2_ws/install/childcomms/share/childcomms/hook/ament_prefix_path.dsv'
[3.732s] INFO:colcon.colcon_core.shell:Creating environment hook '/home/mine/Desktop/mineswarm-parent/ros2_ws/install/childcomms/share/childcomms/hook/ament_prefix_path.sh'
[3.737s] INFO:colcon.colcon_core.shell:Skip shell extension 'powershell' for command environment: Not usable outside of PowerShell
[3.737s] DEBUG:colcon.colcon_core.shell:Skip shell extension 'dsv' for command environment
[3.759s] INFO:colcon.colcon_ros.task.ament_python.build:Building ROS package in '/home/mine/Desktop/mineswarm-parent/ros2_ws/src/communication_module' with build type 'ament_python'
[3.760s] Level 1:colcon.colcon_core.shell:create_environment_hook('communication_module', 'ament_prefix_path')
[3.761s] INFO:colcon.colcon_core.shell:Creating environment hook '/home/mine/Desktop/mineswarm-parent/ros2_ws/install/communication_module/share/communication_module/hook/ament_prefix_path.ps1'
[3.764s] INFO:colcon.colcon_core.shell:Creating environment descriptor '/home/mine/Desktop/mineswarm-parent/ros2_ws/install/communication_module/share/communication_module/hook/ament_prefix_path.dsv'
[3.766s] INFO:colcon.colcon_core.shell:Creating environment hook '/home/mine/Desktop/mineswarm-parent/ros2_ws/install/communication_module/share/communication_module/hook/ament_prefix_path.sh'
[3.769s] INFO:colcon.colcon_core.shell:Skip shell extension 'powershell' for command environment: Not usable outside of PowerShell
[3.770s] DEBUG:colcon.colcon_core.shell:Skip shell extension 'dsv' for command environment
[3.788s] INFO:colcon.colcon_ros.task.ament_cmake.build:Building ROS package in '/home/mine/Desktop/mineswarm-parent/ros2_ws/src/sllidar_ros2' with build type 'ament_cmake'
[3.789s] INFO:colcon.colcon_cmake.task.cmake.build:Building CMake package in '/home/mine/Desktop/mineswarm-parent/ros2_ws/src/sllidar_ros2'
[3.790s] INFO:colcon.colcon_core.shell:Skip shell extension 'powershell' for command environment: Not usable outside of PowerShell
[3.791s] DEBUG:colcon.colcon_core.shell:Skip shell extension 'dsv' for command environment
[3.811s] INFO:colcon.colcon_ros.task.ament_cmake.build:Building ROS package in '/home/mine/Desktop/mineswarm-parent/ros2_ws/src/ugv02_cartographer' with build type 'ament_cmake'
[3.812s] INFO:colcon.colcon_cmake.task.cmake.build:Building CMake package in '/home/mine/Desktop/mineswarm-parent/ros2_ws/src/ugv02_cartographer'
[3.813s] INFO:colcon.colcon_core.shell:Skip shell extension 'powershell' for command environment: Not usable outside of PowerShell
[3.813s] DEBUG:colcon.colcon_core.shell:Skip shell extension 'dsv' for command environment
[5.302s] INFO:colcon.colcon_core.task.python.build:Building Python package in '/home/mine/Desktop/mineswarm-parent/ros2_ws/src/childcomms'
[5.303s] INFO:colcon.colcon_core.shell:Skip shell extension 'powershell' for command environment: Not usable outside of PowerShell
[5.303s] DEBUG:colcon.colcon_core.shell:Skip shell extension 'dsv' for command environment
[6.528s] INFO:colcon.colcon_core.task.python.build:Building Python package in '/home/mine/Desktop/mineswarm-parent/ros2_ws/src/communication_module'
[6.529s] INFO:colcon.colcon_core.shell:Skip shell extension 'powershell' for command environment: Not usable outside of PowerShell
[6.529s] DEBUG:colcon.colcon_core.shell:Skip shell extension 'dsv' for command environment
[6.554s] DEBUG:colcon.colcon_core.event_handler.log_command:Invoking command in '/home/mine/Desktop/mineswarm-parent/ros2_ws/build/sllidar_ros2': CMAKE_PREFIX_PATH=/opt/ros/humble /usr/bin/cmake /home/mine/Desktop/mineswarm-parent/ros2_ws/src/sllidar_ros2 -DCMAKE_INSTALL_PREFIX=/home/mine/Desktop/mineswarm-parent/ros2_ws/install/sllidar_ros2
[6.598s] DEBUG:colcon.colcon_core.event_handler.log_command:Invoking command in '/home/mine/Desktop/mineswarm-parent/ros2_ws/build/ugv02_cartographer': CMAKE_PREFIX_PATH=/opt/ros/humble /usr/bin/cmake /home/mine/Desktop/mineswarm-parent/ros2_ws/src/ugv02_cartographer -DCMAKE_INSTALL_PREFIX=/home/mine/Desktop/mineswarm-parent/ros2_ws/install/ugv02_cartographer
[9.205s] DEBUG:colcon.colcon_core.event_handler.log_command:Invoking command in '/home/mine/Desktop/mineswarm-parent/ros2_ws/src/childcomms': PYTHONPATH=/home/mine/Desktop/mineswarm-parent/ros2_ws/build/childcomms/prefix_override:/home/mine/Desktop/mineswarm-parent/ros2_ws/install/childcomms/lib/python3.10/site-packages:${PYTHONPATH} /usr/bin/python3 -W ignore:setup.py install is deprecated setup.py egg_info --egg-base ../../build/childcomms build --build-base /home/mine/Desktop/mineswarm-parent/ros2_ws/build/childcomms/build install --record /home/mine/Desktop/mineswarm-parent/ros2_ws/build/childcomms/install.log --single-version-externally-managed install_data
[9.228s] DEBUG:colcon.colcon_core.event_handler.log_command:Invoking command in '/home/mine/Desktop/mineswarm-parent/ros2_ws/src/communication_module': PYTHONPATH=/home/mine/Desktop/mineswarm-parent/ros2_ws/build/communication_module/prefix_override:/home/mine/Desktop/mineswarm-parent/ros2_ws/install/communication_module/lib/python3.10/site-packages:${PYTHONPATH} /usr/bin/python3 -W ignore:setup.py install is deprecated setup.py egg_info --egg-base ../../build/communication_module build --build-base /home/mine/Desktop/mineswarm-parent/ros2_ws/build/communication_module/build install --record /home/mine/Desktop/mineswarm-parent/ros2_ws/build/communication_module/install.log --single-version-externally-managed install_data
[11.806s] DEBUG:colcon.colcon_core.event_handler.log_command:Invoked command in '/home/mine/Desktop/mineswarm-parent/ros2_ws/src/childcomms' returned '0': PYTHONPATH=/home/mine/Desktop/mineswarm-parent/ros2_ws/build/childcomms/prefix_override:/home/mine/Desktop/mineswarm-parent/ros2_ws/install/childcomms/lib/python3.10/site-packages:${PYTHONPATH} /usr/bin/python3 -W ignore:setup.py install is deprecated setup.py egg_info --egg-base ../../build/childcomms build --build-base /home/mine/Desktop/mineswarm-parent/ros2_ws/build/childcomms/build install --record /home/mine/Desktop/mineswarm-parent/ros2_ws/build/childcomms/install.log --single-version-externally-managed install_data
[11.880s] Level 1:colcon.colcon_core.environment:checking '/home/mine/Desktop/mineswarm-parent/ros2_ws/install/childcomms' for CMake module files
[11.883s] Level 1:colcon.colcon_core.environment:checking '/home/mine/Desktop/mineswarm-parent/ros2_ws/install/childcomms' for CMake config files
[11.886s] Level 1:colcon.colcon_core.environment:checking '/home/mine/Desktop/mineswarm-parent/ros2_ws/install/childcomms/lib'
[11.887s] Level 1:colcon.colcon_core.environment:checking '/home/mine/Desktop/mineswarm-parent/ros2_ws/install/childcomms/bin'
[11.887s] Level 1:colcon.colcon_core.environment:checking '/home/mine/Desktop/mineswarm-parent/ros2_ws/install/childcomms/lib/pkgconfig/childcomms.pc'
[11.888s] Level 1:colcon.colcon_core.environment:checking '/home/mine/Desktop/mineswarm-parent/ros2_ws/install/childcomms/lib/python3.10/site-packages'
[11.889s] Level 1:colcon.colcon_core.shell:create_environment_hook('childcomms', 'pythonpath')
[11.890s] INFO:colcon.colcon_core.shell:Creating environment hook '/home/mine/Desktop/mineswarm-parent/ros2_ws/install/childcomms/share/childcomms/hook/pythonpath.ps1'
[11.892s] INFO:colcon.colcon_core.shell:Creating environment descriptor '/home/mine/Desktop/mineswarm-parent/ros2_ws/install/childcomms/share/childcomms/hook/pythonpath.dsv'
[11.893s] INFO:colcon.colcon_core.shell:Creating environment hook '/home/mine/Desktop/mineswarm-parent/ros2_ws/install/childcomms/share/childcomms/hook/pythonpath.sh'
[11.896s] Level 1:colcon.colcon_core.environment:checking '/home/mine/Desktop/mineswarm-parent/ros2_ws/install/childcomms/bin'
[11.896s] Level 1:colcon.colcon_core.environment:create_environment_scripts_only(childcomms)
[11.897s] INFO:colcon.colcon_core.shell:Creating package script '/home/mine/Desktop/mineswarm-parent/ros2_ws/install/childcomms/share/childcomms/package.ps1'
[11.902s] INFO:colcon.colcon_core.shell:Creating package descriptor '/home/mine/Desktop/mineswarm-parent/ros2_ws/install/childcomms/share/childcomms/package.dsv'
[11.905s] INFO:colcon.colcon_core.shell:Creating package script '/home/mine/Desktop/mineswarm-parent/ros2_ws/install/childcomms/share/childcomms/package.sh'
[11.909s] INFO:colcon.colcon_core.shell:Creating package script '/home/mine/Desktop/mineswarm-parent/ros2_ws/install/childcomms/share/childcomms/package.bash'
[11.914s] INFO:colcon.colcon_core.shell:Creating package script '/home/mine/Desktop/mineswarm-parent/ros2_ws/install/childcomms/share/childcomms/package.zsh'
[11.919s] Level 1:colcon.colcon_core.environment:create_file_with_runtime_dependencies(/home/mine/Desktop/mineswarm-parent/ros2_ws/install/childcomms/share/colcon-core/packages/childcomms)
[11.924s] Level 1:colcon.colcon_core.environment:checking '/home/mine/Desktop/mineswarm-parent/ros2_ws/install/communication_module' for CMake module files
[11.928s] DEBUG:colcon.colcon_core.event_handler.log_command:Invoked command in '/home/mine/Desktop/mineswarm-parent/ros2_ws/src/communication_module' returned '0': PYTHONPATH=/home/mine/Desktop/mineswarm-parent/ros2_ws/build/communication_module/prefix_override:/home/mine/Desktop/mineswarm-parent/ros2_ws/install/communication_module/lib/python3.10/site-packages:${PYTHONPATH} /usr/bin/python3 -W ignore:setup.py install is deprecated setup.py egg_info --egg-base ../../build/communication_module build --build-base /home/mine/Desktop/mineswarm-parent/ros2_ws/build/communication_module/build install --record /home/mine/Desktop/mineswarm-parent/ros2_ws/build/communication_module/install.log --single-version-externally-managed install_data
[11.929s] Level 1:colcon.colcon_core.environment:checking '/home/mine/Desktop/mineswarm-parent/ros2_ws/install/communication_module' for CMake config files
[11.932s] Level 1:colcon.colcon_core.environment:checking '/home/mine/Desktop/mineswarm-parent/ros2_ws/install/communication_module/lib'
[11.933s] Level 1:colcon.colcon_core.environment:checking '/home/mine/Desktop/mineswarm-parent/ros2_ws/install/communication_module/bin'
[11.933s] Level 1:colcon.colcon_core.environment:checking '/home/mine/Desktop/mineswarm-parent/ros2_ws/install/communication_module/lib/pkgconfig/communication_module.pc'
[11.934s] Level 1:colcon.colcon_core.environment:checking '/home/mine/Desktop/mineswarm-parent/ros2_ws/install/communication_module/lib/python3.10/site-packages'
[11.935s] Level 1:colcon.colcon_core.shell:create_environment_hook('communication_module', 'pythonpath')
[11.937s] INFO:colcon.colcon_core.shell:Creating environment hook '/home/mine/Desktop/mineswarm-parent/ros2_ws/install/communication_module/share/communication_module/hook/pythonpath.ps1'
[11.939s] INFO:colcon.colcon_core.shell:Creating environment descriptor '/home/mine/Desktop/mineswarm-parent/ros2_ws/install/communication_module/share/communication_module/hook/pythonpath.dsv'
[11.941s] INFO:colcon.colcon_core.shell:Creating environment hook '/home/mine/Desktop/mineswarm-parent/ros2_ws/install/communication_module/share/communication_module/hook/pythonpath.sh'
[11.944s] Level 1:colcon.colcon_core.environment:checking '/home/mine/Desktop/mineswarm-parent/ros2_ws/install/communication_module/bin'
[11.944s] Level 1:colcon.colcon_core.environment:create_environment_scripts_only(communication_module)
[11.946s] INFO:colcon.colcon_core.shell:Creating package script '/home/mine/Desktop/mineswarm-parent/ros2_ws/install/communication_module/share/communication_module/package.ps1'
[11.949s] INFO:colcon.colcon_core.shell:Creating package descriptor '/home/mine/Desktop/mineswarm-parent/ros2_ws/install/communication_module/share/communication_module/package.dsv'
[11.951s] INFO:colcon.colcon_core.shell:Creating package script '/home/mine/Desktop/mineswarm-parent/ros2_ws/install/communication_module/share/communication_module/package.sh'
[11.954s] INFO:colcon.colcon_core.shell:Creating package script '/home/mine/Desktop/mineswarm-parent/ros2_ws/install/communication_module/share/communication_module/package.bash'
[11.956s] INFO:colcon.colcon_core.shell:Creating package script '/home/mine/Desktop/mineswarm-parent/ros2_ws/install/communication_module/share/communication_module/package.zsh'
[11.959s] Level 1:colcon.colcon_core.environment:create_file_with_runtime_dependencies(/home/mine/Desktop/mineswarm-parent/ros2_ws/install/communication_module/share/colcon-core/packages/communication_module)
[12.915s] DEBUG:colcon.colcon_core.event_handler.log_command:Invoked command in '/home/mine/Desktop/mineswarm-parent/ros2_ws/build/ugv02_cartographer' returned '0': CMAKE_PREFIX_PATH=/opt/ros/humble /usr/bin/cmake /home/mine/Desktop/mineswarm-parent/ros2_ws/src/ugv02_cartographer -DCMAKE_INSTALL_PREFIX=/home/mine/Desktop/mineswarm-parent/ros2_ws/install/ugv02_cartographer
[12.927s] DEBUG:colcon.colcon_core.event_handler.log_command:Invoking command in '/home/mine/Desktop/mineswarm-parent/ros2_ws/build/ugv02_cartographer': CMAKE_PREFIX_PATH=/opt/ros/humble /usr/bin/cmake --build /home/mine/Desktop/mineswarm-parent/ros2_ws/build/ugv02_cartographer -- -j4 -l4
[13.078s] DEBUG:colcon.colcon_core.event_handler.log_command:Invoked command in '/home/mine/Desktop/mineswarm-parent/ros2_ws/build/ugv02_cartographer' returned '0': CMAKE_PREFIX_PATH=/opt/ros/humble /usr/bin/cmake --build /home/mine/Desktop/mineswarm-parent/ros2_ws/build/ugv02_cartographer -- -j4 -l4
[13.228s] DEBUG:colcon.colcon_core.event_handler.log_command:Invoking command in '/home/mine/Desktop/mineswarm-parent/ros2_ws/build/ugv02_cartographer': CMAKE_PREFIX_PATH=/opt/ros/humble /usr/bin/cmake --install /home/mine/Desktop/mineswarm-parent/ros2_ws/build/ugv02_cartographer
[13.290s] Level 1:colcon.colcon_core.environment:create_environment_scripts_only(ugv02_cartographer)
[13.291s] Level 1:colcon.colcon_core.environment:checking '/home/mine/Desktop/mineswarm-parent/ros2_ws/install/ugv02_cartographer' for CMake module files
[13.293s] DEBUG:colcon.colcon_core.event_handler.log_command:Invoked command in '/home/mine/Desktop/mineswarm-parent/ros2_ws/build/ugv02_cartographer' returned '0': CMAKE_PREFIX_PATH=/opt/ros/humble /usr/bin/cmake --install /home/mine/Desktop/mineswarm-parent/ros2_ws/build/ugv02_cartographer
[13.296s] Level 1:colcon.colcon_core.environment:checking '/home/mine/Desktop/mineswarm-parent/ros2_ws/install/ugv02_cartographer' for CMake config files
[13.297s] Level 1:colcon.colcon_core.shell:create_environment_hook('ugv02_cartographer', 'cmake_prefix_path')
[13.298s] INFO:colcon.colcon_core.shell:Creating environment hook '/home/mine/Desktop/mineswarm-parent/ros2_ws/install/ugv02_cartographer/share/ugv02_cartographer/hook/cmake_prefix_path.ps1'
[13.300s] INFO:colcon.colcon_core.shell:Creating environment descriptor '/home/mine/Desktop/mineswarm-parent/ros2_ws/install/ugv02_cartographer/share/ugv02_cartographer/hook/cmake_prefix_path.dsv'
[13.302s] INFO:colcon.colcon_core.shell:Creating environment hook '/home/mine/Desktop/mineswarm-parent/ros2_ws/install/ugv02_cartographer/share/ugv02_cartographer/hook/cmake_prefix_path.sh'
[13.304s] Level 1:colcon.colcon_core.environment:checking '/home/mine/Desktop/mineswarm-parent/ros2_ws/install/ugv02_cartographer/bin'
[13.305s] Level 1:colcon.colcon_core.environment:checking '/home/mine/Desktop/mineswarm-parent/ros2_ws/install/ugv02_cartographer/lib/pkgconfig/ugv02_cartographer.pc'
[13.305s] Level 1:colcon.colcon_core.environment:checking '/home/mine/Desktop/mineswarm-parent/ros2_ws/install/ugv02_cartographer/lib/python3.10/site-packages'
[13.306s] Level 1:colcon.colcon_core.environment:checking '/home/mine/Desktop/mineswarm-parent/ros2_ws/install/ugv02_cartographer/bin'
[13.308s] INFO:colcon.colcon_core.shell:Creating package script '/home/mine/Desktop/mineswarm-parent/ros2_ws/install/ugv02_cartographer/share/ugv02_cartographer/package.ps1'
[13.310s] INFO:colcon.colcon_core.shell:Creating package descriptor '/home/mine/Desktop/mineswarm-parent/ros2_ws/install/ugv02_cartographer/share/ugv02_cartographer/package.dsv'
[13.312s] INFO:colcon.colcon_core.shell:Creating package script '/home/mine/Desktop/mineswarm-parent/ros2_ws/install/ugv02_cartographer/share/ugv02_cartographer/package.sh'
[13.313s] INFO:colcon.colcon_core.shell:Creating package script '/home/mine/Desktop/mineswarm-parent/ros2_ws/install/ugv02_cartographer/share/ugv02_cartographer/package.bash'
[13.315s] INFO:colcon.colcon_core.shell:Creating package script '/home/mine/Desktop/mineswarm-parent/ros2_ws/install/ugv02_cartographer/share/ugv02_cartographer/package.zsh'
[13.317s] Level 1:colcon.colcon_core.environment:create_file_with_runtime_dependencies(/home/mine/Desktop/mineswarm-parent/ros2_ws/install/ugv02_cartographer/share/colcon-core/packages/ugv02_cartographer)
[13.422s] Level 1:colcon.colcon_core.environment:create_environment_scripts_only(ugv02_cartographer)
[13.424s] Level 1:colcon.colcon_core.environment:checking '/home/mine/Desktop/mineswarm-parent/ros2_ws/install/ugv02_cartographer' for CMake module files
[13.427s] Level 1:colcon.colcon_core.environment:checking '/home/mine/Desktop/mineswarm-parent/ros2_ws/install/ugv02_cartographer' for CMake config files
[13.429s] Level 1:colcon.colcon_core.shell:create_environment_hook('ugv02_cartographer', 'cmake_prefix_path')
[13.430s] INFO:colcon.colcon_core.shell:Creating environment hook '/home/mine/Desktop/mineswarm-parent/ros2_ws/install/ugv02_cartographer/share/ugv02_cartographer/hook/cmake_prefix_path.ps1'
[13.432s] INFO:colcon.colcon_core.shell:Creating environment descriptor '/home/mine/Desktop/mineswarm-parent/ros2_ws/install/ugv02_cartographer/share/ugv02_cartographer/hook/cmake_prefix_path.dsv'
[13.433s] INFO:colcon.colcon_core.shell:Creating environment hook '/home/mine/Desktop/mineswarm-parent/ros2_ws/install/ugv02_cartographer/share/ugv02_cartographer/hook/cmake_prefix_path.sh'
[13.436s] Level 1:colcon.colcon_core.environment:checking '/home/mine/Desktop/mineswarm-parent/ros2_ws/install/ugv02_cartographer/bin'
[13.437s] Level 1:colcon.colcon_core.environment:checking '/home/mine/Desktop/mineswarm-parent/ros2_ws/install/ugv02_cartographer/lib/pkgconfig/ugv02_cartographer.pc'
[13.437s] Level 1:colcon.colcon_core.environment:checking '/home/mine/Desktop/mineswarm-parent/ros2_ws/install/ugv02_cartographer/lib/python3.10/site-packages'
[13.438s] Level 1:colcon.colcon_core.environment:checking '/home/mine/Desktop/mineswarm-parent/ros2_ws/install/ugv02_cartographer/bin'
[13.440s] INFO:colcon.colcon_core.shell:Creating package script '/home/mine/Desktop/mineswarm-parent/ros2_ws/install/ugv02_cartographer/share/ugv02_cartographer/package.ps1'
[13.442s] INFO:colcon.colcon_core.shell:Creating package descriptor '/home/mine/Desktop/mineswarm-parent/ros2_ws/install/ugv02_cartographer/share/ugv02_cartographer/package.dsv'
[13.444s] INFO:colcon.colcon_core.shell:Creating package script '/home/mine/Desktop/mineswarm-parent/ros2_ws/install/ugv02_cartographer/share/ugv02_cartographer/package.sh'
[13.447s] INFO:colcon.colcon_core.shell:Creating package script '/home/mine/Desktop/mineswarm-parent/ros2_ws/install/ugv02_cartographer/share/ugv02_cartographer/package.bash'
[13.449s] INFO:colcon.colcon_core.shell:Creating package script '/home/mine/Desktop/mineswarm-parent/ros2_ws/install/ugv02_cartographer/share/ugv02_cartographer/package.zsh'
[13.451s] Level 1:colcon.colcon_core.environment:create_file_with_runtime_dependencies(/home/mine/Desktop/mineswarm-parent/ros2_ws/install/ugv02_cartographer/share/colcon-core/packages/ugv02_cartographer)
[18.333s] DEBUG:colcon.colcon_core.event_handler.log_command:Invoked command in '/home/mine/Desktop/mineswarm-parent/ros2_ws/build/sllidar_ros2' returned '0': CMAKE_PREFIX_PATH=/opt/ros/humble /usr/bin/cmake /home/mine/Desktop/mineswarm-parent/ros2_ws/src/sllidar_ros2 -DCMAKE_INSTALL_PREFIX=/home/mine/Desktop/mineswarm-parent/ros2_ws/install/sllidar_ros2
[18.342s] DEBUG:colcon.colcon_core.event_handler.log_command:Invoking command in '/home/mine/Desktop/mineswarm-parent/ros2_ws/build/sllidar_ros2': CMAKE_PREFIX_PATH=/opt/ros/humble /usr/bin/cmake --build /home/mine/Desktop/mineswarm-parent/ros2_ws/build/sllidar_ros2 -- -j4 -l4
[67.623s] DEBUG:colcon.colcon_core.event_handler.log_command:Invoked command in '/home/mine/Desktop/mineswarm-parent/ros2_ws/build/sllidar_ros2' returned '0': CMAKE_PREFIX_PATH=/opt/ros/humble /usr/bin/cmake --build /home/mine/Desktop/mineswarm-parent/ros2_ws/build/sllidar_ros2 -- -j4 -l4
[67.988s] DEBUG:colcon.colcon_core.event_handler.log_command:Invoking command in '/home/mine/Desktop/mineswarm-parent/ros2_ws/build/sllidar_ros2': CMAKE_PREFIX_PATH=/opt/ros/humble /usr/bin/cmake --install /home/mine/Desktop/mineswarm-parent/ros2_ws/build/sllidar_ros2
[68.117s] Level 1:colcon.colcon_core.environment:create_environment_scripts_only(sllidar_ros2)
[68.118s] Level 1:colcon.colcon_core.environment:checking '/home/mine/Desktop/mineswarm-parent/ros2_ws/install/sllidar_ros2' for CMake module files
[68.120s] DEBUG:colcon.colcon_core.event_handler.log_command:Invoked command in '/home/mine/Desktop/mineswarm-parent/ros2_ws/build/sllidar_ros2' returned '0': CMAKE_PREFIX_PATH=/opt/ros/humble /usr/bin/cmake --install /home/mine/Desktop/mineswarm-parent/ros2_ws/build/sllidar_ros2
[68.122s] Level 1:colcon.colcon_core.environment:checking '/home/mine/Desktop/mineswarm-parent/ros2_ws/install/sllidar_ros2' for CMake config files
[68.123s] Level 1:colcon.colcon_core.shell:create_environment_hook('sllidar_ros2', 'cmake_prefix_path')
[68.124s] INFO:colcon.colcon_core.shell:Creating environment hook '/home/mine/Desktop/mineswarm-parent/ros2_ws/install/sllidar_ros2/share/sllidar_ros2/hook/cmake_prefix_path.ps1'
[68.126s] INFO:colcon.colcon_core.shell:Creating environment descriptor '/home/mine/Desktop/mineswarm-parent/ros2_ws/install/sllidar_ros2/share/sllidar_ros2/hook/cmake_prefix_path.dsv'
[68.127s] INFO:colcon.colcon_core.shell:Creating environment hook '/home/mine/Desktop/mineswarm-parent/ros2_ws/install/sllidar_ros2/share/sllidar_ros2/hook/cmake_prefix_path.sh'
[68.129s] Level 1:colcon.colcon_core.environment:checking '/home/mine/Desktop/mineswarm-parent/ros2_ws/install/sllidar_ros2/lib'
[68.130s] Level 1:colcon.colcon_core.environment:checking '/home/mine/Desktop/mineswarm-parent/ros2_ws/install/sllidar_ros2/bin'
[68.130s] Level 1:colcon.colcon_core.environment:checking '/home/mine/Desktop/mineswarm-parent/ros2_ws/install/sllidar_ros2/lib/pkgconfig/sllidar_ros2.pc'
[68.131s] Level 1:colcon.colcon_core.environment:checking '/home/mine/Desktop/mineswarm-parent/ros2_ws/install/sllidar_ros2/lib/python3.10/site-packages'
[68.132s] Level 1:colcon.colcon_core.environment:checking '/home/mine/Desktop/mineswarm-parent/ros2_ws/install/sllidar_ros2/bin'
[68.134s] INFO:colcon.colcon_core.shell:Creating package script '/home/mine/Desktop/mineswarm-parent/ros2_ws/install/sllidar_ros2/share/sllidar_ros2/package.ps1'
[68.136s] INFO:colcon.colcon_core.shell:Creating package descriptor '/home/mine/Desktop/mineswarm-parent/ros2_ws/install/sllidar_ros2/share/sllidar_ros2/package.dsv'
[68.138s] INFO:colcon.colcon_core.shell:Creating package script '/home/mine/Desktop/mineswarm-parent/ros2_ws/install/sllidar_ros2/share/sllidar_ros2/package.sh'
[68.139s] INFO:colcon.colcon_core.shell:Creating package script '/home/mine/Desktop/mineswarm-parent/ros2_ws/install/sllidar_ros2/share/sllidar_ros2/package.bash'
[68.141s] INFO:colcon.colcon_core.shell:Creating package script '/home/mine/Desktop/mineswarm-parent/ros2_ws/install/sllidar_ros2/share/sllidar_ros2/package.zsh'
[68.142s] Level 1:colcon.colcon_core.environment:create_file_with_runtime_dependencies(/home/mine/Desktop/mineswarm-parent/ros2_ws/install/sllidar_ros2/share/colcon-core/packages/sllidar_ros2)
[68.499s] Level 1:colcon.colcon_core.environment:create_environment_scripts_only(sllidar_ros2)
[68.500s] Level 1:colcon.colcon_core.environment:checking '/home/mine/Desktop/mineswarm-parent/ros2_ws/install/sllidar_ros2' for CMake module files
[68.504s] Level 1:colcon.colcon_core.environment:checking '/home/mine/Desktop/mineswarm-parent/ros2_ws/install/sllidar_ros2' for CMake config files
[68.506s] Level 1:colcon.colcon_core.shell:create_environment_hook('sllidar_ros2', 'cmake_prefix_path')
[68.507s] INFO:colcon.colcon_core.shell:Creating environment hook '/home/mine/Desktop/mineswarm-parent/ros2_ws/install/sllidar_ros2/share/sllidar_ros2/hook/cmake_prefix_path.ps1'
[68.509s] INFO:colcon.colcon_core.shell:Creating environment descriptor '/home/mine/Desktop/mineswarm-parent/ros2_ws/install/sllidar_ros2/share/sllidar_ros2/hook/cmake_prefix_path.dsv'
[68.512s] INFO:colcon.colcon_core.shell:Creating environment hook '/home/mine/Desktop/mineswarm-parent/ros2_ws/install/sllidar_ros2/share/sllidar_ros2/hook/cmake_prefix_path.sh'
[68.514s] Level 1:colcon.colcon_core.environment:checking '/home/mine/Desktop/mineswarm-parent/ros2_ws/install/sllidar_ros2/lib'
[68.515s] Level 1:colcon.colcon_core.environment:checking '/home/mine/Desktop/mineswarm-parent/ros2_ws/install/sllidar_ros2/bin'
[68.515s] Level 1:colcon.colcon_core.environment:checking '/home/mine/Desktop/mineswarm-parent/ros2_ws/install/sllidar_ros2/lib/pkgconfig/sllidar_ros2.pc'
[68.516s] Level 1:colcon.colcon_core.environment:checking '/home/mine/Desktop/mineswarm-parent/ros2_ws/install/sllidar_ros2/lib/python3.10/site-packages'
[68.517s] Level 1:colcon.colcon_core.environment:checking '/home/mine/Desktop/mineswarm-parent/ros2_ws/install/sllidar_ros2/bin'
[68.518s] INFO:colcon.colcon_core.shell:Creating package script '/home/mine/Desktop/mineswarm-parent/ros2_ws/install/sllidar_ros2/share/sllidar_ros2/package.ps1'
[68.520s] INFO:colcon.colcon_core.shell:Creating package descriptor '/home/mine/Desktop/mineswarm-parent/ros2_ws/install/sllidar_ros2/share/sllidar_ros2/package.dsv'
[68.522s] INFO:colcon.colcon_core.shell:Creating package script '/home/mine/Desktop/mineswarm-parent/ros2_ws/install/sllidar_ros2/share/sllidar_ros2/package.sh'
[68.524s] INFO:colcon.colcon_core.shell:Creating package script '/home/mine/Desktop/mineswarm-parent/ros2_ws/install/sllidar_ros2/share/sllidar_ros2/package.bash'
[68.527s] INFO:colcon.colcon_core.shell:Creating package script '/home/mine/Desktop/mineswarm-parent/ros2_ws/install/sllidar_ros2/share/sllidar_ros2/package.zsh'
[68.529s] Level 1:colcon.colcon_core.environment:create_file_with_runtime_dependencies(/home/mine/Desktop/mineswarm-parent/ros2_ws/install/sllidar_ros2/share/colcon-core/packages/sllidar_ros2)
[68.530s] DEBUG:colcon.colcon_parallel_executor.executor.parallel:closing loop
[68.533s] DEBUG:colcon.colcon_parallel_executor.executor.parallel:loop closed
[68.533s] DEBUG:colcon.colcon_parallel_executor.executor.parallel:run_until_complete finished with '0'
[68.534s] DEBUG:colcon.colcon_core.event_reactor:joining thread
[68.596s] INFO:colcon.colcon_core.plugin_system:Skipping extension 'colcon_notification.desktop_notification.terminal_notifier': Not used on non-Darwin systems
[68.597s] INFO:colcon.colcon_core.plugin_system:Skipping extension 'colcon_notification.desktop_notification.win32': Not used on non-Windows systems
[68.597s] INFO:colcon.colcon_notification.desktop_notification:Sending desktop notification using 'notify2'
[68.721s] DEBUG:colcon.colcon_core.event_reactor:joined thread
[68.722s] INFO:colcon.colcon_core.shell:Creating prefix script '/home/mine/Desktop/mineswarm-parent/ros2_ws/install/local_setup.ps1'
[68.731s] INFO:colcon.colcon_core.shell:Creating prefix util module '/home/mine/Desktop/mineswarm-parent/ros2_ws/install/_local_setup_util_ps1.py'
[68.741s] INFO:colcon.colcon_core.shell:Creating prefix chain script '/home/mine/Desktop/mineswarm-parent/ros2_ws/install/setup.ps1'
[68.747s] INFO:colcon.colcon_core.shell:Creating prefix script '/home/mine/Desktop/mineswarm-parent/ros2_ws/install/local_setup.sh'
[68.752s] INFO:colcon.colcon_core.shell:Creating prefix util module '/home/mine/Desktop/mineswarm-parent/ros2_ws/install/_local_setup_util_sh.py'
[68.755s] INFO:colcon.colcon_core.shell:Creating prefix chain script '/home/mine/Desktop/mineswarm-parent/ros2_ws/install/setup.sh'
[68.760s] INFO:colcon.colcon_core.shell:Creating prefix script '/home/mine/Desktop/mineswarm-parent/ros2_ws/install/local_setup.bash'
[68.764s] INFO:colcon.colcon_core.shell:Creating prefix chain script '/home/mine/Desktop/mineswarm-parent/ros2_ws/install/setup.bash'
[68.769s] INFO:colcon.colcon_core.shell:Creating prefix script '/home/mine/Desktop/mineswarm-parent/ros2_ws/install/local_setup.zsh'
[68.774s] INFO:colcon.colcon_core.shell:Creating prefix chain script '/home/mine/Desktop/mineswarm-parent/ros2_ws/install/setup.zsh'
