[5.676s] Invoking command in '/home/robot/Desktop/mineswarm-parent/ros2_ws/src/childcomms': PYTHONPATH=/home/robot/Desktop/mineswarm-parent/ros2_ws/build/childcomms/prefix_override:/usr/lib/python3/dist-packages/colcon_core/task/python/colcon_distutils_commands:/home/robot/Desktop/mineswarm-parent/ros2_ws/install/childcomms/lib/python3.10/site-packages:${PYTHONPATH} /usr/bin/python3 -W ignore:setup.py install is deprecated setup.py egg_info --egg-base ../../build/childcomms build --build-base /home/robot/Desktop/mineswarm-parent/ros2_ws/build/childcomms/build install --record /home/robot/Desktop/mineswarm-parent/ros2_ws/build/childcomms/install.log --single-version-externally-managed install_data
[7.479s] running egg_info
[7.483s] creating ../../build/childcomms/childcomms.egg-info
[7.485s] writing ../../build/childcomms/childcomms.egg-info/PKG-INFO
[7.487s] writing dependency_links to ../../build/childcomms/childcomms.egg-info/dependency_links.txt
[7.490s] writing entry points to ../../build/childcomms/childcomms.egg-info/entry_points.txt
[7.492s] writing requirements to ../../build/childcomms/childcomms.egg-info/requires.txt
[7.493s] writing top-level names to ../../build/childcomms/childcomms.egg-info/top_level.txt
[7.496s] writing manifest file '../../build/childcomms/childcomms.egg-info/SOURCES.txt'
[7.504s] reading manifest file '../../build/childcomms/childcomms.egg-info/SOURCES.txt'
[7.507s] adding license file 'LICENSE'
[7.511s] writing manifest file '../../build/childcomms/childcomms.egg-info/SOURCES.txt'
[7.513s] running build
[7.514s] running build_py
[7.516s] creating /home/robot/Desktop/mineswarm-parent/ros2_ws/build/childcomms/build
[7.516s] creating /home/robot/Desktop/mineswarm-parent/ros2_ws/build/childcomms/build/lib
[7.517s] creating /home/robot/Desktop/mineswarm-parent/ros2_ws/build/childcomms/build/lib/childcomms
[7.518s] copying childcomms/childcomms1.py -> /home/robot/Desktop/mineswarm-parent/ros2_ws/build/childcomms/build/lib/childcomms
[7.519s] copying childcomms/childcomms2.py -> /home/robot/Desktop/mineswarm-parent/ros2_ws/build/childcomms/build/lib/childcomms
[7.520s] copying childcomms/__init__.py -> /home/robot/Desktop/mineswarm-parent/ros2_ws/build/childcomms/build/lib/childcomms
[7.520s] running install
[7.521s] running install_lib
[7.526s] creating /home/robot/Desktop/mineswarm-parent/ros2_ws/install/childcomms/lib/python3.10/site-packages/childcomms
[7.527s] copying /home/robot/Desktop/mineswarm-parent/ros2_ws/build/childcomms/build/lib/childcomms/childcomms1.py -> /home/robot/Desktop/mineswarm-parent/ros2_ws/install/childcomms/lib/python3.10/site-packages/childcomms
[7.528s] copying /home/robot/Desktop/mineswarm-parent/ros2_ws/build/childcomms/build/lib/childcomms/childcomms2.py -> /home/robot/Desktop/mineswarm-parent/ros2_ws/install/childcomms/lib/python3.10/site-packages/childcomms
[7.529s] copying /home/robot/Desktop/mineswarm-parent/ros2_ws/build/childcomms/build/lib/childcomms/__init__.py -> /home/robot/Desktop/mineswarm-parent/ros2_ws/install/childcomms/lib/python3.10/site-packages/childcomms
[7.532s] byte-compiling /home/robot/Desktop/mineswarm-parent/ros2_ws/install/childcomms/lib/python3.10/site-packages/childcomms/childcomms1.py to childcomms1.cpython-310.pyc
[7.535s] Sorry: IndentationError: unexpected indent (childcomms1.py, line 46)
[7.535s] byte-compiling /home/robot/Desktop/mineswarm-parent/ros2_ws/install/childcomms/lib/python3.10/site-packages/childcomms/childcomms2.py to childcomms2.cpython-310.pyc
[7.539s] byte-compiling /home/robot/Desktop/mineswarm-parent/ros2_ws/install/childcomms/lib/python3.10/site-packages/childcomms/__init__.py to __init__.cpython-310.pyc
[7.540s] running install_data
[7.594s] running install_egg_info
[7.598s] Copying ../../build/childcomms/childcomms.egg-info to /home/robot/Desktop/mineswarm-parent/ros2_ws/install/childcomms/lib/python3.10/site-packages/childcomms-0.0.0-py3.10.egg-info
[7.610s] running install_scripts
[7.753s] Installing childcomms1 script to /home/robot/Desktop/mineswarm-parent/ros2_ws/install/childcomms/lib/childcomms
[7.756s] Installing childcomms2 script to /home/robot/Desktop/mineswarm-parent/ros2_ws/install/childcomms/lib/childcomms
[7.762s] writing list of installed files to '/home/robot/Desktop/mineswarm-parent/ros2_ws/build/childcomms/install.log'
[8.045s] Invoked command in '/home/robot/Desktop/mineswarm-parent/ros2_ws/src/childcomms' returned '0': PYTHONPATH=/home/robot/Desktop/mineswarm-parent/ros2_ws/build/childcomms/prefix_override:/usr/lib/python3/dist-packages/colcon_core/task/python/colcon_distutils_commands:/home/robot/Desktop/mineswarm-parent/ros2_ws/install/childcomms/lib/python3.10/site-packages:${PYTHONPATH} /usr/bin/python3 -W ignore:setup.py install is deprecated setup.py egg_info --egg-base ../../build/childcomms build --build-base /home/robot/Desktop/mineswarm-parent/ros2_ws/build/childcomms/build install --record /home/robot/Desktop/mineswarm-parent/ros2_ws/build/childcomms/install.log --single-version-externally-managed install_data
