running egg_info
creating ../../build/childcomms/childcomms.egg-info
writing ../../build/childcomms/childcomms.egg-info/PKG-INFO
writing dependency_links to ../../build/childcomms/childcomms.egg-info/dependency_links.txt
writing entry points to ../../build/childcomms/childcomms.egg-info/entry_points.txt
writing requirements to ../../build/childcomms/childcomms.egg-info/requires.txt
writing top-level names to ../../build/childcomms/childcomms.egg-info/top_level.txt
writing manifest file '../../build/childcomms/childcomms.egg-info/SOURCES.txt'
reading manifest file '../../build/childcomms/childcomms.egg-info/SOURCES.txt'
adding license file 'LICENSE'
writing manifest file '../../build/childcomms/childcomms.egg-info/SOURCES.txt'
running build
running build_py
creating /home/robot/Desktop/mineswarm-parent/ros2_ws/build/childcomms/build
creating /home/robot/Desktop/mineswarm-parent/ros2_ws/build/childcomms/build/lib
creating /home/robot/Desktop/mineswarm-parent/ros2_ws/build/childcomms/build/lib/childcomms
copying childcomms/__init__.py -> /home/robot/Desktop/mineswarm-parent/ros2_ws/build/childcomms/build/lib/childcomms
copying childcomms/childcomms.py -> /home/robot/Desktop/mineswarm-parent/ros2_ws/build/childcomms/build/lib/childcomms
running install
running install_lib
running install_data
running install_egg_info
removing '/home/robot/Desktop/mineswarm-parent/ros2_ws/install/childcomms/lib/python3.10/site-packages/childcomms-0.0.0-py3.10.egg-info' (and everything under it)
Copying ../../build/childcomms/childcomms.egg-info to /home/robot/Desktop/mineswarm-parent/ros2_ws/install/childcomms/lib/python3.10/site-packages/childcomms-0.0.0-py3.10.egg-info
running install_scripts
Installing childcomms script to /home/robot/Desktop/mineswarm-parent/ros2_ws/install/childcomms/lib/childcomms
writing list of installed files to '/home/robot/Desktop/mineswarm-parent/ros2_ws/build/childcomms/install.log'
