[4.581s] Invoking command in '/home/robot/Desktop/mineswarm-parent/ros2_ws/src/childcomms': PYTHONPATH=/home/robot/Desktop/mineswarm-parent/ros2_ws/build/childcomms/prefix_override:/usr/lib/python3/dist-packages/colcon_core/task/python/colcon_distutils_commands:/home/robot/Desktop/mineswarm-parent/ros2_ws/install/childcomms/lib/python3.10/site-packages:${PYTHONPATH} /usr/bin/python3 -W ignore:setup.py install is deprecated setup.py egg_info --egg-base ../../build/childcomms build --build-base /home/robot/Desktop/mineswarm-parent/ros2_ws/build/childcomms/build install --record /home/robot/Desktop/mineswarm-parent/ros2_ws/build/childcomms/install.log --single-version-externally-managed install_data
[6.272s] running egg_info
[6.279s] creating ../../build/childcomms/childcomms.egg-info
[6.281s] writing ../../build/childcomms/childcomms.egg-info/PKG-INFO
[6.282s] writing dependency_links to ../../build/childcomms/childcomms.egg-info/dependency_links.txt
[6.283s] writing entry points to ../../build/childcomms/childcomms.egg-info/entry_points.txt
[6.284s] writing requirements to ../../build/childcomms/childcomms.egg-info/requires.txt
[6.286s] writing top-level names to ../../build/childcomms/childcomms.egg-info/top_level.txt
[6.288s] writing manifest file '../../build/childcomms/childcomms.egg-info/SOURCES.txt'
[6.301s] reading manifest file '../../build/childcomms/childcomms.egg-info/SOURCES.txt'
[6.304s] adding license file 'LICENSE'
[6.309s] writing manifest file '../../build/childcomms/childcomms.egg-info/SOURCES.txt'
[6.311s] running build
[6.313s] running build_py
[6.316s] creating /home/robot/Desktop/mineswarm-parent/ros2_ws/build/childcomms/build
[6.317s] creating /home/robot/Desktop/mineswarm-parent/ros2_ws/build/childcomms/build/lib
[6.319s] creating /home/robot/Desktop/mineswarm-parent/ros2_ws/build/childcomms/build/lib/childcomms
[6.322s] copying childcomms/__init__.py -> /home/robot/Desktop/mineswarm-parent/ros2_ws/build/childcomms/build/lib/childcomms
[6.324s] copying childcomms/childcomms.py -> /home/robot/Desktop/mineswarm-parent/ros2_ws/build/childcomms/build/lib/childcomms
[6.327s] running install
[6.328s] running install_lib
[6.337s] running install_data
[6.339s] running install_egg_info
[6.349s] removing '/home/robot/Desktop/mineswarm-parent/ros2_ws/install/childcomms/lib/python3.10/site-packages/childcomms-0.0.0-py3.10.egg-info' (and everything under it)
[6.353s] Copying ../../build/childcomms/childcomms.egg-info to /home/robot/Desktop/mineswarm-parent/ros2_ws/install/childcomms/lib/python3.10/site-packages/childcomms-0.0.0-py3.10.egg-info
[6.364s] running install_scripts
[6.497s] Installing childcomms script to /home/robot/Desktop/mineswarm-parent/ros2_ws/install/childcomms/lib/childcomms
[6.511s] writing list of installed files to '/home/robot/Desktop/mineswarm-parent/ros2_ws/build/childcomms/install.log'
[6.780s] Invoked command in '/home/robot/Desktop/mineswarm-parent/ros2_ws/src/childcomms' returned '0': PYTHONPATH=/home/robot/Desktop/mineswarm-parent/ros2_ws/build/childcomms/prefix_override:/usr/lib/python3/dist-packages/colcon_core/task/python/colcon_distutils_commands:/home/robot/Desktop/mineswarm-parent/ros2_ws/install/childcomms/lib/python3.10/site-packages:${PYTHONPATH} /usr/bin/python3 -W ignore:setup.py install is deprecated setup.py egg_info --egg-base ../../build/childcomms build --build-base /home/robot/Desktop/mineswarm-parent/ros2_ws/build/childcomms/build install --record /home/robot/Desktop/mineswarm-parent/ros2_ws/build/childcomms/install.log --single-version-externally-managed install_data
