[2.913s] Invoking command in '/home/robot/Desktop/ros2_ws/src/childcomms': PYTHONPATH=/home/robot/Desktop/ros2_ws/build/childcomms/prefix_override:/home/robot/Desktop/ros2_ws/install/childcomms/lib/python3.10/site-packages:${PYTHONPATH} /usr/bin/python3 -W ignore:setup.py install is deprecated setup.py egg_info --egg-base ../../build/childcomms build --build-base /home/robot/Desktop/ros2_ws/build/childcomms/build install --record /home/robot/Desktop/ros2_ws/build/childcomms/install.log --single-version-externally-managed install_data
[4.070s] running egg_info
[4.074s] writing ../../build/childcomms/childcomms.egg-info/PKG-INFO
[4.075s] writing dependency_links to ../../build/childcomms/childcomms.egg-info/dependency_links.txt
[4.076s] writing entry points to ../../build/childcomms/childcomms.egg-info/entry_points.txt
[4.077s] writing requirements to ../../build/childcomms/childcomms.egg-info/requires.txt
[4.078s] writing top-level names to ../../build/childcomms/childcomms.egg-info/top_level.txt
[4.086s] reading manifest file '../../build/childcomms/childcomms.egg-info/SOURCES.txt'
[4.088s] adding license file 'LICENSE'
[4.090s] writing manifest file '../../build/childcomms/childcomms.egg-info/SOURCES.txt'
[4.091s] running build
[4.092s] running build_py
[4.092s] copying childcomms/childcomms2.py -> /home/robot/Desktop/ros2_ws/build/childcomms/build/lib/childcomms
[4.094s] running install
[4.095s] running install_lib
[4.099s] copying /home/robot/Desktop/ros2_ws/build/childcomms/build/lib/childcomms/childcomms2.py -> /home/robot/Desktop/ros2_ws/install/childcomms/lib/python3.10/site-packages/childcomms
[4.102s] byte-compiling /home/robot/Desktop/ros2_ws/install/childcomms/lib/python3.10/site-packages/childcomms/childcomms2.py to childcomms2.cpython-310.pyc
[4.106s] running install_data
[4.107s] running install_egg_info
[4.114s] removing '/home/robot/Desktop/ros2_ws/install/childcomms/lib/python3.10/site-packages/childcomms-0.0.0-py3.10.egg-info' (and everything under it)
[4.115s] Copying ../../build/childcomms/childcomms.egg-info to /home/robot/Desktop/ros2_ws/install/childcomms/lib/python3.10/site-packages/childcomms-0.0.0-py3.10.egg-info
[4.121s] running install_scripts
[4.215s] Installing childcomms1 script to /home/robot/Desktop/ros2_ws/install/childcomms/lib/childcomms
[4.216s] Installing childcomms2 script to /home/robot/Desktop/ros2_ws/install/childcomms/lib/childcomms
[4.219s] writing list of installed files to '/home/robot/Desktop/ros2_ws/build/childcomms/install.log'
[4.366s] Invoked command in '/home/robot/Desktop/ros2_ws/src/childcomms' returned '0': PYTHONPATH=/home/robot/Desktop/ros2_ws/build/childcomms/prefix_override:/home/robot/Desktop/ros2_ws/install/childcomms/lib/python3.10/site-packages:${PYTHONPATH} /usr/bin/python3 -W ignore:setup.py install is deprecated setup.py egg_info --egg-base ../../build/childcomms build --build-base /home/robot/Desktop/ros2_ws/build/childcomms/build install --record /home/robot/Desktop/ros2_ws/build/childcomms/install.log --single-version-externally-managed install_data
