[0.599s] DEBUG:colcon:Command line arguments: ['/usr/bin/colcon', 'build']
[0.599s] DEBUG:colcon:Parsed command line arguments: Namespace(log_base=None, log_level=None, verb_name='build', build_base='build', install_base='install', merge_install=False, symlink_install=False, test_result_base=None, continue_on_error=False, executor='parallel', parallel_workers=4, event_handlers=None, ignore_user_meta=False, metas=['./colcon.meta'], base_paths=['.'], packages_ignore=None, packages_ignore_regex=None, paths=None, packages_up_to=None, packages_up_to_regex=None, packages_above=None, packages_above_and_dependencies=None, packages_above_depth=None, packages_select_by_dep=None, packages_skip_by_dep=None, packages_skip_up_to=None, packages_select_build_failed=False, packages_skip_build_finished=False, packages_select_test_failures=False, packages_skip_test_passed=False, packages_select=None, packages_skip=None, packages_select_regex=None, packages_skip_regex=None, packages_start=None, packages_end=None, allow_overriding=[], cmake_args=None, cmake_target=None, cmake_target_skip_unavailable=False, cmake_clean_cache=False, cmake_clean_first=False, cmake_force_configure=False, ament_cmake_args=None, catkin_cmake_args=None, catkin_skip_building_tests=False, verb_parser=<colcon_defaults.argument_parser.defaults.DefaultArgumentsDecorator object at 0xffffae7b4460>, verb_extension=<colcon_core.verb.build.BuildVerb object at 0xffffae773fd0>, main=<bound method BuildVerb.main of <colcon_core.verb.build.BuildVerb object at 0xffffae773fd0>>)
[1.700s] Level 1:colcon.colcon_core.package_discovery:discover_packages(colcon_meta) check parameters
[1.703s] Level 1:colcon.colcon_core.package_discovery:discover_packages(recursive) check parameters
[1.703s] Level 1:colcon.colcon_core.package_discovery:discover_packages(ignore) check parameters
[1.703s] Level 1:colcon.colcon_core.package_discovery:discover_packages(path) check parameters
[1.703s] Level 1:colcon.colcon_core.package_discovery:discover_packages(colcon_meta) discover
[1.704s] Level 1:colcon.colcon_core.package_discovery:discover_packages(recursive) discover
[1.704s] INFO:colcon.colcon_core.package_discovery:Crawling recursively for packages in '/home/robot/Desktop/mineswarm-parent/ros2_ws'
[1.704s] Level 1:colcon.colcon_core.package_identification:_identify(.) by extensions ['ignore', 'ignore_ament_install']
[1.705s] Level 1:colcon.colcon_core.package_identification:_identify(.) by extension 'ignore'
[1.706s] Level 1:colcon.colcon_core.package_identification:_identify(.) by extension 'ignore_ament_install'
[1.706s] Level 1:colcon.colcon_core.package_identification:_identify(.) by extensions ['colcon_pkg']
[1.707s] Level 1:colcon.colcon_core.package_identification:_identify(.) by extension 'colcon_pkg'
[1.707s] Level 1:colcon.colcon_core.package_identification:_identify(.) by extensions ['colcon_meta']
[1.707s] Level 1:colcon.colcon_core.package_identification:_identify(.) by extension 'colcon_meta'
[1.707s] Level 1:colcon.colcon_core.package_identification:_identify(.) by extensions ['ros']
[1.708s] Level 1:colcon.colcon_core.package_identification:_identify(.) by extension 'ros'
[1.777s] Level 1:colcon.colcon_core.package_identification:_identify(.) by extensions ['cmake', 'python']
[1.777s] Level 1:colcon.colcon_core.package_identification:_identify(.) by extension 'cmake'
[1.778s] Level 1:colcon.colcon_core.package_identification:_identify(.) by extension 'python'
[1.778s] Level 1:colcon.colcon_core.package_identification:_identify(.) by extensions ['python_setup_py']
[1.778s] Level 1:colcon.colcon_core.package_identification:_identify(.) by extension 'python_setup_py'
[1.778s] Level 1:colcon.colcon_core.package_identification:_identify(build) by extensions ['ignore', 'ignore_ament_install']
[1.779s] Level 1:colcon.colcon_core.package_identification:_identify(build) by extension 'ignore'
[1.779s] Level 1:colcon.colcon_core.package_identification:_identify(build) ignored
[1.780s] Level 1:colcon.colcon_core.package_identification:_identify(install) by extensions ['ignore', 'ignore_ament_install']
[1.781s] Level 1:colcon.colcon_core.package_identification:_identify(install) by extension 'ignore'
[1.781s] Level 1:colcon.colcon_core.package_identification:_identify(install) ignored
[1.782s] Level 1:colcon.colcon_core.package_identification:_identify(log) by extensions ['ignore', 'ignore_ament_install']
[1.782s] Level 1:colcon.colcon_core.package_identification:_identify(log) by extension 'ignore'
[1.782s] Level 1:colcon.colcon_core.package_identification:_identify(log) ignored
[1.783s] Level 1:colcon.colcon_core.package_identification:_identify(src) by extensions ['ignore', 'ignore_ament_install']
[1.783s] Level 1:colcon.colcon_core.package_identification:_identify(src) by extension 'ignore'
[1.783s] Level 1:colcon.colcon_core.package_identification:_identify(src) by extension 'ignore_ament_install'
[1.783s] Level 1:colcon.colcon_core.package_identification:_identify(src) by extensions ['colcon_pkg']
[1.784s] Level 1:colcon.colcon_core.package_identification:_identify(src) by extension 'colcon_pkg'
[1.784s] Level 1:colcon.colcon_core.package_identification:_identify(src) by extensions ['colcon_meta']
[1.784s] Level 1:colcon.colcon_core.package_identification:_identify(src) by extension 'colcon_meta'
[1.784s] Level 1:colcon.colcon_core.package_identification:_identify(src) by extensions ['ros']
[1.784s] Level 1:colcon.colcon_core.package_identification:_identify(src) by extension 'ros'
[1.785s] Level 1:colcon.colcon_core.package_identification:_identify(src) by extensions ['cmake', 'python']
[1.785s] Level 1:colcon.colcon_core.package_identification:_identify(src) by extension 'cmake'
[1.785s] Level 1:colcon.colcon_core.package_identification:_identify(src) by extension 'python'
[1.785s] Level 1:colcon.colcon_core.package_identification:_identify(src) by extensions ['python_setup_py']
[1.785s] Level 1:colcon.colcon_core.package_identification:_identify(src) by extension 'python_setup_py'
[1.786s] Level 1:colcon.colcon_core.package_identification:_identify(src/childcomms) by extensions ['ignore', 'ignore_ament_install']
[1.786s] Level 1:colcon.colcon_core.package_identification:_identify(src/childcomms) by extension 'ignore'
[1.787s] Level 1:colcon.colcon_core.package_identification:_identify(src/childcomms) by extension 'ignore_ament_install'
[1.787s] Level 1:colcon.colcon_core.package_identification:_identify(src/childcomms) by extensions ['colcon_pkg']
[1.787s] Level 1:colcon.colcon_core.package_identification:_identify(src/childcomms) by extension 'colcon_pkg'
[1.788s] Level 1:colcon.colcon_core.package_identification:_identify(src/childcomms) by extensions ['colcon_meta']
[1.788s] Level 1:colcon.colcon_core.package_identification:_identify(src/childcomms) by extension 'colcon_meta'
[1.788s] Level 1:colcon.colcon_core.package_identification:_identify(src/childcomms) by extensions ['ros']
[1.788s] Level 1:colcon.colcon_core.package_identification:_identify(src/childcomms) by extension 'ros'
[1.801s] DEBUG:colcon.colcon_core.package_identification:Package 'src/childcomms' with type 'ros.ament_python' and name 'childcomms'
[1.801s] Level 1:colcon.colcon_core.package_identification:_identify(src/communication_module) by extensions ['ignore', 'ignore_ament_install']
[1.802s] Level 1:colcon.colcon_core.package_identification:_identify(src/communication_module) by extension 'ignore'
[1.802s] Level 1:colcon.colcon_core.package_identification:_identify(src/communication_module) by extension 'ignore_ament_install'
[1.802s] Level 1:colcon.colcon_core.package_identification:_identify(src/communication_module) by extensions ['colcon_pkg']
[1.803s] Level 1:colcon.colcon_core.package_identification:_identify(src/communication_module) by extension 'colcon_pkg'
[1.803s] Level 1:colcon.colcon_core.package_identification:_identify(src/communication_module) by extensions ['colcon_meta']
[1.803s] Level 1:colcon.colcon_core.package_identification:_identify(src/communication_module) by extension 'colcon_meta'
[1.803s] Level 1:colcon.colcon_core.package_identification:_identify(src/communication_module) by extensions ['ros']
[1.804s] Level 1:colcon.colcon_core.package_identification:_identify(src/communication_module) by extension 'ros'
[1.807s] DEBUG:colcon.colcon_core.package_identification:Package 'src/communication_module' with type 'ros.ament_python' and name 'communication_module'
[1.808s] Level 1:colcon.colcon_core.package_identification:_identify(src/sllidar_ros2) by extensions ['ignore', 'ignore_ament_install']
[1.809s] Level 1:colcon.colcon_core.package_identification:_identify(src/sllidar_ros2) by extension 'ignore'
[1.809s] Level 1:colcon.colcon_core.package_identification:_identify(src/sllidar_ros2) by extension 'ignore_ament_install'
[1.810s] Level 1:colcon.colcon_core.package_identification:_identify(src/sllidar_ros2) by extensions ['colcon_pkg']
[1.810s] Level 1:colcon.colcon_core.package_identification:_identify(src/sllidar_ros2) by extension 'colcon_pkg'
[1.810s] Level 1:colcon.colcon_core.package_identification:_identify(src/sllidar_ros2) by extensions ['colcon_meta']
[1.810s] Level 1:colcon.colcon_core.package_identification:_identify(src/sllidar_ros2) by extension 'colcon_meta'
[1.810s] Level 1:colcon.colcon_core.package_identification:_identify(src/sllidar_ros2) by extensions ['ros']
[1.810s] Level 1:colcon.colcon_core.package_identification:_identify(src/sllidar_ros2) by extension 'ros'
[1.813s] DEBUG:colcon.colcon_core.package_identification:Package 'src/sllidar_ros2' with type 'ros.ament_cmake' and name 'sllidar_ros2'
[1.814s] Level 1:colcon.colcon_core.package_identification:_identify(src/ugv02_cartographer) by extensions ['ignore', 'ignore_ament_install']
[1.815s] Level 1:colcon.colcon_core.package_identification:_identify(src/ugv02_cartographer) by extension 'ignore'
[1.815s] Level 1:colcon.colcon_core.package_identification:_identify(src/ugv02_cartographer) by extension 'ignore_ament_install'
[1.815s] Level 1:colcon.colcon_core.package_identification:_identify(src/ugv02_cartographer) by extensions ['colcon_pkg']
[1.815s] Level 1:colcon.colcon_core.package_identification:_identify(src/ugv02_cartographer) by extension 'colcon_pkg'
[1.815s] Level 1:colcon.colcon_core.package_identification:_identify(src/ugv02_cartographer) by extensions ['colcon_meta']
[1.815s] Level 1:colcon.colcon_core.package_identification:_identify(src/ugv02_cartographer) by extension 'colcon_meta'
[1.816s] Level 1:colcon.colcon_core.package_identification:_identify(src/ugv02_cartographer) by extensions ['ros']
[1.816s] Level 1:colcon.colcon_core.package_identification:_identify(src/ugv02_cartographer) by extension 'ros'
[1.818s] DEBUG:colcon.colcon_core.package_identification:Package 'src/ugv02_cartographer' with type 'ros.ament_cmake' and name 'ugv02_cartographer'
[1.819s] Level 1:colcon.colcon_core.package_discovery:discover_packages(recursive) using defaults
[1.819s] Level 1:colcon.colcon_core.package_discovery:discover_packages(ignore) discover
[1.819s] Level 1:colcon.colcon_core.package_discovery:discover_packages(ignore) using defaults
[1.819s] Level 1:colcon.colcon_core.package_discovery:discover_packages(path) discover
[1.819s] Level 1:colcon.colcon_core.package_discovery:discover_packages(path) using defaults
[1.924s] Level 1:colcon.colcon_core.package_discovery:discover_packages(prefix_path) check parameters
[1.924s] Level 1:colcon.colcon_core.package_discovery:discover_packages(prefix_path) discover
[1.940s] DEBUG:colcon.colcon_installed_package_information.package_discovery:Found 275 installed packages in /opt/ros/humble
[1.947s] Level 1:colcon.colcon_core.package_discovery:discover_packages(prefix_path) using defaults
[2.209s] Level 5:colcon.colcon_core.verb:set package 'childcomms' build argument 'cmake_args' from command line to 'None'
[2.209s] Level 5:colcon.colcon_core.verb:set package 'childcomms' build argument 'cmake_target' from command line to 'None'
[2.209s] Level 5:colcon.colcon_core.verb:set package 'childcomms' build argument 'cmake_target_skip_unavailable' from command line to 'False'
[2.210s] Level 5:colcon.colcon_core.verb:set package 'childcomms' build argument 'cmake_clean_cache' from command line to 'False'
[2.210s] Level 5:colcon.colcon_core.verb:set package 'childcomms' build argument 'cmake_clean_first' from command line to 'False'
[2.210s] Level 5:colcon.colcon_core.verb:set package 'childcomms' build argument 'cmake_force_configure' from command line to 'False'
[2.210s] Level 5:colcon.colcon_core.verb:set package 'childcomms' build argument 'ament_cmake_args' from command line to 'None'
[2.210s] Level 5:colcon.colcon_core.verb:set package 'childcomms' build argument 'catkin_cmake_args' from command line to 'None'
[2.210s] Level 5:colcon.colcon_core.verb:set package 'childcomms' build argument 'catkin_skip_building_tests' from command line to 'False'
[2.210s] DEBUG:colcon.colcon_core.verb:Building package 'childcomms' with the following arguments: {'ament_cmake_args': None, 'build_base': '/home/robot/Desktop/mineswarm-parent/ros2_ws/build/childcomms', 'catkin_cmake_args': None, 'catkin_skip_building_tests': False, 'cmake_args': None, 'cmake_clean_cache': False, 'cmake_clean_first': False, 'cmake_force_configure': False, 'cmake_target': None, 'cmake_target_skip_unavailable': False, 'install_base': '/home/robot/Desktop/mineswarm-parent/ros2_ws/install/childcomms', 'merge_install': False, 'path': '/home/robot/Desktop/mineswarm-parent/ros2_ws/src/childcomms', 'symlink_install': False, 'test_result_base': None}
[2.212s] Level 5:colcon.colcon_core.verb:set package 'communication_module' build argument 'cmake_args' from command line to 'None'
[2.212s] Level 5:colcon.colcon_core.verb:set package 'communication_module' build argument 'cmake_target' from command line to 'None'
[2.213s] Level 5:colcon.colcon_core.verb:set package 'communication_module' build argument 'cmake_target_skip_unavailable' from command line to 'False'
[2.213s] Level 5:colcon.colcon_core.verb:set package 'communication_module' build argument 'cmake_clean_cache' from command line to 'False'
[2.213s] Level 5:colcon.colcon_core.verb:set package 'communication_module' build argument 'cmake_clean_first' from command line to 'False'
[2.213s] Level 5:colcon.colcon_core.verb:set package 'communication_module' build argument 'cmake_force_configure' from command line to 'False'
[2.213s] Level 5:colcon.colcon_core.verb:set package 'communication_module' build argument 'ament_cmake_args' from command line to 'None'
[2.213s] Level 5:colcon.colcon_core.verb:set package 'communication_module' build argument 'catkin_cmake_args' from command line to 'None'
[2.213s] Level 5:colcon.colcon_core.verb:set package 'communication_module' build argument 'catkin_skip_building_tests' from command line to 'False'
[2.214s] DEBUG:colcon.colcon_core.verb:Building package 'communication_module' with the following arguments: {'ament_cmake_args': None, 'build_base': '/home/robot/Desktop/mineswarm-parent/ros2_ws/build/communication_module', 'catkin_cmake_args': None, 'catkin_skip_building_tests': False, 'cmake_args': None, 'cmake_clean_cache': False, 'cmake_clean_first': False, 'cmake_force_configure': False, 'cmake_target': None, 'cmake_target_skip_unavailable': False, 'install_base': '/home/robot/Desktop/mineswarm-parent/ros2_ws/install/communication_module', 'merge_install': False, 'path': '/home/robot/Desktop/mineswarm-parent/ros2_ws/src/communication_module', 'symlink_install': False, 'test_result_base': None}
[2.215s] Level 5:colcon.colcon_core.verb:set package 'sllidar_ros2' build argument 'cmake_args' from command line to 'None'
[2.215s] Level 5:colcon.colcon_core.verb:set package 'sllidar_ros2' build argument 'cmake_target' from command line to 'None'
[2.216s] Level 5:colcon.colcon_core.verb:set package 'sllidar_ros2' build argument 'cmake_target_skip_unavailable' from command line to 'False'
[2.216s] Level 5:colcon.colcon_core.verb:set package 'sllidar_ros2' build argument 'cmake_clean_cache' from command line to 'False'
[2.216s] Level 5:colcon.colcon_core.verb:set package 'sllidar_ros2' build argument 'cmake_clean_first' from command line to 'False'
[2.216s] Level 5:colcon.colcon_core.verb:set package 'sllidar_ros2' build argument 'cmake_force_configure' from command line to 'False'
[2.216s] Level 5:colcon.colcon_core.verb:set package 'sllidar_ros2' build argument 'ament_cmake_args' from command line to 'None'
[2.216s] Level 5:colcon.colcon_core.verb:set package 'sllidar_ros2' build argument 'catkin_cmake_args' from command line to 'None'
[2.216s] Level 5:colcon.colcon_core.verb:set package 'sllidar_ros2' build argument 'catkin_skip_building_tests' from command line to 'False'
[2.217s] DEBUG:colcon.colcon_core.verb:Building package 'sllidar_ros2' with the following arguments: {'ament_cmake_args': None, 'build_base': '/home/robot/Desktop/mineswarm-parent/ros2_ws/build/sllidar_ros2', 'catkin_cmake_args': None, 'catkin_skip_building_tests': False, 'cmake_args': None, 'cmake_clean_cache': False, 'cmake_clean_first': False, 'cmake_force_configure': False, 'cmake_target': None, 'cmake_target_skip_unavailable': False, 'install_base': '/home/robot/Desktop/mineswarm-parent/ros2_ws/install/sllidar_ros2', 'merge_install': False, 'path': '/home/robot/Desktop/mineswarm-parent/ros2_ws/src/sllidar_ros2', 'symlink_install': False, 'test_result_base': None}
[2.218s] Level 5:colcon.colcon_core.verb:set package 'ugv02_cartographer' build argument 'cmake_args' from command line to 'None'
[2.219s] Level 5:colcon.colcon_core.verb:set package 'ugv02_cartographer' build argument 'cmake_target' from command line to 'None'
[2.219s] Level 5:colcon.colcon_core.verb:set package 'ugv02_cartographer' build argument 'cmake_target_skip_unavailable' from command line to 'False'
[2.219s] Level 5:colcon.colcon_core.verb:set package 'ugv02_cartographer' build argument 'cmake_clean_cache' from command line to 'False'
[2.219s] Level 5:colcon.colcon_core.verb:set package 'ugv02_cartographer' build argument 'cmake_clean_first' from command line to 'False'
[2.219s] Level 5:colcon.colcon_core.verb:set package 'ugv02_cartographer' build argument 'cmake_force_configure' from command line to 'False'
[2.219s] Level 5:colcon.colcon_core.verb:set package 'ugv02_cartographer' build argument 'ament_cmake_args' from command line to 'None'
[2.219s] Level 5:colcon.colcon_core.verb:set package 'ugv02_cartographer' build argument 'catkin_cmake_args' from command line to 'None'
[2.220s] Level 5:colcon.colcon_core.verb:set package 'ugv02_cartographer' build argument 'catkin_skip_building_tests' from command line to 'False'
[2.220s] DEBUG:colcon.colcon_core.verb:Building package 'ugv02_cartographer' with the following arguments: {'ament_cmake_args': None, 'build_base': '/home/robot/Desktop/mineswarm-parent/ros2_ws/build/ugv02_cartographer', 'catkin_cmake_args': None, 'catkin_skip_building_tests': False, 'cmake_args': None, 'cmake_clean_cache': False, 'cmake_clean_first': False, 'cmake_force_configure': False, 'cmake_target': None, 'cmake_target_skip_unavailable': False, 'install_base': '/home/robot/Desktop/mineswarm-parent/ros2_ws/install/ugv02_cartographer', 'merge_install': False, 'path': '/home/robot/Desktop/mineswarm-parent/ros2_ws/src/ugv02_cartographer', 'symlink_install': False, 'test_result_base': None}
[2.220s] INFO:colcon.colcon_core.executor:Executing jobs using 'parallel' executor
[2.226s] DEBUG:colcon.colcon_parallel_executor.executor.parallel:run_until_complete
[2.228s] INFO:colcon.colcon_ros.task.ament_python.build:Building ROS package in '/home/robot/Desktop/mineswarm-parent/ros2_ws/src/childcomms' with build type 'ament_python'
[2.229s] Level 1:colcon.colcon_core.shell:create_environment_hook('childcomms', 'ament_prefix_path')
[2.242s] INFO:colcon.colcon_core.plugin_system:Skipping extension 'colcon_core.shell.bat': Not used on non-Windows systems
[2.242s] INFO:colcon.colcon_core.shell:Creating environment hook '/home/robot/Desktop/mineswarm-parent/ros2_ws/install/childcomms/share/childcomms/hook/ament_prefix_path.ps1'
[2.245s] INFO:colcon.colcon_core.shell:Creating environment descriptor '/home/robot/Desktop/mineswarm-parent/ros2_ws/install/childcomms/share/childcomms/hook/ament_prefix_path.dsv'
[2.247s] INFO:colcon.colcon_core.shell:Creating environment hook '/home/robot/Desktop/mineswarm-parent/ros2_ws/install/childcomms/share/childcomms/hook/ament_prefix_path.sh'
[2.251s] INFO:colcon.colcon_core.shell:Skip shell extension 'powershell' for command environment: Not usable outside of PowerShell
[2.251s] DEBUG:colcon.colcon_core.shell:Skip shell extension 'dsv' for command environment
[2.268s] INFO:colcon.colcon_ros.task.ament_python.build:Building ROS package in '/home/robot/Desktop/mineswarm-parent/ros2_ws/src/communication_module' with build type 'ament_python'
[2.269s] Level 1:colcon.colcon_core.shell:create_environment_hook('communication_module', 'ament_prefix_path')
[2.270s] INFO:colcon.colcon_core.shell:Creating environment hook '/home/robot/Desktop/mineswarm-parent/ros2_ws/install/communication_module/share/communication_module/hook/ament_prefix_path.ps1'
[2.273s] INFO:colcon.colcon_core.shell:Creating environment descriptor '/home/robot/Desktop/mineswarm-parent/ros2_ws/install/communication_module/share/communication_module/hook/ament_prefix_path.dsv'
[2.275s] INFO:colcon.colcon_core.shell:Creating environment hook '/home/robot/Desktop/mineswarm-parent/ros2_ws/install/communication_module/share/communication_module/hook/ament_prefix_path.sh'
[2.278s] INFO:colcon.colcon_core.shell:Skip shell extension 'powershell' for command environment: Not usable outside of PowerShell
[2.278s] DEBUG:colcon.colcon_core.shell:Skip shell extension 'dsv' for command environment
[2.296s] INFO:colcon.colcon_ros.task.ament_cmake.build:Building ROS package in '/home/robot/Desktop/mineswarm-parent/ros2_ws/src/sllidar_ros2' with build type 'ament_cmake'
[2.297s] INFO:colcon.colcon_cmake.task.cmake.build:Building CMake package in '/home/robot/Desktop/mineswarm-parent/ros2_ws/src/sllidar_ros2'
[2.298s] INFO:colcon.colcon_core.shell:Skip shell extension 'powershell' for command environment: Not usable outside of PowerShell
[2.299s] DEBUG:colcon.colcon_core.shell:Skip shell extension 'dsv' for command environment
[2.315s] INFO:colcon.colcon_ros.task.ament_cmake.build:Building ROS package in '/home/robot/Desktop/mineswarm-parent/ros2_ws/src/ugv02_cartographer' with build type 'ament_cmake'
[2.315s] INFO:colcon.colcon_cmake.task.cmake.build:Building CMake package in '/home/robot/Desktop/mineswarm-parent/ros2_ws/src/ugv02_cartographer'
[2.317s] INFO:colcon.colcon_core.shell:Skip shell extension 'powershell' for command environment: Not usable outside of PowerShell
[2.318s] DEBUG:colcon.colcon_core.shell:Skip shell extension 'dsv' for command environment
[3.676s] INFO:colcon.colcon_core.task.python.build:Building Python package in '/home/robot/Desktop/mineswarm-parent/ros2_ws/src/childcomms'
[3.677s] INFO:colcon.colcon_core.shell:Skip shell extension 'powershell' for command environment: Not usable outside of PowerShell
[3.677s] DEBUG:colcon.colcon_core.shell:Skip shell extension 'dsv' for command environment
[4.947s] INFO:colcon.colcon_core.task.python.build:Building Python package in '/home/robot/Desktop/mineswarm-parent/ros2_ws/src/communication_module'
[4.948s] INFO:colcon.colcon_core.shell:Skip shell extension 'powershell' for command environment: Not usable outside of PowerShell
[4.949s] DEBUG:colcon.colcon_core.shell:Skip shell extension 'dsv' for command environment
[4.985s] DEBUG:colcon.colcon_core.event_handler.log_command:Invoking command in '/home/robot/Desktop/mineswarm-parent/ros2_ws/build/sllidar_ros2': CMAKE_PREFIX_PATH=/opt/ros/humble /usr/bin/cmake --build /home/robot/Desktop/mineswarm-parent/ros2_ws/build/sllidar_ros2 -- -j4 -l4
[5.012s] DEBUG:colcon.colcon_core.event_handler.log_command:Invoking command in '/home/robot/Desktop/mineswarm-parent/ros2_ws/build/ugv02_cartographer': CMAKE_PREFIX_PATH=/opt/ros/humble /usr/bin/cmake --build /home/robot/Desktop/mineswarm-parent/ros2_ws/build/ugv02_cartographer -- -j4 -l4
[5.234s] DEBUG:colcon.colcon_core.event_handler.log_command:Invoked command in '/home/robot/Desktop/mineswarm-parent/ros2_ws/build/ugv02_cartographer' returned '0': CMAKE_PREFIX_PATH=/opt/ros/humble /usr/bin/cmake --build /home/robot/Desktop/mineswarm-parent/ros2_ws/build/ugv02_cartographer -- -j4 -l4
[5.490s] DEBUG:colcon.colcon_core.event_handler.log_command:Invoking command in '/home/robot/Desktop/mineswarm-parent/ros2_ws/build/ugv02_cartographer': CMAKE_PREFIX_PATH=/opt/ros/humble /usr/bin/cmake --install /home/robot/Desktop/mineswarm-parent/ros2_ws/build/ugv02_cartographer
[5.501s] DEBUG:colcon.colcon_core.event_handler.log_command:Invoked command in '/home/robot/Desktop/mineswarm-parent/ros2_ws/build/sllidar_ros2' returned '0': CMAKE_PREFIX_PATH=/opt/ros/humble /usr/bin/cmake --build /home/robot/Desktop/mineswarm-parent/ros2_ws/build/sllidar_ros2 -- -j4 -l4
[5.553s] Level 1:colcon.colcon_core.environment:create_environment_scripts_only(ugv02_cartographer)
[5.581s] DEBUG:colcon.colcon_core.event_handler.log_command:Invoked command in '/home/robot/Desktop/mineswarm-parent/ros2_ws/build/ugv02_cartographer' returned '0': CMAKE_PREFIX_PATH=/opt/ros/humble /usr/bin/cmake --install /home/robot/Desktop/mineswarm-parent/ros2_ws/build/ugv02_cartographer
[5.587s] Level 1:colcon.colcon_core.environment:checking '/home/robot/Desktop/mineswarm-parent/ros2_ws/install/ugv02_cartographer' for CMake module files
[5.591s] Level 1:colcon.colcon_core.environment:checking '/home/robot/Desktop/mineswarm-parent/ros2_ws/install/ugv02_cartographer' for CMake config files
[5.595s] Level 1:colcon.colcon_core.shell:create_environment_hook('ugv02_cartographer', 'cmake_prefix_path')
[5.597s] INFO:colcon.colcon_core.shell:Creating environment hook '/home/robot/Desktop/mineswarm-parent/ros2_ws/install/ugv02_cartographer/share/ugv02_cartographer/hook/cmake_prefix_path.ps1'
[5.600s] INFO:colcon.colcon_core.shell:Creating environment descriptor '/home/robot/Desktop/mineswarm-parent/ros2_ws/install/ugv02_cartographer/share/ugv02_cartographer/hook/cmake_prefix_path.dsv'
[5.602s] INFO:colcon.colcon_core.shell:Creating environment hook '/home/robot/Desktop/mineswarm-parent/ros2_ws/install/ugv02_cartographer/share/ugv02_cartographer/hook/cmake_prefix_path.sh'
[5.606s] Level 1:colcon.colcon_core.environment:checking '/home/robot/Desktop/mineswarm-parent/ros2_ws/install/ugv02_cartographer/bin'
[5.607s] Level 1:colcon.colcon_core.environment:checking '/home/robot/Desktop/mineswarm-parent/ros2_ws/install/ugv02_cartographer/lib/pkgconfig/ugv02_cartographer.pc'
[5.608s] Level 1:colcon.colcon_core.environment:checking '/home/robot/Desktop/mineswarm-parent/ros2_ws/install/ugv02_cartographer/lib/python3.10/site-packages'
[5.610s] Level 1:colcon.colcon_core.environment:checking '/home/robot/Desktop/mineswarm-parent/ros2_ws/install/ugv02_cartographer/bin'
[5.611s] INFO:colcon.colcon_core.shell:Creating package script '/home/robot/Desktop/mineswarm-parent/ros2_ws/install/ugv02_cartographer/share/ugv02_cartographer/package.ps1'
[5.617s] INFO:colcon.colcon_core.shell:Creating package descriptor '/home/robot/Desktop/mineswarm-parent/ros2_ws/install/ugv02_cartographer/share/ugv02_cartographer/package.dsv'
[5.625s] INFO:colcon.colcon_core.shell:Creating package script '/home/robot/Desktop/mineswarm-parent/ros2_ws/install/ugv02_cartographer/share/ugv02_cartographer/package.sh'
[5.629s] INFO:colcon.colcon_core.shell:Creating package script '/home/robot/Desktop/mineswarm-parent/ros2_ws/install/ugv02_cartographer/share/ugv02_cartographer/package.bash'
[5.633s] INFO:colcon.colcon_core.shell:Creating package script '/home/robot/Desktop/mineswarm-parent/ros2_ws/install/ugv02_cartographer/share/ugv02_cartographer/package.zsh'
[5.637s] Level 1:colcon.colcon_core.environment:create_file_with_runtime_dependencies(/home/robot/Desktop/mineswarm-parent/ros2_ws/install/ugv02_cartographer/share/colcon-core/packages/ugv02_cartographer)
[5.776s] Level 1:colcon.colcon_core.environment:create_environment_scripts_only(ugv02_cartographer)
[5.778s] Level 1:colcon.colcon_core.environment:checking '/home/robot/Desktop/mineswarm-parent/ros2_ws/install/ugv02_cartographer' for CMake module files
[5.781s] Level 1:colcon.colcon_core.environment:checking '/home/robot/Desktop/mineswarm-parent/ros2_ws/install/ugv02_cartographer' for CMake config files
[5.785s] Level 1:colcon.colcon_core.shell:create_environment_hook('ugv02_cartographer', 'cmake_prefix_path')
[5.786s] INFO:colcon.colcon_core.shell:Creating environment hook '/home/robot/Desktop/mineswarm-parent/ros2_ws/install/ugv02_cartographer/share/ugv02_cartographer/hook/cmake_prefix_path.ps1'
[5.789s] INFO:colcon.colcon_core.shell:Creating environment descriptor '/home/robot/Desktop/mineswarm-parent/ros2_ws/install/ugv02_cartographer/share/ugv02_cartographer/hook/cmake_prefix_path.dsv'
[5.791s] INFO:colcon.colcon_core.shell:Creating environment hook '/home/robot/Desktop/mineswarm-parent/ros2_ws/install/ugv02_cartographer/share/ugv02_cartographer/hook/cmake_prefix_path.sh'
[5.794s] Level 1:colcon.colcon_core.environment:checking '/home/robot/Desktop/mineswarm-parent/ros2_ws/install/ugv02_cartographer/bin'
[5.795s] Level 1:colcon.colcon_core.environment:checking '/home/robot/Desktop/mineswarm-parent/ros2_ws/install/ugv02_cartographer/lib/pkgconfig/ugv02_cartographer.pc'
[5.796s] Level 1:colcon.colcon_core.environment:checking '/home/robot/Desktop/mineswarm-parent/ros2_ws/install/ugv02_cartographer/lib/python3.10/site-packages'
[5.798s] Level 1:colcon.colcon_core.environment:checking '/home/robot/Desktop/mineswarm-parent/ros2_ws/install/ugv02_cartographer/bin'
[5.799s] INFO:colcon.colcon_core.shell:Creating package script '/home/robot/Desktop/mineswarm-parent/ros2_ws/install/ugv02_cartographer/share/ugv02_cartographer/package.ps1'
[5.802s] INFO:colcon.colcon_core.shell:Creating package descriptor '/home/robot/Desktop/mineswarm-parent/ros2_ws/install/ugv02_cartographer/share/ugv02_cartographer/package.dsv'
[5.805s] INFO:colcon.colcon_core.shell:Creating package script '/home/robot/Desktop/mineswarm-parent/ros2_ws/install/ugv02_cartographer/share/ugv02_cartographer/package.sh'
[5.808s] INFO:colcon.colcon_core.shell:Creating package script '/home/robot/Desktop/mineswarm-parent/ros2_ws/install/ugv02_cartographer/share/ugv02_cartographer/package.bash'
[5.811s] INFO:colcon.colcon_core.shell:Creating package script '/home/robot/Desktop/mineswarm-parent/ros2_ws/install/ugv02_cartographer/share/ugv02_cartographer/package.zsh'
[5.814s] Level 1:colcon.colcon_core.environment:create_file_with_runtime_dependencies(/home/robot/Desktop/mineswarm-parent/ros2_ws/install/ugv02_cartographer/share/colcon-core/packages/ugv02_cartographer)
[5.975s] DEBUG:colcon.colcon_core.event_handler.log_command:Invoking command in '/home/robot/Desktop/mineswarm-parent/ros2_ws/build/sllidar_ros2': CMAKE_PREFIX_PATH=/opt/ros/humble /usr/bin/cmake --install /home/robot/Desktop/mineswarm-parent/ros2_ws/build/sllidar_ros2
[6.041s] Level 1:colcon.colcon_core.environment:create_environment_scripts_only(sllidar_ros2)
[6.043s] Level 1:colcon.colcon_core.environment:checking '/home/robot/Desktop/mineswarm-parent/ros2_ws/install/sllidar_ros2' for CMake module files
[6.046s] Level 1:colcon.colcon_core.environment:checking '/home/robot/Desktop/mineswarm-parent/ros2_ws/install/sllidar_ros2' for CMake config files
[6.048s] Level 1:colcon.colcon_core.shell:create_environment_hook('sllidar_ros2', 'cmake_prefix_path')
[6.049s] INFO:colcon.colcon_core.shell:Creating environment hook '/home/robot/Desktop/mineswarm-parent/ros2_ws/install/sllidar_ros2/share/sllidar_ros2/hook/cmake_prefix_path.ps1'
[6.058s] DEBUG:colcon.colcon_core.event_handler.log_command:Invoked command in '/home/robot/Desktop/mineswarm-parent/ros2_ws/build/sllidar_ros2' returned '0': CMAKE_PREFIX_PATH=/opt/ros/humble /usr/bin/cmake --install /home/robot/Desktop/mineswarm-parent/ros2_ws/build/sllidar_ros2
[6.059s] INFO:colcon.colcon_core.shell:Creating environment descriptor '/home/robot/Desktop/mineswarm-parent/ros2_ws/install/sllidar_ros2/share/sllidar_ros2/hook/cmake_prefix_path.dsv'
[6.061s] INFO:colcon.colcon_core.shell:Creating environment hook '/home/robot/Desktop/mineswarm-parent/ros2_ws/install/sllidar_ros2/share/sllidar_ros2/hook/cmake_prefix_path.sh'
[6.065s] Level 1:colcon.colcon_core.environment:checking '/home/robot/Desktop/mineswarm-parent/ros2_ws/install/sllidar_ros2/lib'
[6.069s] Level 1:colcon.colcon_core.environment:checking '/home/robot/Desktop/mineswarm-parent/ros2_ws/install/sllidar_ros2/bin'
[6.069s] Level 1:colcon.colcon_core.environment:checking '/home/robot/Desktop/mineswarm-parent/ros2_ws/install/sllidar_ros2/lib/pkgconfig/sllidar_ros2.pc'
[6.071s] Level 1:colcon.colcon_core.environment:checking '/home/robot/Desktop/mineswarm-parent/ros2_ws/install/sllidar_ros2/lib/python3.10/site-packages'
[6.072s] Level 1:colcon.colcon_core.environment:checking '/home/robot/Desktop/mineswarm-parent/ros2_ws/install/sllidar_ros2/bin'
[6.074s] INFO:colcon.colcon_core.shell:Creating package script '/home/robot/Desktop/mineswarm-parent/ros2_ws/install/sllidar_ros2/share/sllidar_ros2/package.ps1'
[6.078s] INFO:colcon.colcon_core.shell:Creating package descriptor '/home/robot/Desktop/mineswarm-parent/ros2_ws/install/sllidar_ros2/share/sllidar_ros2/package.dsv'
[6.080s] INFO:colcon.colcon_core.shell:Creating package script '/home/robot/Desktop/mineswarm-parent/ros2_ws/install/sllidar_ros2/share/sllidar_ros2/package.sh'
[6.082s] INFO:colcon.colcon_core.shell:Creating package script '/home/robot/Desktop/mineswarm-parent/ros2_ws/install/sllidar_ros2/share/sllidar_ros2/package.bash'
[6.085s] INFO:colcon.colcon_core.shell:Creating package script '/home/robot/Desktop/mineswarm-parent/ros2_ws/install/sllidar_ros2/share/sllidar_ros2/package.zsh'
[6.087s] Level 1:colcon.colcon_core.environment:create_file_with_runtime_dependencies(/home/robot/Desktop/mineswarm-parent/ros2_ws/install/sllidar_ros2/share/colcon-core/packages/sllidar_ros2)
[6.546s] Level 1:colcon.colcon_core.environment:create_environment_scripts_only(sllidar_ros2)
[6.548s] Level 1:colcon.colcon_core.environment:checking '/home/robot/Desktop/mineswarm-parent/ros2_ws/install/sllidar_ros2' for CMake module files
[6.552s] Level 1:colcon.colcon_core.environment:checking '/home/robot/Desktop/mineswarm-parent/ros2_ws/install/sllidar_ros2' for CMake config files
[6.553s] Level 1:colcon.colcon_core.shell:create_environment_hook('sllidar_ros2', 'cmake_prefix_path')
[6.555s] INFO:colcon.colcon_core.shell:Creating environment hook '/home/robot/Desktop/mineswarm-parent/ros2_ws/install/sllidar_ros2/share/sllidar_ros2/hook/cmake_prefix_path.ps1'
[6.558s] INFO:colcon.colcon_core.shell:Creating environment descriptor '/home/robot/Desktop/mineswarm-parent/ros2_ws/install/sllidar_ros2/share/sllidar_ros2/hook/cmake_prefix_path.dsv'
[6.560s] INFO:colcon.colcon_core.shell:Creating environment hook '/home/robot/Desktop/mineswarm-parent/ros2_ws/install/sllidar_ros2/share/sllidar_ros2/hook/cmake_prefix_path.sh'
[6.564s] Level 1:colcon.colcon_core.environment:checking '/home/robot/Desktop/mineswarm-parent/ros2_ws/install/sllidar_ros2/lib'
[6.565s] Level 1:colcon.colcon_core.environment:checking '/home/robot/Desktop/mineswarm-parent/ros2_ws/install/sllidar_ros2/bin'
[6.566s] Level 1:colcon.colcon_core.environment:checking '/home/robot/Desktop/mineswarm-parent/ros2_ws/install/sllidar_ros2/lib/pkgconfig/sllidar_ros2.pc'
[6.567s] Level 1:colcon.colcon_core.environment:checking '/home/robot/Desktop/mineswarm-parent/ros2_ws/install/sllidar_ros2/lib/python3.10/site-packages'
[6.570s] Level 1:colcon.colcon_core.environment:checking '/home/robot/Desktop/mineswarm-parent/ros2_ws/install/sllidar_ros2/bin'
[6.572s] INFO:colcon.colcon_core.shell:Creating package script '/home/robot/Desktop/mineswarm-parent/ros2_ws/install/sllidar_ros2/share/sllidar_ros2/package.ps1'
[6.579s] INFO:colcon.colcon_core.shell:Creating package descriptor '/home/robot/Desktop/mineswarm-parent/ros2_ws/install/sllidar_ros2/share/sllidar_ros2/package.dsv'
[6.582s] INFO:colcon.colcon_core.shell:Creating package script '/home/robot/Desktop/mineswarm-parent/ros2_ws/install/sllidar_ros2/share/sllidar_ros2/package.sh'
[6.586s] INFO:colcon.colcon_core.shell:Creating package script '/home/robot/Desktop/mineswarm-parent/ros2_ws/install/sllidar_ros2/share/sllidar_ros2/package.bash'
[6.590s] INFO:colcon.colcon_core.shell:Creating package script '/home/robot/Desktop/mineswarm-parent/ros2_ws/install/sllidar_ros2/share/sllidar_ros2/package.zsh'
[6.593s] Level 1:colcon.colcon_core.environment:create_file_with_runtime_dependencies(/home/robot/Desktop/mineswarm-parent/ros2_ws/install/sllidar_ros2/share/colcon-core/packages/sllidar_ros2)
[7.421s] DEBUG:colcon.colcon_core.event_handler.log_command:Invoking command in '/home/robot/Desktop/mineswarm-parent/ros2_ws/src/childcomms': PYTHONPATH=/home/robot/Desktop/mineswarm-parent/ros2_ws/build/childcomms/prefix_override:/usr/lib/python3/dist-packages/colcon_core/task/python/colcon_distutils_commands:/home/robot/Desktop/mineswarm-parent/ros2_ws/install/childcomms/lib/python3.10/site-packages:${PYTHONPATH} /usr/bin/python3 -W ignore:setup.py install is deprecated setup.py egg_info --egg-base ../../build/childcomms build --build-base /home/robot/Desktop/mineswarm-parent/ros2_ws/build/childcomms/build install --record /home/robot/Desktop/mineswarm-parent/ros2_ws/build/childcomms/install.log --single-version-externally-managed install_data
[7.438s] DEBUG:colcon.colcon_core.event_handler.log_command:Invoking command in '/home/robot/Desktop/mineswarm-parent/ros2_ws/src/communication_module': PYTHONPATH=/home/robot/Desktop/mineswarm-parent/ros2_ws/build/communication_module/prefix_override:/usr/lib/python3/dist-packages/colcon_core/task/python/colcon_distutils_commands:/home/robot/Desktop/mineswarm-parent/ros2_ws/install/communication_module/lib/python3.10/site-packages:${PYTHONPATH} /usr/bin/python3 -W ignore:setup.py install is deprecated setup.py egg_info --egg-base ../../build/communication_module build --build-base /home/robot/Desktop/mineswarm-parent/ros2_ws/build/communication_module/build install --record /home/robot/Desktop/mineswarm-parent/ros2_ws/build/communication_module/install.log --single-version-externally-managed install_data
[9.109s] Level 1:colcon.colcon_core.environment:checking '/home/robot/Desktop/mineswarm-parent/ros2_ws/install/communication_module' for CMake module files
[9.113s] Level 1:colcon.colcon_core.environment:checking '/home/robot/Desktop/mineswarm-parent/ros2_ws/install/communication_module' for CMake config files
[9.118s] Level 1:colcon.colcon_core.environment:checking '/home/robot/Desktop/mineswarm-parent/ros2_ws/install/communication_module/lib'
[9.119s] DEBUG:colcon.colcon_core.event_handler.log_command:Invoked command in '/home/robot/Desktop/mineswarm-parent/ros2_ws/src/communication_module' returned '0': PYTHONPATH=/home/robot/Desktop/mineswarm-parent/ros2_ws/build/communication_module/prefix_override:/usr/lib/python3/dist-packages/colcon_core/task/python/colcon_distutils_commands:/home/robot/Desktop/mineswarm-parent/ros2_ws/install/communication_module/lib/python3.10/site-packages:${PYTHONPATH} /usr/bin/python3 -W ignore:setup.py install is deprecated setup.py egg_info --egg-base ../../build/communication_module build --build-base /home/robot/Desktop/mineswarm-parent/ros2_ws/build/communication_module/build install --record /home/robot/Desktop/mineswarm-parent/ros2_ws/build/communication_module/install.log --single-version-externally-managed install_data
[9.120s] Level 1:colcon.colcon_core.environment:checking '/home/robot/Desktop/mineswarm-parent/ros2_ws/install/communication_module/bin'
[9.120s] Level 1:colcon.colcon_core.environment:checking '/home/robot/Desktop/mineswarm-parent/ros2_ws/install/communication_module/lib/pkgconfig/communication_module.pc'
[9.121s] Level 1:colcon.colcon_core.environment:checking '/home/robot/Desktop/mineswarm-parent/ros2_ws/install/communication_module/lib/python3.10/site-packages'
[9.121s] Level 1:colcon.colcon_core.shell:create_environment_hook('communication_module', 'pythonpath')
[9.122s] INFO:colcon.colcon_core.shell:Creating environment hook '/home/robot/Desktop/mineswarm-parent/ros2_ws/install/communication_module/share/communication_module/hook/pythonpath.ps1'
[9.124s] INFO:colcon.colcon_core.shell:Creating environment descriptor '/home/robot/Desktop/mineswarm-parent/ros2_ws/install/communication_module/share/communication_module/hook/pythonpath.dsv'
[9.126s] INFO:colcon.colcon_core.shell:Creating environment hook '/home/robot/Desktop/mineswarm-parent/ros2_ws/install/communication_module/share/communication_module/hook/pythonpath.sh'
[9.129s] Level 1:colcon.colcon_core.environment:checking '/home/robot/Desktop/mineswarm-parent/ros2_ws/install/communication_module/bin'
[9.129s] Level 1:colcon.colcon_core.environment:create_environment_scripts_only(communication_module)
[9.130s] INFO:colcon.colcon_core.shell:Creating package script '/home/robot/Desktop/mineswarm-parent/ros2_ws/install/communication_module/share/communication_module/package.ps1'
[9.132s] INFO:colcon.colcon_core.shell:Creating package descriptor '/home/robot/Desktop/mineswarm-parent/ros2_ws/install/communication_module/share/communication_module/package.dsv'
[9.135s] INFO:colcon.colcon_core.shell:Creating package script '/home/robot/Desktop/mineswarm-parent/ros2_ws/install/communication_module/share/communication_module/package.sh'
[9.137s] INFO:colcon.colcon_core.shell:Creating package script '/home/robot/Desktop/mineswarm-parent/ros2_ws/install/communication_module/share/communication_module/package.bash'
[9.139s] INFO:colcon.colcon_core.shell:Creating package script '/home/robot/Desktop/mineswarm-parent/ros2_ws/install/communication_module/share/communication_module/package.zsh'
[9.141s] Level 1:colcon.colcon_core.environment:create_file_with_runtime_dependencies(/home/robot/Desktop/mineswarm-parent/ros2_ws/install/communication_module/share/colcon-core/packages/communication_module)
[9.145s] Level 1:colcon.colcon_core.environment:checking '/home/robot/Desktop/mineswarm-parent/ros2_ws/install/childcomms' for CMake module files
[9.148s] DEBUG:colcon.colcon_core.event_handler.log_command:Invoked command in '/home/robot/Desktop/mineswarm-parent/ros2_ws/src/childcomms' returned '0': PYTHONPATH=/home/robot/Desktop/mineswarm-parent/ros2_ws/build/childcomms/prefix_override:/usr/lib/python3/dist-packages/colcon_core/task/python/colcon_distutils_commands:/home/robot/Desktop/mineswarm-parent/ros2_ws/install/childcomms/lib/python3.10/site-packages:${PYTHONPATH} /usr/bin/python3 -W ignore:setup.py install is deprecated setup.py egg_info --egg-base ../../build/childcomms build --build-base /home/robot/Desktop/mineswarm-parent/ros2_ws/build/childcomms/build install --record /home/robot/Desktop/mineswarm-parent/ros2_ws/build/childcomms/install.log --single-version-externally-managed install_data
[9.149s] Level 1:colcon.colcon_core.environment:checking '/home/robot/Desktop/mineswarm-parent/ros2_ws/install/childcomms' for CMake config files
[9.153s] Level 1:colcon.colcon_core.environment:checking '/home/robot/Desktop/mineswarm-parent/ros2_ws/install/childcomms/lib'
[9.153s] Level 1:colcon.colcon_core.environment:checking '/home/robot/Desktop/mineswarm-parent/ros2_ws/install/childcomms/bin'
[9.154s] Level 1:colcon.colcon_core.environment:checking '/home/robot/Desktop/mineswarm-parent/ros2_ws/install/childcomms/lib/pkgconfig/childcomms.pc'
[9.155s] Level 1:colcon.colcon_core.environment:checking '/home/robot/Desktop/mineswarm-parent/ros2_ws/install/childcomms/lib/python3.10/site-packages'
[9.155s] Level 1:colcon.colcon_core.shell:create_environment_hook('childcomms', 'pythonpath')
[9.156s] INFO:colcon.colcon_core.shell:Creating environment hook '/home/robot/Desktop/mineswarm-parent/ros2_ws/install/childcomms/share/childcomms/hook/pythonpath.ps1'
[9.158s] INFO:colcon.colcon_core.shell:Creating environment descriptor '/home/robot/Desktop/mineswarm-parent/ros2_ws/install/childcomms/share/childcomms/hook/pythonpath.dsv'
[9.161s] INFO:colcon.colcon_core.shell:Creating environment hook '/home/robot/Desktop/mineswarm-parent/ros2_ws/install/childcomms/share/childcomms/hook/pythonpath.sh'
[9.164s] Level 1:colcon.colcon_core.environment:checking '/home/robot/Desktop/mineswarm-parent/ros2_ws/install/childcomms/bin'
[9.164s] Level 1:colcon.colcon_core.environment:create_environment_scripts_only(childcomms)
[9.165s] INFO:colcon.colcon_core.shell:Creating package script '/home/robot/Desktop/mineswarm-parent/ros2_ws/install/childcomms/share/childcomms/package.ps1'
[9.168s] INFO:colcon.colcon_core.shell:Creating package descriptor '/home/robot/Desktop/mineswarm-parent/ros2_ws/install/childcomms/share/childcomms/package.dsv'
[9.170s] INFO:colcon.colcon_core.shell:Creating package script '/home/robot/Desktop/mineswarm-parent/ros2_ws/install/childcomms/share/childcomms/package.sh'
[9.172s] INFO:colcon.colcon_core.shell:Creating package script '/home/robot/Desktop/mineswarm-parent/ros2_ws/install/childcomms/share/childcomms/package.bash'
[9.174s] INFO:colcon.colcon_core.shell:Creating package script '/home/robot/Desktop/mineswarm-parent/ros2_ws/install/childcomms/share/childcomms/package.zsh'
[9.176s] Level 1:colcon.colcon_core.environment:create_file_with_runtime_dependencies(/home/robot/Desktop/mineswarm-parent/ros2_ws/install/childcomms/share/colcon-core/packages/childcomms)
[9.178s] DEBUG:colcon.colcon_parallel_executor.executor.parallel:closing loop
[9.179s] DEBUG:colcon.colcon_parallel_executor.executor.parallel:loop closed
[9.179s] DEBUG:colcon.colcon_parallel_executor.executor.parallel:run_until_complete finished with '0'
[9.180s] DEBUG:colcon.colcon_core.event_reactor:joining thread
[9.202s] INFO:colcon.colcon_core.plugin_system:Skipping extension 'colcon_notification.desktop_notification.terminal_notifier': Not used on non-Darwin systems
[9.203s] INFO:colcon.colcon_core.plugin_system:Skipping extension 'colcon_notification.desktop_notification.win32': Not used on non-Windows systems
[9.203s] INFO:colcon.colcon_notification.desktop_notification:Sending desktop notification using 'notify2'
[9.256s] DEBUG:colcon.colcon_core.event_reactor:joined thread
[9.257s] INFO:colcon.colcon_core.shell:Creating prefix script '/home/robot/Desktop/mineswarm-parent/ros2_ws/install/local_setup.ps1'
[9.262s] INFO:colcon.colcon_core.shell:Creating prefix util module '/home/robot/Desktop/mineswarm-parent/ros2_ws/install/_local_setup_util_ps1.py'
[9.269s] INFO:colcon.colcon_core.shell:Creating prefix chain script '/home/robot/Desktop/mineswarm-parent/ros2_ws/install/setup.ps1'
[9.274s] INFO:colcon.colcon_core.shell:Creating prefix script '/home/robot/Desktop/mineswarm-parent/ros2_ws/install/local_setup.sh'
[9.277s] INFO:colcon.colcon_core.shell:Creating prefix util module '/home/robot/Desktop/mineswarm-parent/ros2_ws/install/_local_setup_util_sh.py'
[9.280s] INFO:colcon.colcon_core.shell:Creating prefix chain script '/home/robot/Desktop/mineswarm-parent/ros2_ws/install/setup.sh'
[9.286s] INFO:colcon.colcon_core.shell:Creating prefix script '/home/robot/Desktop/mineswarm-parent/ros2_ws/install/local_setup.bash'
[9.289s] INFO:colcon.colcon_core.shell:Creating prefix chain script '/home/robot/Desktop/mineswarm-parent/ros2_ws/install/setup.bash'
[9.295s] INFO:colcon.colcon_core.shell:Creating prefix script '/home/robot/Desktop/mineswarm-parent/ros2_ws/install/local_setup.zsh'
[9.299s] INFO:colcon.colcon_core.shell:Creating prefix chain script '/home/robot/Desktop/mineswarm-parent/ros2_ws/install/setup.zsh'
