[0.075s] Invoking command in '/home/mine/Desktop/ros2_ws/build/ugv02_cartographer': CMAKE_PREFIX_PATH=/opt/ros/humble /usr/bin/cmake --build /home/mine/Desktop/ros2_ws/build/ugv02_cartographer -- -j4 -l4
[0.259s] Invoked command in '/home/mine/Desktop/ros2_ws/build/ugv02_cartographer' returned '0': CMAKE_PREFIX_PATH=/opt/ros/humble /usr/bin/cmake --build /home/mine/Desktop/ros2_ws/build/ugv02_cartographer -- -j4 -l4
[0.430s] Invoking command in '/home/mine/Desktop/ros2_ws/build/ugv02_cartographer': CMAKE_PREFIX_PATH=/opt/ros/humble /usr/bin/cmake --install /home/mine/Desktop/ros2_ws/build/ugv02_cartographer
[0.464s] -- Install configuration: ""
[0.465s] -- Up-to-date: /home/mine/Desktop/ros2_ws/install/ugv02_cartographer/share/ament_index/resource_index/package_run_dependencies/ugv02_cartographer
[0.470s] -- Up-to-date: /home/mine/Desktop/ros2_ws/install/ugv02_cartographer/share/ament_index/resource_index/parent_prefix_path/ugv02_cartographer
[0.470s] -- Up-to-date: /home/mine/Desktop/ros2_ws/install/ugv02_cartographer/share/ugv02_cartographer/environment/ament_prefix_path.sh
[0.476s] -- Up-to-date: /home/mine/Desktop/ros2_ws/install/ugv02_cartographer/share/ugv02_cartographer/environment/ament_prefix_path.dsv
[0.478s] -- Up-to-date: /home/mine/Desktop/ros2_ws/install/ugv02_cartographer/share/ugv02_cartographer/environment/path.sh
[0.488s] -- Up-to-date: /home/mine/Desktop/ros2_ws/install/ugv02_cartographer/share/ugv02_cartographer/environment/path.dsv
[0.490s] -- Up-to-date: /home/mine/Desktop/ros2_ws/install/ugv02_cartographer/share/ugv02_cartographer/local_setup.bash
[0.491s] -- Up-to-date: /home/mine/Desktop/ros2_ws/install/ugv02_cartographer/share/ugv02_cartographer/local_setup.sh
[0.492s] -- Up-to-date: /home/mine/Desktop/ros2_ws/install/ugv02_cartographer/share/ugv02_cartographer/local_setup.zsh
[0.493s] -- Up-to-date: /home/mine/Desktop/ros2_ws/install/ugv02_cartographer/share/ugv02_cartographer/local_setup.dsv
[0.495s] -- Installing: /home/mine/Desktop/ros2_ws/install/ugv02_cartographer/share/ugv02_cartographer/package.dsv
[0.496s] -- Up-to-date: /home/mine/Desktop/ros2_ws/install/ugv02_cartographer/share/ament_index/resource_index/packages/ugv02_cartographer
[0.497s] -- Up-to-date: /home/mine/Desktop/ros2_ws/install/ugv02_cartographer/share/ugv02_cartographer/cmake/ugv02_cartographerConfig.cmake
[0.501s] -- Up-to-date: /home/mine/Desktop/ros2_ws/install/ugv02_cartographer/share/ugv02_cartographer/cmake/ugv02_cartographerConfig-version.cmake
[0.503s] -- Up-to-date: /home/mine/Desktop/ros2_ws/install/ugv02_cartographer/share/ugv02_cartographer/package.xml
[0.505s] -- Up-to-date: /home/mine/Desktop/ros2_ws/install/ugv02_cartographer/share//config
[0.511s] -- Up-to-date: /home/mine/Desktop/ros2_ws/install/ugv02_cartographer/share//config/cartographer_2d.lua
[0.512s] -- Up-to-date: /home/mine/Desktop/ros2_ws/install/ugv02_cartographer/share//launch
[0.513s] -- Up-to-date: /home/mine/Desktop/ros2_ws/install/ugv02_cartographer/share//launch/cartographer.launch.py
[0.514s] Invoked command in '/home/mine/Desktop/ros2_ws/build/ugv02_cartographer' returned '0': CMAKE_PREFIX_PATH=/opt/ros/humble /usr/bin/cmake --install /home/mine/Desktop/ros2_ws/build/ugv02_cartographer
