[5.512s] Invoking command in '/home/mine/Desktop/mineswarm-parent/ros2_ws/src/childcomms': PYTHONPATH=/home/mine/Desktop/mineswarm-parent/ros2_ws/build/childcomms/prefix_override:/home/mine/Desktop/mineswarm-parent/ros2_ws/install/childcomms/lib/python3.10/site-packages:${PYTHONPATH} /usr/bin/python3 -W ignore:setup.py install is deprecated setup.py egg_info --egg-base ../../build/childcomms build --build-base /home/mine/Desktop/mineswarm-parent/ros2_ws/build/childcomms/build install --record /home/mine/Desktop/mineswarm-parent/ros2_ws/build/childcomms/install.log --single-version-externally-managed install_data
[7.625s] running egg_info
[7.628s] creating ../../build/childcomms/childcomms.egg-info
[7.629s] writing ../../build/childcomms/childcomms.egg-info/PKG-INFO
[7.631s] writing dependency_links to ../../build/childcomms/childcomms.egg-info/dependency_links.txt
[7.632s] writing entry points to ../../build/childcomms/childcomms.egg-info/entry_points.txt
[7.640s] writing requirements to ../../build/childcomms/childcomms.egg-info/requires.txt
[7.641s] writing top-level names to ../../build/childcomms/childcomms.egg-info/top_level.txt
[7.642s] writing manifest file '../../build/childcomms/childcomms.egg-info/SOURCES.txt'
[7.644s] reading manifest file '../../build/childcomms/childcomms.egg-info/SOURCES.txt'
[7.645s] adding license file 'LICENSE'
[7.648s] writing manifest file '../../build/childcomms/childcomms.egg-info/SOURCES.txt'
[7.656s] running build
[7.656s] running build_py
[7.657s] creating /home/mine/Desktop/mineswarm-parent/ros2_ws/build/childcomms/build
[7.661s] creating /home/mine/Desktop/mineswarm-parent/ros2_ws/build/childcomms/build/lib
[7.662s] creating /home/mine/Desktop/mineswarm-parent/ros2_ws/build/childcomms/build/lib/childcomms
[7.663s] copying childcomms/childcomms1.py -> /home/mine/Desktop/mineswarm-parent/ros2_ws/build/childcomms/build/lib/childcomms
[7.664s] copying childcomms/childcomms2.py -> /home/mine/Desktop/mineswarm-parent/ros2_ws/build/childcomms/build/lib/childcomms
[7.667s] copying childcomms/__init__.py -> /home/mine/Desktop/mineswarm-parent/ros2_ws/build/childcomms/build/lib/childcomms
[7.675s] running install
[7.680s] running install_lib
[7.690s] creating /home/mine/Desktop/mineswarm-parent/ros2_ws/install/childcomms/lib/python3.10/site-packages/childcomms
[7.691s] copying /home/mine/Desktop/mineswarm-parent/ros2_ws/build/childcomms/build/lib/childcomms/childcomms1.py -> /home/mine/Desktop/mineswarm-parent/ros2_ws/install/childcomms/lib/python3.10/site-packages/childcomms
[7.693s] copying /home/mine/Desktop/mineswarm-parent/ros2_ws/build/childcomms/build/lib/childcomms/childcomms2.py -> /home/mine/Desktop/mineswarm-parent/ros2_ws/install/childcomms/lib/python3.10/site-packages/childcomms
[7.695s] copying /home/mine/Desktop/mineswarm-parent/ros2_ws/build/childcomms/build/lib/childcomms/__init__.py -> /home/mine/Desktop/mineswarm-parent/ros2_ws/install/childcomms/lib/python3.10/site-packages/childcomms
[7.695s] byte-compiling /home/mine/Desktop/mineswarm-parent/ros2_ws/install/childcomms/lib/python3.10/site-packages/childcomms/childcomms1.py to childcomms1.cpython-310.pyc
[7.696s] Sorry: IndentationError: unexpected indent (childcomms1.py, line 46)
[7.702s] byte-compiling /home/mine/Desktop/mineswarm-parent/ros2_ws/install/childcomms/lib/python3.10/site-packages/childcomms/childcomms2.py to childcomms2.cpython-310.pyc
[7.703s] byte-compiling /home/mine/Desktop/mineswarm-parent/ros2_ws/install/childcomms/lib/python3.10/site-packages/childcomms/__init__.py to __init__.cpython-310.pyc
[7.704s] running install_data
[7.705s] creating /home/mine/Desktop/mineswarm-parent/ros2_ws/install/childcomms/share/ament_index
[7.705s] creating /home/mine/Desktop/mineswarm-parent/ros2_ws/install/childcomms/share/ament_index/resource_index
[7.713s] creating /home/mine/Desktop/mineswarm-parent/ros2_ws/install/childcomms/share/ament_index/resource_index/packages
[7.714s] copying resource/childcomms -> /home/mine/Desktop/mineswarm-parent/ros2_ws/install/childcomms/share/ament_index/resource_index/packages
[7.714s] copying package.xml -> /home/mine/Desktop/mineswarm-parent/ros2_ws/install/childcomms/share/childcomms
[7.715s] running install_egg_info
[7.717s] Copying ../../build/childcomms/childcomms.egg-info to /home/mine/Desktop/mineswarm-parent/ros2_ws/install/childcomms/lib/python3.10/site-packages/childcomms-0.0.0-py3.10.egg-info
[7.721s] running install_scripts
[7.834s] Installing childcomms1 script to /home/mine/Desktop/mineswarm-parent/ros2_ws/install/childcomms/lib/childcomms
[7.836s] Installing childcomms2 script to /home/mine/Desktop/mineswarm-parent/ros2_ws/install/childcomms/lib/childcomms
[7.839s] writing list of installed files to '/home/mine/Desktop/mineswarm-parent/ros2_ws/build/childcomms/install.log'
[8.113s] Invoked command in '/home/mine/Desktop/mineswarm-parent/ros2_ws/src/childcomms' returned '0': PYTHONPATH=/home/mine/Desktop/mineswarm-parent/ros2_ws/build/childcomms/prefix_override:/home/mine/Desktop/mineswarm-parent/ros2_ws/install/childcomms/lib/python3.10/site-packages:${PYTHONPATH} /usr/bin/python3 -W ignore:setup.py install is deprecated setup.py egg_info --egg-base ../../build/childcomms build --build-base /home/mine/Desktop/mineswarm-parent/ros2_ws/build/childcomms/build install --record /home/mine/Desktop/mineswarm-parent/ros2_ws/build/childcomms/install.log --single-version-externally-managed install_data
