[2.976s] Invoking command in '/home/robot/Desktop/ros2_ws/src/childcomms': PYTHONPATH=/home/robot/Desktop/ros2_ws/build/childcomms/prefix_override:/home/robot/Desktop/ros2_ws/install/childcomms/lib/python3.10/site-packages:${PYTHONPATH} /usr/bin/python3 -W ignore:setup.py install is deprecated setup.py egg_info --egg-base ../../build/childcomms build --build-base /home/robot/Desktop/ros2_ws/build/childcomms/build install --record /home/robot/Desktop/ros2_ws/build/childcomms/install.log --single-version-externally-managed install_data
[4.102s] running egg_info
[4.105s] creating ../../build/childcomms/childcomms.egg-info
[4.106s] writing ../../build/childcomms/childcomms.egg-info/PKG-INFO
[4.107s] writing dependency_links to ../../build/childcomms/childcomms.egg-info/dependency_links.txt
[4.108s] writing entry points to ../../build/childcomms/childcomms.egg-info/entry_points.txt
[4.108s] writing requirements to ../../build/childcomms/childcomms.egg-info/requires.txt
[4.109s] writing top-level names to ../../build/childcomms/childcomms.egg-info/top_level.txt
[4.110s] writing manifest file '../../build/childcomms/childcomms.egg-info/SOURCES.txt'
[4.117s] reading manifest file '../../build/childcomms/childcomms.egg-info/SOURCES.txt'
[4.117s] adding license file 'LICENSE'
[4.120s] writing manifest file '../../build/childcomms/childcomms.egg-info/SOURCES.txt'
[4.120s] running build
[4.121s] running build_py
[4.121s] creating /home/robot/Desktop/ros2_ws/build/childcomms/build
[4.122s] creating /home/robot/Desktop/ros2_ws/build/childcomms/build/lib
[4.122s] creating /home/robot/Desktop/ros2_ws/build/childcomms/build/lib/childcomms
[4.123s] copying childcomms/childcomms1.py -> /home/robot/Desktop/ros2_ws/build/childcomms/build/lib/childcomms
[4.123s] copying childcomms/childcomms2.py -> /home/robot/Desktop/ros2_ws/build/childcomms/build/lib/childcomms
[4.124s] copying childcomms/__init__.py -> /home/robot/Desktop/ros2_ws/build/childcomms/build/lib/childcomms
[4.125s] running install
[4.126s] running install_lib
[4.129s] creating /home/robot/Desktop/ros2_ws/install/childcomms/lib/python3.10/site-packages/childcomms
[4.130s] copying /home/robot/Desktop/ros2_ws/build/childcomms/build/lib/childcomms/childcomms1.py -> /home/robot/Desktop/ros2_ws/install/childcomms/lib/python3.10/site-packages/childcomms
[4.133s] copying /home/robot/Desktop/ros2_ws/build/childcomms/build/lib/childcomms/childcomms2.py -> /home/robot/Desktop/ros2_ws/install/childcomms/lib/python3.10/site-packages/childcomms
[4.134s] copying /home/robot/Desktop/ros2_ws/build/childcomms/build/lib/childcomms/__init__.py -> /home/robot/Desktop/ros2_ws/install/childcomms/lib/python3.10/site-packages/childcomms
[4.136s] byte-compiling /home/robot/Desktop/ros2_ws/install/childcomms/lib/python3.10/site-packages/childcomms/childcomms1.py to childcomms1.cpython-310.pyc
[4.140s] byte-compiling /home/robot/Desktop/ros2_ws/install/childcomms/lib/python3.10/site-packages/childcomms/childcomms2.py to childcomms2.cpython-310.pyc
[4.143s] byte-compiling /home/robot/Desktop/ros2_ws/install/childcomms/lib/python3.10/site-packages/childcomms/__init__.py to __init__.cpython-310.pyc
[4.144s] running install_data
[4.144s] creating /home/robot/Desktop/ros2_ws/install/childcomms/share/ament_index
[4.145s] creating /home/robot/Desktop/ros2_ws/install/childcomms/share/ament_index/resource_index
[4.146s] creating /home/robot/Desktop/ros2_ws/install/childcomms/share/ament_index/resource_index/packages
[4.147s] copying resource/childcomms -> /home/robot/Desktop/ros2_ws/install/childcomms/share/ament_index/resource_index/packages
[4.147s] copying package.xml -> /home/robot/Desktop/ros2_ws/install/childcomms/share/childcomms
[4.148s] running install_egg_info
[4.155s] Copying ../../build/childcomms/childcomms.egg-info to /home/robot/Desktop/ros2_ws/install/childcomms/lib/python3.10/site-packages/childcomms-0.0.0-py3.10.egg-info
[4.164s] running install_scripts
[4.257s] Installing childcomms1 script to /home/robot/Desktop/ros2_ws/install/childcomms/lib/childcomms
[4.258s] Installing childcomms2 script to /home/robot/Desktop/ros2_ws/install/childcomms/lib/childcomms
[4.260s] writing list of installed files to '/home/robot/Desktop/ros2_ws/build/childcomms/install.log'
[4.403s] Invoked command in '/home/robot/Desktop/ros2_ws/src/childcomms' returned '0': PYTHONPATH=/home/robot/Desktop/ros2_ws/build/childcomms/prefix_override:/home/robot/Desktop/ros2_ws/install/childcomms/lib/python3.10/site-packages:${PYTHONPATH} /usr/bin/python3 -W ignore:setup.py install is deprecated setup.py egg_info --egg-base ../../build/childcomms build --build-base /home/robot/Desktop/ros2_ws/build/childcomms/build install --record /home/robot/Desktop/ros2_ws/build/childcomms/install.log --single-version-externally-managed install_data
