[2.968s] Invoking command in '/home/robot/Desktop/ros2_ws/src/childcomms': PYTHONPATH=/home/robot/Desktop/ros2_ws/build/childcomms/prefix_override:/home/robot/Desktop/ros2_ws/install/childcomms/lib/python3.10/site-packages:${PYTHONPATH} /usr/bin/python3 -W ignore:setup.py install is deprecated setup.py egg_info --egg-base ../../build/childcomms build --build-base /home/robot/Desktop/ros2_ws/build/childcomms/build install --record /home/robot/Desktop/ros2_ws/build/childcomms/install.log --single-version-externally-managed install_data
[4.109s] running egg_info
[4.112s] writing ../../build/childcomms/childcomms.egg-info/PKG-INFO
[4.114s] writing dependency_links to ../../build/childcomms/childcomms.egg-info/dependency_links.txt
[4.115s] writing entry points to ../../build/childcomms/childcomms.egg-info/entry_points.txt
[4.115s] writing requirements to ../../build/childcomms/childcomms.egg-info/requires.txt
[4.116s] writing top-level names to ../../build/childcomms/childcomms.egg-info/top_level.txt
[4.125s] reading manifest file '../../build/childcomms/childcomms.egg-info/SOURCES.txt'
[4.126s] adding license file 'LICENSE'
[4.129s] writing manifest file '../../build/childcomms/childcomms.egg-info/SOURCES.txt'
[4.129s] running build
[4.130s] running build_py
[4.130s] copying childcomms/childcomms2.py -> /home/robot/Desktop/ros2_ws/build/childcomms/build/lib/childcomms
[4.132s] running install
[4.133s] running install_lib
[4.137s] copying /home/robot/Desktop/ros2_ws/build/childcomms/build/lib/childcomms/childcomms2.py -> /home/robot/Desktop/ros2_ws/install/childcomms/lib/python3.10/site-packages/childcomms
[4.140s] byte-compiling /home/robot/Desktop/ros2_ws/install/childcomms/lib/python3.10/site-packages/childcomms/childcomms2.py to childcomms2.cpython-310.pyc
[4.145s] running install_data
[4.145s] running install_egg_info
[4.154s] removing '/home/robot/Desktop/ros2_ws/install/childcomms/lib/python3.10/site-packages/childcomms-0.0.0-py3.10.egg-info' (and everything under it)
[4.157s] Copying ../../build/childcomms/childcomms.egg-info to /home/robot/Desktop/ros2_ws/install/childcomms/lib/python3.10/site-packages/childcomms-0.0.0-py3.10.egg-info
[4.165s] running install_scripts
[4.260s] Installing childcomms1 script to /home/robot/Desktop/ros2_ws/install/childcomms/lib/childcomms
[4.261s] Installing childcomms2 script to /home/robot/Desktop/ros2_ws/install/childcomms/lib/childcomms
[4.264s] writing list of installed files to '/home/robot/Desktop/ros2_ws/build/childcomms/install.log'
[4.412s] Invoked command in '/home/robot/Desktop/ros2_ws/src/childcomms' returned '0': PYTHONPATH=/home/robot/Desktop/ros2_ws/build/childcomms/prefix_override:/home/robot/Desktop/ros2_ws/install/childcomms/lib/python3.10/site-packages:${PYTHONPATH} /usr/bin/python3 -W ignore:setup.py install is deprecated setup.py egg_info --egg-base ../../build/childcomms build --build-base /home/robot/Desktop/ros2_ws/build/childcomms/build install --record /home/robot/Desktop/ros2_ws/build/childcomms/install.log --single-version-externally-managed install_data
