[0.481s] DEBUG:colcon:Command line arguments: ['/usr/bin/colcon', 'build']
[0.481s] DEBUG:colcon:Parsed command line arguments: Namespace(log_base=None, log_level=None, verb_name='build', build_base='build', install_base='install', merge_install=False, symlink_install=False, test_result_base=None, continue_on_error=False, executor='parallel', parallel_workers=4, event_handlers=None, ignore_user_meta=False, metas=['./colcon.meta'], base_paths=['.'], packages_ignore=None, packages_ignore_regex=None, paths=None, packages_up_to=None, packages_up_to_regex=None, packages_above=None, packages_above_and_dependencies=None, packages_above_depth=None, packages_select_by_dep=None, packages_skip_by_dep=None, packages_skip_up_to=None, packages_select_build_failed=False, packages_skip_build_finished=False, packages_select_test_failures=False, packages_skip_test_passed=False, packages_select=None, packages_skip=None, packages_select_regex=None, packages_skip_regex=None, packages_start=None, packages_end=None, allow_overriding=[], cmake_args=None, cmake_target=None, cmake_target_skip_unavailable=False, cmake_clean_cache=False, cmake_clean_first=False, cmake_force_configure=False, ament_cmake_args=None, catkin_cmake_args=None, catkin_skip_building_tests=False, verb_parser=<colcon_defaults.argument_parser.defaults.DefaultArgumentsDecorator object at 0xffffb8c88eb0>, verb_extension=<colcon_core.verb.build.BuildVerb object at 0xffffb8d85ab0>, main=<bound method BuildVerb.main of <colcon_core.verb.build.BuildVerb object at 0xffffb8d85ab0>>)
[1.506s] Level 1:colcon.colcon_core.package_discovery:discover_packages(colcon_meta) check parameters
[1.507s] Level 1:colcon.colcon_core.package_discovery:discover_packages(recursive) check parameters
[1.507s] Level 1:colcon.colcon_core.package_discovery:discover_packages(ignore) check parameters
[1.507s] Level 1:colcon.colcon_core.package_discovery:discover_packages(path) check parameters
[1.507s] Level 1:colcon.colcon_core.package_discovery:discover_packages(colcon_meta) discover
[1.507s] Level 1:colcon.colcon_core.package_discovery:discover_packages(recursive) discover
[1.508s] INFO:colcon.colcon_core.package_discovery:Crawling recursively for packages in '/home/mine/Desktop/ros2_ws'
[1.508s] Level 1:colcon.colcon_core.package_identification:_identify(.) by extensions ['ignore', 'ignore_ament_install']
[1.509s] Level 1:colcon.colcon_core.package_identification:_identify(.) by extension 'ignore'
[1.509s] Level 1:colcon.colcon_core.package_identification:_identify(.) by extension 'ignore_ament_install'
[1.509s] Level 1:colcon.colcon_core.package_identification:_identify(.) by extensions ['colcon_pkg']
[1.509s] Level 1:colcon.colcon_core.package_identification:_identify(.) by extension 'colcon_pkg'
[1.509s] Level 1:colcon.colcon_core.package_identification:_identify(.) by extensions ['colcon_meta']
[1.510s] Level 1:colcon.colcon_core.package_identification:_identify(.) by extension 'colcon_meta'
[1.510s] Level 1:colcon.colcon_core.package_identification:_identify(.) by extensions ['ros']
[1.510s] Level 1:colcon.colcon_core.package_identification:_identify(.) by extension 'ros'
[1.561s] Level 1:colcon.colcon_core.package_identification:_identify(.) by extensions ['cmake', 'python']
[1.562s] Level 1:colcon.colcon_core.package_identification:_identify(.) by extension 'cmake'
[1.562s] Level 1:colcon.colcon_core.package_identification:_identify(.) by extension 'python'
[1.563s] Level 1:colcon.colcon_core.package_identification:_identify(.) by extensions ['python_setup_py']
[1.563s] Level 1:colcon.colcon_core.package_identification:_identify(.) by extension 'python_setup_py'
[1.564s] Level 1:colcon.colcon_core.package_identification:_identify(build) by extensions ['ignore', 'ignore_ament_install']
[1.564s] Level 1:colcon.colcon_core.package_identification:_identify(build) by extension 'ignore'
[1.564s] Level 1:colcon.colcon_core.package_identification:_identify(build) ignored
[1.565s] Level 1:colcon.colcon_core.package_identification:_identify(install) by extensions ['ignore', 'ignore_ament_install']
[1.565s] Level 1:colcon.colcon_core.package_identification:_identify(install) by extension 'ignore'
[1.566s] Level 1:colcon.colcon_core.package_identification:_identify(install) ignored
[1.566s] Level 1:colcon.colcon_core.package_identification:_identify(log) by extensions ['ignore', 'ignore_ament_install']
[1.566s] Level 1:colcon.colcon_core.package_identification:_identify(log) by extension 'ignore'
[1.567s] Level 1:colcon.colcon_core.package_identification:_identify(log) ignored
[1.567s] Level 1:colcon.colcon_core.package_identification:_identify(src) by extensions ['ignore', 'ignore_ament_install']
[1.567s] Level 1:colcon.colcon_core.package_identification:_identify(src) by extension 'ignore'
[1.568s] Level 1:colcon.colcon_core.package_identification:_identify(src) by extension 'ignore_ament_install'
[1.568s] Level 1:colcon.colcon_core.package_identification:_identify(src) by extensions ['colcon_pkg']
[1.568s] Level 1:colcon.colcon_core.package_identification:_identify(src) by extension 'colcon_pkg'
[1.568s] Level 1:colcon.colcon_core.package_identification:_identify(src) by extensions ['colcon_meta']
[1.568s] Level 1:colcon.colcon_core.package_identification:_identify(src) by extension 'colcon_meta'
[1.568s] Level 1:colcon.colcon_core.package_identification:_identify(src) by extensions ['ros']
[1.568s] Level 1:colcon.colcon_core.package_identification:_identify(src) by extension 'ros'
[1.569s] Level 1:colcon.colcon_core.package_identification:_identify(src) by extensions ['cmake', 'python']
[1.569s] Level 1:colcon.colcon_core.package_identification:_identify(src) by extension 'cmake'
[1.569s] Level 1:colcon.colcon_core.package_identification:_identify(src) by extension 'python'
[1.569s] Level 1:colcon.colcon_core.package_identification:_identify(src) by extensions ['python_setup_py']
[1.569s] Level 1:colcon.colcon_core.package_identification:_identify(src) by extension 'python_setup_py'
[1.570s] Level 1:colcon.colcon_core.package_identification:_identify(src/sllidar_ros2) by extensions ['ignore', 'ignore_ament_install']
[1.571s] Level 1:colcon.colcon_core.package_identification:_identify(src/sllidar_ros2) by extension 'ignore'
[1.571s] Level 1:colcon.colcon_core.package_identification:_identify(src/sllidar_ros2) by extension 'ignore_ament_install'
[1.571s] Level 1:colcon.colcon_core.package_identification:_identify(src/sllidar_ros2) by extensions ['colcon_pkg']
[1.571s] Level 1:colcon.colcon_core.package_identification:_identify(src/sllidar_ros2) by extension 'colcon_pkg'
[1.571s] Level 1:colcon.colcon_core.package_identification:_identify(src/sllidar_ros2) by extensions ['colcon_meta']
[1.571s] Level 1:colcon.colcon_core.package_identification:_identify(src/sllidar_ros2) by extension 'colcon_meta'
[1.572s] Level 1:colcon.colcon_core.package_identification:_identify(src/sllidar_ros2) by extensions ['ros']
[1.572s] Level 1:colcon.colcon_core.package_identification:_identify(src/sllidar_ros2) by extension 'ros'
[1.581s] DEBUG:colcon.colcon_core.package_identification:Package 'src/sllidar_ros2' with type 'ros.ament_cmake' and name 'sllidar_ros2'
[1.582s] Level 1:colcon.colcon_core.package_identification:_identify(src/ugv02_cartographer) by extensions ['ignore', 'ignore_ament_install']
[1.583s] Level 1:colcon.colcon_core.package_identification:_identify(src/ugv02_cartographer) by extension 'ignore'
[1.583s] Level 1:colcon.colcon_core.package_identification:_identify(src/ugv02_cartographer) by extension 'ignore_ament_install'
[1.583s] Level 1:colcon.colcon_core.package_identification:_identify(src/ugv02_cartographer) by extensions ['colcon_pkg']
[1.583s] Level 1:colcon.colcon_core.package_identification:_identify(src/ugv02_cartographer) by extension 'colcon_pkg'
[1.583s] Level 1:colcon.colcon_core.package_identification:_identify(src/ugv02_cartographer) by extensions ['colcon_meta']
[1.583s] Level 1:colcon.colcon_core.package_identification:_identify(src/ugv02_cartographer) by extension 'colcon_meta'
[1.584s] Level 1:colcon.colcon_core.package_identification:_identify(src/ugv02_cartographer) by extensions ['ros']
[1.584s] Level 1:colcon.colcon_core.package_identification:_identify(src/ugv02_cartographer) by extension 'ros'
[1.586s] DEBUG:colcon.colcon_core.package_identification:Package 'src/ugv02_cartographer' with type 'ros.ament_cmake' and name 'ugv02_cartographer'
[1.586s] Level 1:colcon.colcon_core.package_discovery:discover_packages(recursive) using defaults
[1.586s] Level 1:colcon.colcon_core.package_discovery:discover_packages(ignore) discover
[1.586s] Level 1:colcon.colcon_core.package_discovery:discover_packages(ignore) using defaults
[1.587s] Level 1:colcon.colcon_core.package_discovery:discover_packages(path) discover
[1.587s] Level 1:colcon.colcon_core.package_discovery:discover_packages(path) using defaults
[1.668s] Level 1:colcon.colcon_core.package_discovery:discover_packages(prefix_path) check parameters
[1.668s] Level 1:colcon.colcon_core.package_discovery:discover_packages(prefix_path) discover
[1.683s] DEBUG:colcon.colcon_installed_package_information.package_discovery:Found 2 installed packages in /home/mine/Desktop/ros2_ws/install
[1.694s] DEBUG:colcon.colcon_installed_package_information.package_discovery:Found 337 installed packages in /opt/ros/humble
[1.742s] Level 1:colcon.colcon_core.package_discovery:discover_packages(prefix_path) using defaults
[1.954s] Level 5:colcon.colcon_core.verb:set package 'sllidar_ros2' build argument 'cmake_args' from command line to 'None'
[1.954s] Level 5:colcon.colcon_core.verb:set package 'sllidar_ros2' build argument 'cmake_target' from command line to 'None'
[1.954s] Level 5:colcon.colcon_core.verb:set package 'sllidar_ros2' build argument 'cmake_target_skip_unavailable' from command line to 'False'
[1.954s] Level 5:colcon.colcon_core.verb:set package 'sllidar_ros2' build argument 'cmake_clean_cache' from command line to 'False'
[1.954s] Level 5:colcon.colcon_core.verb:set package 'sllidar_ros2' build argument 'cmake_clean_first' from command line to 'False'
[1.954s] Level 5:colcon.colcon_core.verb:set package 'sllidar_ros2' build argument 'cmake_force_configure' from command line to 'False'
[1.954s] Level 5:colcon.colcon_core.verb:set package 'sllidar_ros2' build argument 'ament_cmake_args' from command line to 'None'
[1.955s] Level 5:colcon.colcon_core.verb:set package 'sllidar_ros2' build argument 'catkin_cmake_args' from command line to 'None'
[1.955s] Level 5:colcon.colcon_core.verb:set package 'sllidar_ros2' build argument 'catkin_skip_building_tests' from command line to 'False'
[1.955s] DEBUG:colcon.colcon_core.verb:Building package 'sllidar_ros2' with the following arguments: {'ament_cmake_args': None, 'build_base': '/home/mine/Desktop/ros2_ws/build/sllidar_ros2', 'catkin_cmake_args': None, 'catkin_skip_building_tests': False, 'cmake_args': None, 'cmake_clean_cache': False, 'cmake_clean_first': False, 'cmake_force_configure': False, 'cmake_target': None, 'cmake_target_skip_unavailable': False, 'install_base': '/home/mine/Desktop/ros2_ws/install/sllidar_ros2', 'merge_install': False, 'path': '/home/mine/Desktop/ros2_ws/src/sllidar_ros2', 'symlink_install': False, 'test_result_base': None}
[1.956s] Level 5:colcon.colcon_core.verb:set package 'ugv02_cartographer' build argument 'cmake_args' from command line to 'None'
[1.957s] Level 5:colcon.colcon_core.verb:set package 'ugv02_cartographer' build argument 'cmake_target' from command line to 'None'
[1.957s] Level 5:colcon.colcon_core.verb:set package 'ugv02_cartographer' build argument 'cmake_target_skip_unavailable' from command line to 'False'
[1.957s] Level 5:colcon.colcon_core.verb:set package 'ugv02_cartographer' build argument 'cmake_clean_cache' from command line to 'False'
[1.957s] Level 5:colcon.colcon_core.verb:set package 'ugv02_cartographer' build argument 'cmake_clean_first' from command line to 'False'
[1.957s] Level 5:colcon.colcon_core.verb:set package 'ugv02_cartographer' build argument 'cmake_force_configure' from command line to 'False'
[1.957s] Level 5:colcon.colcon_core.verb:set package 'ugv02_cartographer' build argument 'ament_cmake_args' from command line to 'None'
[1.957s] Level 5:colcon.colcon_core.verb:set package 'ugv02_cartographer' build argument 'catkin_cmake_args' from command line to 'None'
[1.957s] Level 5:colcon.colcon_core.verb:set package 'ugv02_cartographer' build argument 'catkin_skip_building_tests' from command line to 'False'
[1.957s] DEBUG:colcon.colcon_core.verb:Building package 'ugv02_cartographer' with the following arguments: {'ament_cmake_args': None, 'build_base': '/home/mine/Desktop/ros2_ws/build/ugv02_cartographer', 'catkin_cmake_args': None, 'catkin_skip_building_tests': False, 'cmake_args': None, 'cmake_clean_cache': False, 'cmake_clean_first': False, 'cmake_force_configure': False, 'cmake_target': None, 'cmake_target_skip_unavailable': False, 'install_base': '/home/mine/Desktop/ros2_ws/install/ugv02_cartographer', 'merge_install': False, 'path': '/home/mine/Desktop/ros2_ws/src/ugv02_cartographer', 'symlink_install': False, 'test_result_base': None}
[1.958s] INFO:colcon.colcon_core.executor:Executing jobs using 'parallel' executor
[1.961s] DEBUG:colcon.colcon_parallel_executor.executor.parallel:run_until_complete
[1.963s] INFO:colcon.colcon_ros.task.ament_cmake.build:Building ROS package in '/home/mine/Desktop/ros2_ws/src/sllidar_ros2' with build type 'ament_cmake'
[1.964s] INFO:colcon.colcon_cmake.task.cmake.build:Building CMake package in '/home/mine/Desktop/ros2_ws/src/sllidar_ros2'
[1.973s] INFO:colcon.colcon_core.plugin_system:Skipping extension 'colcon_core.shell.bat': Not used on non-Windows systems
[1.974s] INFO:colcon.colcon_core.shell:Skip shell extension 'powershell' for command environment: Not usable outside of PowerShell
[1.974s] DEBUG:colcon.colcon_core.shell:Skip shell extension 'dsv' for command environment
[1.999s] INFO:colcon.colcon_ros.task.ament_cmake.build:Building ROS package in '/home/mine/Desktop/ros2_ws/src/ugv02_cartographer' with build type 'ament_cmake'
[2.000s] INFO:colcon.colcon_cmake.task.cmake.build:Building CMake package in '/home/mine/Desktop/ros2_ws/src/ugv02_cartographer'
[2.001s] INFO:colcon.colcon_core.shell:Skip shell extension 'powershell' for command environment: Not usable outside of PowerShell
[2.001s] DEBUG:colcon.colcon_core.shell:Skip shell extension 'dsv' for command environment
[2.044s] DEBUG:colcon.colcon_core.event_handler.log_command:Invoking command in '/home/mine/Desktop/ros2_ws/build/sllidar_ros2': CMAKE_PREFIX_PATH=${CMAKE_PREFIX_PATH}:/opt/ros/humble /usr/bin/cmake --build /home/mine/Desktop/ros2_ws/build/sllidar_ros2 -- -j4 -l4
[2.078s] DEBUG:colcon.colcon_core.event_handler.log_command:Invoking command in '/home/mine/Desktop/ros2_ws/build/ugv02_cartographer': CMAKE_PREFIX_PATH=${CMAKE_PREFIX_PATH}:/opt/ros/humble /usr/bin/cmake --build /home/mine/Desktop/ros2_ws/build/ugv02_cartographer -- -j4 -l4
[2.343s] DEBUG:colcon.colcon_core.event_handler.log_command:Invoked command in '/home/mine/Desktop/ros2_ws/build/ugv02_cartographer' returned '0': CMAKE_PREFIX_PATH=${CMAKE_PREFIX_PATH}:/opt/ros/humble /usr/bin/cmake --build /home/mine/Desktop/ros2_ws/build/ugv02_cartographer -- -j4 -l4
[2.591s] DEBUG:colcon.colcon_core.event_handler.log_command:Invoking command in '/home/mine/Desktop/ros2_ws/build/ugv02_cartographer': CMAKE_PREFIX_PATH=${CMAKE_PREFIX_PATH}:/opt/ros/humble /usr/bin/cmake --install /home/mine/Desktop/ros2_ws/build/ugv02_cartographer
[2.621s] DEBUG:colcon.colcon_core.event_handler.log_command:Invoked command in '/home/mine/Desktop/ros2_ws/build/sllidar_ros2' returned '0': CMAKE_PREFIX_PATH=${CMAKE_PREFIX_PATH}:/opt/ros/humble /usr/bin/cmake --build /home/mine/Desktop/ros2_ws/build/sllidar_ros2 -- -j4 -l4
[2.664s] Level 1:colcon.colcon_core.environment:create_environment_scripts_only(ugv02_cartographer)
[2.715s] Level 1:colcon.colcon_core.environment:checking '/home/mine/Desktop/ros2_ws/install/ugv02_cartographer' for CMake module files
[2.730s] Level 1:colcon.colcon_core.environment:checking '/home/mine/Desktop/ros2_ws/install/ugv02_cartographer' for CMake config files
[2.733s] Level 1:colcon.colcon_core.shell:create_environment_hook('ugv02_cartographer', 'cmake_prefix_path')
[2.734s] INFO:colcon.colcon_core.shell:Creating environment hook '/home/mine/Desktop/ros2_ws/install/ugv02_cartographer/share/ugv02_cartographer/hook/cmake_prefix_path.ps1'
[2.754s] INFO:colcon.colcon_core.shell:Creating environment descriptor '/home/mine/Desktop/ros2_ws/install/ugv02_cartographer/share/ugv02_cartographer/hook/cmake_prefix_path.dsv'
[2.766s] DEBUG:colcon.colcon_core.event_handler.log_command:Invoked command in '/home/mine/Desktop/ros2_ws/build/ugv02_cartographer' returned '0': CMAKE_PREFIX_PATH=${CMAKE_PREFIX_PATH}:/opt/ros/humble /usr/bin/cmake --install /home/mine/Desktop/ros2_ws/build/ugv02_cartographer
[2.769s] INFO:colcon.colcon_core.shell:Creating environment hook '/home/mine/Desktop/ros2_ws/install/ugv02_cartographer/share/ugv02_cartographer/hook/cmake_prefix_path.sh'
[2.789s] Level 1:colcon.colcon_core.environment:checking '/home/mine/Desktop/ros2_ws/install/ugv02_cartographer/bin'
[2.792s] Level 1:colcon.colcon_core.environment:checking '/home/mine/Desktop/ros2_ws/install/ugv02_cartographer/lib/pkgconfig/ugv02_cartographer.pc'
[2.794s] Level 1:colcon.colcon_core.environment:checking '/home/mine/Desktop/ros2_ws/install/ugv02_cartographer/lib/python3.10/site-packages'
[2.796s] Level 1:colcon.colcon_core.environment:checking '/home/mine/Desktop/ros2_ws/install/ugv02_cartographer/bin'
[2.799s] INFO:colcon.colcon_core.shell:Creating package script '/home/mine/Desktop/ros2_ws/install/ugv02_cartographer/share/ugv02_cartographer/package.ps1'
[2.805s] INFO:colcon.colcon_core.shell:Creating package descriptor '/home/mine/Desktop/ros2_ws/install/ugv02_cartographer/share/ugv02_cartographer/package.dsv'
[2.812s] INFO:colcon.colcon_core.shell:Creating package script '/home/mine/Desktop/ros2_ws/install/ugv02_cartographer/share/ugv02_cartographer/package.sh'
[2.826s] INFO:colcon.colcon_core.shell:Creating package script '/home/mine/Desktop/ros2_ws/install/ugv02_cartographer/share/ugv02_cartographer/package.bash'
[2.833s] INFO:colcon.colcon_core.shell:Creating package script '/home/mine/Desktop/ros2_ws/install/ugv02_cartographer/share/ugv02_cartographer/package.zsh'
[2.840s] Level 1:colcon.colcon_core.environment:create_file_with_runtime_dependencies(/home/mine/Desktop/ros2_ws/install/ugv02_cartographer/share/colcon-core/packages/ugv02_cartographer)
[3.027s] Level 1:colcon.colcon_core.environment:create_environment_scripts_only(ugv02_cartographer)
[3.029s] Level 1:colcon.colcon_core.environment:checking '/home/mine/Desktop/ros2_ws/install/ugv02_cartographer' for CMake module files
[3.033s] Level 1:colcon.colcon_core.environment:checking '/home/mine/Desktop/ros2_ws/install/ugv02_cartographer' for CMake config files
[3.037s] Level 1:colcon.colcon_core.shell:create_environment_hook('ugv02_cartographer', 'cmake_prefix_path')
[3.038s] INFO:colcon.colcon_core.shell:Creating environment hook '/home/mine/Desktop/ros2_ws/install/ugv02_cartographer/share/ugv02_cartographer/hook/cmake_prefix_path.ps1'
[3.043s] INFO:colcon.colcon_core.shell:Creating environment descriptor '/home/mine/Desktop/ros2_ws/install/ugv02_cartographer/share/ugv02_cartographer/hook/cmake_prefix_path.dsv'
[3.048s] INFO:colcon.colcon_core.shell:Creating environment hook '/home/mine/Desktop/ros2_ws/install/ugv02_cartographer/share/ugv02_cartographer/hook/cmake_prefix_path.sh'
[3.058s] Level 1:colcon.colcon_core.environment:checking '/home/mine/Desktop/ros2_ws/install/ugv02_cartographer/bin'
[3.059s] Level 1:colcon.colcon_core.environment:checking '/home/mine/Desktop/ros2_ws/install/ugv02_cartographer/lib/pkgconfig/ugv02_cartographer.pc'
[3.061s] Level 1:colcon.colcon_core.environment:checking '/home/mine/Desktop/ros2_ws/install/ugv02_cartographer/lib/python3.10/site-packages'
[3.067s] Level 1:colcon.colcon_core.environment:checking '/home/mine/Desktop/ros2_ws/install/ugv02_cartographer/bin'
[3.069s] INFO:colcon.colcon_core.shell:Creating package script '/home/mine/Desktop/ros2_ws/install/ugv02_cartographer/share/ugv02_cartographer/package.ps1'
[3.080s] INFO:colcon.colcon_core.shell:Creating package descriptor '/home/mine/Desktop/ros2_ws/install/ugv02_cartographer/share/ugv02_cartographer/package.dsv'
[3.083s] INFO:colcon.colcon_core.shell:Creating package script '/home/mine/Desktop/ros2_ws/install/ugv02_cartographer/share/ugv02_cartographer/package.sh'
[3.086s] INFO:colcon.colcon_core.shell:Creating package script '/home/mine/Desktop/ros2_ws/install/ugv02_cartographer/share/ugv02_cartographer/package.bash'
[3.091s] INFO:colcon.colcon_core.shell:Creating package script '/home/mine/Desktop/ros2_ws/install/ugv02_cartographer/share/ugv02_cartographer/package.zsh'
[3.094s] Level 1:colcon.colcon_core.environment:create_file_with_runtime_dependencies(/home/mine/Desktop/ros2_ws/install/ugv02_cartographer/share/colcon-core/packages/ugv02_cartographer)
[3.220s] DEBUG:colcon.colcon_core.event_handler.log_command:Invoking command in '/home/mine/Desktop/ros2_ws/build/sllidar_ros2': CMAKE_PREFIX_PATH=${CMAKE_PREFIX_PATH}:/opt/ros/humble /usr/bin/cmake --install /home/mine/Desktop/ros2_ws/build/sllidar_ros2
[3.390s] Level 1:colcon.colcon_core.environment:create_environment_scripts_only(sllidar_ros2)
[3.391s] Level 1:colcon.colcon_core.environment:checking '/home/mine/Desktop/ros2_ws/install/sllidar_ros2' for CMake module files
[3.393s] DEBUG:colcon.colcon_core.event_handler.log_command:Invoked command in '/home/mine/Desktop/ros2_ws/build/sllidar_ros2' returned '0': CMAKE_PREFIX_PATH=${CMAKE_PREFIX_PATH}:/opt/ros/humble /usr/bin/cmake --install /home/mine/Desktop/ros2_ws/build/sllidar_ros2
[3.396s] Level 1:colcon.colcon_core.environment:checking '/home/mine/Desktop/ros2_ws/install/sllidar_ros2' for CMake config files
[3.399s] Level 1:colcon.colcon_core.shell:create_environment_hook('sllidar_ros2', 'cmake_prefix_path')
[3.400s] INFO:colcon.colcon_core.shell:Creating environment hook '/home/mine/Desktop/ros2_ws/install/sllidar_ros2/share/sllidar_ros2/hook/cmake_prefix_path.ps1'
[3.403s] INFO:colcon.colcon_core.shell:Creating environment descriptor '/home/mine/Desktop/ros2_ws/install/sllidar_ros2/share/sllidar_ros2/hook/cmake_prefix_path.dsv'
[3.406s] INFO:colcon.colcon_core.shell:Creating environment hook '/home/mine/Desktop/ros2_ws/install/sllidar_ros2/share/sllidar_ros2/hook/cmake_prefix_path.sh'
[3.409s] Level 1:colcon.colcon_core.environment:checking '/home/mine/Desktop/ros2_ws/install/sllidar_ros2/lib'
[3.410s] Level 1:colcon.colcon_core.environment:checking '/home/mine/Desktop/ros2_ws/install/sllidar_ros2/bin'
[3.410s] Level 1:colcon.colcon_core.environment:checking '/home/mine/Desktop/ros2_ws/install/sllidar_ros2/lib/pkgconfig/sllidar_ros2.pc'
[3.411s] Level 1:colcon.colcon_core.environment:checking '/home/mine/Desktop/ros2_ws/install/sllidar_ros2/lib/python3.10/site-packages'
[3.412s] Level 1:colcon.colcon_core.environment:checking '/home/mine/Desktop/ros2_ws/install/sllidar_ros2/bin'
[3.413s] INFO:colcon.colcon_core.shell:Creating package script '/home/mine/Desktop/ros2_ws/install/sllidar_ros2/share/sllidar_ros2/package.ps1'
[3.416s] INFO:colcon.colcon_core.shell:Creating package descriptor '/home/mine/Desktop/ros2_ws/install/sllidar_ros2/share/sllidar_ros2/package.dsv'
[3.418s] INFO:colcon.colcon_core.shell:Creating package script '/home/mine/Desktop/ros2_ws/install/sllidar_ros2/share/sllidar_ros2/package.sh'
[3.422s] INFO:colcon.colcon_core.shell:Creating package script '/home/mine/Desktop/ros2_ws/install/sllidar_ros2/share/sllidar_ros2/package.bash'
[3.426s] INFO:colcon.colcon_core.shell:Creating package script '/home/mine/Desktop/ros2_ws/install/sllidar_ros2/share/sllidar_ros2/package.zsh'
[3.429s] Level 1:colcon.colcon_core.environment:create_file_with_runtime_dependencies(/home/mine/Desktop/ros2_ws/install/sllidar_ros2/share/colcon-core/packages/sllidar_ros2)
[3.841s] Level 1:colcon.colcon_core.environment:create_environment_scripts_only(sllidar_ros2)
[3.842s] Level 1:colcon.colcon_core.environment:checking '/home/mine/Desktop/ros2_ws/install/sllidar_ros2' for CMake module files
[3.845s] Level 1:colcon.colcon_core.environment:checking '/home/mine/Desktop/ros2_ws/install/sllidar_ros2' for CMake config files
[3.846s] Level 1:colcon.colcon_core.shell:create_environment_hook('sllidar_ros2', 'cmake_prefix_path')
[3.848s] INFO:colcon.colcon_core.shell:Creating environment hook '/home/mine/Desktop/ros2_ws/install/sllidar_ros2/share/sllidar_ros2/hook/cmake_prefix_path.ps1'
[3.851s] INFO:colcon.colcon_core.shell:Creating environment descriptor '/home/mine/Desktop/ros2_ws/install/sllidar_ros2/share/sllidar_ros2/hook/cmake_prefix_path.dsv'
[3.853s] INFO:colcon.colcon_core.shell:Creating environment hook '/home/mine/Desktop/ros2_ws/install/sllidar_ros2/share/sllidar_ros2/hook/cmake_prefix_path.sh'
[3.856s] Level 1:colcon.colcon_core.environment:checking '/home/mine/Desktop/ros2_ws/install/sllidar_ros2/lib'
[3.856s] Level 1:colcon.colcon_core.environment:checking '/home/mine/Desktop/ros2_ws/install/sllidar_ros2/bin'
[3.857s] Level 1:colcon.colcon_core.environment:checking '/home/mine/Desktop/ros2_ws/install/sllidar_ros2/lib/pkgconfig/sllidar_ros2.pc'
[3.858s] Level 1:colcon.colcon_core.environment:checking '/home/mine/Desktop/ros2_ws/install/sllidar_ros2/lib/python3.10/site-packages'
[3.859s] Level 1:colcon.colcon_core.environment:checking '/home/mine/Desktop/ros2_ws/install/sllidar_ros2/bin'
[3.860s] INFO:colcon.colcon_core.shell:Creating package script '/home/mine/Desktop/ros2_ws/install/sllidar_ros2/share/sllidar_ros2/package.ps1'
[3.863s] INFO:colcon.colcon_core.shell:Creating package descriptor '/home/mine/Desktop/ros2_ws/install/sllidar_ros2/share/sllidar_ros2/package.dsv'
[3.866s] INFO:colcon.colcon_core.shell:Creating package script '/home/mine/Desktop/ros2_ws/install/sllidar_ros2/share/sllidar_ros2/package.sh'
[3.868s] INFO:colcon.colcon_core.shell:Creating package script '/home/mine/Desktop/ros2_ws/install/sllidar_ros2/share/sllidar_ros2/package.bash'
[3.870s] INFO:colcon.colcon_core.shell:Creating package script '/home/mine/Desktop/ros2_ws/install/sllidar_ros2/share/sllidar_ros2/package.zsh'
[3.872s] Level 1:colcon.colcon_core.environment:create_file_with_runtime_dependencies(/home/mine/Desktop/ros2_ws/install/sllidar_ros2/share/colcon-core/packages/sllidar_ros2)
[3.874s] DEBUG:colcon.colcon_parallel_executor.executor.parallel:closing loop
[3.875s] DEBUG:colcon.colcon_parallel_executor.executor.parallel:loop closed
[3.875s] DEBUG:colcon.colcon_parallel_executor.executor.parallel:run_until_complete finished with '0'
[3.875s] DEBUG:colcon.colcon_core.event_reactor:joining thread
[3.905s] INFO:colcon.colcon_core.plugin_system:Skipping extension 'colcon_notification.desktop_notification.terminal_notifier': Not used on non-Darwin systems
[3.905s] INFO:colcon.colcon_core.plugin_system:Skipping extension 'colcon_notification.desktop_notification.win32': Not used on non-Windows systems
[3.906s] INFO:colcon.colcon_notification.desktop_notification:Sending desktop notification using 'notify2'
[3.967s] DEBUG:colcon.colcon_core.event_reactor:joined thread
[3.968s] INFO:colcon.colcon_core.shell:Creating prefix script '/home/mine/Desktop/ros2_ws/install/local_setup.ps1'
[3.973s] INFO:colcon.colcon_core.shell:Creating prefix util module '/home/mine/Desktop/ros2_ws/install/_local_setup_util_ps1.py'
[3.982s] INFO:colcon.colcon_core.shell:Creating prefix chain script '/home/mine/Desktop/ros2_ws/install/setup.ps1'
[3.991s] INFO:colcon.colcon_core.shell:Creating prefix script '/home/mine/Desktop/ros2_ws/install/local_setup.sh'
[3.995s] INFO:colcon.colcon_core.shell:Creating prefix util module '/home/mine/Desktop/ros2_ws/install/_local_setup_util_sh.py'
[3.999s] INFO:colcon.colcon_core.shell:Creating prefix chain script '/home/mine/Desktop/ros2_ws/install/setup.sh'
[4.006s] INFO:colcon.colcon_core.shell:Creating prefix script '/home/mine/Desktop/ros2_ws/install/local_setup.bash'
[4.020s] INFO:colcon.colcon_core.shell:Creating prefix chain script '/home/mine/Desktop/ros2_ws/install/setup.bash'
[4.027s] INFO:colcon.colcon_core.shell:Creating prefix script '/home/mine/Desktop/ros2_ws/install/local_setup.zsh'
[4.030s] INFO:colcon.colcon_core.shell:Creating prefix chain script '/home/mine/Desktop/ros2_ws/install/setup.zsh'
