[0.618s] DEBUG:colcon:Command line arguments: ['/usr/bin/colcon', 'build']
[0.619s] DEBUG:colcon:Parsed command line arguments: Namespace(log_base=None, log_level=None, verb_name='build', build_base='build', install_base='install', merge_install=False, symlink_install=False, test_result_base=None, continue_on_error=False, executor='parallel', parallel_workers=4, event_handlers=None, ignore_user_meta=False, metas=['./colcon.meta'], base_paths=['.'], packages_ignore=None, packages_ignore_regex=None, paths=None, packages_up_to=None, packages_up_to_regex=None, packages_above=None, packages_above_and_dependencies=None, packages_above_depth=None, packages_select_by_dep=None, packages_skip_by_dep=None, packages_skip_up_to=None, packages_select_build_failed=False, packages_skip_build_finished=False, packages_select_test_failures=False, packages_skip_test_passed=False, packages_select=None, packages_skip=None, packages_select_regex=None, packages_skip_regex=None, packages_start=None, packages_end=None, allow_overriding=[], cmake_args=None, cmake_target=None, cmake_target_skip_unavailable=False, cmake_clean_cache=False, cmake_clean_first=False, cmake_force_configure=False, ament_cmake_args=None, catkin_cmake_args=None, catkin_skip_building_tests=False, verb_parser=<colcon_defaults.argument_parser.defaults.DefaultArgumentsDecorator object at 0xffff89da0a30>, verb_extension=<colcon_core.verb.build.BuildVerb object at 0xffff89da05e0>, main=<bound method BuildVerb.main of <colcon_core.verb.build.BuildVerb object at 0xffff89da05e0>>)
[1.573s] Level 1:colcon.colcon_core.package_discovery:discover_packages(colcon_meta) check parameters
[1.574s] Level 1:colcon.colcon_core.package_discovery:discover_packages(recursive) check parameters
[1.574s] Level 1:colcon.colcon_core.package_discovery:discover_packages(ignore) check parameters
[1.574s] Level 1:colcon.colcon_core.package_discovery:discover_packages(path) check parameters
[1.574s] Level 1:colcon.colcon_core.package_discovery:discover_packages(colcon_meta) discover
[1.574s] Level 1:colcon.colcon_core.package_discovery:discover_packages(recursive) discover
[1.575s] INFO:colcon.colcon_core.package_discovery:Crawling recursively for packages in '/home/robot/Desktop/mineswarm-parent/ros2_ws'
[1.575s] Level 1:colcon.colcon_core.package_identification:_identify(.) by extensions ['ignore', 'ignore_ament_install']
[1.575s] Level 1:colcon.colcon_core.package_identification:_identify(.) by extension 'ignore'
[1.576s] Level 1:colcon.colcon_core.package_identification:_identify(.) by extension 'ignore_ament_install'
[1.576s] Level 1:colcon.colcon_core.package_identification:_identify(.) by extensions ['colcon_pkg']
[1.576s] Level 1:colcon.colcon_core.package_identification:_identify(.) by extension 'colcon_pkg'
[1.576s] Level 1:colcon.colcon_core.package_identification:_identify(.) by extensions ['colcon_meta']
[1.576s] Level 1:colcon.colcon_core.package_identification:_identify(.) by extension 'colcon_meta'
[1.577s] Level 1:colcon.colcon_core.package_identification:_identify(.) by extensions ['ros']
[1.577s] Level 1:colcon.colcon_core.package_identification:_identify(.) by extension 'ros'
[1.626s] Level 1:colcon.colcon_core.package_identification:_identify(.) by extensions ['cmake', 'python']
[1.626s] Level 1:colcon.colcon_core.package_identification:_identify(.) by extension 'cmake'
[1.626s] Level 1:colcon.colcon_core.package_identification:_identify(.) by extension 'python'
[1.626s] Level 1:colcon.colcon_core.package_identification:_identify(.) by extensions ['python_setup_py']
[1.626s] Level 1:colcon.colcon_core.package_identification:_identify(.) by extension 'python_setup_py'
[1.627s] Level 1:colcon.colcon_core.package_identification:_identify(build) by extensions ['ignore', 'ignore_ament_install']
[1.627s] Level 1:colcon.colcon_core.package_identification:_identify(build) by extension 'ignore'
[1.628s] Level 1:colcon.colcon_core.package_identification:_identify(build) ignored
[1.628s] Level 1:colcon.colcon_core.package_identification:_identify(install) by extensions ['ignore', 'ignore_ament_install']
[1.629s] Level 1:colcon.colcon_core.package_identification:_identify(install) by extension 'ignore'
[1.629s] Level 1:colcon.colcon_core.package_identification:_identify(install) ignored
[1.629s] Level 1:colcon.colcon_core.package_identification:_identify(log) by extensions ['ignore', 'ignore_ament_install']
[1.630s] Level 1:colcon.colcon_core.package_identification:_identify(log) by extension 'ignore'
[1.630s] Level 1:colcon.colcon_core.package_identification:_identify(log) ignored
[1.630s] Level 1:colcon.colcon_core.package_identification:_identify(src) by extensions ['ignore', 'ignore_ament_install']
[1.630s] Level 1:colcon.colcon_core.package_identification:_identify(src) by extension 'ignore'
[1.631s] Level 1:colcon.colcon_core.package_identification:_identify(src) by extension 'ignore_ament_install'
[1.631s] Level 1:colcon.colcon_core.package_identification:_identify(src) by extensions ['colcon_pkg']
[1.631s] Level 1:colcon.colcon_core.package_identification:_identify(src) by extension 'colcon_pkg'
[1.631s] Level 1:colcon.colcon_core.package_identification:_identify(src) by extensions ['colcon_meta']
[1.631s] Level 1:colcon.colcon_core.package_identification:_identify(src) by extension 'colcon_meta'
[1.631s] Level 1:colcon.colcon_core.package_identification:_identify(src) by extensions ['ros']
[1.632s] Level 1:colcon.colcon_core.package_identification:_identify(src) by extension 'ros'
[1.632s] Level 1:colcon.colcon_core.package_identification:_identify(src) by extensions ['cmake', 'python']
[1.632s] Level 1:colcon.colcon_core.package_identification:_identify(src) by extension 'cmake'
[1.632s] Level 1:colcon.colcon_core.package_identification:_identify(src) by extension 'python'
[1.632s] Level 1:colcon.colcon_core.package_identification:_identify(src) by extensions ['python_setup_py']
[1.632s] Level 1:colcon.colcon_core.package_identification:_identify(src) by extension 'python_setup_py'
[1.633s] Level 1:colcon.colcon_core.package_identification:_identify(src/childcomms) by extensions ['ignore', 'ignore_ament_install']
[1.633s] Level 1:colcon.colcon_core.package_identification:_identify(src/childcomms) by extension 'ignore'
[1.633s] Level 1:colcon.colcon_core.package_identification:_identify(src/childcomms) by extension 'ignore_ament_install'
[1.634s] Level 1:colcon.colcon_core.package_identification:_identify(src/childcomms) by extensions ['colcon_pkg']
[1.634s] Level 1:colcon.colcon_core.package_identification:_identify(src/childcomms) by extension 'colcon_pkg'
[1.634s] Level 1:colcon.colcon_core.package_identification:_identify(src/childcomms) by extensions ['colcon_meta']
[1.634s] Level 1:colcon.colcon_core.package_identification:_identify(src/childcomms) by extension 'colcon_meta'
[1.634s] Level 1:colcon.colcon_core.package_identification:_identify(src/childcomms) by extensions ['ros']
[1.634s] Level 1:colcon.colcon_core.package_identification:_identify(src/childcomms) by extension 'ros'
[1.643s] DEBUG:colcon.colcon_core.package_identification:Package 'src/childcomms' with type 'ros.ament_python' and name 'childcomms'
[1.644s] Level 1:colcon.colcon_core.package_identification:_identify(src/communication_module) by extensions ['ignore', 'ignore_ament_install']
[1.644s] Level 1:colcon.colcon_core.package_identification:_identify(src/communication_module) by extension 'ignore'
[1.645s] Level 1:colcon.colcon_core.package_identification:_identify(src/communication_module) by extension 'ignore_ament_install'
[1.645s] Level 1:colcon.colcon_core.package_identification:_identify(src/communication_module) by extensions ['colcon_pkg']
[1.645s] Level 1:colcon.colcon_core.package_identification:_identify(src/communication_module) by extension 'colcon_pkg'
[1.645s] Level 1:colcon.colcon_core.package_identification:_identify(src/communication_module) by extensions ['colcon_meta']
[1.645s] Level 1:colcon.colcon_core.package_identification:_identify(src/communication_module) by extension 'colcon_meta'
[1.645s] Level 1:colcon.colcon_core.package_identification:_identify(src/communication_module) by extensions ['ros']
[1.645s] Level 1:colcon.colcon_core.package_identification:_identify(src/communication_module) by extension 'ros'
[1.648s] DEBUG:colcon.colcon_core.package_identification:Package 'src/communication_module' with type 'ros.ament_python' and name 'communication_module'
[1.649s] Level 1:colcon.colcon_core.package_identification:_identify(src/sllidar_ros2) by extensions ['ignore', 'ignore_ament_install']
[1.649s] Level 1:colcon.colcon_core.package_identification:_identify(src/sllidar_ros2) by extension 'ignore'
[1.649s] Level 1:colcon.colcon_core.package_identification:_identify(src/sllidar_ros2) by extension 'ignore_ament_install'
[1.650s] Level 1:colcon.colcon_core.package_identification:_identify(src/sllidar_ros2) by extensions ['colcon_pkg']
[1.650s] Level 1:colcon.colcon_core.package_identification:_identify(src/sllidar_ros2) by extension 'colcon_pkg'
[1.650s] Level 1:colcon.colcon_core.package_identification:_identify(src/sllidar_ros2) by extensions ['colcon_meta']
[1.650s] Level 1:colcon.colcon_core.package_identification:_identify(src/sllidar_ros2) by extension 'colcon_meta'
[1.650s] Level 1:colcon.colcon_core.package_identification:_identify(src/sllidar_ros2) by extensions ['ros']
[1.650s] Level 1:colcon.colcon_core.package_identification:_identify(src/sllidar_ros2) by extension 'ros'
[1.653s] DEBUG:colcon.colcon_core.package_identification:Package 'src/sllidar_ros2' with type 'ros.ament_cmake' and name 'sllidar_ros2'
[1.654s] Level 1:colcon.colcon_core.package_identification:_identify(src/ugv02_cartographer) by extensions ['ignore', 'ignore_ament_install']
[1.654s] Level 1:colcon.colcon_core.package_identification:_identify(src/ugv02_cartographer) by extension 'ignore'
[1.654s] Level 1:colcon.colcon_core.package_identification:_identify(src/ugv02_cartographer) by extension 'ignore_ament_install'
[1.654s] Level 1:colcon.colcon_core.package_identification:_identify(src/ugv02_cartographer) by extensions ['colcon_pkg']
[1.655s] Level 1:colcon.colcon_core.package_identification:_identify(src/ugv02_cartographer) by extension 'colcon_pkg'
[1.655s] Level 1:colcon.colcon_core.package_identification:_identify(src/ugv02_cartographer) by extensions ['colcon_meta']
[1.655s] Level 1:colcon.colcon_core.package_identification:_identify(src/ugv02_cartographer) by extension 'colcon_meta'
[1.655s] Level 1:colcon.colcon_core.package_identification:_identify(src/ugv02_cartographer) by extensions ['ros']
[1.655s] Level 1:colcon.colcon_core.package_identification:_identify(src/ugv02_cartographer) by extension 'ros'
[1.657s] DEBUG:colcon.colcon_core.package_identification:Package 'src/ugv02_cartographer' with type 'ros.ament_cmake' and name 'ugv02_cartographer'
[1.658s] Level 1:colcon.colcon_core.package_discovery:discover_packages(recursive) using defaults
[1.658s] Level 1:colcon.colcon_core.package_discovery:discover_packages(ignore) discover
[1.658s] Level 1:colcon.colcon_core.package_discovery:discover_packages(ignore) using defaults
[1.658s] Level 1:colcon.colcon_core.package_discovery:discover_packages(path) discover
[1.658s] Level 1:colcon.colcon_core.package_discovery:discover_packages(path) using defaults
[1.737s] Level 1:colcon.colcon_core.package_discovery:discover_packages(prefix_path) check parameters
[1.738s] Level 1:colcon.colcon_core.package_discovery:discover_packages(prefix_path) discover
[1.747s] DEBUG:colcon.colcon_installed_package_information.package_discovery:Found 4 installed packages in /home/robot/Desktop/mineswarm-parent/ros2_ws/install
[1.755s] DEBUG:colcon.colcon_installed_package_information.package_discovery:Found 275 installed packages in /opt/ros/humble
[1.761s] Level 1:colcon.colcon_core.package_discovery:discover_packages(prefix_path) using defaults
[1.970s] Level 5:colcon.colcon_core.verb:set package 'childcomms' build argument 'cmake_args' from command line to 'None'
[1.970s] Level 5:colcon.colcon_core.verb:set package 'childcomms' build argument 'cmake_target' from command line to 'None'
[1.970s] Level 5:colcon.colcon_core.verb:set package 'childcomms' build argument 'cmake_target_skip_unavailable' from command line to 'False'
[1.970s] Level 5:colcon.colcon_core.verb:set package 'childcomms' build argument 'cmake_clean_cache' from command line to 'False'
[1.970s] Level 5:colcon.colcon_core.verb:set package 'childcomms' build argument 'cmake_clean_first' from command line to 'False'
[1.970s] Level 5:colcon.colcon_core.verb:set package 'childcomms' build argument 'cmake_force_configure' from command line to 'False'
[1.970s] Level 5:colcon.colcon_core.verb:set package 'childcomms' build argument 'ament_cmake_args' from command line to 'None'
[1.971s] Level 5:colcon.colcon_core.verb:set package 'childcomms' build argument 'catkin_cmake_args' from command line to 'None'
[1.971s] Level 5:colcon.colcon_core.verb:set package 'childcomms' build argument 'catkin_skip_building_tests' from command line to 'False'
[1.971s] DEBUG:colcon.colcon_core.verb:Building package 'childcomms' with the following arguments: {'ament_cmake_args': None, 'build_base': '/home/robot/Desktop/mineswarm-parent/ros2_ws/build/childcomms', 'catkin_cmake_args': None, 'catkin_skip_building_tests': False, 'cmake_args': None, 'cmake_clean_cache': False, 'cmake_clean_first': False, 'cmake_force_configure': False, 'cmake_target': None, 'cmake_target_skip_unavailable': False, 'install_base': '/home/robot/Desktop/mineswarm-parent/ros2_ws/install/childcomms', 'merge_install': False, 'path': '/home/robot/Desktop/mineswarm-parent/ros2_ws/src/childcomms', 'symlink_install': False, 'test_result_base': None}
[1.972s] Level 5:colcon.colcon_core.verb:set package 'communication_module' build argument 'cmake_args' from command line to 'None'
[1.973s] Level 5:colcon.colcon_core.verb:set package 'communication_module' build argument 'cmake_target' from command line to 'None'
[1.973s] Level 5:colcon.colcon_core.verb:set package 'communication_module' build argument 'cmake_target_skip_unavailable' from command line to 'False'
[1.973s] Level 5:colcon.colcon_core.verb:set package 'communication_module' build argument 'cmake_clean_cache' from command line to 'False'
[1.973s] Level 5:colcon.colcon_core.verb:set package 'communication_module' build argument 'cmake_clean_first' from command line to 'False'
[1.973s] Level 5:colcon.colcon_core.verb:set package 'communication_module' build argument 'cmake_force_configure' from command line to 'False'
[1.973s] Level 5:colcon.colcon_core.verb:set package 'communication_module' build argument 'ament_cmake_args' from command line to 'None'
[1.973s] Level 5:colcon.colcon_core.verb:set package 'communication_module' build argument 'catkin_cmake_args' from command line to 'None'
[1.973s] Level 5:colcon.colcon_core.verb:set package 'communication_module' build argument 'catkin_skip_building_tests' from command line to 'False'
[1.973s] DEBUG:colcon.colcon_core.verb:Building package 'communication_module' with the following arguments: {'ament_cmake_args': None, 'build_base': '/home/robot/Desktop/mineswarm-parent/ros2_ws/build/communication_module', 'catkin_cmake_args': None, 'catkin_skip_building_tests': False, 'cmake_args': None, 'cmake_clean_cache': False, 'cmake_clean_first': False, 'cmake_force_configure': False, 'cmake_target': None, 'cmake_target_skip_unavailable': False, 'install_base': '/home/robot/Desktop/mineswarm-parent/ros2_ws/install/communication_module', 'merge_install': False, 'path': '/home/robot/Desktop/mineswarm-parent/ros2_ws/src/communication_module', 'symlink_install': False, 'test_result_base': None}
[1.975s] Level 5:colcon.colcon_core.verb:set package 'sllidar_ros2' build argument 'cmake_args' from command line to 'None'
[1.975s] Level 5:colcon.colcon_core.verb:set package 'sllidar_ros2' build argument 'cmake_target' from command line to 'None'
[1.975s] Level 5:colcon.colcon_core.verb:set package 'sllidar_ros2' build argument 'cmake_target_skip_unavailable' from command line to 'False'
[1.975s] Level 5:colcon.colcon_core.verb:set package 'sllidar_ros2' build argument 'cmake_clean_cache' from command line to 'False'
[1.975s] Level 5:colcon.colcon_core.verb:set package 'sllidar_ros2' build argument 'cmake_clean_first' from command line to 'False'
[1.975s] Level 5:colcon.colcon_core.verb:set package 'sllidar_ros2' build argument 'cmake_force_configure' from command line to 'False'
[1.976s] Level 5:colcon.colcon_core.verb:set package 'sllidar_ros2' build argument 'ament_cmake_args' from command line to 'None'
[1.976s] Level 5:colcon.colcon_core.verb:set package 'sllidar_ros2' build argument 'catkin_cmake_args' from command line to 'None'
[1.976s] Level 5:colcon.colcon_core.verb:set package 'sllidar_ros2' build argument 'catkin_skip_building_tests' from command line to 'False'
[1.976s] DEBUG:colcon.colcon_core.verb:Building package 'sllidar_ros2' with the following arguments: {'ament_cmake_args': None, 'build_base': '/home/robot/Desktop/mineswarm-parent/ros2_ws/build/sllidar_ros2', 'catkin_cmake_args': None, 'catkin_skip_building_tests': False, 'cmake_args': None, 'cmake_clean_cache': False, 'cmake_clean_first': False, 'cmake_force_configure': False, 'cmake_target': None, 'cmake_target_skip_unavailable': False, 'install_base': '/home/robot/Desktop/mineswarm-parent/ros2_ws/install/sllidar_ros2', 'merge_install': False, 'path': '/home/robot/Desktop/mineswarm-parent/ros2_ws/src/sllidar_ros2', 'symlink_install': False, 'test_result_base': None}
[1.977s] Level 5:colcon.colcon_core.verb:set package 'ugv02_cartographer' build argument 'cmake_args' from command line to 'None'
[1.977s] Level 5:colcon.colcon_core.verb:set package 'ugv02_cartographer' build argument 'cmake_target' from command line to 'None'
[1.977s] Level 5:colcon.colcon_core.verb:set package 'ugv02_cartographer' build argument 'cmake_target_skip_unavailable' from command line to 'False'
[1.978s] Level 5:colcon.colcon_core.verb:set package 'ugv02_cartographer' build argument 'cmake_clean_cache' from command line to 'False'
[1.978s] Level 5:colcon.colcon_core.verb:set package 'ugv02_cartographer' build argument 'cmake_clean_first' from command line to 'False'
[1.978s] Level 5:colcon.colcon_core.verb:set package 'ugv02_cartographer' build argument 'cmake_force_configure' from command line to 'False'
[1.978s] Level 5:colcon.colcon_core.verb:set package 'ugv02_cartographer' build argument 'ament_cmake_args' from command line to 'None'
[1.978s] Level 5:colcon.colcon_core.verb:set package 'ugv02_cartographer' build argument 'catkin_cmake_args' from command line to 'None'
[1.978s] Level 5:colcon.colcon_core.verb:set package 'ugv02_cartographer' build argument 'catkin_skip_building_tests' from command line to 'False'
[1.978s] DEBUG:colcon.colcon_core.verb:Building package 'ugv02_cartographer' with the following arguments: {'ament_cmake_args': None, 'build_base': '/home/robot/Desktop/mineswarm-parent/ros2_ws/build/ugv02_cartographer', 'catkin_cmake_args': None, 'catkin_skip_building_tests': False, 'cmake_args': None, 'cmake_clean_cache': False, 'cmake_clean_first': False, 'cmake_force_configure': False, 'cmake_target': None, 'cmake_target_skip_unavailable': False, 'install_base': '/home/robot/Desktop/mineswarm-parent/ros2_ws/install/ugv02_cartographer', 'merge_install': False, 'path': '/home/robot/Desktop/mineswarm-parent/ros2_ws/src/ugv02_cartographer', 'symlink_install': False, 'test_result_base': None}
[1.979s] INFO:colcon.colcon_core.executor:Executing jobs using 'parallel' executor
[1.982s] DEBUG:colcon.colcon_parallel_executor.executor.parallel:run_until_complete
[1.983s] INFO:colcon.colcon_ros.task.ament_python.build:Building ROS package in '/home/robot/Desktop/mineswarm-parent/ros2_ws/src/childcomms' with build type 'ament_python'
[1.984s] Level 1:colcon.colcon_core.shell:create_environment_hook('childcomms', 'ament_prefix_path')
[1.993s] INFO:colcon.colcon_core.plugin_system:Skipping extension 'colcon_core.shell.bat': Not used on non-Windows systems
[1.993s] INFO:colcon.colcon_core.shell:Creating environment hook '/home/robot/Desktop/mineswarm-parent/ros2_ws/install/childcomms/share/childcomms/hook/ament_prefix_path.ps1'
[1.996s] INFO:colcon.colcon_core.shell:Creating environment descriptor '/home/robot/Desktop/mineswarm-parent/ros2_ws/install/childcomms/share/childcomms/hook/ament_prefix_path.dsv'
[1.998s] INFO:colcon.colcon_core.shell:Creating environment hook '/home/robot/Desktop/mineswarm-parent/ros2_ws/install/childcomms/share/childcomms/hook/ament_prefix_path.sh'
[2.002s] INFO:colcon.colcon_core.shell:Skip shell extension 'powershell' for command environment: Not usable outside of PowerShell
[2.002s] DEBUG:colcon.colcon_core.shell:Skip shell extension 'dsv' for command environment
[2.022s] INFO:colcon.colcon_ros.task.ament_python.build:Building ROS package in '/home/robot/Desktop/mineswarm-parent/ros2_ws/src/communication_module' with build type 'ament_python'
[2.023s] Level 1:colcon.colcon_core.shell:create_environment_hook('communication_module', 'ament_prefix_path')
[2.025s] INFO:colcon.colcon_core.shell:Creating environment hook '/home/robot/Desktop/mineswarm-parent/ros2_ws/install/communication_module/share/communication_module/hook/ament_prefix_path.ps1'
[2.028s] INFO:colcon.colcon_core.shell:Creating environment descriptor '/home/robot/Desktop/mineswarm-parent/ros2_ws/install/communication_module/share/communication_module/hook/ament_prefix_path.dsv'
[2.030s] INFO:colcon.colcon_core.shell:Creating environment hook '/home/robot/Desktop/mineswarm-parent/ros2_ws/install/communication_module/share/communication_module/hook/ament_prefix_path.sh'
[2.034s] INFO:colcon.colcon_core.shell:Skip shell extension 'powershell' for command environment: Not usable outside of PowerShell
[2.034s] DEBUG:colcon.colcon_core.shell:Skip shell extension 'dsv' for command environment
[2.055s] INFO:colcon.colcon_ros.task.ament_cmake.build:Building ROS package in '/home/robot/Desktop/mineswarm-parent/ros2_ws/src/sllidar_ros2' with build type 'ament_cmake'
[2.055s] INFO:colcon.colcon_cmake.task.cmake.build:Building CMake package in '/home/robot/Desktop/mineswarm-parent/ros2_ws/src/sllidar_ros2'
[2.057s] INFO:colcon.colcon_core.shell:Skip shell extension 'powershell' for command environment: Not usable outside of PowerShell
[2.057s] DEBUG:colcon.colcon_core.shell:Skip shell extension 'dsv' for command environment
[2.078s] INFO:colcon.colcon_ros.task.ament_cmake.build:Building ROS package in '/home/robot/Desktop/mineswarm-parent/ros2_ws/src/ugv02_cartographer' with build type 'ament_cmake'
[2.079s] INFO:colcon.colcon_cmake.task.cmake.build:Building CMake package in '/home/robot/Desktop/mineswarm-parent/ros2_ws/src/ugv02_cartographer'
[2.080s] INFO:colcon.colcon_core.shell:Skip shell extension 'powershell' for command environment: Not usable outside of PowerShell
[2.080s] DEBUG:colcon.colcon_core.shell:Skip shell extension 'dsv' for command environment
[3.368s] INFO:colcon.colcon_core.task.python.build:Building Python package in '/home/robot/Desktop/mineswarm-parent/ros2_ws/src/childcomms'
[3.369s] INFO:colcon.colcon_core.shell:Skip shell extension 'powershell' for command environment: Not usable outside of PowerShell
[3.369s] DEBUG:colcon.colcon_core.shell:Skip shell extension 'dsv' for command environment
[4.629s] INFO:colcon.colcon_core.task.python.build:Building Python package in '/home/robot/Desktop/mineswarm-parent/ros2_ws/src/communication_module'
[4.630s] INFO:colcon.colcon_core.shell:Skip shell extension 'powershell' for command environment: Not usable outside of PowerShell
[4.630s] DEBUG:colcon.colcon_core.shell:Skip shell extension 'dsv' for command environment
[4.665s] DEBUG:colcon.colcon_core.event_handler.log_command:Invoking command in '/home/robot/Desktop/mineswarm-parent/ros2_ws/build/sllidar_ros2': CMAKE_PREFIX_PATH=${CMAKE_PREFIX_PATH}:/home/robot/Desktop/mineswarm-parent/ros2_ws/install/communication_module:/home/robot/Desktop/mineswarm-parent/ros2_ws/install/childcomms:/opt/ros/humble /usr/bin/cmake --build /home/robot/Desktop/mineswarm-parent/ros2_ws/build/sllidar_ros2 -- -j4 -l4
[4.698s] DEBUG:colcon.colcon_core.event_handler.log_command:Invoking command in '/home/robot/Desktop/mineswarm-parent/ros2_ws/build/ugv02_cartographer': CMAKE_PREFIX_PATH=${CMAKE_PREFIX_PATH}:/home/robot/Desktop/mineswarm-parent/ros2_ws/install/communication_module:/home/robot/Desktop/mineswarm-parent/ros2_ws/install/childcomms:/opt/ros/humble /usr/bin/cmake --build /home/robot/Desktop/mineswarm-parent/ros2_ws/build/ugv02_cartographer -- -j4 -l4
[4.920s] DEBUG:colcon.colcon_core.event_handler.log_command:Invoked command in '/home/robot/Desktop/mineswarm-parent/ros2_ws/build/ugv02_cartographer' returned '0': CMAKE_PREFIX_PATH=${CMAKE_PREFIX_PATH}:/home/robot/Desktop/mineswarm-parent/ros2_ws/install/communication_module:/home/robot/Desktop/mineswarm-parent/ros2_ws/install/childcomms:/opt/ros/humble /usr/bin/cmake --build /home/robot/Desktop/mineswarm-parent/ros2_ws/build/ugv02_cartographer -- -j4 -l4
[5.124s] DEBUG:colcon.colcon_core.event_handler.log_command:Invoked command in '/home/robot/Desktop/mineswarm-parent/ros2_ws/build/sllidar_ros2' returned '0': CMAKE_PREFIX_PATH=${CMAKE_PREFIX_PATH}:/home/robot/Desktop/mineswarm-parent/ros2_ws/install/communication_module:/home/robot/Desktop/mineswarm-parent/ros2_ws/install/childcomms:/opt/ros/humble /usr/bin/cmake --build /home/robot/Desktop/mineswarm-parent/ros2_ws/build/sllidar_ros2 -- -j4 -l4
[5.187s] DEBUG:colcon.colcon_core.event_handler.log_command:Invoking command in '/home/robot/Desktop/mineswarm-parent/ros2_ws/build/ugv02_cartographer': CMAKE_PREFIX_PATH=${CMAKE_PREFIX_PATH}:/home/robot/Desktop/mineswarm-parent/ros2_ws/install/communication_module:/home/robot/Desktop/mineswarm-parent/ros2_ws/install/childcomms:/opt/ros/humble /usr/bin/cmake --install /home/robot/Desktop/mineswarm-parent/ros2_ws/build/ugv02_cartographer
[5.254s] Level 1:colcon.colcon_core.environment:create_environment_scripts_only(ugv02_cartographer)
[5.265s] DEBUG:colcon.colcon_core.event_handler.log_command:Invoked command in '/home/robot/Desktop/mineswarm-parent/ros2_ws/build/ugv02_cartographer' returned '0': CMAKE_PREFIX_PATH=${CMAKE_PREFIX_PATH}:/home/robot/Desktop/mineswarm-parent/ros2_ws/install/communication_module:/home/robot/Desktop/mineswarm-parent/ros2_ws/install/childcomms:/opt/ros/humble /usr/bin/cmake --install /home/robot/Desktop/mineswarm-parent/ros2_ws/build/ugv02_cartographer
[5.275s] Level 1:colcon.colcon_core.environment:checking '/home/robot/Desktop/mineswarm-parent/ros2_ws/install/ugv02_cartographer' for CMake module files
[5.279s] Level 1:colcon.colcon_core.environment:checking '/home/robot/Desktop/mineswarm-parent/ros2_ws/install/ugv02_cartographer' for CMake config files
[5.282s] Level 1:colcon.colcon_core.shell:create_environment_hook('ugv02_cartographer', 'cmake_prefix_path')
[5.283s] INFO:colcon.colcon_core.shell:Creating environment hook '/home/robot/Desktop/mineswarm-parent/ros2_ws/install/ugv02_cartographer/share/ugv02_cartographer/hook/cmake_prefix_path.ps1'
[5.286s] INFO:colcon.colcon_core.shell:Creating environment descriptor '/home/robot/Desktop/mineswarm-parent/ros2_ws/install/ugv02_cartographer/share/ugv02_cartographer/hook/cmake_prefix_path.dsv'
[5.289s] INFO:colcon.colcon_core.shell:Creating environment hook '/home/robot/Desktop/mineswarm-parent/ros2_ws/install/ugv02_cartographer/share/ugv02_cartographer/hook/cmake_prefix_path.sh'
[5.293s] Level 1:colcon.colcon_core.environment:checking '/home/robot/Desktop/mineswarm-parent/ros2_ws/install/ugv02_cartographer/bin'
[5.293s] Level 1:colcon.colcon_core.environment:checking '/home/robot/Desktop/mineswarm-parent/ros2_ws/install/ugv02_cartographer/lib/pkgconfig/ugv02_cartographer.pc'
[5.295s] Level 1:colcon.colcon_core.environment:checking '/home/robot/Desktop/mineswarm-parent/ros2_ws/install/ugv02_cartographer/lib/python3.10/site-packages'
[5.298s] Level 1:colcon.colcon_core.environment:checking '/home/robot/Desktop/mineswarm-parent/ros2_ws/install/ugv02_cartographer/bin'
[5.300s] INFO:colcon.colcon_core.shell:Creating package script '/home/robot/Desktop/mineswarm-parent/ros2_ws/install/ugv02_cartographer/share/ugv02_cartographer/package.ps1'
[5.306s] INFO:colcon.colcon_core.shell:Creating package descriptor '/home/robot/Desktop/mineswarm-parent/ros2_ws/install/ugv02_cartographer/share/ugv02_cartographer/package.dsv'
[5.309s] INFO:colcon.colcon_core.shell:Creating package script '/home/robot/Desktop/mineswarm-parent/ros2_ws/install/ugv02_cartographer/share/ugv02_cartographer/package.sh'
[5.314s] INFO:colcon.colcon_core.shell:Creating package script '/home/robot/Desktop/mineswarm-parent/ros2_ws/install/ugv02_cartographer/share/ugv02_cartographer/package.bash'
[5.318s] INFO:colcon.colcon_core.shell:Creating package script '/home/robot/Desktop/mineswarm-parent/ros2_ws/install/ugv02_cartographer/share/ugv02_cartographer/package.zsh'
[5.323s] Level 1:colcon.colcon_core.environment:create_file_with_runtime_dependencies(/home/robot/Desktop/mineswarm-parent/ros2_ws/install/ugv02_cartographer/share/colcon-core/packages/ugv02_cartographer)
[5.466s] Level 1:colcon.colcon_core.environment:create_environment_scripts_only(ugv02_cartographer)
[5.467s] Level 1:colcon.colcon_core.environment:checking '/home/robot/Desktop/mineswarm-parent/ros2_ws/install/ugv02_cartographer' for CMake module files
[5.470s] Level 1:colcon.colcon_core.environment:checking '/home/robot/Desktop/mineswarm-parent/ros2_ws/install/ugv02_cartographer' for CMake config files
[5.475s] Level 1:colcon.colcon_core.shell:create_environment_hook('ugv02_cartographer', 'cmake_prefix_path')
[5.478s] INFO:colcon.colcon_core.shell:Creating environment hook '/home/robot/Desktop/mineswarm-parent/ros2_ws/install/ugv02_cartographer/share/ugv02_cartographer/hook/cmake_prefix_path.ps1'
[5.481s] INFO:colcon.colcon_core.shell:Creating environment descriptor '/home/robot/Desktop/mineswarm-parent/ros2_ws/install/ugv02_cartographer/share/ugv02_cartographer/hook/cmake_prefix_path.dsv'
[5.483s] INFO:colcon.colcon_core.shell:Creating environment hook '/home/robot/Desktop/mineswarm-parent/ros2_ws/install/ugv02_cartographer/share/ugv02_cartographer/hook/cmake_prefix_path.sh'
[5.488s] Level 1:colcon.colcon_core.environment:checking '/home/robot/Desktop/mineswarm-parent/ros2_ws/install/ugv02_cartographer/bin'
[5.488s] Level 1:colcon.colcon_core.environment:checking '/home/robot/Desktop/mineswarm-parent/ros2_ws/install/ugv02_cartographer/lib/pkgconfig/ugv02_cartographer.pc'
[5.489s] Level 1:colcon.colcon_core.environment:checking '/home/robot/Desktop/mineswarm-parent/ros2_ws/install/ugv02_cartographer/lib/python3.10/site-packages'
[5.491s] Level 1:colcon.colcon_core.environment:checking '/home/robot/Desktop/mineswarm-parent/ros2_ws/install/ugv02_cartographer/bin'
[5.492s] INFO:colcon.colcon_core.shell:Creating package script '/home/robot/Desktop/mineswarm-parent/ros2_ws/install/ugv02_cartographer/share/ugv02_cartographer/package.ps1'
[5.495s] INFO:colcon.colcon_core.shell:Creating package descriptor '/home/robot/Desktop/mineswarm-parent/ros2_ws/install/ugv02_cartographer/share/ugv02_cartographer/package.dsv'
[5.498s] INFO:colcon.colcon_core.shell:Creating package script '/home/robot/Desktop/mineswarm-parent/ros2_ws/install/ugv02_cartographer/share/ugv02_cartographer/package.sh'
[5.501s] INFO:colcon.colcon_core.shell:Creating package script '/home/robot/Desktop/mineswarm-parent/ros2_ws/install/ugv02_cartographer/share/ugv02_cartographer/package.bash'
[5.504s] INFO:colcon.colcon_core.shell:Creating package script '/home/robot/Desktop/mineswarm-parent/ros2_ws/install/ugv02_cartographer/share/ugv02_cartographer/package.zsh'
[5.506s] Level 1:colcon.colcon_core.environment:create_file_with_runtime_dependencies(/home/robot/Desktop/mineswarm-parent/ros2_ws/install/ugv02_cartographer/share/colcon-core/packages/ugv02_cartographer)
[5.634s] DEBUG:colcon.colcon_core.event_handler.log_command:Invoking command in '/home/robot/Desktop/mineswarm-parent/ros2_ws/build/sllidar_ros2': CMAKE_PREFIX_PATH=${CMAKE_PREFIX_PATH}:/home/robot/Desktop/mineswarm-parent/ros2_ws/install/communication_module:/home/robot/Desktop/mineswarm-parent/ros2_ws/install/childcomms:/opt/ros/humble /usr/bin/cmake --install /home/robot/Desktop/mineswarm-parent/ros2_ws/build/sllidar_ros2
[5.705s] Level 1:colcon.colcon_core.environment:create_environment_scripts_only(sllidar_ros2)
[5.706s] Level 1:colcon.colcon_core.environment:checking '/home/robot/Desktop/mineswarm-parent/ros2_ws/install/sllidar_ros2' for CMake module files
[5.718s] Level 1:colcon.colcon_core.environment:checking '/home/robot/Desktop/mineswarm-parent/ros2_ws/install/sllidar_ros2' for CMake config files
[5.724s] Level 1:colcon.colcon_core.shell:create_environment_hook('sllidar_ros2', 'cmake_prefix_path')
[5.725s] INFO:colcon.colcon_core.shell:Creating environment hook '/home/robot/Desktop/mineswarm-parent/ros2_ws/install/sllidar_ros2/share/sllidar_ros2/hook/cmake_prefix_path.ps1'
[5.727s] DEBUG:colcon.colcon_core.event_handler.log_command:Invoked command in '/home/robot/Desktop/mineswarm-parent/ros2_ws/build/sllidar_ros2' returned '0': CMAKE_PREFIX_PATH=${CMAKE_PREFIX_PATH}:/home/robot/Desktop/mineswarm-parent/ros2_ws/install/communication_module:/home/robot/Desktop/mineswarm-parent/ros2_ws/install/childcomms:/opt/ros/humble /usr/bin/cmake --install /home/robot/Desktop/mineswarm-parent/ros2_ws/build/sllidar_ros2
[5.730s] INFO:colcon.colcon_core.shell:Creating environment descriptor '/home/robot/Desktop/mineswarm-parent/ros2_ws/install/sllidar_ros2/share/sllidar_ros2/hook/cmake_prefix_path.dsv'
[5.732s] INFO:colcon.colcon_core.shell:Creating environment hook '/home/robot/Desktop/mineswarm-parent/ros2_ws/install/sllidar_ros2/share/sllidar_ros2/hook/cmake_prefix_path.sh'
[5.735s] Level 1:colcon.colcon_core.environment:checking '/home/robot/Desktop/mineswarm-parent/ros2_ws/install/sllidar_ros2/lib'
[5.737s] Level 1:colcon.colcon_core.environment:checking '/home/robot/Desktop/mineswarm-parent/ros2_ws/install/sllidar_ros2/bin'
[5.738s] Level 1:colcon.colcon_core.environment:checking '/home/robot/Desktop/mineswarm-parent/ros2_ws/install/sllidar_ros2/lib/pkgconfig/sllidar_ros2.pc'
[5.739s] Level 1:colcon.colcon_core.environment:checking '/home/robot/Desktop/mineswarm-parent/ros2_ws/install/sllidar_ros2/lib/python3.10/site-packages'
[5.740s] Level 1:colcon.colcon_core.environment:checking '/home/robot/Desktop/mineswarm-parent/ros2_ws/install/sllidar_ros2/bin'
[5.742s] INFO:colcon.colcon_core.shell:Creating package script '/home/robot/Desktop/mineswarm-parent/ros2_ws/install/sllidar_ros2/share/sllidar_ros2/package.ps1'
[5.745s] INFO:colcon.colcon_core.shell:Creating package descriptor '/home/robot/Desktop/mineswarm-parent/ros2_ws/install/sllidar_ros2/share/sllidar_ros2/package.dsv'
[5.747s] INFO:colcon.colcon_core.shell:Creating package script '/home/robot/Desktop/mineswarm-parent/ros2_ws/install/sllidar_ros2/share/sllidar_ros2/package.sh'
[5.750s] INFO:colcon.colcon_core.shell:Creating package script '/home/robot/Desktop/mineswarm-parent/ros2_ws/install/sllidar_ros2/share/sllidar_ros2/package.bash'
[5.752s] INFO:colcon.colcon_core.shell:Creating package script '/home/robot/Desktop/mineswarm-parent/ros2_ws/install/sllidar_ros2/share/sllidar_ros2/package.zsh'
[5.763s] Level 1:colcon.colcon_core.environment:create_file_with_runtime_dependencies(/home/robot/Desktop/mineswarm-parent/ros2_ws/install/sllidar_ros2/share/colcon-core/packages/sllidar_ros2)
[6.209s] Level 1:colcon.colcon_core.environment:create_environment_scripts_only(sllidar_ros2)
[6.210s] Level 1:colcon.colcon_core.environment:checking '/home/robot/Desktop/mineswarm-parent/ros2_ws/install/sllidar_ros2' for CMake module files
[6.214s] Level 1:colcon.colcon_core.environment:checking '/home/robot/Desktop/mineswarm-parent/ros2_ws/install/sllidar_ros2' for CMake config files
[6.215s] Level 1:colcon.colcon_core.shell:create_environment_hook('sllidar_ros2', 'cmake_prefix_path')
[6.216s] INFO:colcon.colcon_core.shell:Creating environment hook '/home/robot/Desktop/mineswarm-parent/ros2_ws/install/sllidar_ros2/share/sllidar_ros2/hook/cmake_prefix_path.ps1'
[6.219s] INFO:colcon.colcon_core.shell:Creating environment descriptor '/home/robot/Desktop/mineswarm-parent/ros2_ws/install/sllidar_ros2/share/sllidar_ros2/hook/cmake_prefix_path.dsv'
[6.221s] INFO:colcon.colcon_core.shell:Creating environment hook '/home/robot/Desktop/mineswarm-parent/ros2_ws/install/sllidar_ros2/share/sllidar_ros2/hook/cmake_prefix_path.sh'
[6.224s] Level 1:colcon.colcon_core.environment:checking '/home/robot/Desktop/mineswarm-parent/ros2_ws/install/sllidar_ros2/lib'
[6.225s] Level 1:colcon.colcon_core.environment:checking '/home/robot/Desktop/mineswarm-parent/ros2_ws/install/sllidar_ros2/bin'
[6.226s] Level 1:colcon.colcon_core.environment:checking '/home/robot/Desktop/mineswarm-parent/ros2_ws/install/sllidar_ros2/lib/pkgconfig/sllidar_ros2.pc'
[6.227s] Level 1:colcon.colcon_core.environment:checking '/home/robot/Desktop/mineswarm-parent/ros2_ws/install/sllidar_ros2/lib/python3.10/site-packages'
[6.228s] Level 1:colcon.colcon_core.environment:checking '/home/robot/Desktop/mineswarm-parent/ros2_ws/install/sllidar_ros2/bin'
[6.230s] INFO:colcon.colcon_core.shell:Creating package script '/home/robot/Desktop/mineswarm-parent/ros2_ws/install/sllidar_ros2/share/sllidar_ros2/package.ps1'
[6.233s] INFO:colcon.colcon_core.shell:Creating package descriptor '/home/robot/Desktop/mineswarm-parent/ros2_ws/install/sllidar_ros2/share/sllidar_ros2/package.dsv'
[6.236s] INFO:colcon.colcon_core.shell:Creating package script '/home/robot/Desktop/mineswarm-parent/ros2_ws/install/sllidar_ros2/share/sllidar_ros2/package.sh'
[6.239s] INFO:colcon.colcon_core.shell:Creating package script '/home/robot/Desktop/mineswarm-parent/ros2_ws/install/sllidar_ros2/share/sllidar_ros2/package.bash'
[6.243s] INFO:colcon.colcon_core.shell:Creating package script '/home/robot/Desktop/mineswarm-parent/ros2_ws/install/sllidar_ros2/share/sllidar_ros2/package.zsh'
[6.246s] Level 1:colcon.colcon_core.environment:create_file_with_runtime_dependencies(/home/robot/Desktop/mineswarm-parent/ros2_ws/install/sllidar_ros2/share/colcon-core/packages/sllidar_ros2)
[6.934s] DEBUG:colcon.colcon_core.event_handler.log_command:Invoking command in '/home/robot/Desktop/mineswarm-parent/ros2_ws/src/childcomms': PYTHONPATH=/home/robot/Desktop/mineswarm-parent/ros2_ws/build/childcomms/prefix_override:/usr/lib/python3/dist-packages/colcon_core/task/python/colcon_distutils_commands:/home/robot/Desktop/mineswarm-parent/ros2_ws/install/childcomms/lib/python3.10/site-packages:${PYTHONPATH} /usr/bin/python3 -W ignore:setup.py install is deprecated setup.py egg_info --egg-base ../../build/childcomms build --build-base /home/robot/Desktop/mineswarm-parent/ros2_ws/build/childcomms/build install --record /home/robot/Desktop/mineswarm-parent/ros2_ws/build/childcomms/install.log --single-version-externally-managed install_data
[6.967s] DEBUG:colcon.colcon_core.event_handler.log_command:Invoking command in '/home/robot/Desktop/mineswarm-parent/ros2_ws/src/communication_module': PYTHONPATH=/home/robot/Desktop/mineswarm-parent/ros2_ws/build/communication_module/prefix_override:/usr/lib/python3/dist-packages/colcon_core/task/python/colcon_distutils_commands:/home/robot/Desktop/mineswarm-parent/ros2_ws/install/communication_module/lib/python3.10/site-packages:${PYTHONPATH} /usr/bin/python3 -W ignore:setup.py install is deprecated setup.py egg_info --egg-base ../../build/communication_module build --build-base /home/robot/Desktop/mineswarm-parent/ros2_ws/build/communication_module/build install --record /home/robot/Desktop/mineswarm-parent/ros2_ws/build/communication_module/install.log --single-version-externally-managed install_data
[8.626s] Level 1:colcon.colcon_core.environment:checking '/home/robot/Desktop/mineswarm-parent/ros2_ws/install/childcomms' for CMake module files
[8.629s] DEBUG:colcon.colcon_core.event_handler.log_command:Invoked command in '/home/robot/Desktop/mineswarm-parent/ros2_ws/src/childcomms' returned '0': PYTHONPATH=/home/robot/Desktop/mineswarm-parent/ros2_ws/build/childcomms/prefix_override:/usr/lib/python3/dist-packages/colcon_core/task/python/colcon_distutils_commands:/home/robot/Desktop/mineswarm-parent/ros2_ws/install/childcomms/lib/python3.10/site-packages:${PYTHONPATH} /usr/bin/python3 -W ignore:setup.py install is deprecated setup.py egg_info --egg-base ../../build/childcomms build --build-base /home/robot/Desktop/mineswarm-parent/ros2_ws/build/childcomms/build install --record /home/robot/Desktop/mineswarm-parent/ros2_ws/build/childcomms/install.log --single-version-externally-managed install_data
[8.633s] Level 1:colcon.colcon_core.environment:checking '/home/robot/Desktop/mineswarm-parent/ros2_ws/install/childcomms' for CMake config files
[8.638s] Level 1:colcon.colcon_core.environment:checking '/home/robot/Desktop/mineswarm-parent/ros2_ws/install/childcomms/lib'
[8.639s] Level 1:colcon.colcon_core.environment:checking '/home/robot/Desktop/mineswarm-parent/ros2_ws/install/childcomms/bin'
[8.639s] Level 1:colcon.colcon_core.environment:checking '/home/robot/Desktop/mineswarm-parent/ros2_ws/install/childcomms/lib/pkgconfig/childcomms.pc'
[8.640s] Level 1:colcon.colcon_core.environment:checking '/home/robot/Desktop/mineswarm-parent/ros2_ws/install/childcomms/lib/python3.10/site-packages'
[8.641s] Level 1:colcon.colcon_core.shell:create_environment_hook('childcomms', 'pythonpath')
[8.642s] INFO:colcon.colcon_core.shell:Creating environment hook '/home/robot/Desktop/mineswarm-parent/ros2_ws/install/childcomms/share/childcomms/hook/pythonpath.ps1'
[8.645s] INFO:colcon.colcon_core.shell:Creating environment descriptor '/home/robot/Desktop/mineswarm-parent/ros2_ws/install/childcomms/share/childcomms/hook/pythonpath.dsv'
[8.647s] INFO:colcon.colcon_core.shell:Creating environment hook '/home/robot/Desktop/mineswarm-parent/ros2_ws/install/childcomms/share/childcomms/hook/pythonpath.sh'
[8.649s] Level 1:colcon.colcon_core.environment:checking '/home/robot/Desktop/mineswarm-parent/ros2_ws/install/childcomms/bin'
[8.650s] Level 1:colcon.colcon_core.environment:create_environment_scripts_only(childcomms)
[8.651s] INFO:colcon.colcon_core.shell:Creating package script '/home/robot/Desktop/mineswarm-parent/ros2_ws/install/childcomms/share/childcomms/package.ps1'
[8.653s] INFO:colcon.colcon_core.shell:Creating package descriptor '/home/robot/Desktop/mineswarm-parent/ros2_ws/install/childcomms/share/childcomms/package.dsv'
[8.655s] INFO:colcon.colcon_core.shell:Creating package script '/home/robot/Desktop/mineswarm-parent/ros2_ws/install/childcomms/share/childcomms/package.sh'
[8.657s] INFO:colcon.colcon_core.shell:Creating package script '/home/robot/Desktop/mineswarm-parent/ros2_ws/install/childcomms/share/childcomms/package.bash'
[8.659s] INFO:colcon.colcon_core.shell:Creating package script '/home/robot/Desktop/mineswarm-parent/ros2_ws/install/childcomms/share/childcomms/package.zsh'
[8.661s] Level 1:colcon.colcon_core.environment:create_file_with_runtime_dependencies(/home/robot/Desktop/mineswarm-parent/ros2_ws/install/childcomms/share/colcon-core/packages/childcomms)
[8.666s] Level 1:colcon.colcon_core.environment:checking '/home/robot/Desktop/mineswarm-parent/ros2_ws/install/communication_module' for CMake module files
[8.669s] DEBUG:colcon.colcon_core.event_handler.log_command:Invoked command in '/home/robot/Desktop/mineswarm-parent/ros2_ws/src/communication_module' returned '0': PYTHONPATH=/home/robot/Desktop/mineswarm-parent/ros2_ws/build/communication_module/prefix_override:/usr/lib/python3/dist-packages/colcon_core/task/python/colcon_distutils_commands:/home/robot/Desktop/mineswarm-parent/ros2_ws/install/communication_module/lib/python3.10/site-packages:${PYTHONPATH} /usr/bin/python3 -W ignore:setup.py install is deprecated setup.py egg_info --egg-base ../../build/communication_module build --build-base /home/robot/Desktop/mineswarm-parent/ros2_ws/build/communication_module/build install --record /home/robot/Desktop/mineswarm-parent/ros2_ws/build/communication_module/install.log --single-version-externally-managed install_data
[8.670s] Level 1:colcon.colcon_core.environment:checking '/home/robot/Desktop/mineswarm-parent/ros2_ws/install/communication_module' for CMake config files
[8.674s] Level 1:colcon.colcon_core.environment:checking '/home/robot/Desktop/mineswarm-parent/ros2_ws/install/communication_module/lib'
[8.674s] Level 1:colcon.colcon_core.environment:checking '/home/robot/Desktop/mineswarm-parent/ros2_ws/install/communication_module/bin'
[8.674s] Level 1:colcon.colcon_core.environment:checking '/home/robot/Desktop/mineswarm-parent/ros2_ws/install/communication_module/lib/pkgconfig/communication_module.pc'
[8.676s] Level 1:colcon.colcon_core.environment:checking '/home/robot/Desktop/mineswarm-parent/ros2_ws/install/communication_module/lib/python3.10/site-packages'
[8.676s] Level 1:colcon.colcon_core.shell:create_environment_hook('communication_module', 'pythonpath')
[8.677s] INFO:colcon.colcon_core.shell:Creating environment hook '/home/robot/Desktop/mineswarm-parent/ros2_ws/install/communication_module/share/communication_module/hook/pythonpath.ps1'
[8.679s] INFO:colcon.colcon_core.shell:Creating environment descriptor '/home/robot/Desktop/mineswarm-parent/ros2_ws/install/communication_module/share/communication_module/hook/pythonpath.dsv'
[8.681s] INFO:colcon.colcon_core.shell:Creating environment hook '/home/robot/Desktop/mineswarm-parent/ros2_ws/install/communication_module/share/communication_module/hook/pythonpath.sh'
[8.685s] Level 1:colcon.colcon_core.environment:checking '/home/robot/Desktop/mineswarm-parent/ros2_ws/install/communication_module/bin'
[8.685s] Level 1:colcon.colcon_core.environment:create_environment_scripts_only(communication_module)
[8.686s] INFO:colcon.colcon_core.shell:Creating package script '/home/robot/Desktop/mineswarm-parent/ros2_ws/install/communication_module/share/communication_module/package.ps1'
[8.689s] INFO:colcon.colcon_core.shell:Creating package descriptor '/home/robot/Desktop/mineswarm-parent/ros2_ws/install/communication_module/share/communication_module/package.dsv'
[8.692s] INFO:colcon.colcon_core.shell:Creating package script '/home/robot/Desktop/mineswarm-parent/ros2_ws/install/communication_module/share/communication_module/package.sh'
[8.695s] INFO:colcon.colcon_core.shell:Creating package script '/home/robot/Desktop/mineswarm-parent/ros2_ws/install/communication_module/share/communication_module/package.bash'
[8.697s] INFO:colcon.colcon_core.shell:Creating package script '/home/robot/Desktop/mineswarm-parent/ros2_ws/install/communication_module/share/communication_module/package.zsh'
[8.699s] Level 1:colcon.colcon_core.environment:create_file_with_runtime_dependencies(/home/robot/Desktop/mineswarm-parent/ros2_ws/install/communication_module/share/colcon-core/packages/communication_module)
[8.700s] DEBUG:colcon.colcon_parallel_executor.executor.parallel:closing loop
[8.701s] DEBUG:colcon.colcon_parallel_executor.executor.parallel:loop closed
[8.702s] DEBUG:colcon.colcon_parallel_executor.executor.parallel:run_until_complete finished with '0'
[8.702s] DEBUG:colcon.colcon_core.event_reactor:joining thread
[8.729s] INFO:colcon.colcon_core.plugin_system:Skipping extension 'colcon_notification.desktop_notification.terminal_notifier': Not used on non-Darwin systems
[8.729s] INFO:colcon.colcon_core.plugin_system:Skipping extension 'colcon_notification.desktop_notification.win32': Not used on non-Windows systems
[8.729s] INFO:colcon.colcon_notification.desktop_notification:Sending desktop notification using 'notify2'
[8.785s] DEBUG:colcon.colcon_core.event_reactor:joined thread
[8.786s] INFO:colcon.colcon_core.shell:Creating prefix script '/home/robot/Desktop/mineswarm-parent/ros2_ws/install/local_setup.ps1'
[8.791s] INFO:colcon.colcon_core.shell:Creating prefix util module '/home/robot/Desktop/mineswarm-parent/ros2_ws/install/_local_setup_util_ps1.py'
[8.797s] INFO:colcon.colcon_core.shell:Creating prefix chain script '/home/robot/Desktop/mineswarm-parent/ros2_ws/install/setup.ps1'
[8.803s] INFO:colcon.colcon_core.shell:Creating prefix script '/home/robot/Desktop/mineswarm-parent/ros2_ws/install/local_setup.sh'
[8.806s] INFO:colcon.colcon_core.shell:Creating prefix util module '/home/robot/Desktop/mineswarm-parent/ros2_ws/install/_local_setup_util_sh.py'
[8.810s] INFO:colcon.colcon_core.shell:Creating prefix chain script '/home/robot/Desktop/mineswarm-parent/ros2_ws/install/setup.sh'
[8.817s] INFO:colcon.colcon_core.shell:Creating prefix script '/home/robot/Desktop/mineswarm-parent/ros2_ws/install/local_setup.bash'
[8.820s] INFO:colcon.colcon_core.shell:Creating prefix chain script '/home/robot/Desktop/mineswarm-parent/ros2_ws/install/setup.bash'
[8.827s] INFO:colcon.colcon_core.shell:Creating prefix script '/home/robot/Desktop/mineswarm-parent/ros2_ws/install/local_setup.zsh'
[8.831s] INFO:colcon.colcon_core.shell:Creating prefix chain script '/home/robot/Desktop/mineswarm-parent/ros2_ws/install/setup.zsh'
