[0.667s] DEBUG:colcon:Command line arguments: ['/usr/bin/colcon', 'build']
[0.668s] DEBUG:colcon:Parsed command line arguments: Namespace(log_base=None, log_level=None, verb_name='build', build_base='build', install_base='install', merge_install=False, symlink_install=False, test_result_base=None, continue_on_error=False, executor='parallel', parallel_workers=4, event_handlers=None, ignore_user_meta=False, metas=['./colcon.meta'], base_paths=['.'], packages_ignore=None, packages_ignore_regex=None, paths=None, packages_up_to=None, packages_up_to_regex=None, packages_above=None, packages_above_and_dependencies=None, packages_above_depth=None, packages_select_by_dep=None, packages_skip_by_dep=None, packages_skip_up_to=None, packages_select_build_failed=False, packages_skip_build_finished=False, packages_select_test_failures=False, packages_skip_test_passed=False, packages_select=None, packages_skip=None, packages_select_regex=None, packages_skip_regex=None, packages_start=None, packages_end=None, allow_overriding=[], cmake_args=None, cmake_target=None, cmake_target_skip_unavailable=False, cmake_clean_cache=False, cmake_clean_first=False, cmake_force_configure=False, ament_cmake_args=None, catkin_cmake_args=None, catkin_skip_building_tests=False, verb_parser=<colcon_defaults.argument_parser.defaults.DefaultArgumentsDecorator object at 0xffffba4e8d90>, verb_extension=<colcon_core.verb.build.BuildVerb object at 0xffffba4e8940>, main=<bound method BuildVerb.main of <colcon_core.verb.build.BuildVerb object at 0xffffba4e8940>>)
[1.882s] Level 1:colcon.colcon_core.package_discovery:discover_packages(colcon_meta) check parameters
[1.882s] Level 1:colcon.colcon_core.package_discovery:discover_packages(recursive) check parameters
[1.883s] Level 1:colcon.colcon_core.package_discovery:discover_packages(ignore) check parameters
[1.883s] Level 1:colcon.colcon_core.package_discovery:discover_packages(path) check parameters
[1.883s] Level 1:colcon.colcon_core.package_discovery:discover_packages(colcon_meta) discover
[1.883s] Level 1:colcon.colcon_core.package_discovery:discover_packages(recursive) discover
[1.883s] INFO:colcon.colcon_core.package_discovery:Crawling recursively for packages in '/home/robot/Desktop/mineswarm-parent/ros2_ws'
[1.884s] Level 1:colcon.colcon_core.package_identification:_identify(.) by extensions ['ignore', 'ignore_ament_install']
[1.884s] Level 1:colcon.colcon_core.package_identification:_identify(.) by extension 'ignore'
[1.884s] Level 1:colcon.colcon_core.package_identification:_identify(.) by extension 'ignore_ament_install'
[1.885s] Level 1:colcon.colcon_core.package_identification:_identify(.) by extensions ['colcon_pkg']
[1.885s] Level 1:colcon.colcon_core.package_identification:_identify(.) by extension 'colcon_pkg'
[1.885s] Level 1:colcon.colcon_core.package_identification:_identify(.) by extensions ['colcon_meta']
[1.885s] Level 1:colcon.colcon_core.package_identification:_identify(.) by extension 'colcon_meta'
[1.885s] Level 1:colcon.colcon_core.package_identification:_identify(.) by extensions ['ros']
[1.886s] Level 1:colcon.colcon_core.package_identification:_identify(.) by extension 'ros'
[1.957s] Level 1:colcon.colcon_core.package_identification:_identify(.) by extensions ['cmake', 'python']
[1.957s] Level 1:colcon.colcon_core.package_identification:_identify(.) by extension 'cmake'
[1.957s] Level 1:colcon.colcon_core.package_identification:_identify(.) by extension 'python'
[1.957s] Level 1:colcon.colcon_core.package_identification:_identify(.) by extensions ['python_setup_py']
[1.957s] Level 1:colcon.colcon_core.package_identification:_identify(.) by extension 'python_setup_py'
[1.958s] Level 1:colcon.colcon_core.package_identification:_identify(build) by extensions ['ignore', 'ignore_ament_install']
[1.958s] Level 1:colcon.colcon_core.package_identification:_identify(build) by extension 'ignore'
[1.958s] Level 1:colcon.colcon_core.package_identification:_identify(build) ignored
[1.959s] Level 1:colcon.colcon_core.package_identification:_identify(install) by extensions ['ignore', 'ignore_ament_install']
[1.959s] Level 1:colcon.colcon_core.package_identification:_identify(install) by extension 'ignore'
[1.960s] Level 1:colcon.colcon_core.package_identification:_identify(install) ignored
[1.960s] Level 1:colcon.colcon_core.package_identification:_identify(log) by extensions ['ignore', 'ignore_ament_install']
[1.960s] Level 1:colcon.colcon_core.package_identification:_identify(log) by extension 'ignore'
[1.961s] Level 1:colcon.colcon_core.package_identification:_identify(log) ignored
[1.962s] Level 1:colcon.colcon_core.package_identification:_identify(src) by extensions ['ignore', 'ignore_ament_install']
[1.962s] Level 1:colcon.colcon_core.package_identification:_identify(src) by extension 'ignore'
[1.963s] Level 1:colcon.colcon_core.package_identification:_identify(src) by extension 'ignore_ament_install'
[1.963s] Level 1:colcon.colcon_core.package_identification:_identify(src) by extensions ['colcon_pkg']
[1.963s] Level 1:colcon.colcon_core.package_identification:_identify(src) by extension 'colcon_pkg'
[1.963s] Level 1:colcon.colcon_core.package_identification:_identify(src) by extensions ['colcon_meta']
[1.963s] Level 1:colcon.colcon_core.package_identification:_identify(src) by extension 'colcon_meta'
[1.963s] Level 1:colcon.colcon_core.package_identification:_identify(src) by extensions ['ros']
[1.964s] Level 1:colcon.colcon_core.package_identification:_identify(src) by extension 'ros'
[1.964s] Level 1:colcon.colcon_core.package_identification:_identify(src) by extensions ['cmake', 'python']
[1.964s] Level 1:colcon.colcon_core.package_identification:_identify(src) by extension 'cmake'
[1.964s] Level 1:colcon.colcon_core.package_identification:_identify(src) by extension 'python'
[1.965s] Level 1:colcon.colcon_core.package_identification:_identify(src) by extensions ['python_setup_py']
[1.965s] Level 1:colcon.colcon_core.package_identification:_identify(src) by extension 'python_setup_py'
[1.966s] Level 1:colcon.colcon_core.package_identification:_identify(src/childcomms) by extensions ['ignore', 'ignore_ament_install']
[1.966s] Level 1:colcon.colcon_core.package_identification:_identify(src/childcomms) by extension 'ignore'
[1.966s] Level 1:colcon.colcon_core.package_identification:_identify(src/childcomms) by extension 'ignore_ament_install'
[1.967s] Level 1:colcon.colcon_core.package_identification:_identify(src/childcomms) by extensions ['colcon_pkg']
[1.967s] Level 1:colcon.colcon_core.package_identification:_identify(src/childcomms) by extension 'colcon_pkg'
[1.967s] Level 1:colcon.colcon_core.package_identification:_identify(src/childcomms) by extensions ['colcon_meta']
[1.967s] Level 1:colcon.colcon_core.package_identification:_identify(src/childcomms) by extension 'colcon_meta'
[1.967s] Level 1:colcon.colcon_core.package_identification:_identify(src/childcomms) by extensions ['ros']
[1.967s] Level 1:colcon.colcon_core.package_identification:_identify(src/childcomms) by extension 'ros'
[1.981s] DEBUG:colcon.colcon_core.package_identification:Package 'src/childcomms' with type 'ros.ament_python' and name 'childcomms'
[1.983s] Level 1:colcon.colcon_core.package_identification:_identify(src/communication_module) by extensions ['ignore', 'ignore_ament_install']
[1.983s] Level 1:colcon.colcon_core.package_identification:_identify(src/communication_module) by extension 'ignore'
[1.983s] Level 1:colcon.colcon_core.package_identification:_identify(src/communication_module) by extension 'ignore_ament_install'
[1.984s] Level 1:colcon.colcon_core.package_identification:_identify(src/communication_module) by extensions ['colcon_pkg']
[1.984s] Level 1:colcon.colcon_core.package_identification:_identify(src/communication_module) by extension 'colcon_pkg'
[1.984s] Level 1:colcon.colcon_core.package_identification:_identify(src/communication_module) by extensions ['colcon_meta']
[1.984s] Level 1:colcon.colcon_core.package_identification:_identify(src/communication_module) by extension 'colcon_meta'
[1.984s] Level 1:colcon.colcon_core.package_identification:_identify(src/communication_module) by extensions ['ros']
[1.985s] Level 1:colcon.colcon_core.package_identification:_identify(src/communication_module) by extension 'ros'
[1.988s] DEBUG:colcon.colcon_core.package_identification:Package 'src/communication_module' with type 'ros.ament_python' and name 'communication_module'
[1.989s] Level 1:colcon.colcon_core.package_identification:_identify(src/sllidar_ros2) by extensions ['ignore', 'ignore_ament_install']
[1.990s] Level 1:colcon.colcon_core.package_identification:_identify(src/sllidar_ros2) by extension 'ignore'
[1.990s] Level 1:colcon.colcon_core.package_identification:_identify(src/sllidar_ros2) by extension 'ignore_ament_install'
[1.990s] Level 1:colcon.colcon_core.package_identification:_identify(src/sllidar_ros2) by extensions ['colcon_pkg']
[1.990s] Level 1:colcon.colcon_core.package_identification:_identify(src/sllidar_ros2) by extension 'colcon_pkg'
[1.991s] Level 1:colcon.colcon_core.package_identification:_identify(src/sllidar_ros2) by extensions ['colcon_meta']
[1.991s] Level 1:colcon.colcon_core.package_identification:_identify(src/sllidar_ros2) by extension 'colcon_meta'
[1.991s] Level 1:colcon.colcon_core.package_identification:_identify(src/sllidar_ros2) by extensions ['ros']
[1.991s] Level 1:colcon.colcon_core.package_identification:_identify(src/sllidar_ros2) by extension 'ros'
[1.995s] DEBUG:colcon.colcon_core.package_identification:Package 'src/sllidar_ros2' with type 'ros.ament_cmake' and name 'sllidar_ros2'
[1.996s] Level 1:colcon.colcon_core.package_identification:_identify(src/ugv02_cartographer) by extensions ['ignore', 'ignore_ament_install']
[1.996s] Level 1:colcon.colcon_core.package_identification:_identify(src/ugv02_cartographer) by extension 'ignore'
[1.997s] Level 1:colcon.colcon_core.package_identification:_identify(src/ugv02_cartographer) by extension 'ignore_ament_install'
[1.997s] Level 1:colcon.colcon_core.package_identification:_identify(src/ugv02_cartographer) by extensions ['colcon_pkg']
[1.997s] Level 1:colcon.colcon_core.package_identification:_identify(src/ugv02_cartographer) by extension 'colcon_pkg'
[1.997s] Level 1:colcon.colcon_core.package_identification:_identify(src/ugv02_cartographer) by extensions ['colcon_meta']
[1.997s] Level 1:colcon.colcon_core.package_identification:_identify(src/ugv02_cartographer) by extension 'colcon_meta'
[1.998s] Level 1:colcon.colcon_core.package_identification:_identify(src/ugv02_cartographer) by extensions ['ros']
[1.998s] Level 1:colcon.colcon_core.package_identification:_identify(src/ugv02_cartographer) by extension 'ros'
[2.001s] DEBUG:colcon.colcon_core.package_identification:Package 'src/ugv02_cartographer' with type 'ros.ament_cmake' and name 'ugv02_cartographer'
[2.001s] Level 1:colcon.colcon_core.package_discovery:discover_packages(recursive) using defaults
[2.001s] Level 1:colcon.colcon_core.package_discovery:discover_packages(ignore) discover
[2.002s] Level 1:colcon.colcon_core.package_discovery:discover_packages(ignore) using defaults
[2.002s] Level 1:colcon.colcon_core.package_discovery:discover_packages(path) discover
[2.002s] Level 1:colcon.colcon_core.package_discovery:discover_packages(path) using defaults
[2.125s] Level 1:colcon.colcon_core.package_discovery:discover_packages(prefix_path) check parameters
[2.125s] Level 1:colcon.colcon_core.package_discovery:discover_packages(prefix_path) discover
[2.141s] DEBUG:colcon.colcon_installed_package_information.package_discovery:Found 4 installed packages in /home/robot/Desktop/mineswarm-parent/ros2_ws/install
[2.151s] DEBUG:colcon.colcon_installed_package_information.package_discovery:Found 275 installed packages in /opt/ros/humble
[2.158s] Level 1:colcon.colcon_core.package_discovery:discover_packages(prefix_path) using defaults
[2.378s] Level 5:colcon.colcon_core.verb:set package 'childcomms' build argument 'cmake_args' from command line to 'None'
[2.378s] Level 5:colcon.colcon_core.verb:set package 'childcomms' build argument 'cmake_target' from command line to 'None'
[2.378s] Level 5:colcon.colcon_core.verb:set package 'childcomms' build argument 'cmake_target_skip_unavailable' from command line to 'False'
[2.379s] Level 5:colcon.colcon_core.verb:set package 'childcomms' build argument 'cmake_clean_cache' from command line to 'False'
[2.379s] Level 5:colcon.colcon_core.verb:set package 'childcomms' build argument 'cmake_clean_first' from command line to 'False'
[2.379s] Level 5:colcon.colcon_core.verb:set package 'childcomms' build argument 'cmake_force_configure' from command line to 'False'
[2.379s] Level 5:colcon.colcon_core.verb:set package 'childcomms' build argument 'ament_cmake_args' from command line to 'None'
[2.379s] Level 5:colcon.colcon_core.verb:set package 'childcomms' build argument 'catkin_cmake_args' from command line to 'None'
[2.379s] Level 5:colcon.colcon_core.verb:set package 'childcomms' build argument 'catkin_skip_building_tests' from command line to 'False'
[2.379s] DEBUG:colcon.colcon_core.verb:Building package 'childcomms' with the following arguments: {'ament_cmake_args': None, 'build_base': '/home/robot/Desktop/mineswarm-parent/ros2_ws/build/childcomms', 'catkin_cmake_args': None, 'catkin_skip_building_tests': False, 'cmake_args': None, 'cmake_clean_cache': False, 'cmake_clean_first': False, 'cmake_force_configure': False, 'cmake_target': None, 'cmake_target_skip_unavailable': False, 'install_base': '/home/robot/Desktop/mineswarm-parent/ros2_ws/install/childcomms', 'merge_install': False, 'path': '/home/robot/Desktop/mineswarm-parent/ros2_ws/src/childcomms', 'symlink_install': False, 'test_result_base': None}
[2.381s] Level 5:colcon.colcon_core.verb:set package 'communication_module' build argument 'cmake_args' from command line to 'None'
[2.381s] Level 5:colcon.colcon_core.verb:set package 'communication_module' build argument 'cmake_target' from command line to 'None'
[2.381s] Level 5:colcon.colcon_core.verb:set package 'communication_module' build argument 'cmake_target_skip_unavailable' from command line to 'False'
[2.381s] Level 5:colcon.colcon_core.verb:set package 'communication_module' build argument 'cmake_clean_cache' from command line to 'False'
[2.381s] Level 5:colcon.colcon_core.verb:set package 'communication_module' build argument 'cmake_clean_first' from command line to 'False'
[2.381s] Level 5:colcon.colcon_core.verb:set package 'communication_module' build argument 'cmake_force_configure' from command line to 'False'
[2.382s] Level 5:colcon.colcon_core.verb:set package 'communication_module' build argument 'ament_cmake_args' from command line to 'None'
[2.382s] Level 5:colcon.colcon_core.verb:set package 'communication_module' build argument 'catkin_cmake_args' from command line to 'None'
[2.382s] Level 5:colcon.colcon_core.verb:set package 'communication_module' build argument 'catkin_skip_building_tests' from command line to 'False'
[2.382s] DEBUG:colcon.colcon_core.verb:Building package 'communication_module' with the following arguments: {'ament_cmake_args': None, 'build_base': '/home/robot/Desktop/mineswarm-parent/ros2_ws/build/communication_module', 'catkin_cmake_args': None, 'catkin_skip_building_tests': False, 'cmake_args': None, 'cmake_clean_cache': False, 'cmake_clean_first': False, 'cmake_force_configure': False, 'cmake_target': None, 'cmake_target_skip_unavailable': False, 'install_base': '/home/robot/Desktop/mineswarm-parent/ros2_ws/install/communication_module', 'merge_install': False, 'path': '/home/robot/Desktop/mineswarm-parent/ros2_ws/src/communication_module', 'symlink_install': False, 'test_result_base': None}
[2.383s] Level 5:colcon.colcon_core.verb:set package 'sllidar_ros2' build argument 'cmake_args' from command line to 'None'
[2.383s] Level 5:colcon.colcon_core.verb:set package 'sllidar_ros2' build argument 'cmake_target' from command line to 'None'
[2.384s] Level 5:colcon.colcon_core.verb:set package 'sllidar_ros2' build argument 'cmake_target_skip_unavailable' from command line to 'False'
[2.384s] Level 5:colcon.colcon_core.verb:set package 'sllidar_ros2' build argument 'cmake_clean_cache' from command line to 'False'
[2.384s] Level 5:colcon.colcon_core.verb:set package 'sllidar_ros2' build argument 'cmake_clean_first' from command line to 'False'
[2.384s] Level 5:colcon.colcon_core.verb:set package 'sllidar_ros2' build argument 'cmake_force_configure' from command line to 'False'
[2.384s] Level 5:colcon.colcon_core.verb:set package 'sllidar_ros2' build argument 'ament_cmake_args' from command line to 'None'
[2.384s] Level 5:colcon.colcon_core.verb:set package 'sllidar_ros2' build argument 'catkin_cmake_args' from command line to 'None'
[2.384s] Level 5:colcon.colcon_core.verb:set package 'sllidar_ros2' build argument 'catkin_skip_building_tests' from command line to 'False'
[2.384s] DEBUG:colcon.colcon_core.verb:Building package 'sllidar_ros2' with the following arguments: {'ament_cmake_args': None, 'build_base': '/home/robot/Desktop/mineswarm-parent/ros2_ws/build/sllidar_ros2', 'catkin_cmake_args': None, 'catkin_skip_building_tests': False, 'cmake_args': None, 'cmake_clean_cache': False, 'cmake_clean_first': False, 'cmake_force_configure': False, 'cmake_target': None, 'cmake_target_skip_unavailable': False, 'install_base': '/home/robot/Desktop/mineswarm-parent/ros2_ws/install/sllidar_ros2', 'merge_install': False, 'path': '/home/robot/Desktop/mineswarm-parent/ros2_ws/src/sllidar_ros2', 'symlink_install': False, 'test_result_base': None}
[2.386s] Level 5:colcon.colcon_core.verb:set package 'ugv02_cartographer' build argument 'cmake_args' from command line to 'None'
[2.386s] Level 5:colcon.colcon_core.verb:set package 'ugv02_cartographer' build argument 'cmake_target' from command line to 'None'
[2.386s] Level 5:colcon.colcon_core.verb:set package 'ugv02_cartographer' build argument 'cmake_target_skip_unavailable' from command line to 'False'
[2.386s] Level 5:colcon.colcon_core.verb:set package 'ugv02_cartographer' build argument 'cmake_clean_cache' from command line to 'False'
[2.386s] Level 5:colcon.colcon_core.verb:set package 'ugv02_cartographer' build argument 'cmake_clean_first' from command line to 'False'
[2.386s] Level 5:colcon.colcon_core.verb:set package 'ugv02_cartographer' build argument 'cmake_force_configure' from command line to 'False'
[2.386s] Level 5:colcon.colcon_core.verb:set package 'ugv02_cartographer' build argument 'ament_cmake_args' from command line to 'None'
[2.386s] Level 5:colcon.colcon_core.verb:set package 'ugv02_cartographer' build argument 'catkin_cmake_args' from command line to 'None'
[2.387s] Level 5:colcon.colcon_core.verb:set package 'ugv02_cartographer' build argument 'catkin_skip_building_tests' from command line to 'False'
[2.387s] DEBUG:colcon.colcon_core.verb:Building package 'ugv02_cartographer' with the following arguments: {'ament_cmake_args': None, 'build_base': '/home/robot/Desktop/mineswarm-parent/ros2_ws/build/ugv02_cartographer', 'catkin_cmake_args': None, 'catkin_skip_building_tests': False, 'cmake_args': None, 'cmake_clean_cache': False, 'cmake_clean_first': False, 'cmake_force_configure': False, 'cmake_target': None, 'cmake_target_skip_unavailable': False, 'install_base': '/home/robot/Desktop/mineswarm-parent/ros2_ws/install/ugv02_cartographer', 'merge_install': False, 'path': '/home/robot/Desktop/mineswarm-parent/ros2_ws/src/ugv02_cartographer', 'symlink_install': False, 'test_result_base': None}
[2.387s] INFO:colcon.colcon_core.executor:Executing jobs using 'parallel' executor
[2.390s] DEBUG:colcon.colcon_parallel_executor.executor.parallel:run_until_complete
[2.392s] INFO:colcon.colcon_ros.task.ament_python.build:Building ROS package in '/home/robot/Desktop/mineswarm-parent/ros2_ws/src/childcomms' with build type 'ament_python'
[2.392s] Level 1:colcon.colcon_core.shell:create_environment_hook('childcomms', 'ament_prefix_path')
[2.416s] INFO:colcon.colcon_core.plugin_system:Skipping extension 'colcon_core.shell.bat': Not used on non-Windows systems
[2.417s] INFO:colcon.colcon_core.shell:Creating environment hook '/home/robot/Desktop/mineswarm-parent/ros2_ws/install/childcomms/share/childcomms/hook/ament_prefix_path.ps1'
[2.422s] INFO:colcon.colcon_core.shell:Creating environment descriptor '/home/robot/Desktop/mineswarm-parent/ros2_ws/install/childcomms/share/childcomms/hook/ament_prefix_path.dsv'
[2.426s] INFO:colcon.colcon_core.shell:Creating environment hook '/home/robot/Desktop/mineswarm-parent/ros2_ws/install/childcomms/share/childcomms/hook/ament_prefix_path.sh'
[2.431s] INFO:colcon.colcon_core.shell:Skip shell extension 'powershell' for command environment: Not usable outside of PowerShell
[2.432s] DEBUG:colcon.colcon_core.shell:Skip shell extension 'dsv' for command environment
[2.453s] INFO:colcon.colcon_ros.task.ament_python.build:Building ROS package in '/home/robot/Desktop/mineswarm-parent/ros2_ws/src/communication_module' with build type 'ament_python'
[2.453s] Level 1:colcon.colcon_core.shell:create_environment_hook('communication_module', 'ament_prefix_path')
[2.455s] INFO:colcon.colcon_core.shell:Creating environment hook '/home/robot/Desktop/mineswarm-parent/ros2_ws/install/communication_module/share/communication_module/hook/ament_prefix_path.ps1'
[2.457s] INFO:colcon.colcon_core.shell:Creating environment descriptor '/home/robot/Desktop/mineswarm-parent/ros2_ws/install/communication_module/share/communication_module/hook/ament_prefix_path.dsv'
[2.459s] INFO:colcon.colcon_core.shell:Creating environment hook '/home/robot/Desktop/mineswarm-parent/ros2_ws/install/communication_module/share/communication_module/hook/ament_prefix_path.sh'
[2.463s] INFO:colcon.colcon_core.shell:Skip shell extension 'powershell' for command environment: Not usable outside of PowerShell
[2.463s] DEBUG:colcon.colcon_core.shell:Skip shell extension 'dsv' for command environment
[2.488s] INFO:colcon.colcon_ros.task.ament_cmake.build:Building ROS package in '/home/robot/Desktop/mineswarm-parent/ros2_ws/src/sllidar_ros2' with build type 'ament_cmake'
[2.488s] INFO:colcon.colcon_cmake.task.cmake.build:Building CMake package in '/home/robot/Desktop/mineswarm-parent/ros2_ws/src/sllidar_ros2'
[2.490s] INFO:colcon.colcon_core.shell:Skip shell extension 'powershell' for command environment: Not usable outside of PowerShell
[2.492s] DEBUG:colcon.colcon_core.shell:Skip shell extension 'dsv' for command environment
[2.517s] INFO:colcon.colcon_ros.task.ament_cmake.build:Building ROS package in '/home/robot/Desktop/mineswarm-parent/ros2_ws/src/ugv02_cartographer' with build type 'ament_cmake'
[2.518s] INFO:colcon.colcon_cmake.task.cmake.build:Building CMake package in '/home/robot/Desktop/mineswarm-parent/ros2_ws/src/ugv02_cartographer'
[2.519s] INFO:colcon.colcon_core.shell:Skip shell extension 'powershell' for command environment: Not usable outside of PowerShell
[2.520s] DEBUG:colcon.colcon_core.shell:Skip shell extension 'dsv' for command environment
[3.825s] INFO:colcon.colcon_core.task.python.build:Building Python package in '/home/robot/Desktop/mineswarm-parent/ros2_ws/src/childcomms'
[3.826s] INFO:colcon.colcon_core.shell:Skip shell extension 'powershell' for command environment: Not usable outside of PowerShell
[3.826s] DEBUG:colcon.colcon_core.shell:Skip shell extension 'dsv' for command environment
[5.103s] INFO:colcon.colcon_core.task.python.build:Building Python package in '/home/robot/Desktop/mineswarm-parent/ros2_ws/src/communication_module'
[5.105s] INFO:colcon.colcon_core.shell:Skip shell extension 'powershell' for command environment: Not usable outside of PowerShell
[5.105s] DEBUG:colcon.colcon_core.shell:Skip shell extension 'dsv' for command environment
[5.141s] DEBUG:colcon.colcon_core.event_handler.log_command:Invoking command in '/home/robot/Desktop/mineswarm-parent/ros2_ws/build/sllidar_ros2': CMAKE_PREFIX_PATH=${CMAKE_PREFIX_PATH}:/home/robot/Desktop/mineswarm-parent/ros2_ws/install/communication_module:/home/robot/Desktop/mineswarm-parent/ros2_ws/install/childcomms:/opt/ros/humble /usr/bin/cmake --build /home/robot/Desktop/mineswarm-parent/ros2_ws/build/sllidar_ros2 -- -j4 -l4
[5.189s] DEBUG:colcon.colcon_core.event_handler.log_command:Invoking command in '/home/robot/Desktop/mineswarm-parent/ros2_ws/build/ugv02_cartographer': CMAKE_PREFIX_PATH=${CMAKE_PREFIX_PATH}:/home/robot/Desktop/mineswarm-parent/ros2_ws/install/communication_module:/home/robot/Desktop/mineswarm-parent/ros2_ws/install/childcomms:/opt/ros/humble /usr/bin/cmake --build /home/robot/Desktop/mineswarm-parent/ros2_ws/build/ugv02_cartographer -- -j4 -l4
[5.640s] DEBUG:colcon.colcon_core.event_handler.log_command:Invoked command in '/home/robot/Desktop/mineswarm-parent/ros2_ws/build/ugv02_cartographer' returned '0': CMAKE_PREFIX_PATH=${CMAKE_PREFIX_PATH}:/home/robot/Desktop/mineswarm-parent/ros2_ws/install/communication_module:/home/robot/Desktop/mineswarm-parent/ros2_ws/install/childcomms:/opt/ros/humble /usr/bin/cmake --build /home/robot/Desktop/mineswarm-parent/ros2_ws/build/ugv02_cartographer -- -j4 -l4
[5.882s] DEBUG:colcon.colcon_core.event_handler.log_command:Invoking command in '/home/robot/Desktop/mineswarm-parent/ros2_ws/build/ugv02_cartographer': CMAKE_PREFIX_PATH=${CMAKE_PREFIX_PATH}:/home/robot/Desktop/mineswarm-parent/ros2_ws/install/communication_module:/home/robot/Desktop/mineswarm-parent/ros2_ws/install/childcomms:/opt/ros/humble /usr/bin/cmake --install /home/robot/Desktop/mineswarm-parent/ros2_ws/build/ugv02_cartographer
[5.986s] Level 1:colcon.colcon_core.environment:create_environment_scripts_only(ugv02_cartographer)
[5.990s] DEBUG:colcon.colcon_core.event_handler.log_command:Invoked command in '/home/robot/Desktop/mineswarm-parent/ros2_ws/build/ugv02_cartographer' returned '0': CMAKE_PREFIX_PATH=${CMAKE_PREFIX_PATH}:/home/robot/Desktop/mineswarm-parent/ros2_ws/install/communication_module:/home/robot/Desktop/mineswarm-parent/ros2_ws/install/childcomms:/opt/ros/humble /usr/bin/cmake --install /home/robot/Desktop/mineswarm-parent/ros2_ws/build/ugv02_cartographer
[6.033s] Level 1:colcon.colcon_core.environment:checking '/home/robot/Desktop/mineswarm-parent/ros2_ws/install/ugv02_cartographer' for CMake module files
[6.037s] Level 1:colcon.colcon_core.environment:checking '/home/robot/Desktop/mineswarm-parent/ros2_ws/install/ugv02_cartographer' for CMake config files
[6.039s] Level 1:colcon.colcon_core.shell:create_environment_hook('ugv02_cartographer', 'cmake_prefix_path')
[6.041s] INFO:colcon.colcon_core.shell:Creating environment hook '/home/robot/Desktop/mineswarm-parent/ros2_ws/install/ugv02_cartographer/share/ugv02_cartographer/hook/cmake_prefix_path.ps1'
[6.043s] INFO:colcon.colcon_core.shell:Creating environment descriptor '/home/robot/Desktop/mineswarm-parent/ros2_ws/install/ugv02_cartographer/share/ugv02_cartographer/hook/cmake_prefix_path.dsv'
[6.046s] INFO:colcon.colcon_core.shell:Creating environment hook '/home/robot/Desktop/mineswarm-parent/ros2_ws/install/ugv02_cartographer/share/ugv02_cartographer/hook/cmake_prefix_path.sh'
[6.050s] Level 1:colcon.colcon_core.environment:checking '/home/robot/Desktop/mineswarm-parent/ros2_ws/install/ugv02_cartographer/bin'
[6.051s] Level 1:colcon.colcon_core.environment:checking '/home/robot/Desktop/mineswarm-parent/ros2_ws/install/ugv02_cartographer/lib/pkgconfig/ugv02_cartographer.pc'
[6.058s] Level 1:colcon.colcon_core.environment:checking '/home/robot/Desktop/mineswarm-parent/ros2_ws/install/ugv02_cartographer/lib/python3.10/site-packages'
[6.060s] Level 1:colcon.colcon_core.environment:checking '/home/robot/Desktop/mineswarm-parent/ros2_ws/install/ugv02_cartographer/bin'
[6.062s] INFO:colcon.colcon_core.shell:Creating package script '/home/robot/Desktop/mineswarm-parent/ros2_ws/install/ugv02_cartographer/share/ugv02_cartographer/package.ps1'
[6.071s] INFO:colcon.colcon_core.shell:Creating package descriptor '/home/robot/Desktop/mineswarm-parent/ros2_ws/install/ugv02_cartographer/share/ugv02_cartographer/package.dsv'
[6.075s] INFO:colcon.colcon_core.shell:Creating package script '/home/robot/Desktop/mineswarm-parent/ros2_ws/install/ugv02_cartographer/share/ugv02_cartographer/package.sh'
[6.080s] INFO:colcon.colcon_core.shell:Creating package script '/home/robot/Desktop/mineswarm-parent/ros2_ws/install/ugv02_cartographer/share/ugv02_cartographer/package.bash'
[6.086s] INFO:colcon.colcon_core.shell:Creating package script '/home/robot/Desktop/mineswarm-parent/ros2_ws/install/ugv02_cartographer/share/ugv02_cartographer/package.zsh'
[6.092s] Level 1:colcon.colcon_core.environment:create_file_with_runtime_dependencies(/home/robot/Desktop/mineswarm-parent/ros2_ws/install/ugv02_cartographer/share/colcon-core/packages/ugv02_cartographer)
[6.182s] DEBUG:colcon.colcon_core.event_handler.log_command:Invoked command in '/home/robot/Desktop/mineswarm-parent/ros2_ws/build/sllidar_ros2' returned '0': CMAKE_PREFIX_PATH=${CMAKE_PREFIX_PATH}:/home/robot/Desktop/mineswarm-parent/ros2_ws/install/communication_module:/home/robot/Desktop/mineswarm-parent/ros2_ws/install/childcomms:/opt/ros/humble /usr/bin/cmake --build /home/robot/Desktop/mineswarm-parent/ros2_ws/build/sllidar_ros2 -- -j4 -l4
[6.255s] Level 1:colcon.colcon_core.environment:create_environment_scripts_only(ugv02_cartographer)
[6.257s] Level 1:colcon.colcon_core.environment:checking '/home/robot/Desktop/mineswarm-parent/ros2_ws/install/ugv02_cartographer' for CMake module files
[6.261s] Level 1:colcon.colcon_core.environment:checking '/home/robot/Desktop/mineswarm-parent/ros2_ws/install/ugv02_cartographer' for CMake config files
[6.264s] Level 1:colcon.colcon_core.shell:create_environment_hook('ugv02_cartographer', 'cmake_prefix_path')
[6.266s] INFO:colcon.colcon_core.shell:Creating environment hook '/home/robot/Desktop/mineswarm-parent/ros2_ws/install/ugv02_cartographer/share/ugv02_cartographer/hook/cmake_prefix_path.ps1'
[6.268s] INFO:colcon.colcon_core.shell:Creating environment descriptor '/home/robot/Desktop/mineswarm-parent/ros2_ws/install/ugv02_cartographer/share/ugv02_cartographer/hook/cmake_prefix_path.dsv'
[6.271s] INFO:colcon.colcon_core.shell:Creating environment hook '/home/robot/Desktop/mineswarm-parent/ros2_ws/install/ugv02_cartographer/share/ugv02_cartographer/hook/cmake_prefix_path.sh'
[6.275s] Level 1:colcon.colcon_core.environment:checking '/home/robot/Desktop/mineswarm-parent/ros2_ws/install/ugv02_cartographer/bin'
[6.275s] Level 1:colcon.colcon_core.environment:checking '/home/robot/Desktop/mineswarm-parent/ros2_ws/install/ugv02_cartographer/lib/pkgconfig/ugv02_cartographer.pc'
[6.277s] Level 1:colcon.colcon_core.environment:checking '/home/robot/Desktop/mineswarm-parent/ros2_ws/install/ugv02_cartographer/lib/python3.10/site-packages'
[6.278s] Level 1:colcon.colcon_core.environment:checking '/home/robot/Desktop/mineswarm-parent/ros2_ws/install/ugv02_cartographer/bin'
[6.280s] INFO:colcon.colcon_core.shell:Creating package script '/home/robot/Desktop/mineswarm-parent/ros2_ws/install/ugv02_cartographer/share/ugv02_cartographer/package.ps1'
[6.283s] INFO:colcon.colcon_core.shell:Creating package descriptor '/home/robot/Desktop/mineswarm-parent/ros2_ws/install/ugv02_cartographer/share/ugv02_cartographer/package.dsv'
[6.287s] INFO:colcon.colcon_core.shell:Creating package script '/home/robot/Desktop/mineswarm-parent/ros2_ws/install/ugv02_cartographer/share/ugv02_cartographer/package.sh'
[6.290s] INFO:colcon.colcon_core.shell:Creating package script '/home/robot/Desktop/mineswarm-parent/ros2_ws/install/ugv02_cartographer/share/ugv02_cartographer/package.bash'
[6.293s] INFO:colcon.colcon_core.shell:Creating package script '/home/robot/Desktop/mineswarm-parent/ros2_ws/install/ugv02_cartographer/share/ugv02_cartographer/package.zsh'
[6.295s] Level 1:colcon.colcon_core.environment:create_file_with_runtime_dependencies(/home/robot/Desktop/mineswarm-parent/ros2_ws/install/ugv02_cartographer/share/colcon-core/packages/ugv02_cartographer)
[6.697s] DEBUG:colcon.colcon_core.event_handler.log_command:Invoking command in '/home/robot/Desktop/mineswarm-parent/ros2_ws/build/sllidar_ros2': CMAKE_PREFIX_PATH=${CMAKE_PREFIX_PATH}:/home/robot/Desktop/mineswarm-parent/ros2_ws/install/communication_module:/home/robot/Desktop/mineswarm-parent/ros2_ws/install/childcomms:/opt/ros/humble /usr/bin/cmake --install /home/robot/Desktop/mineswarm-parent/ros2_ws/build/sllidar_ros2
[6.779s] Level 1:colcon.colcon_core.environment:create_environment_scripts_only(sllidar_ros2)
[6.781s] Level 1:colcon.colcon_core.environment:checking '/home/robot/Desktop/mineswarm-parent/ros2_ws/install/sllidar_ros2' for CMake module files
[6.785s] Level 1:colcon.colcon_core.environment:checking '/home/robot/Desktop/mineswarm-parent/ros2_ws/install/sllidar_ros2' for CMake config files
[6.786s] Level 1:colcon.colcon_core.shell:create_environment_hook('sllidar_ros2', 'cmake_prefix_path')
[6.788s] INFO:colcon.colcon_core.shell:Creating environment hook '/home/robot/Desktop/mineswarm-parent/ros2_ws/install/sllidar_ros2/share/sllidar_ros2/hook/cmake_prefix_path.ps1'
[6.792s] DEBUG:colcon.colcon_core.event_handler.log_command:Invoked command in '/home/robot/Desktop/mineswarm-parent/ros2_ws/build/sllidar_ros2' returned '0': CMAKE_PREFIX_PATH=${CMAKE_PREFIX_PATH}:/home/robot/Desktop/mineswarm-parent/ros2_ws/install/communication_module:/home/robot/Desktop/mineswarm-parent/ros2_ws/install/childcomms:/opt/ros/humble /usr/bin/cmake --install /home/robot/Desktop/mineswarm-parent/ros2_ws/build/sllidar_ros2
[6.793s] INFO:colcon.colcon_core.shell:Creating environment descriptor '/home/robot/Desktop/mineswarm-parent/ros2_ws/install/sllidar_ros2/share/sllidar_ros2/hook/cmake_prefix_path.dsv'
[6.796s] INFO:colcon.colcon_core.shell:Creating environment hook '/home/robot/Desktop/mineswarm-parent/ros2_ws/install/sllidar_ros2/share/sllidar_ros2/hook/cmake_prefix_path.sh'
[6.799s] Level 1:colcon.colcon_core.environment:checking '/home/robot/Desktop/mineswarm-parent/ros2_ws/install/sllidar_ros2/lib'
[6.801s] Level 1:colcon.colcon_core.environment:checking '/home/robot/Desktop/mineswarm-parent/ros2_ws/install/sllidar_ros2/bin'
[6.801s] Level 1:colcon.colcon_core.environment:checking '/home/robot/Desktop/mineswarm-parent/ros2_ws/install/sllidar_ros2/lib/pkgconfig/sllidar_ros2.pc'
[6.802s] Level 1:colcon.colcon_core.environment:checking '/home/robot/Desktop/mineswarm-parent/ros2_ws/install/sllidar_ros2/lib/python3.10/site-packages'
[6.804s] Level 1:colcon.colcon_core.environment:checking '/home/robot/Desktop/mineswarm-parent/ros2_ws/install/sllidar_ros2/bin'
[6.805s] INFO:colcon.colcon_core.shell:Creating package script '/home/robot/Desktop/mineswarm-parent/ros2_ws/install/sllidar_ros2/share/sllidar_ros2/package.ps1'
[6.809s] INFO:colcon.colcon_core.shell:Creating package descriptor '/home/robot/Desktop/mineswarm-parent/ros2_ws/install/sllidar_ros2/share/sllidar_ros2/package.dsv'
[6.812s] INFO:colcon.colcon_core.shell:Creating package script '/home/robot/Desktop/mineswarm-parent/ros2_ws/install/sllidar_ros2/share/sllidar_ros2/package.sh'
[6.814s] INFO:colcon.colcon_core.shell:Creating package script '/home/robot/Desktop/mineswarm-parent/ros2_ws/install/sllidar_ros2/share/sllidar_ros2/package.bash'
[6.817s] INFO:colcon.colcon_core.shell:Creating package script '/home/robot/Desktop/mineswarm-parent/ros2_ws/install/sllidar_ros2/share/sllidar_ros2/package.zsh'
[6.819s] Level 1:colcon.colcon_core.environment:create_file_with_runtime_dependencies(/home/robot/Desktop/mineswarm-parent/ros2_ws/install/sllidar_ros2/share/colcon-core/packages/sllidar_ros2)
[7.302s] Level 1:colcon.colcon_core.environment:create_environment_scripts_only(sllidar_ros2)
[7.304s] Level 1:colcon.colcon_core.environment:checking '/home/robot/Desktop/mineswarm-parent/ros2_ws/install/sllidar_ros2' for CMake module files
[7.308s] Level 1:colcon.colcon_core.environment:checking '/home/robot/Desktop/mineswarm-parent/ros2_ws/install/sllidar_ros2' for CMake config files
[7.309s] Level 1:colcon.colcon_core.shell:create_environment_hook('sllidar_ros2', 'cmake_prefix_path')
[7.310s] INFO:colcon.colcon_core.shell:Creating environment hook '/home/robot/Desktop/mineswarm-parent/ros2_ws/install/sllidar_ros2/share/sllidar_ros2/hook/cmake_prefix_path.ps1'
[7.312s] INFO:colcon.colcon_core.shell:Creating environment descriptor '/home/robot/Desktop/mineswarm-parent/ros2_ws/install/sllidar_ros2/share/sllidar_ros2/hook/cmake_prefix_path.dsv'
[7.314s] INFO:colcon.colcon_core.shell:Creating environment hook '/home/robot/Desktop/mineswarm-parent/ros2_ws/install/sllidar_ros2/share/sllidar_ros2/hook/cmake_prefix_path.sh'
[7.318s] Level 1:colcon.colcon_core.environment:checking '/home/robot/Desktop/mineswarm-parent/ros2_ws/install/sllidar_ros2/lib'
[7.318s] Level 1:colcon.colcon_core.environment:checking '/home/robot/Desktop/mineswarm-parent/ros2_ws/install/sllidar_ros2/bin'
[7.319s] Level 1:colcon.colcon_core.environment:checking '/home/robot/Desktop/mineswarm-parent/ros2_ws/install/sllidar_ros2/lib/pkgconfig/sllidar_ros2.pc'
[7.320s] Level 1:colcon.colcon_core.environment:checking '/home/robot/Desktop/mineswarm-parent/ros2_ws/install/sllidar_ros2/lib/python3.10/site-packages'
[7.322s] Level 1:colcon.colcon_core.environment:checking '/home/robot/Desktop/mineswarm-parent/ros2_ws/install/sllidar_ros2/bin'
[7.324s] INFO:colcon.colcon_core.shell:Creating package script '/home/robot/Desktop/mineswarm-parent/ros2_ws/install/sllidar_ros2/share/sllidar_ros2/package.ps1'
[7.327s] INFO:colcon.colcon_core.shell:Creating package descriptor '/home/robot/Desktop/mineswarm-parent/ros2_ws/install/sllidar_ros2/share/sllidar_ros2/package.dsv'
[7.331s] INFO:colcon.colcon_core.shell:Creating package script '/home/robot/Desktop/mineswarm-parent/ros2_ws/install/sllidar_ros2/share/sllidar_ros2/package.sh'
[7.333s] INFO:colcon.colcon_core.shell:Creating package script '/home/robot/Desktop/mineswarm-parent/ros2_ws/install/sllidar_ros2/share/sllidar_ros2/package.bash'
[7.336s] INFO:colcon.colcon_core.shell:Creating package script '/home/robot/Desktop/mineswarm-parent/ros2_ws/install/sllidar_ros2/share/sllidar_ros2/package.zsh'
[7.339s] Level 1:colcon.colcon_core.environment:create_file_with_runtime_dependencies(/home/robot/Desktop/mineswarm-parent/ros2_ws/install/sllidar_ros2/share/colcon-core/packages/sllidar_ros2)
[7.757s] DEBUG:colcon.colcon_core.event_handler.log_command:Invoking command in '/home/robot/Desktop/mineswarm-parent/ros2_ws/src/childcomms': PYTHONPATH=/home/robot/Desktop/mineswarm-parent/ros2_ws/build/childcomms/prefix_override:/usr/lib/python3/dist-packages/colcon_core/task/python/colcon_distutils_commands:/home/robot/Desktop/mineswarm-parent/ros2_ws/install/childcomms/lib/python3.10/site-packages:${PYTHONPATH} /usr/bin/python3 -W ignore:setup.py install is deprecated setup.py egg_info --egg-base ../../build/childcomms build --build-base /home/robot/Desktop/mineswarm-parent/ros2_ws/build/childcomms/build install --record /home/robot/Desktop/mineswarm-parent/ros2_ws/build/childcomms/install.log --single-version-externally-managed install_data
[7.769s] DEBUG:colcon.colcon_core.event_handler.log_command:Invoking command in '/home/robot/Desktop/mineswarm-parent/ros2_ws/src/communication_module': PYTHONPATH=/home/robot/Desktop/mineswarm-parent/ros2_ws/build/communication_module/prefix_override:/usr/lib/python3/dist-packages/colcon_core/task/python/colcon_distutils_commands:/home/robot/Desktop/mineswarm-parent/ros2_ws/install/communication_module/lib/python3.10/site-packages:${PYTHONPATH} /usr/bin/python3 -W ignore:setup.py install is deprecated setup.py egg_info --egg-base ../../build/communication_module build --build-base /home/robot/Desktop/mineswarm-parent/ros2_ws/build/communication_module/build install --record /home/robot/Desktop/mineswarm-parent/ros2_ws/build/communication_module/install.log --single-version-externally-managed install_data
[9.498s] Level 1:colcon.colcon_core.environment:checking '/home/robot/Desktop/mineswarm-parent/ros2_ws/install/childcomms' for CMake module files
[9.502s] DEBUG:colcon.colcon_core.event_handler.log_command:Invoked command in '/home/robot/Desktop/mineswarm-parent/ros2_ws/src/childcomms' returned '0': PYTHONPATH=/home/robot/Desktop/mineswarm-parent/ros2_ws/build/childcomms/prefix_override:/usr/lib/python3/dist-packages/colcon_core/task/python/colcon_distutils_commands:/home/robot/Desktop/mineswarm-parent/ros2_ws/install/childcomms/lib/python3.10/site-packages:${PYTHONPATH} /usr/bin/python3 -W ignore:setup.py install is deprecated setup.py egg_info --egg-base ../../build/childcomms build --build-base /home/robot/Desktop/mineswarm-parent/ros2_ws/build/childcomms/build install --record /home/robot/Desktop/mineswarm-parent/ros2_ws/build/childcomms/install.log --single-version-externally-managed install_data
[9.505s] Level 1:colcon.colcon_core.environment:checking '/home/robot/Desktop/mineswarm-parent/ros2_ws/install/childcomms' for CMake config files
[9.510s] Level 1:colcon.colcon_core.environment:checking '/home/robot/Desktop/mineswarm-parent/ros2_ws/install/childcomms/lib'
[9.511s] Level 1:colcon.colcon_core.environment:checking '/home/robot/Desktop/mineswarm-parent/ros2_ws/install/childcomms/bin'
[9.511s] Level 1:colcon.colcon_core.environment:checking '/home/robot/Desktop/mineswarm-parent/ros2_ws/install/childcomms/lib/pkgconfig/childcomms.pc'
[9.512s] Level 1:colcon.colcon_core.environment:checking '/home/robot/Desktop/mineswarm-parent/ros2_ws/install/childcomms/lib/python3.10/site-packages'
[9.512s] Level 1:colcon.colcon_core.shell:create_environment_hook('childcomms', 'pythonpath')
[9.513s] INFO:colcon.colcon_core.shell:Creating environment hook '/home/robot/Desktop/mineswarm-parent/ros2_ws/install/childcomms/share/childcomms/hook/pythonpath.ps1'
[9.515s] INFO:colcon.colcon_core.shell:Creating environment descriptor '/home/robot/Desktop/mineswarm-parent/ros2_ws/install/childcomms/share/childcomms/hook/pythonpath.dsv'
[9.517s] INFO:colcon.colcon_core.shell:Creating environment hook '/home/robot/Desktop/mineswarm-parent/ros2_ws/install/childcomms/share/childcomms/hook/pythonpath.sh'
[9.520s] Level 1:colcon.colcon_core.environment:checking '/home/robot/Desktop/mineswarm-parent/ros2_ws/install/childcomms/bin'
[9.520s] Level 1:colcon.colcon_core.environment:create_environment_scripts_only(childcomms)
[9.522s] INFO:colcon.colcon_core.shell:Creating package script '/home/robot/Desktop/mineswarm-parent/ros2_ws/install/childcomms/share/childcomms/package.ps1'
[9.524s] INFO:colcon.colcon_core.shell:Creating package descriptor '/home/robot/Desktop/mineswarm-parent/ros2_ws/install/childcomms/share/childcomms/package.dsv'
[9.526s] INFO:colcon.colcon_core.shell:Creating package script '/home/robot/Desktop/mineswarm-parent/ros2_ws/install/childcomms/share/childcomms/package.sh'
[9.528s] INFO:colcon.colcon_core.shell:Creating package script '/home/robot/Desktop/mineswarm-parent/ros2_ws/install/childcomms/share/childcomms/package.bash'
[9.530s] INFO:colcon.colcon_core.shell:Creating package script '/home/robot/Desktop/mineswarm-parent/ros2_ws/install/childcomms/share/childcomms/package.zsh'
[9.532s] Level 1:colcon.colcon_core.environment:create_file_with_runtime_dependencies(/home/robot/Desktop/mineswarm-parent/ros2_ws/install/childcomms/share/colcon-core/packages/childcomms)
[9.537s] Level 1:colcon.colcon_core.environment:checking '/home/robot/Desktop/mineswarm-parent/ros2_ws/install/communication_module' for CMake module files
[9.539s] DEBUG:colcon.colcon_core.event_handler.log_command:Invoked command in '/home/robot/Desktop/mineswarm-parent/ros2_ws/src/communication_module' returned '0': PYTHONPATH=/home/robot/Desktop/mineswarm-parent/ros2_ws/build/communication_module/prefix_override:/usr/lib/python3/dist-packages/colcon_core/task/python/colcon_distutils_commands:/home/robot/Desktop/mineswarm-parent/ros2_ws/install/communication_module/lib/python3.10/site-packages:${PYTHONPATH} /usr/bin/python3 -W ignore:setup.py install is deprecated setup.py egg_info --egg-base ../../build/communication_module build --build-base /home/robot/Desktop/mineswarm-parent/ros2_ws/build/communication_module/build install --record /home/robot/Desktop/mineswarm-parent/ros2_ws/build/communication_module/install.log --single-version-externally-managed install_data
[9.541s] Level 1:colcon.colcon_core.environment:checking '/home/robot/Desktop/mineswarm-parent/ros2_ws/install/communication_module' for CMake config files
[9.544s] Level 1:colcon.colcon_core.environment:checking '/home/robot/Desktop/mineswarm-parent/ros2_ws/install/communication_module/lib'
[9.545s] Level 1:colcon.colcon_core.environment:checking '/home/robot/Desktop/mineswarm-parent/ros2_ws/install/communication_module/bin'
[9.545s] Level 1:colcon.colcon_core.environment:checking '/home/robot/Desktop/mineswarm-parent/ros2_ws/install/communication_module/lib/pkgconfig/communication_module.pc'
[9.547s] Level 1:colcon.colcon_core.environment:checking '/home/robot/Desktop/mineswarm-parent/ros2_ws/install/communication_module/lib/python3.10/site-packages'
[9.547s] Level 1:colcon.colcon_core.shell:create_environment_hook('communication_module', 'pythonpath')
[9.548s] INFO:colcon.colcon_core.shell:Creating environment hook '/home/robot/Desktop/mineswarm-parent/ros2_ws/install/communication_module/share/communication_module/hook/pythonpath.ps1'
[9.551s] INFO:colcon.colcon_core.shell:Creating environment descriptor '/home/robot/Desktop/mineswarm-parent/ros2_ws/install/communication_module/share/communication_module/hook/pythonpath.dsv'
[9.553s] INFO:colcon.colcon_core.shell:Creating environment hook '/home/robot/Desktop/mineswarm-parent/ros2_ws/install/communication_module/share/communication_module/hook/pythonpath.sh'
[9.556s] Level 1:colcon.colcon_core.environment:checking '/home/robot/Desktop/mineswarm-parent/ros2_ws/install/communication_module/bin'
[9.556s] Level 1:colcon.colcon_core.environment:create_environment_scripts_only(communication_module)
[9.558s] INFO:colcon.colcon_core.shell:Creating package script '/home/robot/Desktop/mineswarm-parent/ros2_ws/install/communication_module/share/communication_module/package.ps1'
[9.561s] INFO:colcon.colcon_core.shell:Creating package descriptor '/home/robot/Desktop/mineswarm-parent/ros2_ws/install/communication_module/share/communication_module/package.dsv'
[9.564s] INFO:colcon.colcon_core.shell:Creating package script '/home/robot/Desktop/mineswarm-parent/ros2_ws/install/communication_module/share/communication_module/package.sh'
[9.567s] INFO:colcon.colcon_core.shell:Creating package script '/home/robot/Desktop/mineswarm-parent/ros2_ws/install/communication_module/share/communication_module/package.bash'
[9.569s] INFO:colcon.colcon_core.shell:Creating package script '/home/robot/Desktop/mineswarm-parent/ros2_ws/install/communication_module/share/communication_module/package.zsh'
[9.572s] Level 1:colcon.colcon_core.environment:create_file_with_runtime_dependencies(/home/robot/Desktop/mineswarm-parent/ros2_ws/install/communication_module/share/colcon-core/packages/communication_module)
[9.573s] DEBUG:colcon.colcon_parallel_executor.executor.parallel:closing loop
[9.575s] DEBUG:colcon.colcon_parallel_executor.executor.parallel:loop closed
[9.576s] DEBUG:colcon.colcon_parallel_executor.executor.parallel:run_until_complete finished with '0'
[9.577s] DEBUG:colcon.colcon_core.event_reactor:joining thread
[9.608s] INFO:colcon.colcon_core.plugin_system:Skipping extension 'colcon_notification.desktop_notification.terminal_notifier': Not used on non-Darwin systems
[9.609s] INFO:colcon.colcon_core.plugin_system:Skipping extension 'colcon_notification.desktop_notification.win32': Not used on non-Windows systems
[9.610s] INFO:colcon.colcon_notification.desktop_notification:Sending desktop notification using 'notify2'
[9.714s] DEBUG:colcon.colcon_core.event_reactor:joined thread
[9.717s] INFO:colcon.colcon_core.shell:Creating prefix script '/home/robot/Desktop/mineswarm-parent/ros2_ws/install/local_setup.ps1'
[9.739s] INFO:colcon.colcon_core.shell:Creating prefix util module '/home/robot/Desktop/mineswarm-parent/ros2_ws/install/_local_setup_util_ps1.py'
[9.752s] INFO:colcon.colcon_core.shell:Creating prefix chain script '/home/robot/Desktop/mineswarm-parent/ros2_ws/install/setup.ps1'
[9.766s] INFO:colcon.colcon_core.shell:Creating prefix script '/home/robot/Desktop/mineswarm-parent/ros2_ws/install/local_setup.sh'
[9.771s] INFO:colcon.colcon_core.shell:Creating prefix util module '/home/robot/Desktop/mineswarm-parent/ros2_ws/install/_local_setup_util_sh.py'
[9.774s] INFO:colcon.colcon_core.shell:Creating prefix chain script '/home/robot/Desktop/mineswarm-parent/ros2_ws/install/setup.sh'
[9.858s] INFO:colcon.colcon_core.shell:Creating prefix script '/home/robot/Desktop/mineswarm-parent/ros2_ws/install/local_setup.bash'
[9.944s] INFO:colcon.colcon_core.shell:Creating prefix chain script '/home/robot/Desktop/mineswarm-parent/ros2_ws/install/setup.bash'
[10.020s] INFO:colcon.colcon_core.shell:Creating prefix script '/home/robot/Desktop/mineswarm-parent/ros2_ws/install/local_setup.zsh'
[10.034s] INFO:colcon.colcon_core.shell:Creating prefix chain script '/home/robot/Desktop/mineswarm-parent/ros2_ws/install/setup.zsh'
