[7.997s] Invoking command in '/home/mine/Desktop/ugv02/src/communication_module': PYTHONPATH=/home/mine/Desktop/ugv02/build/communication_module/prefix_override:/home/mine/Desktop/ugv02/install/communication_module/lib/python3.10/site-packages:${PYTHONPATH} /usr/bin/python3 -W ignore:setup.py install is deprecated setup.py egg_info --egg-base ../../build/communication_module build --build-base /home/mine/Desktop/ugv02/build/communication_module/build install --record /home/mine/Desktop/ugv02/build/communication_module/install.log --single-version-externally-managed install_data
[10.557s] running egg_info
[10.563s] writing ../../build/communication_module/communication_module.egg-info/PKG-INFO
[10.565s] writing dependency_links to ../../build/communication_module/communication_module.egg-info/dependency_links.txt
[10.568s] writing entry points to ../../build/communication_module/communication_module.egg-info/entry_points.txt
[10.571s] writing requirements to ../../build/communication_module/communication_module.egg-info/requires.txt
[10.572s] writing top-level names to ../../build/communication_module/communication_module.egg-info/top_level.txt
[10.585s] reading manifest file '../../build/communication_module/communication_module.egg-info/SOURCES.txt'
[10.594s] writing manifest file '../../build/communication_module/communication_module.egg-info/SOURCES.txt'
[10.596s] running build
[10.596s] running build_py
[10.599s] running install
[10.603s] running install_lib
[10.612s] running install_data
[10.620s] running install_egg_info
[10.626s] removing '/home/mine/Desktop/ugv02/install/communication_module/lib/python3.10/site-packages/communication_module-0.0.0-py3.10.egg-info' (and everything under it)
[10.654s] Copying ../../build/communication_module/communication_module.egg-info to /home/mine/Desktop/ugv02/install/communication_module/lib/python3.10/site-packages/communication_module-0.0.0-py3.10.egg-info
[10.655s] running install_scripts
[10.800s] Installing ugv02_control script to /home/mine/Desktop/ugv02/install/communication_module/lib/communication_module
[10.804s] writing list of installed files to '/home/mine/Desktop/ugv02/build/communication_module/install.log'
[11.035s] Invoked command in '/home/mine/Desktop/ugv02/src/communication_module' returned '0': PYTHONPATH=/home/mine/Desktop/ugv02/build/communication_module/prefix_override:/home/mine/Desktop/ugv02/install/communication_module/lib/python3.10/site-packages:${PYTHONPATH} /usr/bin/python3 -W ignore:setup.py install is deprecated setup.py egg_info --egg-base ../../build/communication_module build --build-base /home/mine/Desktop/ugv02/build/communication_module/build install --record /home/mine/Desktop/ugv02/build/communication_module/install.log --single-version-externally-managed install_data
