running egg_info
creating ../../build/communication_module/communication_module.egg-info
writing ../../build/communication_module/communication_module.egg-info/PKG-INFO
writing dependency_links to ../../build/communication_module/communication_module.egg-info/dependency_links.txt
writing entry points to ../../build/communication_module/communication_module.egg-info/entry_points.txt
writing requirements to ../../build/communication_module/communication_module.egg-info/requires.txt
writing top-level names to ../../build/communication_module/communication_module.egg-info/top_level.txt
writing manifest file '../../build/communication_module/communication_module.egg-info/SOURCES.txt'
reading manifest file '../../build/communication_module/communication_module.egg-info/SOURCES.txt'
writing manifest file '../../build/communication_module/communication_module.egg-info/SOURCES.txt'
running build
running build_py
creating /home/mine/Desktop/ugv02/build/communication_module/build
creating /home/mine/Desktop/ugv02/build/communication_module/build/lib
creating /home/mine/Desktop/ugv02/build/communication_module/build/lib/communication_module
copying communication_module/ugv02_control.py -> /home/mine/Desktop/ugv02/build/communication_module/build/lib/communication_module
copying communication_module/__init__.py -> /home/mine/Desktop/ugv02/build/communication_module/build/lib/communication_module
running install
running install_lib
creating /home/mine/Desktop/ugv02/install/communication_module/lib/python3.10/site-packages/communication_module
copying /home/mine/Desktop/ugv02/build/communication_module/build/lib/communication_module/ugv02_control.py -> /home/mine/Desktop/ugv02/install/communication_module/lib/python3.10/site-packages/communication_module
copying /home/mine/Desktop/ugv02/build/communication_module/build/lib/communication_module/__init__.py -> /home/mine/Desktop/ugv02/install/communication_module/lib/python3.10/site-packages/communication_module
byte-compiling /home/mine/Desktop/ugv02/install/communication_module/lib/python3.10/site-packages/communication_module/ugv02_control.py to ugv02_control.cpython-310.pyc
byte-compiling /home/mine/Desktop/ugv02/install/communication_module/lib/python3.10/site-packages/communication_module/__init__.py to __init__.cpython-310.pyc
running install_data
creating /home/mine/Desktop/ugv02/install/communication_module/share/ament_index
creating /home/mine/Desktop/ugv02/install/communication_module/share/ament_index/resource_index
creating /home/mine/Desktop/ugv02/install/communication_module/share/ament_index/resource_index/packages
copying resource/communication_module -> /home/mine/Desktop/ugv02/install/communication_module/share/ament_index/resource_index/packages
copying package.xml -> /home/mine/Desktop/ugv02/install/communication_module/share/communication_module
running install_egg_info
Copying ../../build/communication_module/communication_module.egg-info to /home/mine/Desktop/ugv02/install/communication_module/lib/python3.10/site-packages/communication_module-0.0.0-py3.10.egg-info
running install_scripts
Installing ugv02_control script to /home/mine/Desktop/ugv02/install/communication_module/lib/communication_module
writing list of installed files to '/home/mine/Desktop/ugv02/build/communication_module/install.log'
