[1.651s] Invoking command in '/home/mine/Desktop/ugv02/build/ldlidar_stl_ros2': /usr/bin/cmake /home/mine/Desktop/ugv02/src/ldlidar_stl_ros2 -DCMAKE_INSTALL_PREFIX=/home/mine/Desktop/ugv02/install/ldlidar_stl_ros2
[2.252s] [31mCMake Error at CMakeLists.txt:19 (find_package):
[2.253s]   By not providing "Findament_cmake.cmake" in CMAKE_MODULE_PATH this project
[2.254s]   has asked CMake to find a package configuration file provided by
[2.255s]   "ament_cmake", but CMake did not find one.
[2.256s] 
[2.256s]   Could not find a package configuration file provided by "ament_cmake" with
[2.257s]   any of the following names:
[2.257s] 
[2.258s]     ament_cmakeConfig.cmake
[2.258s]     ament_cmake-config.cmake
[2.258s] 
[2.259s]   Add the installation prefix of "ament_cmake" to CMAKE_PREFIX_PATH or set
[2.259s]   "ament_cmake_DIR" to a directory containing one of the above files.  If
[2.272s]   "ament_cmake" provides a separate development package or SDK, be sure it
[2.273s]   has been installed.
[2.274s] 
[2.276s] [0m
[2.293s] -- Configuring incomplete, errors occurred!
[2.295s] See also "/home/mine/Desktop/ugv02/build/ldlidar_stl_ros2/CMakeFiles/CMakeOutput.log".
[2.296s] Invoked command in '/home/mine/Desktop/ugv02/build/ldlidar_stl_ros2' returned '1': /usr/bin/cmake /home/mine/Desktop/ugv02/src/ldlidar_stl_ros2 -DCMAKE_INSTALL_PREFIX=/home/mine/Desktop/ugv02/install/ldlidar_stl_ros2
