[0.079s] Invoking command in '/home/mine/Desktop/ros2_ws/build/sllidar_ros2': CMAKE_PREFIX_PATH=${CMAKE_PREFIX_PATH}:/opt/ros/humble /usr/bin/cmake --build /home/mine/Desktop/ros2_ws/build/sllidar_ros2 -- -j4 -l4
[0.378s] [ 10%] Built target sllidar_client
[0.406s] [100%] Built target sllidar_node
[0.488s] Invoked command in '/home/mine/Desktop/ros2_ws/build/sllidar_ros2' returned '0': CMAKE_PREFIX_PATH=${CMAKE_PREFIX_PATH}:/opt/ros/humble /usr/bin/cmake --build /home/mine/Desktop/ros2_ws/build/sllidar_ros2 -- -j4 -l4
[0.931s] Invoking command in '/home/mine/Desktop/ros2_ws/build/sllidar_ros2': CMAKE_PREFIX_PATH=${CMAKE_PREFIX_PATH}:/opt/ros/humble /usr/bin/cmake --install /home/mine/Desktop/ros2_ws/build/sllidar_ros2
[0.966s] -- Install configuration: ""
[0.968s] -- Execute custom install script
[0.972s] -- Up-to-date symlink: /home/mine/Desktop/ros2_ws/install/sllidar_ros2/share/sllidar_ros2/launch/sllidar_a1_launch.py
[0.973s] -- Up-to-date symlink: /home/mine/Desktop/ros2_ws/install/sllidar_ros2/share/sllidar_ros2/launch/sllidar_a2m12_launch .py
[0.974s] -- Up-to-date symlink: /home/mine/Desktop/ros2_ws/install/sllidar_ros2/share/sllidar_ros2/launch/sllidar_a2m7_launch.py
[0.975s] -- Up-to-date symlink: /home/mine/Desktop/ros2_ws/install/sllidar_ros2/share/sllidar_ros2/launch/sllidar_a2m8_launch.py
[0.976s] -- Up-to-date symlink: /home/mine/Desktop/ros2_ws/install/sllidar_ros2/share/sllidar_ros2/launch/sllidar_a3_launch.py
[0.977s] -- Up-to-date symlink: /home/mine/Desktop/ros2_ws/install/sllidar_ros2/share/sllidar_ros2/launch/sllidar_c1_launch.py
[0.978s] -- Up-to-date symlink: /home/mine/Desktop/ros2_ws/install/sllidar_ros2/share/sllidar_ros2/launch/sllidar_s1_launch.py
[0.980s] -- Up-to-date symlink: /home/mine/Desktop/ros2_ws/install/sllidar_ros2/share/sllidar_ros2/launch/sllidar_s1_tcp_launch.py
[0.981s] -- Up-to-date symlink: /home/mine/Desktop/ros2_ws/install/sllidar_ros2/share/sllidar_ros2/launch/sllidar_s2_launch.py
[0.982s] -- Up-to-date symlink: /home/mine/Desktop/ros2_ws/install/sllidar_ros2/share/sllidar_ros2/launch/sllidar_s2e_launch.py
[0.984s] -- Up-to-date symlink: /home/mine/Desktop/ros2_ws/install/sllidar_ros2/share/sllidar_ros2/launch/sllidar_s3_launch.py
[0.985s] -- Up-to-date symlink: /home/mine/Desktop/ros2_ws/install/sllidar_ros2/share/sllidar_ros2/launch/sllidar_t1_launch.py
[0.986s] -- Up-to-date symlink: /home/mine/Desktop/ros2_ws/install/sllidar_ros2/share/sllidar_ros2/launch/view_sllidar_a1_launch.py
[0.986s] -- Up-to-date symlink: /home/mine/Desktop/ros2_ws/install/sllidar_ros2/share/sllidar_ros2/launch/view_sllidar_a2m12_launch.py
[0.987s] -- Up-to-date symlink: /home/mine/Desktop/ros2_ws/install/sllidar_ros2/share/sllidar_ros2/launch/view_sllidar_a2m7_launch.py
[0.988s] -- Up-to-date symlink: /home/mine/Desktop/ros2_ws/install/sllidar_ros2/share/sllidar_ros2/launch/view_sllidar_a2m8_launch.py
[0.989s] -- Up-to-date symlink: /home/mine/Desktop/ros2_ws/install/sllidar_ros2/share/sllidar_ros2/launch/view_sllidar_a3_launch.py
[0.990s] -- Up-to-date symlink: /home/mine/Desktop/ros2_ws/install/sllidar_ros2/share/sllidar_ros2/launch/view_sllidar_c1_launch.py
[0.991s] -- Up-to-date symlink: /home/mine/Desktop/ros2_ws/install/sllidar_ros2/share/sllidar_ros2/launch/view_sllidar_s1_launch.py
[0.991s] -- Up-to-date symlink: /home/mine/Desktop/ros2_ws/install/sllidar_ros2/share/sllidar_ros2/launch/view_sllidar_s1_tcp_launch.py
[0.992s] -- Up-to-date symlink: /home/mine/Desktop/ros2_ws/install/sllidar_ros2/share/sllidar_ros2/launch/view_sllidar_s2_launch.py
[0.993s] -- Up-to-date symlink: /home/mine/Desktop/ros2_ws/install/sllidar_ros2/share/sllidar_ros2/launch/view_sllidar_s2e_launch.py
[0.994s] -- Up-to-date symlink: /home/mine/Desktop/ros2_ws/install/sllidar_ros2/share/sllidar_ros2/launch/view_sllidar_s3_launch.py
[0.995s] -- Up-to-date symlink: /home/mine/Desktop/ros2_ws/install/sllidar_ros2/share/sllidar_ros2/launch/view_sllidar_t1_launch.py
[0.997s] -- Up-to-date symlink: /home/mine/Desktop/ros2_ws/install/sllidar_ros2/share/sllidar_ros2/rviz/sllidar_ros2.rviz
[0.998s] -- Up-to-date symlink: /home/mine/Desktop/ros2_ws/install/sllidar_ros2/lib/sllidar_ros2/sllidar_node
[0.999s] -- Up-to-date symlink: /home/mine/Desktop/ros2_ws/install/sllidar_ros2/lib/sllidar_ros2/sllidar_client
[1.001s] -- Up-to-date symlink: /home/mine/Desktop/ros2_ws/install/sllidar_ros2/share/ament_index/resource_index/package_run_dependencies/sllidar_ros2
[1.003s] -- Up-to-date symlink: /home/mine/Desktop/ros2_ws/install/sllidar_ros2/share/ament_index/resource_index/parent_prefix_path/sllidar_ros2
[1.004s] -- Up-to-date symlink: /home/mine/Desktop/ros2_ws/install/sllidar_ros2/share/sllidar_ros2/environment/ament_prefix_path.sh
[1.006s] -- Up-to-date symlink: /home/mine/Desktop/ros2_ws/install/sllidar_ros2/share/sllidar_ros2/environment/ament_prefix_path.dsv
[1.010s] -- Up-to-date symlink: /home/mine/Desktop/ros2_ws/install/sllidar_ros2/share/sllidar_ros2/environment/path.sh
[1.011s] -- Up-to-date symlink: /home/mine/Desktop/ros2_ws/install/sllidar_ros2/share/sllidar_ros2/environment/path.dsv
[1.012s] -- Up-to-date symlink: /home/mine/Desktop/ros2_ws/install/sllidar_ros2/share/sllidar_ros2/local_setup.bash
[1.013s] -- Up-to-date symlink: /home/mine/Desktop/ros2_ws/install/sllidar_ros2/share/sllidar_ros2/local_setup.sh
[1.014s] -- Up-to-date symlink: /home/mine/Desktop/ros2_ws/install/sllidar_ros2/share/sllidar_ros2/local_setup.zsh
[1.016s] -- Up-to-date symlink: /home/mine/Desktop/ros2_ws/install/sllidar_ros2/share/sllidar_ros2/local_setup.dsv
[1.016s] -- Symlinking: /home/mine/Desktop/ros2_ws/install/sllidar_ros2/share/sllidar_ros2/package.dsv
[1.058s] -- Up-to-date symlink: /home/mine/Desktop/ros2_ws/install/sllidar_ros2/share/ament_index/resource_index/packages/sllidar_ros2
[1.059s] -- Up-to-date symlink: /home/mine/Desktop/ros2_ws/install/sllidar_ros2/share/sllidar_ros2/cmake/ament_cmake_export_dependencies-extras.cmake
[1.060s] -- Up-to-date symlink: /home/mine/Desktop/ros2_ws/install/sllidar_ros2/share/sllidar_ros2/cmake/ament_cmake_export_include_directories-extras.cmake
[1.061s] -- Up-to-date symlink: /home/mine/Desktop/ros2_ws/install/sllidar_ros2/share/sllidar_ros2/cmake/sllidar_ros2Config.cmake
[1.062s] -- Up-to-date symlink: /home/mine/Desktop/ros2_ws/install/sllidar_ros2/share/sllidar_ros2/cmake/sllidar_ros2Config-version.cmake
[1.063s] -- Up-to-date symlink: /home/mine/Desktop/ros2_ws/install/sllidar_ros2/share/sllidar_ros2/package.xml
[1.072s] Invoked command in '/home/mine/Desktop/ros2_ws/build/sllidar_ros2' returned '0': CMAKE_PREFIX_PATH=${CMAKE_PREFIX_PATH}:/opt/ros/humble /usr/bin/cmake --install /home/mine/Desktop/ros2_ws/build/sllidar_ros2
