[1.153s] DEBUG:colcon:Command line arguments: ['/usr/bin/colcon', 'build']
[1.153s] DEBUG:colcon:Parsed command line arguments: Namespace(log_base=None, log_level=None, verb_name='build', build_base='build', install_base='install', merge_install=False, symlink_install=False, test_result_base=None, continue_on_error=False, executor='parallel', parallel_workers=4, event_handlers=None, ignore_user_meta=False, metas=['./colcon.meta'], base_paths=['.'], packages_ignore=None, packages_ignore_regex=None, paths=None, packages_up_to=None, packages_up_to_regex=None, packages_above=None, packages_above_and_dependencies=None, packages_above_depth=None, packages_select_by_dep=None, packages_skip_by_dep=None, packages_skip_up_to=None, packages_select_build_failed=False, packages_skip_build_finished=False, packages_select_test_failures=False, packages_skip_test_passed=False, packages_select=None, packages_skip=None, packages_select_regex=None, packages_skip_regex=None, packages_start=None, packages_end=None, allow_overriding=[], cmake_args=None, cmake_target=None, cmake_target_skip_unavailable=False, cmake_clean_cache=False, cmake_clean_first=False, cmake_force_configure=False, ament_cmake_args=None, catkin_cmake_args=None, catkin_skip_building_tests=False, verb_parser=<colcon_defaults.argument_parser.defaults.DefaultArgumentsDecorator object at 0xffff844dc100>, verb_extension=<colcon_core.verb.build.BuildVerb object at 0xffff845f4be0>, main=<bound method BuildVerb.main of <colcon_core.verb.build.BuildVerb object at 0xffff845f4be0>>)
[2.278s] Level 1:colcon.colcon_core.package_discovery:discover_packages(colcon_meta) check parameters
[2.279s] Level 1:colcon.colcon_core.package_discovery:discover_packages(recursive) check parameters
[2.279s] Level 1:colcon.colcon_core.package_discovery:discover_packages(ignore) check parameters
[2.279s] Level 1:colcon.colcon_core.package_discovery:discover_packages(path) check parameters
[2.279s] Level 1:colcon.colcon_core.package_discovery:discover_packages(colcon_meta) discover
[2.280s] Level 1:colcon.colcon_core.package_discovery:discover_packages(recursive) discover
[2.280s] INFO:colcon.colcon_core.package_discovery:Crawling recursively for packages in '/home/mine/Desktop/ugv02'
[2.280s] Level 1:colcon.colcon_core.package_identification:_identify(.) by extensions ['ignore', 'ignore_ament_install']
[2.281s] Level 1:colcon.colcon_core.package_identification:_identify(.) by extension 'ignore'
[2.281s] Level 1:colcon.colcon_core.package_identification:_identify(.) by extension 'ignore_ament_install'
[2.281s] Level 1:colcon.colcon_core.package_identification:_identify(.) by extensions ['colcon_pkg']
[2.281s] Level 1:colcon.colcon_core.package_identification:_identify(.) by extension 'colcon_pkg'
[2.282s] Level 1:colcon.colcon_core.package_identification:_identify(.) by extensions ['colcon_meta']
[2.282s] Level 1:colcon.colcon_core.package_identification:_identify(.) by extension 'colcon_meta'
[2.282s] Level 1:colcon.colcon_core.package_identification:_identify(.) by extensions ['ros']
[2.282s] Level 1:colcon.colcon_core.package_identification:_identify(.) by extension 'ros'
[2.346s] Level 1:colcon.colcon_core.package_identification:_identify(.) by extensions ['cmake', 'python']
[2.346s] Level 1:colcon.colcon_core.package_identification:_identify(.) by extension 'cmake'
[2.347s] Level 1:colcon.colcon_core.package_identification:_identify(.) by extension 'python'
[2.347s] Level 1:colcon.colcon_core.package_identification:_identify(.) by extensions ['python_setup_py']
[2.347s] Level 1:colcon.colcon_core.package_identification:_identify(.) by extension 'python_setup_py'
[2.347s] Level 1:colcon.colcon_core.package_identification:_identify(build) by extensions ['ignore', 'ignore_ament_install']
[2.348s] Level 1:colcon.colcon_core.package_identification:_identify(build) by extension 'ignore'
[2.348s] Level 1:colcon.colcon_core.package_identification:_identify(build) ignored
[2.349s] Level 1:colcon.colcon_core.package_identification:_identify(install) by extensions ['ignore', 'ignore_ament_install']
[2.349s] Level 1:colcon.colcon_core.package_identification:_identify(install) by extension 'ignore'
[2.349s] Level 1:colcon.colcon_core.package_identification:_identify(install) ignored
[2.350s] Level 1:colcon.colcon_core.package_identification:_identify(log) by extensions ['ignore', 'ignore_ament_install']
[2.350s] Level 1:colcon.colcon_core.package_identification:_identify(log) by extension 'ignore'
[2.350s] Level 1:colcon.colcon_core.package_identification:_identify(log) ignored
[2.351s] Level 1:colcon.colcon_core.package_identification:_identify(src) by extensions ['ignore', 'ignore_ament_install']
[2.351s] Level 1:colcon.colcon_core.package_identification:_identify(src) by extension 'ignore'
[2.351s] Level 1:colcon.colcon_core.package_identification:_identify(src) by extension 'ignore_ament_install'
[2.351s] Level 1:colcon.colcon_core.package_identification:_identify(src) by extensions ['colcon_pkg']
[2.352s] Level 1:colcon.colcon_core.package_identification:_identify(src) by extension 'colcon_pkg'
[2.352s] Level 1:colcon.colcon_core.package_identification:_identify(src) by extensions ['colcon_meta']
[2.352s] Level 1:colcon.colcon_core.package_identification:_identify(src) by extension 'colcon_meta'
[2.352s] Level 1:colcon.colcon_core.package_identification:_identify(src) by extensions ['ros']
[2.352s] Level 1:colcon.colcon_core.package_identification:_identify(src) by extension 'ros'
[2.353s] Level 1:colcon.colcon_core.package_identification:_identify(src) by extensions ['cmake', 'python']
[2.353s] Level 1:colcon.colcon_core.package_identification:_identify(src) by extension 'cmake'
[2.353s] Level 1:colcon.colcon_core.package_identification:_identify(src) by extension 'python'
[2.353s] Level 1:colcon.colcon_core.package_identification:_identify(src) by extensions ['python_setup_py']
[2.353s] Level 1:colcon.colcon_core.package_identification:_identify(src) by extension 'python_setup_py'
[2.354s] Level 1:colcon.colcon_core.package_identification:_identify(src/communication_module) by extensions ['ignore', 'ignore_ament_install']
[2.354s] Level 1:colcon.colcon_core.package_identification:_identify(src/communication_module) by extension 'ignore'
[2.355s] Level 1:colcon.colcon_core.package_identification:_identify(src/communication_module) by extension 'ignore_ament_install'
[2.355s] Level 1:colcon.colcon_core.package_identification:_identify(src/communication_module) by extensions ['colcon_pkg']
[2.355s] Level 1:colcon.colcon_core.package_identification:_identify(src/communication_module) by extension 'colcon_pkg'
[2.355s] Level 1:colcon.colcon_core.package_identification:_identify(src/communication_module) by extensions ['colcon_meta']
[2.355s] Level 1:colcon.colcon_core.package_identification:_identify(src/communication_module) by extension 'colcon_meta'
[2.356s] Level 1:colcon.colcon_core.package_identification:_identify(src/communication_module) by extensions ['ros']
[2.356s] Level 1:colcon.colcon_core.package_identification:_identify(src/communication_module) by extension 'ros'
[2.370s] DEBUG:colcon.colcon_core.package_identification:Package 'src/communication_module' with type 'ros.ament_python' and name 'communication_module'
[2.372s] Level 1:colcon.colcon_core.package_identification:_identify(src/ldlidar_stl_ros2) by extensions ['ignore', 'ignore_ament_install']
[2.372s] Level 1:colcon.colcon_core.package_identification:_identify(src/ldlidar_stl_ros2) by extension 'ignore'
[2.373s] Level 1:colcon.colcon_core.package_identification:_identify(src/ldlidar_stl_ros2) by extension 'ignore_ament_install'
[2.374s] Level 1:colcon.colcon_core.package_identification:_identify(src/ldlidar_stl_ros2) by extensions ['colcon_pkg']
[2.374s] Level 1:colcon.colcon_core.package_identification:_identify(src/ldlidar_stl_ros2) by extension 'colcon_pkg'
[2.375s] Level 1:colcon.colcon_core.package_identification:_identify(src/ldlidar_stl_ros2) by extensions ['colcon_meta']
[2.376s] Level 1:colcon.colcon_core.package_identification:_identify(src/ldlidar_stl_ros2) by extension 'colcon_meta'
[2.376s] Level 1:colcon.colcon_core.package_identification:_identify(src/ldlidar_stl_ros2) by extensions ['ros']
[2.377s] Level 1:colcon.colcon_core.package_identification:_identify(src/ldlidar_stl_ros2) by extension 'ros'
[2.382s] DEBUG:colcon.colcon_core.package_identification:Package 'src/ldlidar_stl_ros2' with type 'ros.ament_cmake' and name 'ldlidar_stl_ros2'
[2.383s] Level 1:colcon.colcon_core.package_identification:_identify(src/rplidar_ros) by extensions ['ignore', 'ignore_ament_install']
[2.384s] Level 1:colcon.colcon_core.package_identification:_identify(src/rplidar_ros) by extension 'ignore'
[2.385s] Level 1:colcon.colcon_core.package_identification:_identify(src/rplidar_ros) by extension 'ignore_ament_install'
[2.385s] Level 1:colcon.colcon_core.package_identification:_identify(src/rplidar_ros) by extensions ['colcon_pkg']
[2.385s] Level 1:colcon.colcon_core.package_identification:_identify(src/rplidar_ros) by extension 'colcon_pkg'
[2.386s] Level 1:colcon.colcon_core.package_identification:_identify(src/rplidar_ros) by extensions ['colcon_meta']
[2.386s] Level 1:colcon.colcon_core.package_identification:_identify(src/rplidar_ros) by extension 'colcon_meta'
[2.387s] Level 1:colcon.colcon_core.package_identification:_identify(src/rplidar_ros) by extensions ['ros']
[2.387s] Level 1:colcon.colcon_core.package_identification:_identify(src/rplidar_ros) by extension 'ros'
[2.397s] DEBUG:colcon.colcon_core.package_identification:Package 'src/rplidar_ros' with type 'ros.catkin' and name 'rplidar_ros'
[2.399s] Level 1:colcon.colcon_core.package_discovery:discover_packages(recursive) using defaults
[2.402s] Level 1:colcon.colcon_core.package_discovery:discover_packages(ignore) discover
[2.404s] Level 1:colcon.colcon_core.package_discovery:discover_packages(ignore) using defaults
[2.406s] Level 1:colcon.colcon_core.package_discovery:discover_packages(path) discover
[2.408s] Level 1:colcon.colcon_core.package_discovery:discover_packages(path) using defaults
[2.571s] Level 1:colcon.colcon_core.package_discovery:discover_packages(prefix_path) check parameters
[2.571s] Level 1:colcon.colcon_core.package_discovery:discover_packages(prefix_path) discover
[2.581s] Level 1:colcon.colcon_core.package_discovery:discover_packages(prefix_path) using defaults
[2.589s] Level 5:colcon.colcon_core.verb:set package 'communication_module' build argument 'cmake_args' from command line to 'None'
[2.589s] Level 5:colcon.colcon_core.verb:set package 'communication_module' build argument 'cmake_target' from command line to 'None'
[2.590s] Level 5:colcon.colcon_core.verb:set package 'communication_module' build argument 'cmake_target_skip_unavailable' from command line to 'False'
[2.590s] Level 5:colcon.colcon_core.verb:set package 'communication_module' build argument 'cmake_clean_cache' from command line to 'False'
[2.590s] Level 5:colcon.colcon_core.verb:set package 'communication_module' build argument 'cmake_clean_first' from command line to 'False'
[2.590s] Level 5:colcon.colcon_core.verb:set package 'communication_module' build argument 'cmake_force_configure' from command line to 'False'
[2.590s] Level 5:colcon.colcon_core.verb:set package 'communication_module' build argument 'ament_cmake_args' from command line to 'None'
[2.590s] Level 5:colcon.colcon_core.verb:set package 'communication_module' build argument 'catkin_cmake_args' from command line to 'None'
[2.591s] Level 5:colcon.colcon_core.verb:set package 'communication_module' build argument 'catkin_skip_building_tests' from command line to 'False'
[2.591s] DEBUG:colcon.colcon_core.verb:Building package 'communication_module' with the following arguments: {'ament_cmake_args': None, 'build_base': '/home/mine/Desktop/ugv02/build/communication_module', 'catkin_cmake_args': None, 'catkin_skip_building_tests': False, 'cmake_args': None, 'cmake_clean_cache': False, 'cmake_clean_first': False, 'cmake_force_configure': False, 'cmake_target': None, 'cmake_target_skip_unavailable': False, 'install_base': '/home/mine/Desktop/ugv02/install/communication_module', 'merge_install': False, 'path': '/home/mine/Desktop/ugv02/src/communication_module', 'symlink_install': False, 'test_result_base': None}
[2.593s] Level 5:colcon.colcon_core.verb:set package 'ldlidar_stl_ros2' build argument 'cmake_args' from command line to 'None'
[2.593s] Level 5:colcon.colcon_core.verb:set package 'ldlidar_stl_ros2' build argument 'cmake_target' from command line to 'None'
[2.593s] Level 5:colcon.colcon_core.verb:set package 'ldlidar_stl_ros2' build argument 'cmake_target_skip_unavailable' from command line to 'False'
[2.594s] Level 5:colcon.colcon_core.verb:set package 'ldlidar_stl_ros2' build argument 'cmake_clean_cache' from command line to 'False'
[2.594s] Level 5:colcon.colcon_core.verb:set package 'ldlidar_stl_ros2' build argument 'cmake_clean_first' from command line to 'False'
[2.594s] Level 5:colcon.colcon_core.verb:set package 'ldlidar_stl_ros2' build argument 'cmake_force_configure' from command line to 'False'
[2.594s] Level 5:colcon.colcon_core.verb:set package 'ldlidar_stl_ros2' build argument 'ament_cmake_args' from command line to 'None'
[2.594s] Level 5:colcon.colcon_core.verb:set package 'ldlidar_stl_ros2' build argument 'catkin_cmake_args' from command line to 'None'
[2.594s] Level 5:colcon.colcon_core.verb:set package 'ldlidar_stl_ros2' build argument 'catkin_skip_building_tests' from command line to 'False'
[2.595s] DEBUG:colcon.colcon_core.verb:Building package 'ldlidar_stl_ros2' with the following arguments: {'ament_cmake_args': None, 'build_base': '/home/mine/Desktop/ugv02/build/ldlidar_stl_ros2', 'catkin_cmake_args': None, 'catkin_skip_building_tests': False, 'cmake_args': None, 'cmake_clean_cache': False, 'cmake_clean_first': False, 'cmake_force_configure': False, 'cmake_target': None, 'cmake_target_skip_unavailable': False, 'install_base': '/home/mine/Desktop/ugv02/install/ldlidar_stl_ros2', 'merge_install': False, 'path': '/home/mine/Desktop/ugv02/src/ldlidar_stl_ros2', 'symlink_install': False, 'test_result_base': None}
[2.597s] Level 5:colcon.colcon_core.verb:set package 'rplidar_ros' build argument 'cmake_args' from command line to 'None'
[2.597s] Level 5:colcon.colcon_core.verb:set package 'rplidar_ros' build argument 'cmake_target' from command line to 'None'
[2.598s] Level 5:colcon.colcon_core.verb:set package 'rplidar_ros' build argument 'cmake_target_skip_unavailable' from command line to 'False'
[2.598s] Level 5:colcon.colcon_core.verb:set package 'rplidar_ros' build argument 'cmake_clean_cache' from command line to 'False'
[2.598s] Level 5:colcon.colcon_core.verb:set package 'rplidar_ros' build argument 'cmake_clean_first' from command line to 'False'
[2.598s] Level 5:colcon.colcon_core.verb:set package 'rplidar_ros' build argument 'cmake_force_configure' from command line to 'False'
[2.598s] Level 5:colcon.colcon_core.verb:set package 'rplidar_ros' build argument 'ament_cmake_args' from command line to 'None'
[2.598s] Level 5:colcon.colcon_core.verb:set package 'rplidar_ros' build argument 'catkin_cmake_args' from command line to 'None'
[2.598s] Level 5:colcon.colcon_core.verb:set package 'rplidar_ros' build argument 'catkin_skip_building_tests' from command line to 'False'
[2.598s] DEBUG:colcon.colcon_core.verb:Building package 'rplidar_ros' with the following arguments: {'ament_cmake_args': None, 'build_base': '/home/mine/Desktop/ugv02/build/rplidar_ros', 'catkin_cmake_args': None, 'catkin_skip_building_tests': False, 'cmake_args': None, 'cmake_clean_cache': False, 'cmake_clean_first': False, 'cmake_force_configure': False, 'cmake_target': None, 'cmake_target_skip_unavailable': False, 'install_base': '/home/mine/Desktop/ugv02/install/rplidar_ros', 'merge_install': False, 'path': '/home/mine/Desktop/ugv02/src/rplidar_ros', 'symlink_install': False, 'test_result_base': None}
[2.599s] INFO:colcon.colcon_core.executor:Executing jobs using 'parallel' executor
[2.602s] DEBUG:colcon.colcon_parallel_executor.executor.parallel:run_until_complete
[2.604s] INFO:colcon.colcon_ros.task.ament_python.build:Building ROS package in '/home/mine/Desktop/ugv02/src/communication_module' with build type 'ament_python'
[2.605s] Level 1:colcon.colcon_core.shell:create_environment_hook('communication_module', 'ament_prefix_path')
[2.631s] INFO:colcon.colcon_core.plugin_system:Skipping extension 'colcon_core.shell.bat': Not used on non-Windows systems
[2.633s] INFO:colcon.colcon_core.shell:Creating environment hook '/home/mine/Desktop/ugv02/install/communication_module/share/communication_module/hook/ament_prefix_path.ps1'
[2.638s] INFO:colcon.colcon_core.shell:Creating environment descriptor '/home/mine/Desktop/ugv02/install/communication_module/share/communication_module/hook/ament_prefix_path.dsv'
[2.641s] INFO:colcon.colcon_core.shell:Creating environment hook '/home/mine/Desktop/ugv02/install/communication_module/share/communication_module/hook/ament_prefix_path.sh'
[2.647s] INFO:colcon.colcon_core.shell:Skip shell extension 'powershell' for command environment: Not usable outside of PowerShell
[2.647s] DEBUG:colcon.colcon_core.shell:Skip shell extension 'dsv' for command environment
[2.655s] INFO:colcon.colcon_ros.task.ament_cmake.build:Building ROS package in '/home/mine/Desktop/ugv02/src/ldlidar_stl_ros2' with build type 'ament_cmake'
[2.656s] INFO:colcon.colcon_cmake.task.cmake.build:Building CMake package in '/home/mine/Desktop/ugv02/src/ldlidar_stl_ros2'
[2.657s] INFO:colcon.colcon_core.shell:Skip shell extension 'powershell' for command environment: Not usable outside of PowerShell
[2.658s] DEBUG:colcon.colcon_core.shell:Skip shell extension 'dsv' for command environment
[2.981s] INFO:colcon.colcon_ros.task.catkin.build:Building ROS package in '/home/mine/Desktop/ugv02/src/rplidar_ros' with build type 'catkin'
[2.995s] INFO:colcon.colcon_cmake.task.cmake.build:Building CMake package in '/home/mine/Desktop/ugv02/src/rplidar_ros'
[2.997s] INFO:colcon.colcon_core.shell:Skip shell extension 'powershell' for command environment: Not usable outside of PowerShell
[3.001s] DEBUG:colcon.colcon_core.shell:Skip shell extension 'dsv' for command environment
[4.293s] INFO:colcon.colcon_core.task.python.build:Building Python package in '/home/mine/Desktop/ugv02/src/communication_module'
[4.295s] INFO:colcon.colcon_core.shell:Skip shell extension 'powershell' for command environment: Not usable outside of PowerShell
[4.295s] DEBUG:colcon.colcon_core.shell:Skip shell extension 'dsv' for command environment
[4.313s] DEBUG:colcon.colcon_core.event_handler.log_command:Invoking command in '/home/mine/Desktop/ugv02/build/ldlidar_stl_ros2': /usr/bin/cmake /home/mine/Desktop/ugv02/src/ldlidar_stl_ros2 -DCMAKE_INSTALL_PREFIX=/home/mine/Desktop/ugv02/install/ldlidar_stl_ros2
[4.360s] DEBUG:colcon.colcon_core.event_handler.log_command:Invoking command in '/home/mine/Desktop/ugv02/build/rplidar_ros': /usr/bin/cmake /home/mine/Desktop/ugv02/src/rplidar_ros -DCATKIN_INSTALL_INTO_PREFIX_ROOT=0 -DCMAKE_INSTALL_PREFIX=/home/mine/Desktop/ugv02/install/rplidar_ros
[4.957s] DEBUG:colcon.colcon_core.event_handler.log_command:Invoked command in '/home/mine/Desktop/ugv02/build/ldlidar_stl_ros2' returned '1': /usr/bin/cmake /home/mine/Desktop/ugv02/src/ldlidar_stl_ros2 -DCMAKE_INSTALL_PREFIX=/home/mine/Desktop/ugv02/install/ldlidar_stl_ros2
[5.044s] Level 1:colcon.colcon_core.environment:create_environment_scripts_only(ldlidar_stl_ros2)
[5.134s] Level 1:colcon.colcon_core.environment:checking '/home/mine/Desktop/ugv02/install/ldlidar_stl_ros2' for CMake module files
[5.137s] Level 1:colcon.colcon_core.environment:checking '/home/mine/Desktop/ugv02/install/ldlidar_stl_ros2' for CMake config files
[5.140s] Level 1:colcon.colcon_core.environment:checking '/home/mine/Desktop/ugv02/install/ldlidar_stl_ros2/bin'
[5.141s] Level 1:colcon.colcon_core.environment:checking '/home/mine/Desktop/ugv02/install/ldlidar_stl_ros2/lib/pkgconfig/ldlidar_stl_ros2.pc'
[5.143s] Level 1:colcon.colcon_core.environment:checking '/home/mine/Desktop/ugv02/install/ldlidar_stl_ros2/lib/python3.10/site-packages'
[5.144s] Level 1:colcon.colcon_core.environment:checking '/home/mine/Desktop/ugv02/install/ldlidar_stl_ros2/bin'
[5.146s] INFO:colcon.colcon_core.shell:Creating package script '/home/mine/Desktop/ugv02/install/ldlidar_stl_ros2/share/ldlidar_stl_ros2/package.ps1'
[5.152s] INFO:colcon.colcon_core.shell:Creating package descriptor '/home/mine/Desktop/ugv02/install/ldlidar_stl_ros2/share/ldlidar_stl_ros2/package.dsv'
[5.158s] INFO:colcon.colcon_core.shell:Creating package script '/home/mine/Desktop/ugv02/install/ldlidar_stl_ros2/share/ldlidar_stl_ros2/package.sh'
[5.163s] INFO:colcon.colcon_core.shell:Creating package script '/home/mine/Desktop/ugv02/install/ldlidar_stl_ros2/share/ldlidar_stl_ros2/package.bash'
[5.169s] INFO:colcon.colcon_core.shell:Creating package script '/home/mine/Desktop/ugv02/install/ldlidar_stl_ros2/share/ldlidar_stl_ros2/package.zsh'
[5.178s] Level 1:colcon.colcon_core.environment:create_file_with_runtime_dependencies(/home/mine/Desktop/ugv02/install/ldlidar_stl_ros2/share/colcon-core/packages/ldlidar_stl_ros2)
[8.053s] DEBUG:colcon.colcon_parallel_executor.executor.parallel:closing loop
[8.054s] DEBUG:colcon.colcon_parallel_executor.executor.parallel:loop closed
[8.054s] DEBUG:colcon.colcon_parallel_executor.executor.parallel:run_until_complete finished with '1'
[8.054s] DEBUG:colcon.colcon_core.event_reactor:joining thread
[8.116s] INFO:colcon.colcon_core.plugin_system:Skipping extension 'colcon_notification.desktop_notification.terminal_notifier': Not used on non-Darwin systems
[8.117s] INFO:colcon.colcon_core.plugin_system:Skipping extension 'colcon_notification.desktop_notification.win32': Not used on non-Windows systems
[8.117s] INFO:colcon.colcon_notification.desktop_notification:Sending desktop notification using 'notify2'
[8.212s] DEBUG:colcon.colcon_core.event_reactor:joined thread
[8.214s] INFO:colcon.colcon_core.shell:Creating prefix script '/home/mine/Desktop/ugv02/install/local_setup.ps1'
[8.219s] INFO:colcon.colcon_core.shell:Creating prefix util module '/home/mine/Desktop/ugv02/install/_local_setup_util_ps1.py'
[8.229s] INFO:colcon.colcon_core.shell:Creating prefix chain script '/home/mine/Desktop/ugv02/install/setup.ps1'
[8.238s] INFO:colcon.colcon_core.shell:Creating prefix script '/home/mine/Desktop/ugv02/install/local_setup.sh'
[8.243s] INFO:colcon.colcon_core.shell:Creating prefix util module '/home/mine/Desktop/ugv02/install/_local_setup_util_sh.py'
[8.246s] INFO:colcon.colcon_core.shell:Creating prefix chain script '/home/mine/Desktop/ugv02/install/setup.sh'
[8.257s] INFO:colcon.colcon_core.shell:Creating prefix script '/home/mine/Desktop/ugv02/install/local_setup.bash'
[8.262s] INFO:colcon.colcon_core.shell:Creating prefix chain script '/home/mine/Desktop/ugv02/install/setup.bash'
[8.268s] INFO:colcon.colcon_core.shell:Creating prefix script '/home/mine/Desktop/ugv02/install/local_setup.zsh'
[8.273s] INFO:colcon.colcon_core.shell:Creating prefix chain script '/home/mine/Desktop/ugv02/install/setup.zsh'
