[3.283s] Invoking command in '/home/mine/Desktop/ugv02/src/communication_module': PYTHONPATH=/home/mine/Desktop/ugv02/build/communication_module/prefix_override:/home/mine/Desktop/ugv02/install/communication_module/lib/python3.10/site-packages:${PYTHONPATH} /usr/bin/python3 -W ignore:setup.py install is deprecated setup.py egg_info --egg-base ../../build/communication_module build --build-base /home/mine/Desktop/ugv02/build/communication_module/build install --record /home/mine/Desktop/ugv02/build/communication_module/install.log --single-version-externally-managed install_data
[4.655s] running egg_info
[4.657s] writing ../../build/communication_module/communication_module.egg-info/PKG-INFO
[4.659s] writing dependency_links to ../../build/communication_module/communication_module.egg-info/dependency_links.txt
[4.660s] writing entry points to ../../build/communication_module/communication_module.egg-info/entry_points.txt
[4.661s] writing requirements to ../../build/communication_module/communication_module.egg-info/requires.txt
[4.662s] writing top-level names to ../../build/communication_module/communication_module.egg-info/top_level.txt
[4.672s] reading manifest file '../../build/communication_module/communication_module.egg-info/SOURCES.txt'
[4.676s] writing manifest file '../../build/communication_module/communication_module.egg-info/SOURCES.txt'
[4.677s] running build
[4.678s] running build_py
[4.679s] running install
[4.680s] running install_lib
[4.686s] running install_data
[4.687s] running install_egg_info
[4.693s] removing '/home/mine/Desktop/ugv02/install/communication_module/lib/python3.10/site-packages/communication_module-0.0.0-py3.10.egg-info' (and everything under it)
[4.695s] Copying ../../build/communication_module/communication_module.egg-info to /home/mine/Desktop/ugv02/install/communication_module/lib/python3.10/site-packages/communication_module-0.0.0-py3.10.egg-info
[4.700s] running install_scripts
[4.797s] Installing ugv02_control script to /home/mine/Desktop/ugv02/install/communication_module/lib/communication_module
[4.810s] writing list of installed files to '/home/mine/Desktop/ugv02/build/communication_module/install.log'
[4.943s] Invoked command in '/home/mine/Desktop/ugv02/src/communication_module' returned '0': PYTHONPATH=/home/mine/Desktop/ugv02/build/communication_module/prefix_override:/home/mine/Desktop/ugv02/install/communication_module/lib/python3.10/site-packages:${PYTHONPATH} /usr/bin/python3 -W ignore:setup.py install is deprecated setup.py egg_info --egg-base ../../build/communication_module build --build-base /home/mine/Desktop/ugv02/build/communication_module/build install --record /home/mine/Desktop/ugv02/build/communication_module/install.log --single-version-externally-managed install_data
