[0.087s] Invoking command in '/home/mine/Desktop/ros2_ws/build/ugv02_cartographer': CMAKE_PREFIX_PATH=${CMAKE_PREFIX_PATH}:/opt/ros/humble /usr/bin/cmake --build /home/mine/Desktop/ros2_ws/build/ugv02_cartographer -- -j4 -l4
[0.322s] Invoked command in '/home/mine/Desktop/ros2_ws/build/ugv02_cartographer' returned '0': CMAKE_PREFIX_PATH=${CMAKE_PREFIX_PATH}:/opt/ros/humble /usr/bin/cmake --build /home/mine/Desktop/ros2_ws/build/ugv02_cartographer -- -j4 -l4
[0.582s] Invoking command in '/home/mine/Desktop/ros2_ws/build/ugv02_cartographer': CMAKE_PREFIX_PATH=${CMAKE_PREFIX_PATH}:/opt/ros/humble /usr/bin/cmake --install /home/mine/Desktop/ros2_ws/build/ugv02_cartographer
[0.629s] -- Install configuration: ""
[0.630s] -- Up-to-date: /home/mine/Desktop/ros2_ws/install/ugv02_cartographer/share/ament_index/resource_index/package_run_dependencies/ugv02_cartographer
[0.637s] -- Up-to-date: /home/mine/Desktop/ros2_ws/install/ugv02_cartographer/share/ament_index/resource_index/parent_prefix_path/ugv02_cartographer
[0.638s] -- Up-to-date: /home/mine/Desktop/ros2_ws/install/ugv02_cartographer/share/ugv02_cartographer/environment/ament_prefix_path.sh
[0.640s] -- Up-to-date: /home/mine/Desktop/ros2_ws/install/ugv02_cartographer/share/ugv02_cartographer/environment/ament_prefix_path.dsv
[0.641s] -- Up-to-date: /home/mine/Desktop/ros2_ws/install/ugv02_cartographer/share/ugv02_cartographer/environment/path.sh
[0.642s] -- Up-to-date: /home/mine/Desktop/ros2_ws/install/ugv02_cartographer/share/ugv02_cartographer/environment/path.dsv
[0.645s] -- Up-to-date: /home/mine/Desktop/ros2_ws/install/ugv02_cartographer/share/ugv02_cartographer/local_setup.bash
[0.647s] -- Up-to-date: /home/mine/Desktop/ros2_ws/install/ugv02_cartographer/share/ugv02_cartographer/local_setup.sh
[0.650s] -- Up-to-date: /home/mine/Desktop/ros2_ws/install/ugv02_cartographer/share/ugv02_cartographer/local_setup.zsh
[0.652s] -- Up-to-date: /home/mine/Desktop/ros2_ws/install/ugv02_cartographer/share/ugv02_cartographer/local_setup.dsv
[0.656s] -- Installing: /home/mine/Desktop/ros2_ws/install/ugv02_cartographer/share/ugv02_cartographer/package.dsv
[0.672s] -- Up-to-date: /home/mine/Desktop/ros2_ws/install/ugv02_cartographer/share/ament_index/resource_index/packages/ugv02_cartographer
[0.682s] -- Up-to-date: /home/mine/Desktop/ros2_ws/install/ugv02_cartographer/share/ugv02_cartographer/cmake/ugv02_cartographerConfig.cmake
[0.683s] -- Up-to-date: /home/mine/Desktop/ros2_ws/install/ugv02_cartographer/share/ugv02_cartographer/cmake/ugv02_cartographerConfig-version.cmake
[0.683s] -- Up-to-date: /home/mine/Desktop/ros2_ws/install/ugv02_cartographer/share/ugv02_cartographer/package.xml
[0.684s] -- Up-to-date: /home/mine/Desktop/ros2_ws/install/ugv02_cartographer/share//config
[0.686s] -- Up-to-date: /home/mine/Desktop/ros2_ws/install/ugv02_cartographer/share//config/cartographer_2d.lua
[0.695s] -- Up-to-date: /home/mine/Desktop/ros2_ws/install/ugv02_cartographer/share//launch
[0.696s] -- Installing: /home/mine/Desktop/ros2_ws/install/ugv02_cartographer/share//launch/cartographer.launch.py
[0.696s] -- Up-to-date: /home/mine/Desktop/ros2_ws/install/ugv02_cartographer/share//launch/build
[0.697s] -- Up-to-date: /home/mine/Desktop/ros2_ws/install/ugv02_cartographer/share//launch/build/.built_by
[0.697s] -- Up-to-date: /home/mine/Desktop/ros2_ws/install/ugv02_cartographer/share//launch/build/COLCON_IGNORE
[0.698s] -- Up-to-date: /home/mine/Desktop/ros2_ws/install/ugv02_cartographer/share//launch/install
[0.699s] -- Up-to-date: /home/mine/Desktop/ros2_ws/install/ugv02_cartographer/share//launch/install/local_setup.bash
[0.700s] -- Up-to-date: /home/mine/Desktop/ros2_ws/install/ugv02_cartographer/share//launch/install/setup.sh
[0.700s] -- Up-to-date: /home/mine/Desktop/ros2_ws/install/ugv02_cartographer/share//launch/install/_local_setup_util_ps1.py
[0.701s] -- Up-to-date: /home/mine/Desktop/ros2_ws/install/ugv02_cartographer/share//launch/install/.colcon_install_layout
[0.702s] -- Up-to-date: /home/mine/Desktop/ros2_ws/install/ugv02_cartographer/share//launch/install/setup.ps1
[0.702s] -- Up-to-date: /home/mine/Desktop/ros2_ws/install/ugv02_cartographer/share//launch/install/_local_setup_util_sh.py
[0.703s] -- Up-to-date: /home/mine/Desktop/ros2_ws/install/ugv02_cartographer/share//launch/install/local_setup.sh
[0.704s] -- Up-to-date: /home/mine/Desktop/ros2_ws/install/ugv02_cartographer/share//launch/install/local_setup.ps1
[0.705s] -- Up-to-date: /home/mine/Desktop/ros2_ws/install/ugv02_cartographer/share//launch/install/COLCON_IGNORE
[0.706s] -- Up-to-date: /home/mine/Desktop/ros2_ws/install/ugv02_cartographer/share//launch/install/local_setup.zsh
[0.706s] -- Up-to-date: /home/mine/Desktop/ros2_ws/install/ugv02_cartographer/share//launch/install/setup.zsh
[0.707s] -- Up-to-date: /home/mine/Desktop/ros2_ws/install/ugv02_cartographer/share//launch/install/setup.bash
[0.708s] -- Up-to-date: /home/mine/Desktop/ros2_ws/install/ugv02_cartographer/share//launch/log
[0.709s] -- Up-to-date: /home/mine/Desktop/ros2_ws/install/ugv02_cartographer/share//launch/log/build_2024-04-25_00-37-51
[0.710s] -- Up-to-date: /home/mine/Desktop/ros2_ws/install/ugv02_cartographer/share//launch/log/build_2024-04-25_00-37-51/events.log
[0.711s] -- Up-to-date: /home/mine/Desktop/ros2_ws/install/ugv02_cartographer/share//launch/log/build_2024-04-25_00-37-51/logger_all.log
[0.712s] -- Up-to-date: /home/mine/Desktop/ros2_ws/install/ugv02_cartographer/share//launch/log/latest
[0.713s] -- Up-to-date: /home/mine/Desktop/ros2_ws/install/ugv02_cartographer/share//launch/log/latest_build
[0.724s] -- Up-to-date: /home/mine/Desktop/ros2_ws/install/ugv02_cartographer/share//launch/log/COLCON_IGNORE
[0.725s] -- Up-to-date: /home/mine/Desktop/ros2_ws/install/ugv02_cartographer/share//launch/log/build_2024-04-25_00-36-22
[0.725s] -- Up-to-date: /home/mine/Desktop/ros2_ws/install/ugv02_cartographer/share//launch/log/build_2024-04-25_00-36-22/events.log
[0.726s] -- Up-to-date: /home/mine/Desktop/ros2_ws/install/ugv02_cartographer/share//launch/log/build_2024-04-25_00-36-22/logger_all.log
[0.727s] Invoked command in '/home/mine/Desktop/ros2_ws/build/ugv02_cartographer' returned '0': CMAKE_PREFIX_PATH=${CMAKE_PREFIX_PATH}:/opt/ros/humble /usr/bin/cmake --install /home/mine/Desktop/ros2_ws/build/ugv02_cartographer
