[2.530s] Invoking command in '/home/robot/Desktop/mineswarm-parent/ros2_ws/build/ugv02_cartographer': CMAKE_PREFIX_PATH=/opt/ros/humble /usr/bin/cmake /home/robot/Desktop/mineswarm-parent/ros2_ws/src/ugv02_cartographer -DCMAKE_INSTALL_PREFIX=/home/robot/Desktop/mineswarm-parent/ros2_ws/install/ugv02_cartographer
[4.947s] -- The C compiler identification is GNU 11.4.0
[6.069s] -- The CXX compiler identification is GNU 11.4.0
[6.161s] -- Detecting C compiler ABI info
[6.661s] -- Detecting C compiler ABI info - done
[6.694s] -- Check for working C compiler: /usr/bin/cc - skipped
[6.701s] -- Detecting C compile features
[6.704s] -- Detecting C compile features - done
[6.721s] -- Detecting CXX compiler ABI info
[7.197s] -- Detecting CXX compiler ABI info - done
[7.237s] -- Check for working CXX compiler: /usr/bin/c++ - skipped
[7.240s] -- Detecting CXX compile features
[7.243s] -- Detecting CXX compile features - done
[7.342s] -- Found ament_cmake: 1.3.9 (/opt/ros/humble/share/ament_cmake/cmake)
[8.559s] -- Found Python3: /usr/bin/python3 (found version "3.10.12") found components: Interpreter 
[9.441s] -- Found ament_lint_auto: 0.12.11 (/opt/ros/humble/share/ament_lint_auto/cmake)
[10.024s] -- Added test 'flake8' to check Python code syntax and style conventions
[10.077s] -- Added test 'lint_cmake' to check CMake code style
[10.081s] -- Added test 'pep257' to check Python code against some of the docstring style conventions in PEP 257
[10.091s] -- Added test 'xmllint' to check XML markup files
[10.108s] -- Configuring done
[10.128s] -- Generating done
[10.133s] -- Build files have been written to: /home/robot/Desktop/mineswarm-parent/ros2_ws/build/ugv02_cartographer
[10.149s] Invoked command in '/home/robot/Desktop/mineswarm-parent/ros2_ws/build/ugv02_cartographer' returned '0': CMAKE_PREFIX_PATH=/opt/ros/humble /usr/bin/cmake /home/robot/Desktop/mineswarm-parent/ros2_ws/src/ugv02_cartographer -DCMAKE_INSTALL_PREFIX=/home/robot/Desktop/mineswarm-parent/ros2_ws/install/ugv02_cartographer
[10.159s] Invoking command in '/home/robot/Desktop/mineswarm-parent/ros2_ws/build/ugv02_cartographer': CMAKE_PREFIX_PATH=/opt/ros/humble /usr/bin/cmake --build /home/robot/Desktop/mineswarm-parent/ros2_ws/build/ugv02_cartographer -- -j4 -l4
[10.312s] Invoked command in '/home/robot/Desktop/mineswarm-parent/ros2_ws/build/ugv02_cartographer' returned '0': CMAKE_PREFIX_PATH=/opt/ros/humble /usr/bin/cmake --build /home/robot/Desktop/mineswarm-parent/ros2_ws/build/ugv02_cartographer -- -j4 -l4
[10.466s] Invoking command in '/home/robot/Desktop/mineswarm-parent/ros2_ws/build/ugv02_cartographer': CMAKE_PREFIX_PATH=/opt/ros/humble /usr/bin/cmake --install /home/robot/Desktop/mineswarm-parent/ros2_ws/build/ugv02_cartographer
[10.495s] -- Install configuration: ""
[10.498s] -- Up-to-date: /home/robot/Desktop/mineswarm-parent/ros2_ws/install/ugv02_cartographer/share/ugv02_cartographer/config
[10.499s] -- Installing: /home/robot/Desktop/mineswarm-parent/ros2_ws/install/ugv02_cartographer/share/ugv02_cartographer/config/cartographer_2d.lua
[10.501s] -- Up-to-date: /home/robot/Desktop/mineswarm-parent/ros2_ws/install/ugv02_cartographer/share/ugv02_cartographer/launch
[10.502s] -- Installing: /home/robot/Desktop/mineswarm-parent/ros2_ws/install/ugv02_cartographer/share/ugv02_cartographer/launch/cartographer.launch.py
[10.511s] -- Installing: /home/robot/Desktop/mineswarm-parent/ros2_ws/install/ugv02_cartographer/share/ament_index/resource_index/package_run_dependencies/ugv02_cartographer
[10.513s] -- Installing: /home/robot/Desktop/mineswarm-parent/ros2_ws/install/ugv02_cartographer/share/ament_index/resource_index/parent_prefix_path/ugv02_cartographer
[10.515s] -- Installing: /home/robot/Desktop/mineswarm-parent/ros2_ws/install/ugv02_cartographer/share/ugv02_cartographer/environment/ament_prefix_path.sh
[10.517s] -- Installing: /home/robot/Desktop/mineswarm-parent/ros2_ws/install/ugv02_cartographer/share/ugv02_cartographer/environment/ament_prefix_path.dsv
[10.518s] -- Installing: /home/robot/Desktop/mineswarm-parent/ros2_ws/install/ugv02_cartographer/share/ugv02_cartographer/environment/path.sh
[10.520s] -- Installing: /home/robot/Desktop/mineswarm-parent/ros2_ws/install/ugv02_cartographer/share/ugv02_cartographer/environment/path.dsv
[10.521s] -- Installing: /home/robot/Desktop/mineswarm-parent/ros2_ws/install/ugv02_cartographer/share/ugv02_cartographer/local_setup.bash
[10.523s] -- Installing: /home/robot/Desktop/mineswarm-parent/ros2_ws/install/ugv02_cartographer/share/ugv02_cartographer/local_setup.sh
[10.524s] -- Installing: /home/robot/Desktop/mineswarm-parent/ros2_ws/install/ugv02_cartographer/share/ugv02_cartographer/local_setup.zsh
[10.526s] -- Installing: /home/robot/Desktop/mineswarm-parent/ros2_ws/install/ugv02_cartographer/share/ugv02_cartographer/local_setup.dsv
[10.527s] -- Installing: /home/robot/Desktop/mineswarm-parent/ros2_ws/install/ugv02_cartographer/share/ugv02_cartographer/package.dsv
[10.529s] -- Installing: /home/robot/Desktop/mineswarm-parent/ros2_ws/install/ugv02_cartographer/share/ament_index/resource_index/packages/ugv02_cartographer
[10.531s] -- Installing: /home/robot/Desktop/mineswarm-parent/ros2_ws/install/ugv02_cartographer/share/ugv02_cartographer/cmake/ugv02_cartographerConfig.cmake
[10.532s] -- Installing: /home/robot/Desktop/mineswarm-parent/ros2_ws/install/ugv02_cartographer/share/ugv02_cartographer/cmake/ugv02_cartographerConfig-version.cmake
[10.534s] -- Installing: /home/robot/Desktop/mineswarm-parent/ros2_ws/install/ugv02_cartographer/share/ugv02_cartographer/package.xml
[10.543s] Invoked command in '/home/robot/Desktop/mineswarm-parent/ros2_ws/build/ugv02_cartographer' returned '0': CMAKE_PREFIX_PATH=/opt/ros/humble /usr/bin/cmake --install /home/robot/Desktop/mineswarm-parent/ros2_ws/build/ugv02_cartographer
