[2.709s] Invoking command in '/home/mine/Desktop/ugv02/src/communication_module': PYTHONPATH=/home/mine/Desktop/ugv02/build/communication_module/prefix_override:/home/mine/Desktop/ugv02/install/communication_module/lib/python3.10/site-packages: /usr/bin/python3 -W ignore:setup.py install is deprecated setup.py egg_info --egg-base ../../build/communication_module build --build-base /home/mine/Desktop/ugv02/build/communication_module/build install --record /home/mine/Desktop/ugv02/build/communication_module/install.log --single-version-externally-managed install_data
[4.060s] running egg_info
[4.063s] writing ../../build/communication_module/communication_module.egg-info/PKG-INFO
[4.064s] writing dependency_links to ../../build/communication_module/communication_module.egg-info/dependency_links.txt
[4.074s] writing entry points to ../../build/communication_module/communication_module.egg-info/entry_points.txt
[4.078s] writing requirements to ../../build/communication_module/communication_module.egg-info/requires.txt
[4.080s] writing top-level names to ../../build/communication_module/communication_module.egg-info/top_level.txt
[4.081s] reading manifest file '../../build/communication_module/communication_module.egg-info/SOURCES.txt'
[4.089s] writing manifest file '../../build/communication_module/communication_module.egg-info/SOURCES.txt'
[4.090s] running build
[4.090s] running build_py
[4.091s] running install
[4.092s] running install_lib
[4.105s] running install_data
[4.107s] running install_egg_info
[4.110s] removing '/home/mine/Desktop/ugv02/install/communication_module/lib/python3.10/site-packages/communication_module-0.0.0-py3.10.egg-info' (and everything under it)
[4.112s] Copying ../../build/communication_module/communication_module.egg-info to /home/mine/Desktop/ugv02/install/communication_module/lib/python3.10/site-packages/communication_module-0.0.0-py3.10.egg-info
[4.119s] running install_scripts
[4.218s] Installing ugv02_control script to /home/mine/Desktop/ugv02/install/communication_module/lib/communication_module
[4.220s] writing list of installed files to '/home/mine/Desktop/ugv02/build/communication_module/install.log'
