[0.070s] Invoking command in '/home/mine/Desktop/ros2_ws/src/build/ugv02_cartographer': CMAKE_PREFIX_PATH=/opt/ros/humble /usr/bin/cmake /home/mine/Desktop/ros2_ws/src/ugv02_cartographer -DCMAKE_INSTALL_PREFIX=/home/mine/Desktop/ros2_ws/src/install/ugv02_cartographer
[1.267s] -- The C compiler identification is GNU 11.4.0
[2.121s] -- The CXX compiler identification is GNU 11.4.0
[2.166s] -- Detecting C compiler ABI info
[2.725s] -- Detecting C compiler ABI info - done
[2.774s] -- Check for working C compiler: /usr/bin/cc - skipped
[2.776s] -- Detecting C compile features
[2.782s] -- Detecting C compile features - done
[2.834s] -- Detecting CXX compiler ABI info
[3.465s] -- Detecting CXX compiler ABI info - done
[3.511s] -- Check for working CXX compiler: /usr/bin/c++ - skipped
[3.513s] -- Detecting CXX compile features
[3.516s] -- Detecting CXX compile features - done
[3.585s] -- Found ament_cmake: 1.3.8 (/opt/ros/humble/share/ament_cmake/cmake)
[4.720s] -- Found Python3: /usr/bin/python3 (found version "3.10.12") found components: Interpreter 
[5.635s] -- Found ament_lint_auto: 0.12.10 (/opt/ros/humble/share/ament_lint_auto/cmake)
[6.306s] -- Added test 'flake8' to check Python code syntax and style conventions
[6.317s] -- Added test 'lint_cmake' to check CMake code style
[6.323s] -- Added test 'pep257' to check Python code against some of the docstring style conventions in PEP 257
[6.360s] -- Added test 'xmllint' to check XML markup files
[6.371s] -- Configuring done
[6.412s] -- Generating done
[6.414s] -- Build files have been written to: /home/mine/Desktop/ros2_ws/src/build/ugv02_cartographer
[6.436s] Invoked command in '/home/mine/Desktop/ros2_ws/src/build/ugv02_cartographer' returned '0': CMAKE_PREFIX_PATH=/opt/ros/humble /usr/bin/cmake /home/mine/Desktop/ros2_ws/src/ugv02_cartographer -DCMAKE_INSTALL_PREFIX=/home/mine/Desktop/ros2_ws/src/install/ugv02_cartographer
[6.447s] Invoking command in '/home/mine/Desktop/ros2_ws/src/build/ugv02_cartographer': CMAKE_PREFIX_PATH=/opt/ros/humble /usr/bin/cmake --build /home/mine/Desktop/ros2_ws/src/build/ugv02_cartographer -- -j4 -l4
[6.620s] Invoked command in '/home/mine/Desktop/ros2_ws/src/build/ugv02_cartographer' returned '0': CMAKE_PREFIX_PATH=/opt/ros/humble /usr/bin/cmake --build /home/mine/Desktop/ros2_ws/src/build/ugv02_cartographer -- -j4 -l4
[6.772s] Invoking command in '/home/mine/Desktop/ros2_ws/src/build/ugv02_cartographer': CMAKE_PREFIX_PATH=/opt/ros/humble /usr/bin/cmake --install /home/mine/Desktop/ros2_ws/src/build/ugv02_cartographer
[6.799s] -- Install configuration: ""
[6.801s] -- Installing: /home/mine/Desktop/ros2_ws/src/install/ugv02_cartographer/share/ament_index/resource_index/package_run_dependencies/ugv02_cartographer
[6.803s] -- Installing: /home/mine/Desktop/ros2_ws/src/install/ugv02_cartographer/share/ament_index/resource_index/parent_prefix_path/ugv02_cartographer
[6.807s] -- Installing: /home/mine/Desktop/ros2_ws/src/install/ugv02_cartographer/share/ugv02_cartographer/environment/ament_prefix_path.sh
[6.807s] -- Installing: /home/mine/Desktop/ros2_ws/src/install/ugv02_cartographer/share/ugv02_cartographer/environment/ament_prefix_path.dsv
[6.808s] -- Installing: /home/mine/Desktop/ros2_ws/src/install/ugv02_cartographer/share/ugv02_cartographer/environment/path.sh
[6.810s] -- Installing: /home/mine/Desktop/ros2_ws/src/install/ugv02_cartographer/share/ugv02_cartographer/environment/path.dsv
[6.812s] -- Installing: /home/mine/Desktop/ros2_ws/src/install/ugv02_cartographer/share/ugv02_cartographer/local_setup.bash
[6.813s] -- Installing: /home/mine/Desktop/ros2_ws/src/install/ugv02_cartographer/share/ugv02_cartographer/local_setup.sh
[6.815s] -- Installing: /home/mine/Desktop/ros2_ws/src/install/ugv02_cartographer/share/ugv02_cartographer/local_setup.zsh
[6.817s] -- Installing: /home/mine/Desktop/ros2_ws/src/install/ugv02_cartographer/share/ugv02_cartographer/local_setup.dsv
[6.818s] -- Installing: /home/mine/Desktop/ros2_ws/src/install/ugv02_cartographer/share/ugv02_cartographer/package.dsv
[6.819s] -- Installing: /home/mine/Desktop/ros2_ws/src/install/ugv02_cartographer/share/ament_index/resource_index/packages/ugv02_cartographer
[6.822s] -- Installing: /home/mine/Desktop/ros2_ws/src/install/ugv02_cartographer/share/ugv02_cartographer/cmake/ugv02_cartographerConfig.cmake
[6.822s] -- Installing: /home/mine/Desktop/ros2_ws/src/install/ugv02_cartographer/share/ugv02_cartographer/cmake/ugv02_cartographerConfig-version.cmake
[6.824s] -- Installing: /home/mine/Desktop/ros2_ws/src/install/ugv02_cartographer/share/ugv02_cartographer/package.xml
[6.825s] -- Installing: /home/mine/Desktop/ros2_ws/src/install/ugv02_cartographer/share//config
[6.827s] -- Installing: /home/mine/Desktop/ros2_ws/src/install/ugv02_cartographer/share//config/cartographer_2d.lua
[6.836s] -- Installing: /home/mine/Desktop/ros2_ws/src/install/ugv02_cartographer/share//launch
[6.837s] -- Installing: /home/mine/Desktop/ros2_ws/src/install/ugv02_cartographer/share//launch/cartographer.launch.py
[6.838s] -- Installing: /home/mine/Desktop/ros2_ws/src/install/ugv02_cartographer/share//launch/build
[6.838s] -- Installing: /home/mine/Desktop/ros2_ws/src/install/ugv02_cartographer/share//launch/build/.built_by
[6.839s] -- Installing: /home/mine/Desktop/ros2_ws/src/install/ugv02_cartographer/share//launch/build/COLCON_IGNORE
[6.840s] -- Installing: /home/mine/Desktop/ros2_ws/src/install/ugv02_cartographer/share//launch/install
[6.844s] -- Installing: /home/mine/Desktop/ros2_ws/src/install/ugv02_cartographer/share//launch/install/local_setup.bash
[6.845s] -- Installing: /home/mine/Desktop/ros2_ws/src/install/ugv02_cartographer/share//launch/install/setup.sh
[6.846s] -- Installing: /home/mine/Desktop/ros2_ws/src/install/ugv02_cartographer/share//launch/install/_local_setup_util_ps1.py
[6.847s] -- Installing: /home/mine/Desktop/ros2_ws/src/install/ugv02_cartographer/share//launch/install/.colcon_install_layout
[6.848s] -- Installing: /home/mine/Desktop/ros2_ws/src/install/ugv02_cartographer/share//launch/install/setup.ps1
[6.849s] -- Installing: /home/mine/Desktop/ros2_ws/src/install/ugv02_cartographer/share//launch/install/_local_setup_util_sh.py
[6.849s] -- Installing: /home/mine/Desktop/ros2_ws/src/install/ugv02_cartographer/share//launch/install/local_setup.sh
[6.850s] -- Installing: /home/mine/Desktop/ros2_ws/src/install/ugv02_cartographer/share//launch/install/local_setup.ps1
[6.851s] -- Installing: /home/mine/Desktop/ros2_ws/src/install/ugv02_cartographer/share//launch/install/COLCON_IGNORE
[6.852s] -- Installing: /home/mine/Desktop/ros2_ws/src/install/ugv02_cartographer/share//launch/install/local_setup.zsh
[6.853s] -- Installing: /home/mine/Desktop/ros2_ws/src/install/ugv02_cartographer/share//launch/install/setup.zsh
[6.855s] -- Installing: /home/mine/Desktop/ros2_ws/src/install/ugv02_cartographer/share//launch/install/setup.bash
[6.856s] -- Installing: /home/mine/Desktop/ros2_ws/src/install/ugv02_cartographer/share//launch/log
[6.857s] -- Installing: /home/mine/Desktop/ros2_ws/src/install/ugv02_cartographer/share//launch/log/build_2024-04-25_00-37-51
[6.858s] -- Installing: /home/mine/Desktop/ros2_ws/src/install/ugv02_cartographer/share//launch/log/build_2024-04-25_00-37-51/events.log
[6.860s] -- Installing: /home/mine/Desktop/ros2_ws/src/install/ugv02_cartographer/share//launch/log/build_2024-04-25_00-37-51/logger_all.log
[6.862s] -- Installing: /home/mine/Desktop/ros2_ws/src/install/ugv02_cartographer/share//launch/log/latest
[6.863s] -- Installing: /home/mine/Desktop/ros2_ws/src/install/ugv02_cartographer/share//launch/log/latest_build
[6.864s] -- Installing: /home/mine/Desktop/ros2_ws/src/install/ugv02_cartographer/share//launch/log/COLCON_IGNORE
[6.865s] -- Installing: /home/mine/Desktop/ros2_ws/src/install/ugv02_cartographer/share//launch/log/build_2024-04-25_00-36-22
[6.874s] -- Installing: /home/mine/Desktop/ros2_ws/src/install/ugv02_cartographer/share//launch/log/build_2024-04-25_00-36-22/events.log
[6.877s] -- Installing: /home/mine/Desktop/ros2_ws/src/install/ugv02_cartographer/share//launch/log/build_2024-04-25_00-36-22/logger_all.log
[6.888s] Invoked command in '/home/mine/Desktop/ros2_ws/src/build/ugv02_cartographer' returned '0': CMAKE_PREFIX_PATH=/opt/ros/humble /usr/bin/cmake --install /home/mine/Desktop/ros2_ws/src/build/ugv02_cartographer
