[1.311s] Invoking command in '/home/mine/Desktop/ugv02/build/rplidar_ros': /usr/bin/cmake /home/mine/Desktop/ugv02/src/rplidar_ros -DCATKIN_INSTALL_INTO_PREFIX_ROOT=0 -DCMAKE_INSTALL_PREFIX=/home/mine/Desktop/ugv02/install/rplidar_ros
[1.573s] [0mCMake Deprecation Warning at CMakeLists.txt:1 (cmake_minimum_required):
[1.578s]   Compatibility with CMake < 2.8.12 will be removed from a future version of
[1.578s]   CMake.
[1.579s] 
[1.579s]   Update the VERSION argument <min> value or use a ...<max> suffix to tell
[1.580s]   CMake that the project does not need compatibility with older versions.
[1.580s] 
[1.581s] [0m
[1.846s] [31mCMake Error at CMakeLists.txt:16 (find_package):
[1.847s]   By not providing "Findcatkin.cmake" in CMAKE_MODULE_PATH this project has
[1.848s]   asked CMake to find a package configuration file provided by "catkin", but
[1.848s]   CMake did not find one.
[1.849s] 
[1.850s]   Could not find a package configuration file provided by "catkin" with any
[1.850s]   of the following names:
[1.851s] 
[1.851s]     catkinConfig.cmake
[1.852s]     catkin-config.cmake
[1.853s] 
[1.854s]   Add the installation prefix of "catkin" to CMAKE_PREFIX_PATH or set
[1.856s]   "catkin_DIR" to a directory containing one of the above files.  If "catkin"
[1.857s]   provides a separate development package or SDK, be sure it has been
[1.860s]   installed.
[1.872s] 
[1.873s] [0m
[1.874s] -- Configuring incomplete, errors occurred!
[1.874s] See also "/home/mine/Desktop/ugv02/build/rplidar_ros/CMakeFiles/CMakeOutput.log".
[1.876s] Invoked command in '/home/mine/Desktop/ugv02/build/rplidar_ros' returned '1': /usr/bin/cmake /home/mine/Desktop/ugv02/src/rplidar_ros -DCATKIN_INSTALL_INTO_PREFIX_ROOT=0 -DCMAKE_INSTALL_PREFIX=/home/mine/Desktop/ugv02/install/rplidar_ros
