running egg_info
writing ../../build/childcomms/childcomms.egg-info/PKG-INFO
writing dependency_links to ../../build/childcomms/childcomms.egg-info/dependency_links.txt
writing entry points to ../../build/childcomms/childcomms.egg-info/entry_points.txt
writing requirements to ../../build/childcomms/childcomms.egg-info/requires.txt
writing top-level names to ../../build/childcomms/childcomms.egg-info/top_level.txt
reading manifest file '../../build/childcomms/childcomms.egg-info/SOURCES.txt'
adding license file 'LICENSE'
writing manifest file '../../build/childcomms/childcomms.egg-info/SOURCES.txt'
running build
running build_py
running install
running install_lib
byte-compiling /home/robot/Desktop/mineswarm-parent/ros2_ws/install/childcomms/lib/python3.10/site-packages/childcomms/childcomms1.py to childcomms1.cpython-310.pyc
running install_data
running install_egg_info
removing '/home/robot/Desktop/mineswarm-parent/ros2_ws/install/childcomms/lib/python3.10/site-packages/childcomms-0.0.0-py3.10.egg-info' (and everything under it)
Copying ../../build/childcomms/childcomms.egg-info to /home/robot/Desktop/mineswarm-parent/ros2_ws/install/childcomms/lib/python3.10/site-packages/childcomms-0.0.0-py3.10.egg-info
running install_scripts
Installing childcomms1 script to /home/robot/Desktop/mineswarm-parent/ros2_ws/install/childcomms/lib/childcomms
Installing childcomms2 script to /home/robot/Desktop/mineswarm-parent/ros2_ws/install/childcomms/lib/childcomms
writing list of installed files to '/home/robot/Desktop/mineswarm-parent/ros2_ws/build/childcomms/install.log'
