[5.094s] Invoking command in '/home/robot/Desktop/mineswarm-parent/ros2_ws/src/childcomms': PYTHONPATH=/home/robot/Desktop/mineswarm-parent/ros2_ws/build/childcomms/prefix_override:/usr/lib/python3/dist-packages/colcon_core/task/python/colcon_distutils_commands:/home/robot/Desktop/mineswarm-parent/ros2_ws/install/childcomms/lib/python3.10/site-packages:${PYTHONPATH} /usr/bin/python3 -W ignore:setup.py install is deprecated setup.py egg_info --egg-base ../../build/childcomms build --build-base /home/robot/Desktop/mineswarm-parent/ros2_ws/build/childcomms/build install --record /home/robot/Desktop/mineswarm-parent/ros2_ws/build/childcomms/install.log --single-version-externally-managed install_data
[6.431s] running egg_info
[6.435s] writing ../../build/childcomms/childcomms.egg-info/PKG-INFO
[6.437s] writing dependency_links to ../../build/childcomms/childcomms.egg-info/dependency_links.txt
[6.438s] writing entry points to ../../build/childcomms/childcomms.egg-info/entry_points.txt
[6.440s] writing requirements to ../../build/childcomms/childcomms.egg-info/requires.txt
[6.441s] writing top-level names to ../../build/childcomms/childcomms.egg-info/top_level.txt
[6.449s] reading manifest file '../../build/childcomms/childcomms.egg-info/SOURCES.txt'
[6.451s] adding license file 'LICENSE'
[6.454s] writing manifest file '../../build/childcomms/childcomms.egg-info/SOURCES.txt'
[6.455s] running build
[6.455s] running build_py
[6.457s] running install
[6.460s] running install_lib
[6.466s] byte-compiling /home/robot/Desktop/mineswarm-parent/ros2_ws/install/childcomms/lib/python3.10/site-packages/childcomms/childcomms1.py to childcomms1.cpython-310.pyc
[6.468s] Sorry: IndentationError: unexpected indent (childcomms1.py, line 46)
[6.468s] running install_data
[6.469s] running install_egg_info
[6.477s] removing '/home/robot/Desktop/mineswarm-parent/ros2_ws/install/childcomms/lib/python3.10/site-packages/childcomms-0.0.0-py3.10.egg-info' (and everything under it)
[6.479s] Copying ../../build/childcomms/childcomms.egg-info to /home/robot/Desktop/mineswarm-parent/ros2_ws/install/childcomms/lib/python3.10/site-packages/childcomms-0.0.0-py3.10.egg-info
[6.492s] running install_scripts
[6.592s] Installing childcomms1 script to /home/robot/Desktop/mineswarm-parent/ros2_ws/install/childcomms/lib/childcomms
[6.595s] Installing childcomms2 script to /home/robot/Desktop/mineswarm-parent/ros2_ws/install/childcomms/lib/childcomms
[6.596s] writing list of installed files to '/home/robot/Desktop/mineswarm-parent/ros2_ws/build/childcomms/install.log'
[6.801s] Invoked command in '/home/robot/Desktop/mineswarm-parent/ros2_ws/src/childcomms' returned '0': PYTHONPATH=/home/robot/Desktop/mineswarm-parent/ros2_ws/build/childcomms/prefix_override:/usr/lib/python3/dist-packages/colcon_core/task/python/colcon_distutils_commands:/home/robot/Desktop/mineswarm-parent/ros2_ws/install/childcomms/lib/python3.10/site-packages:${PYTHONPATH} /usr/bin/python3 -W ignore:setup.py install is deprecated setup.py egg_info --egg-base ../../build/childcomms build --build-base /home/robot/Desktop/mineswarm-parent/ros2_ws/build/childcomms/build install --record /home/robot/Desktop/mineswarm-parent/ros2_ws/build/childcomms/install.log --single-version-externally-managed install_data
