[4.958s] Invoking command in '/home/robot/Desktop/mineswarm-parent/ros2_ws/src/childcomms': PYTHONPATH=/home/robot/Desktop/mineswarm-parent/ros2_ws/build/childcomms/prefix_override:/usr/lib/python3/dist-packages/colcon_core/task/python/colcon_distutils_commands:/home/robot/Desktop/mineswarm-parent/ros2_ws/install/childcomms/lib/python3.10/site-packages:${PYTHONPATH} /usr/bin/python3 -W ignore:setup.py install is deprecated setup.py egg_info --egg-base ../../build/childcomms build --build-base /home/robot/Desktop/mineswarm-parent/ros2_ws/build/childcomms/build install --record /home/robot/Desktop/mineswarm-parent/ros2_ws/build/childcomms/install.log --single-version-externally-managed install_data
[6.324s] running egg_info
[6.328s] writing ../../build/childcomms/childcomms.egg-info/PKG-INFO
[6.329s] writing dependency_links to ../../build/childcomms/childcomms.egg-info/dependency_links.txt
[6.331s] writing entry points to ../../build/childcomms/childcomms.egg-info/entry_points.txt
[6.332s] writing requirements to ../../build/childcomms/childcomms.egg-info/requires.txt
[6.333s] writing top-level names to ../../build/childcomms/childcomms.egg-info/top_level.txt
[6.342s] reading manifest file '../../build/childcomms/childcomms.egg-info/SOURCES.txt'
[6.343s] adding license file 'LICENSE'
[6.346s] writing manifest file '../../build/childcomms/childcomms.egg-info/SOURCES.txt'
[6.347s] running build
[6.348s] running build_py
[6.348s] copying childcomms/childcomms.py -> /home/robot/Desktop/mineswarm-parent/ros2_ws/build/childcomms/build/lib/childcomms
[6.350s] running install
[6.352s] running install_lib
[6.357s] copying /home/robot/Desktop/mineswarm-parent/ros2_ws/build/childcomms/build/lib/childcomms/childcomms.py -> /home/robot/Desktop/mineswarm-parent/ros2_ws/install/childcomms/lib/python3.10/site-packages/childcomms
[6.360s] byte-compiling /home/robot/Desktop/mineswarm-parent/ros2_ws/install/childcomms/lib/python3.10/site-packages/childcomms/childcomms.py to childcomms.cpython-310.pyc
[6.365s] running install_data
[6.366s] running install_egg_info
[6.373s] removing '/home/robot/Desktop/mineswarm-parent/ros2_ws/install/childcomms/lib/python3.10/site-packages/childcomms-0.0.0-py3.10.egg-info' (and everything under it)
[6.377s] Copying ../../build/childcomms/childcomms.egg-info to /home/robot/Desktop/mineswarm-parent/ros2_ws/install/childcomms/lib/python3.10/site-packages/childcomms-0.0.0-py3.10.egg-info
[6.405s] running install_scripts
[6.509s] Installing childcomms script to /home/robot/Desktop/mineswarm-parent/ros2_ws/install/childcomms/lib/childcomms
[6.511s] writing list of installed files to '/home/robot/Desktop/mineswarm-parent/ros2_ws/build/childcomms/install.log'
[6.716s] Invoked command in '/home/robot/Desktop/mineswarm-parent/ros2_ws/src/childcomms' returned '0': PYTHONPATH=/home/robot/Desktop/mineswarm-parent/ros2_ws/build/childcomms/prefix_override:/usr/lib/python3/dist-packages/colcon_core/task/python/colcon_distutils_commands:/home/robot/Desktop/mineswarm-parent/ros2_ws/install/childcomms/lib/python3.10/site-packages:${PYTHONPATH} /usr/bin/python3 -W ignore:setup.py install is deprecated setup.py egg_info --egg-base ../../build/childcomms build --build-base /home/robot/Desktop/mineswarm-parent/ros2_ws/build/childcomms/build install --record /home/robot/Desktop/mineswarm-parent/ros2_ws/build/childcomms/install.log --single-version-externally-managed install_data
