[3.642s] Invoking command in '/home/robot/Desktop/ros2_ws/src/childcomms': PYTHONPATH=/home/robot/Desktop/ros2_ws/build/childcomms/prefix_override:/home/robot/Desktop/ros2_ws/install/childcomms/lib/python3.10/site-packages:${PYTHONPATH} /usr/bin/python3 -W ignore:setup.py install is deprecated setup.py egg_info --egg-base ../../build/childcomms build --build-base /home/robot/Desktop/ros2_ws/build/childcomms/build install --record /home/robot/Desktop/ros2_ws/build/childcomms/install.log --single-version-externally-managed install_data
[4.890s] running egg_info
[4.894s] writing ../../build/childcomms/childcomms.egg-info/PKG-INFO
[4.896s] writing dependency_links to ../../build/childcomms/childcomms.egg-info/dependency_links.txt
[4.896s] writing entry points to ../../build/childcomms/childcomms.egg-info/entry_points.txt
[4.897s] writing requirements to ../../build/childcomms/childcomms.egg-info/requires.txt
[4.898s] writing top-level names to ../../build/childcomms/childcomms.egg-info/top_level.txt
[4.911s] reading manifest file '../../build/childcomms/childcomms.egg-info/SOURCES.txt'
[4.912s] adding license file 'LICENSE'
[4.915s] writing manifest file '../../build/childcomms/childcomms.egg-info/SOURCES.txt'
[4.916s] running build
[4.917s] running build_py
[4.918s] copying childcomms/childcomms2.py -> /home/robot/Desktop/ros2_ws/build/childcomms/build/lib/childcomms
[4.921s] running install
[4.922s] running install_lib
[4.926s] copying /home/robot/Desktop/ros2_ws/build/childcomms/build/lib/childcomms/childcomms2.py -> /home/robot/Desktop/ros2_ws/install/childcomms/lib/python3.10/site-packages/childcomms
[4.930s] byte-compiling /home/robot/Desktop/ros2_ws/install/childcomms/lib/python3.10/site-packages/childcomms/childcomms2.py to childcomms2.cpython-310.pyc
[4.934s] running install_data
[4.935s] running install_egg_info
[4.944s] removing '/home/robot/Desktop/ros2_ws/install/childcomms/lib/python3.10/site-packages/childcomms-0.0.0-py3.10.egg-info' (and everything under it)
[4.946s] Copying ../../build/childcomms/childcomms.egg-info to /home/robot/Desktop/ros2_ws/install/childcomms/lib/python3.10/site-packages/childcomms-0.0.0-py3.10.egg-info
[4.954s] running install_scripts
[5.068s] Installing childcomms1 script to /home/robot/Desktop/ros2_ws/install/childcomms/lib/childcomms
[5.069s] Installing childcomms2 script to /home/robot/Desktop/ros2_ws/install/childcomms/lib/childcomms
[5.086s] writing list of installed files to '/home/robot/Desktop/ros2_ws/build/childcomms/install.log'
[5.254s] Invoked command in '/home/robot/Desktop/ros2_ws/src/childcomms' returned '0': PYTHONPATH=/home/robot/Desktop/ros2_ws/build/childcomms/prefix_override:/home/robot/Desktop/ros2_ws/install/childcomms/lib/python3.10/site-packages:${PYTHONPATH} /usr/bin/python3 -W ignore:setup.py install is deprecated setup.py egg_info --egg-base ../../build/childcomms build --build-base /home/robot/Desktop/ros2_ws/build/childcomms/build install --record /home/robot/Desktop/ros2_ws/build/childcomms/install.log --single-version-externally-managed install_data
