[3.066s] Invoking command in '/home/mine/Desktop/ugv02/src/communication_module': PYTHONPATH=/home/mine/Desktop/ugv02/build/communication_module/prefix_override:/home/mine/Desktop/ugv02/install/communication_module/lib/python3.10/site-packages:${PYTHONPATH} /usr/bin/python3 -W ignore:setup.py install is deprecated setup.py egg_info --egg-base ../../build/communication_module build --build-base /home/mine/Desktop/ugv02/build/communication_module/build install --record /home/mine/Desktop/ugv02/build/communication_module/install.log --single-version-externally-managed install_data
[4.164s] running egg_info
[4.167s] writing ../../build/communication_module/communication_module.egg-info/PKG-INFO
[4.168s] writing dependency_links to ../../build/communication_module/communication_module.egg-info/dependency_links.txt
[4.169s] writing entry points to ../../build/communication_module/communication_module.egg-info/entry_points.txt
[4.170s] writing requirements to ../../build/communication_module/communication_module.egg-info/requires.txt
[4.170s] writing top-level names to ../../build/communication_module/communication_module.egg-info/top_level.txt
[4.178s] reading manifest file '../../build/communication_module/communication_module.egg-info/SOURCES.txt'
[4.183s] writing manifest file '../../build/communication_module/communication_module.egg-info/SOURCES.txt'
[4.184s] running build
[4.184s] running build_py
[4.185s] running install
[4.187s] running install_lib
[4.192s] running install_data
[4.193s] running install_egg_info
[4.199s] removing '/home/mine/Desktop/ugv02/install/communication_module/lib/python3.10/site-packages/communication_module-0.0.0-py3.10.egg-info' (and everything under it)
[4.201s] Copying ../../build/communication_module/communication_module.egg-info to /home/mine/Desktop/ugv02/install/communication_module/lib/python3.10/site-packages/communication_module-0.0.0-py3.10.egg-info
[4.206s] running install_scripts
[4.291s] Installing ugv02_control script to /home/mine/Desktop/ugv02/install/communication_module/lib/communication_module
[4.293s] writing list of installed files to '/home/mine/Desktop/ugv02/build/communication_module/install.log'
[4.425s] Invoked command in '/home/mine/Desktop/ugv02/src/communication_module' returned '0': PYTHONPATH=/home/mine/Desktop/ugv02/build/communication_module/prefix_override:/home/mine/Desktop/ugv02/install/communication_module/lib/python3.10/site-packages:${PYTHONPATH} /usr/bin/python3 -W ignore:setup.py install is deprecated setup.py egg_info --egg-base ../../build/communication_module build --build-base /home/mine/Desktop/ugv02/build/communication_module/build install --record /home/mine/Desktop/ugv02/build/communication_module/install.log --single-version-externally-managed install_data
