[2.823s] Invoking command in '/home/robot/Desktop/ros2_ws/src/childcomms': PYTHONPATH=/home/robot/Desktop/ros2_ws/build/childcomms/prefix_override:/home/robot/Desktop/ros2_ws/install/childcomms/lib/python3.10/site-packages:${PYTHONPATH} /usr/bin/python3 -W ignore:setup.py install is deprecated setup.py egg_info --egg-base ../../build/childcomms build --build-base /home/robot/Desktop/ros2_ws/build/childcomms/build install --record /home/robot/Desktop/ros2_ws/build/childcomms/install.log --single-version-externally-managed install_data
[3.940s] running egg_info
[3.944s] writing ../../build/childcomms/childcomms.egg-info/PKG-INFO
[3.945s] writing dependency_links to ../../build/childcomms/childcomms.egg-info/dependency_links.txt
[3.946s] writing entry points to ../../build/childcomms/childcomms.egg-info/entry_points.txt
[3.947s] writing requirements to ../../build/childcomms/childcomms.egg-info/requires.txt
[3.948s] writing top-level names to ../../build/childcomms/childcomms.egg-info/top_level.txt
[3.956s] reading manifest file '../../build/childcomms/childcomms.egg-info/SOURCES.txt'
[3.957s] adding license file 'LICENSE'
[3.960s] writing manifest file '../../build/childcomms/childcomms.egg-info/SOURCES.txt'
[3.960s] running build
[3.961s] running build_py
[3.961s] copying childcomms/childcomms1.py -> /home/robot/Desktop/ros2_ws/build/childcomms/build/lib/childcomms
[3.964s] running install
[3.965s] running install_lib
[3.971s] copying /home/robot/Desktop/ros2_ws/build/childcomms/build/lib/childcomms/childcomms1.py -> /home/robot/Desktop/ros2_ws/install/childcomms/lib/python3.10/site-packages/childcomms
[3.974s] byte-compiling /home/robot/Desktop/ros2_ws/install/childcomms/lib/python3.10/site-packages/childcomms/childcomms1.py to childcomms1.cpython-310.pyc
[3.982s] running install_data
[3.982s] running install_egg_info
[3.991s] removing '/home/robot/Desktop/ros2_ws/install/childcomms/lib/python3.10/site-packages/childcomms-0.0.0-py3.10.egg-info' (and everything under it)
[3.993s] Copying ../../build/childcomms/childcomms.egg-info to /home/robot/Desktop/ros2_ws/install/childcomms/lib/python3.10/site-packages/childcomms-0.0.0-py3.10.egg-info
[4.000s] running install_scripts
[4.093s] Installing childcomms1 script to /home/robot/Desktop/ros2_ws/install/childcomms/lib/childcomms
[4.095s] Installing childcomms2 script to /home/robot/Desktop/ros2_ws/install/childcomms/lib/childcomms
[4.096s] writing list of installed files to '/home/robot/Desktop/ros2_ws/build/childcomms/install.log'
[4.236s] Invoked command in '/home/robot/Desktop/ros2_ws/src/childcomms' returned '0': PYTHONPATH=/home/robot/Desktop/ros2_ws/build/childcomms/prefix_override:/home/robot/Desktop/ros2_ws/install/childcomms/lib/python3.10/site-packages:${PYTHONPATH} /usr/bin/python3 -W ignore:setup.py install is deprecated setup.py egg_info --egg-base ../../build/childcomms build --build-base /home/robot/Desktop/ros2_ws/build/childcomms/build install --record /home/robot/Desktop/ros2_ws/build/childcomms/install.log --single-version-externally-managed install_data
