[5.064s] Invoking command in '/home/robot/Desktop/mineswarm-parent/ros2_ws/src/communication_module': PYTHONPATH=/home/robot/Desktop/mineswarm-parent/ros2_ws/build/communication_module/prefix_override:/usr/lib/python3/dist-packages/colcon_core/task/python/colcon_distutils_commands:/home/robot/Desktop/mineswarm-parent/ros2_ws/install/communication_module/lib/python3.10/site-packages:${PYTHONPATH} /usr/bin/python3 -W ignore:setup.py install is deprecated setup.py egg_info --egg-base ../../build/communication_module build --build-base /home/robot/Desktop/mineswarm-parent/ros2_ws/build/communication_module/build install --record /home/robot/Desktop/mineswarm-parent/ros2_ws/build/communication_module/install.log --single-version-externally-managed install_data
[6.339s] running egg_info
[6.344s] writing ../../build/communication_module/communication_module.egg-info/PKG-INFO
[6.346s] writing dependency_links to ../../build/communication_module/communication_module.egg-info/dependency_links.txt
[6.347s] writing entry points to ../../build/communication_module/communication_module.egg-info/entry_points.txt
[6.348s] writing requirements to ../../build/communication_module/communication_module.egg-info/requires.txt
[6.349s] writing top-level names to ../../build/communication_module/communication_module.egg-info/top_level.txt
[6.358s] reading manifest file '../../build/communication_module/communication_module.egg-info/SOURCES.txt'
[6.364s] writing manifest file '../../build/communication_module/communication_module.egg-info/SOURCES.txt'
[6.365s] running build
[6.366s] running build_py
[6.368s] running install
[6.370s] running install_lib
[6.378s] running install_data
[6.380s] running install_egg_info
[6.388s] removing '/home/robot/Desktop/mineswarm-parent/ros2_ws/install/communication_module/lib/python3.10/site-packages/communication_module-0.0.0-py3.10.egg-info' (and everything under it)
[6.390s] Copying ../../build/communication_module/communication_module.egg-info to /home/robot/Desktop/mineswarm-parent/ros2_ws/install/communication_module/lib/python3.10/site-packages/communication_module-0.0.0-py3.10.egg-info
[6.398s] running install_scripts
[6.494s] Installing ugv02_control script to /home/robot/Desktop/mineswarm-parent/ros2_ws/install/communication_module/lib/communication_module
[6.498s] writing list of installed files to '/home/robot/Desktop/mineswarm-parent/ros2_ws/build/communication_module/install.log'
[6.702s] Invoked command in '/home/robot/Desktop/mineswarm-parent/ros2_ws/src/communication_module' returned '0': PYTHONPATH=/home/robot/Desktop/mineswarm-parent/ros2_ws/build/communication_module/prefix_override:/usr/lib/python3/dist-packages/colcon_core/task/python/colcon_distutils_commands:/home/robot/Desktop/mineswarm-parent/ros2_ws/install/communication_module/lib/python3.10/site-packages:${PYTHONPATH} /usr/bin/python3 -W ignore:setup.py install is deprecated setup.py egg_info --egg-base ../../build/communication_module build --build-base /home/robot/Desktop/mineswarm-parent/ros2_ws/build/communication_module/build install --record /home/robot/Desktop/mineswarm-parent/ros2_ws/build/communication_module/install.log --single-version-externally-managed install_data
