[2.608s] Invoking command in '/home/robot/Desktop/mineswarm-parent/ros2_ws/build/sllidar_ros2': CMAKE_PREFIX_PATH=${CMAKE_PREFIX_PATH}:/home/robot/Desktop/mineswarm-parent/ros2_ws/install/communication_module:/home/robot/Desktop/mineswarm-parent/ros2_ws/install/childcomms:/opt/ros/humble /usr/bin/cmake --build /home/robot/Desktop/mineswarm-parent/ros2_ws/build/sllidar_ros2 -- -j4 -l4
[2.990s] [ 90%] Built target sllidar_node
[3.010s] [100%] Built target sllidar_client
[3.068s] Invoked command in '/home/robot/Desktop/mineswarm-parent/ros2_ws/build/sllidar_ros2' returned '0': CMAKE_PREFIX_PATH=${CMAKE_PREFIX_PATH}:/home/robot/Desktop/mineswarm-parent/ros2_ws/install/communication_module:/home/robot/Desktop/mineswarm-parent/ros2_ws/install/childcomms:/opt/ros/humble /usr/bin/cmake --build /home/robot/Desktop/mineswarm-parent/ros2_ws/build/sllidar_ros2 -- -j4 -l4
[3.578s] Invoking command in '/home/robot/Desktop/mineswarm-parent/ros2_ws/build/sllidar_ros2': CMAKE_PREFIX_PATH=${CMAKE_PREFIX_PATH}:/home/robot/Desktop/mineswarm-parent/ros2_ws/install/communication_module:/home/robot/Desktop/mineswarm-parent/ros2_ws/install/childcomms:/opt/ros/humble /usr/bin/cmake --install /home/robot/Desktop/mineswarm-parent/ros2_ws/build/sllidar_ros2
[3.616s] -- Install configuration: ""
[3.620s] -- Up-to-date: /home/robot/Desktop/mineswarm-parent/ros2_ws/install/sllidar_ros2/share/sllidar_ros2/launch
[3.623s] -- Up-to-date: /home/robot/Desktop/mineswarm-parent/ros2_ws/install/sllidar_ros2/share/sllidar_ros2/launch/view_sllidar_s1_tcp_launch.py
[3.624s] -- Up-to-date: /home/robot/Desktop/mineswarm-parent/ros2_ws/install/sllidar_ros2/share/sllidar_ros2/launch/sllidar_t1_launch.py
[3.625s] -- Up-to-date: /home/robot/Desktop/mineswarm-parent/ros2_ws/install/sllidar_ros2/share/sllidar_ros2/launch/view_sllidar_a1_launch.py
[3.625s] -- Up-to-date: /home/robot/Desktop/mineswarm-parent/ros2_ws/install/sllidar_ros2/share/sllidar_ros2/launch/sllidar_a2m8_launch.py
[3.626s] -- Up-to-date: /home/robot/Desktop/mineswarm-parent/ros2_ws/install/sllidar_ros2/share/sllidar_ros2/launch/view_sllidar_a2m8_launch.py
[3.627s] -- Up-to-date: /home/robot/Desktop/mineswarm-parent/ros2_ws/install/sllidar_ros2/share/sllidar_ros2/launch/sllidar_s2e_launch.py
[3.627s] -- Up-to-date: /home/robot/Desktop/mineswarm-parent/ros2_ws/install/sllidar_ros2/share/sllidar_ros2/launch/view_sllidar_t1_launch.py
[3.628s] -- Up-to-date: /home/robot/Desktop/mineswarm-parent/ros2_ws/install/sllidar_ros2/share/sllidar_ros2/launch/view_sllidar_c1_launch.py
[3.629s] -- Up-to-date: /home/robot/Desktop/mineswarm-parent/ros2_ws/install/sllidar_ros2/share/sllidar_ros2/launch/view_sllidar_s2_launch.py
[3.629s] -- Up-to-date: /home/robot/Desktop/mineswarm-parent/ros2_ws/install/sllidar_ros2/share/sllidar_ros2/launch/sllidar_c1_launch.py
[3.631s] -- Up-to-date: /home/robot/Desktop/mineswarm-parent/ros2_ws/install/sllidar_ros2/share/sllidar_ros2/launch/sllidar_a1_launch.py
[3.632s] -- Up-to-date: /home/robot/Desktop/mineswarm-parent/ros2_ws/install/sllidar_ros2/share/sllidar_ros2/launch/sllidar_s2_launch.py
[3.634s] -- Up-to-date: /home/robot/Desktop/mineswarm-parent/ros2_ws/install/sllidar_ros2/share/sllidar_ros2/launch/view_sllidar_a2m7_launch.py
[3.635s] -- Up-to-date: /home/robot/Desktop/mineswarm-parent/ros2_ws/install/sllidar_ros2/share/sllidar_ros2/launch/sllidar_s3_launch.py
[3.636s] -- Up-to-date: /home/robot/Desktop/mineswarm-parent/ros2_ws/install/sllidar_ros2/share/sllidar_ros2/launch/sllidar_s1_tcp_launch.py
[3.638s] -- Up-to-date: /home/robot/Desktop/mineswarm-parent/ros2_ws/install/sllidar_ros2/share/sllidar_ros2/launch/sllidar_a2m12_launch .py
[3.639s] -- Up-to-date: /home/robot/Desktop/mineswarm-parent/ros2_ws/install/sllidar_ros2/share/sllidar_ros2/launch/sllidar_a2m7_launch.py
[3.639s] -- Up-to-date: /home/robot/Desktop/mineswarm-parent/ros2_ws/install/sllidar_ros2/share/sllidar_ros2/launch/view_sllidar_a2m12_launch.py
[3.641s] -- Up-to-date: /home/robot/Desktop/mineswarm-parent/ros2_ws/install/sllidar_ros2/share/sllidar_ros2/launch/view_sllidar_s3_launch.py
[3.642s] -- Up-to-date: /home/robot/Desktop/mineswarm-parent/ros2_ws/install/sllidar_ros2/share/sllidar_ros2/launch/view_sllidar_s1_launch.py
[3.643s] -- Up-to-date: /home/robot/Desktop/mineswarm-parent/ros2_ws/install/sllidar_ros2/share/sllidar_ros2/launch/view_sllidar_a3_launch.py
[3.644s] -- Up-to-date: /home/robot/Desktop/mineswarm-parent/ros2_ws/install/sllidar_ros2/share/sllidar_ros2/launch/sllidar_a3_launch.py
[3.645s] -- Up-to-date: /home/robot/Desktop/mineswarm-parent/ros2_ws/install/sllidar_ros2/share/sllidar_ros2/launch/sllidar_s1_launch.py
[3.646s] -- Up-to-date: /home/robot/Desktop/mineswarm-parent/ros2_ws/install/sllidar_ros2/share/sllidar_ros2/launch/view_sllidar_s2e_launch.py
[3.652s] -- Up-to-date: /home/robot/Desktop/mineswarm-parent/ros2_ws/install/sllidar_ros2/share/sllidar_ros2/rviz
[3.653s] -- Up-to-date: /home/robot/Desktop/mineswarm-parent/ros2_ws/install/sllidar_ros2/share/sllidar_ros2/rviz/sllidar_ros2.rviz
[3.654s] -- Up-to-date: /home/robot/Desktop/mineswarm-parent/ros2_ws/install/sllidar_ros2/lib/sllidar_ros2/sllidar_node
[3.655s] -- Up-to-date: /home/robot/Desktop/mineswarm-parent/ros2_ws/install/sllidar_ros2/lib/sllidar_ros2/sllidar_client
[3.655s] -- Up-to-date: /home/robot/Desktop/mineswarm-parent/ros2_ws/install/sllidar_ros2/share/ament_index/resource_index/package_run_dependencies/sllidar_ros2
[3.656s] -- Up-to-date: /home/robot/Desktop/mineswarm-parent/ros2_ws/install/sllidar_ros2/share/ament_index/resource_index/parent_prefix_path/sllidar_ros2
[3.657s] -- Up-to-date: /home/robot/Desktop/mineswarm-parent/ros2_ws/install/sllidar_ros2/share/sllidar_ros2/environment/ament_prefix_path.sh
[3.658s] -- Up-to-date: /home/robot/Desktop/mineswarm-parent/ros2_ws/install/sllidar_ros2/share/sllidar_ros2/environment/ament_prefix_path.dsv
[3.659s] -- Up-to-date: /home/robot/Desktop/mineswarm-parent/ros2_ws/install/sllidar_ros2/share/sllidar_ros2/environment/path.sh
[3.660s] -- Up-to-date: /home/robot/Desktop/mineswarm-parent/ros2_ws/install/sllidar_ros2/share/sllidar_ros2/environment/path.dsv
[3.661s] -- Up-to-date: /home/robot/Desktop/mineswarm-parent/ros2_ws/install/sllidar_ros2/share/sllidar_ros2/local_setup.bash
[3.661s] -- Up-to-date: /home/robot/Desktop/mineswarm-parent/ros2_ws/install/sllidar_ros2/share/sllidar_ros2/local_setup.sh
[3.662s] -- Up-to-date: /home/robot/Desktop/mineswarm-parent/ros2_ws/install/sllidar_ros2/share/sllidar_ros2/local_setup.zsh
[3.663s] -- Up-to-date: /home/robot/Desktop/mineswarm-parent/ros2_ws/install/sllidar_ros2/share/sllidar_ros2/local_setup.dsv
[3.664s] -- Installing: /home/robot/Desktop/mineswarm-parent/ros2_ws/install/sllidar_ros2/share/sllidar_ros2/package.dsv
[3.665s] -- Up-to-date: /home/robot/Desktop/mineswarm-parent/ros2_ws/install/sllidar_ros2/share/ament_index/resource_index/packages/sllidar_ros2
[3.666s] -- Up-to-date: /home/robot/Desktop/mineswarm-parent/ros2_ws/install/sllidar_ros2/share/sllidar_ros2/cmake/ament_cmake_export_dependencies-extras.cmake
[3.666s] -- Up-to-date: /home/robot/Desktop/mineswarm-parent/ros2_ws/install/sllidar_ros2/share/sllidar_ros2/cmake/ament_cmake_export_include_directories-extras.cmake
[3.667s] -- Up-to-date: /home/robot/Desktop/mineswarm-parent/ros2_ws/install/sllidar_ros2/share/sllidar_ros2/cmake/sllidar_ros2Config.cmake
[3.668s] -- Up-to-date: /home/robot/Desktop/mineswarm-parent/ros2_ws/install/sllidar_ros2/share/sllidar_ros2/cmake/sllidar_ros2Config-version.cmake
[3.670s] -- Up-to-date: /home/robot/Desktop/mineswarm-parent/ros2_ws/install/sllidar_ros2/share/sllidar_ros2/package.xml
[3.671s] Invoked command in '/home/robot/Desktop/mineswarm-parent/ros2_ws/build/sllidar_ros2' returned '0': CMAKE_PREFIX_PATH=${CMAKE_PREFIX_PATH}:/home/robot/Desktop/mineswarm-parent/ros2_ws/install/communication_module:/home/robot/Desktop/mineswarm-parent/ros2_ws/install/childcomms:/opt/ros/humble /usr/bin/cmake --install /home/robot/Desktop/mineswarm-parent/ros2_ws/build/sllidar_ros2
