[0.109s] Invoking command in '/home/mine/Desktop/ros2_ws/build/sllidar_ros2': CMAKE_PREFIX_PATH=${CMAKE_PREFIX_PATH}:/opt/ros/humble /usr/bin/cmake --build /home/mine/Desktop/ros2_ws/build/sllidar_ros2 -- -j4 -l4
[0.742s] [ 10%] Built target sllidar_client
[0.760s] [100%] Built target sllidar_node
[0.941s] Invoked command in '/home/mine/Desktop/ros2_ws/build/sllidar_ros2' returned '0': CMAKE_PREFIX_PATH=${CMAKE_PREFIX_PATH}:/opt/ros/humble /usr/bin/cmake --build /home/mine/Desktop/ros2_ws/build/sllidar_ros2 -- -j4 -l4
[1.359s] Invoking command in '/home/mine/Desktop/ros2_ws/build/sllidar_ros2': CMAKE_PREFIX_PATH=${CMAKE_PREFIX_PATH}:/opt/ros/humble /usr/bin/cmake --install /home/mine/Desktop/ros2_ws/build/sllidar_ros2
[1.387s] -- Install configuration: ""
[1.391s] -- Execute custom install script
[1.395s] -- Up-to-date symlink: /home/mine/Desktop/ros2_ws/install/sllidar_ros2/share/sllidar_ros2/launch/sllidar_a1_launch.py
[1.395s] -- Up-to-date symlink: /home/mine/Desktop/ros2_ws/install/sllidar_ros2/share/sllidar_ros2/launch/sllidar_a2m12_launch .py
[1.397s] -- Up-to-date symlink: /home/mine/Desktop/ros2_ws/install/sllidar_ros2/share/sllidar_ros2/launch/sllidar_a2m7_launch.py
[1.398s] -- Up-to-date symlink: /home/mine/Desktop/ros2_ws/install/sllidar_ros2/share/sllidar_ros2/launch/sllidar_a2m8_launch.py
[1.399s] -- Up-to-date symlink: /home/mine/Desktop/ros2_ws/install/sllidar_ros2/share/sllidar_ros2/launch/sllidar_a3_launch.py
[1.400s] -- Up-to-date symlink: /home/mine/Desktop/ros2_ws/install/sllidar_ros2/share/sllidar_ros2/launch/sllidar_c1_launch.py
[1.401s] -- Up-to-date symlink: /home/mine/Desktop/ros2_ws/install/sllidar_ros2/share/sllidar_ros2/launch/sllidar_s1_launch.py
[1.402s] -- Up-to-date symlink: /home/mine/Desktop/ros2_ws/install/sllidar_ros2/share/sllidar_ros2/launch/sllidar_s1_tcp_launch.py
[1.403s] -- Up-to-date symlink: /home/mine/Desktop/ros2_ws/install/sllidar_ros2/share/sllidar_ros2/launch/sllidar_s2_launch.py
[1.405s] -- Up-to-date symlink: /home/mine/Desktop/ros2_ws/install/sllidar_ros2/share/sllidar_ros2/launch/sllidar_s2e_launch.py
[1.406s] -- Up-to-date symlink: /home/mine/Desktop/ros2_ws/install/sllidar_ros2/share/sllidar_ros2/launch/sllidar_s3_launch.py
[1.407s] -- Up-to-date symlink: /home/mine/Desktop/ros2_ws/install/sllidar_ros2/share/sllidar_ros2/launch/sllidar_t1_launch.py
[1.408s] -- Up-to-date symlink: /home/mine/Desktop/ros2_ws/install/sllidar_ros2/share/sllidar_ros2/launch/view_sllidar_a1_launch.py
[1.408s] -- Up-to-date symlink: /home/mine/Desktop/ros2_ws/install/sllidar_ros2/share/sllidar_ros2/launch/view_sllidar_a2m12_launch.py
[1.409s] -- Up-to-date symlink: /home/mine/Desktop/ros2_ws/install/sllidar_ros2/share/sllidar_ros2/launch/view_sllidar_a2m7_launch.py
[1.410s] -- Up-to-date symlink: /home/mine/Desktop/ros2_ws/install/sllidar_ros2/share/sllidar_ros2/launch/view_sllidar_a2m8_launch.py
[1.410s] -- Up-to-date symlink: /home/mine/Desktop/ros2_ws/install/sllidar_ros2/share/sllidar_ros2/launch/view_sllidar_a3_launch.py
[1.411s] -- Up-to-date symlink: /home/mine/Desktop/ros2_ws/install/sllidar_ros2/share/sllidar_ros2/launch/view_sllidar_c1_launch.py
[1.412s] -- Up-to-date symlink: /home/mine/Desktop/ros2_ws/install/sllidar_ros2/share/sllidar_ros2/launch/view_sllidar_s1_launch.py
[1.413s] -- Up-to-date symlink: /home/mine/Desktop/ros2_ws/install/sllidar_ros2/share/sllidar_ros2/launch/view_sllidar_s1_tcp_launch.py
[1.413s] -- Up-to-date symlink: /home/mine/Desktop/ros2_ws/install/sllidar_ros2/share/sllidar_ros2/launch/view_sllidar_s2_launch.py
[1.414s] -- Up-to-date symlink: /home/mine/Desktop/ros2_ws/install/sllidar_ros2/share/sllidar_ros2/launch/view_sllidar_s2e_launch.py
[1.415s] -- Up-to-date symlink: /home/mine/Desktop/ros2_ws/install/sllidar_ros2/share/sllidar_ros2/launch/view_sllidar_s3_launch.py
[1.416s] -- Up-to-date symlink: /home/mine/Desktop/ros2_ws/install/sllidar_ros2/share/sllidar_ros2/launch/view_sllidar_t1_launch.py
[1.417s] -- Up-to-date symlink: /home/mine/Desktop/ros2_ws/install/sllidar_ros2/share/sllidar_ros2/rviz/sllidar_ros2.rviz
[1.419s] -- Up-to-date symlink: /home/mine/Desktop/ros2_ws/install/sllidar_ros2/lib/sllidar_ros2/sllidar_node
[1.420s] -- Up-to-date symlink: /home/mine/Desktop/ros2_ws/install/sllidar_ros2/lib/sllidar_ros2/sllidar_client
[1.421s] -- Up-to-date symlink: /home/mine/Desktop/ros2_ws/install/sllidar_ros2/share/ament_index/resource_index/package_run_dependencies/sllidar_ros2
[1.422s] -- Up-to-date symlink: /home/mine/Desktop/ros2_ws/install/sllidar_ros2/share/ament_index/resource_index/parent_prefix_path/sllidar_ros2
[1.423s] -- Up-to-date symlink: /home/mine/Desktop/ros2_ws/install/sllidar_ros2/share/sllidar_ros2/environment/ament_prefix_path.sh
[1.424s] -- Up-to-date symlink: /home/mine/Desktop/ros2_ws/install/sllidar_ros2/share/sllidar_ros2/environment/ament_prefix_path.dsv
[1.425s] -- Up-to-date symlink: /home/mine/Desktop/ros2_ws/install/sllidar_ros2/share/sllidar_ros2/environment/path.sh
[1.426s] -- Up-to-date symlink: /home/mine/Desktop/ros2_ws/install/sllidar_ros2/share/sllidar_ros2/environment/path.dsv
[1.427s] -- Up-to-date symlink: /home/mine/Desktop/ros2_ws/install/sllidar_ros2/share/sllidar_ros2/local_setup.bash
[1.428s] -- Up-to-date symlink: /home/mine/Desktop/ros2_ws/install/sllidar_ros2/share/sllidar_ros2/local_setup.sh
[1.429s] -- Up-to-date symlink: /home/mine/Desktop/ros2_ws/install/sllidar_ros2/share/sllidar_ros2/local_setup.zsh
[1.430s] -- Up-to-date symlink: /home/mine/Desktop/ros2_ws/install/sllidar_ros2/share/sllidar_ros2/local_setup.dsv
[1.431s] -- Symlinking: /home/mine/Desktop/ros2_ws/install/sllidar_ros2/share/sllidar_ros2/package.dsv
[1.471s] -- Up-to-date symlink: /home/mine/Desktop/ros2_ws/install/sllidar_ros2/share/ament_index/resource_index/packages/sllidar_ros2
[1.472s] -- Up-to-date symlink: /home/mine/Desktop/ros2_ws/install/sllidar_ros2/share/sllidar_ros2/cmake/ament_cmake_export_dependencies-extras.cmake
[1.473s] -- Up-to-date symlink: /home/mine/Desktop/ros2_ws/install/sllidar_ros2/share/sllidar_ros2/cmake/ament_cmake_export_include_directories-extras.cmake
[1.474s] -- Up-to-date symlink: /home/mine/Desktop/ros2_ws/install/sllidar_ros2/share/sllidar_ros2/cmake/sllidar_ros2Config.cmake
[1.475s] -- Up-to-date symlink: /home/mine/Desktop/ros2_ws/install/sllidar_ros2/share/sllidar_ros2/cmake/sllidar_ros2Config-version.cmake
[1.477s] -- Up-to-date symlink: /home/mine/Desktop/ros2_ws/install/sllidar_ros2/share/sllidar_ros2/package.xml
[1.490s] Invoked command in '/home/mine/Desktop/ros2_ws/build/sllidar_ros2' returned '0': CMAKE_PREFIX_PATH=${CMAKE_PREFIX_PATH}:/opt/ros/humble /usr/bin/cmake --install /home/mine/Desktop/ros2_ws/build/sllidar_ros2
