[0.078s] Invoking command in '/home/mine/Desktop/ros2_ws/build/ugv02_cartographer': CMAKE_PREFIX_PATH=${CMAKE_PREFIX_PATH}:/opt/ros/humble /usr/bin/cmake --build /home/mine/Desktop/ros2_ws/build/ugv02_cartographer -- -j4 -l4
[0.272s] Invoked command in '/home/mine/Desktop/ros2_ws/build/ugv02_cartographer' returned '0': CMAKE_PREFIX_PATH=${CMAKE_PREFIX_PATH}:/opt/ros/humble /usr/bin/cmake --build /home/mine/Desktop/ros2_ws/build/ugv02_cartographer -- -j4 -l4
[0.443s] Invoking command in '/home/mine/Desktop/ros2_ws/build/ugv02_cartographer': CMAKE_PREFIX_PATH=${CMAKE_PREFIX_PATH}:/opt/ros/humble /usr/bin/cmake --install /home/mine/Desktop/ros2_ws/build/ugv02_cartographer
[0.471s] -- Install configuration: ""
[0.472s] -- Up-to-date: /home/mine/Desktop/ros2_ws/install/ugv02_cartographer/share/ament_index/resource_index/package_run_dependencies/ugv02_cartographer
[0.473s] -- Up-to-date: /home/mine/Desktop/ros2_ws/install/ugv02_cartographer/share/ament_index/resource_index/parent_prefix_path/ugv02_cartographer
[0.474s] -- Up-to-date: /home/mine/Desktop/ros2_ws/install/ugv02_cartographer/share/ugv02_cartographer/environment/ament_prefix_path.sh
[0.476s] -- Up-to-date: /home/mine/Desktop/ros2_ws/install/ugv02_cartographer/share/ugv02_cartographer/environment/ament_prefix_path.dsv
[0.477s] -- Up-to-date: /home/mine/Desktop/ros2_ws/install/ugv02_cartographer/share/ugv02_cartographer/environment/path.sh
[0.480s] -- Up-to-date: /home/mine/Desktop/ros2_ws/install/ugv02_cartographer/share/ugv02_cartographer/environment/path.dsv
[0.481s] -- Up-to-date: /home/mine/Desktop/ros2_ws/install/ugv02_cartographer/share/ugv02_cartographer/local_setup.bash
[0.482s] -- Up-to-date: /home/mine/Desktop/ros2_ws/install/ugv02_cartographer/share/ugv02_cartographer/local_setup.sh
[0.482s] -- Up-to-date: /home/mine/Desktop/ros2_ws/install/ugv02_cartographer/share/ugv02_cartographer/local_setup.zsh
[0.483s] -- Up-to-date: /home/mine/Desktop/ros2_ws/install/ugv02_cartographer/share/ugv02_cartographer/local_setup.dsv
[0.484s] -- Installing: /home/mine/Desktop/ros2_ws/install/ugv02_cartographer/share/ugv02_cartographer/package.dsv
[0.485s] -- Up-to-date: /home/mine/Desktop/ros2_ws/install/ugv02_cartographer/share/ament_index/resource_index/packages/ugv02_cartographer
[0.486s] -- Up-to-date: /home/mine/Desktop/ros2_ws/install/ugv02_cartographer/share/ugv02_cartographer/cmake/ugv02_cartographerConfig.cmake
[0.487s] -- Up-to-date: /home/mine/Desktop/ros2_ws/install/ugv02_cartographer/share/ugv02_cartographer/cmake/ugv02_cartographerConfig-version.cmake
[0.491s] -- Up-to-date: /home/mine/Desktop/ros2_ws/install/ugv02_cartographer/share/ugv02_cartographer/package.xml
[0.493s] -- Up-to-date: /home/mine/Desktop/ros2_ws/install/ugv02_cartographer/share//config
[0.493s] -- Installing: /home/mine/Desktop/ros2_ws/install/ugv02_cartographer/share//config/cartographer_2d.lua
[0.494s] -- Up-to-date: /home/mine/Desktop/ros2_ws/install/ugv02_cartographer/share//launch
[0.494s] -- Up-to-date: /home/mine/Desktop/ros2_ws/install/ugv02_cartographer/share//launch/cartographer.launch.py
[0.508s] Invoked command in '/home/mine/Desktop/ros2_ws/build/ugv02_cartographer' returned '0': CMAKE_PREFIX_PATH=${CMAKE_PREFIX_PATH}:/opt/ros/humble /usr/bin/cmake --install /home/mine/Desktop/ros2_ws/build/ugv02_cartographer
