running egg_info
creating ../../build/communication_module/communication_module.egg-info
writing ../../build/communication_module/communication_module.egg-info/PKG-INFO
writing dependency_links to ../../build/communication_module/communication_module.egg-info/dependency_links.txt
writing entry points to ../../build/communication_module/communication_module.egg-info/entry_points.txt
writing requirements to ../../build/communication_module/communication_module.egg-info/requires.txt
writing top-level names to ../../build/communication_module/communication_module.egg-info/top_level.txt
writing manifest file '../../build/communication_module/communication_module.egg-info/SOURCES.txt'
reading manifest file '../../build/communication_module/communication_module.egg-info/SOURCES.txt'
writing manifest file '../../build/communication_module/communication_module.egg-info/SOURCES.txt'
running build
running build_py
creating /home/robot/Desktop/mineswarm-parent/ros2_ws/build/communication_module/build
creating /home/robot/Desktop/mineswarm-parent/ros2_ws/build/communication_module/build/lib
creating /home/robot/Desktop/mineswarm-parent/ros2_ws/build/communication_module/build/lib/communication_module
copying communication_module/ugv02_control.py -> /home/robot/Desktop/mineswarm-parent/ros2_ws/build/communication_module/build/lib/communication_module
copying communication_module/__init__.py -> /home/robot/Desktop/mineswarm-parent/ros2_ws/build/communication_module/build/lib/communication_module
running install
running install_lib
creating /home/robot/Desktop/mineswarm-parent/ros2_ws/install/communication_module/lib/python3.10/site-packages/communication_module
copying /home/robot/Desktop/mineswarm-parent/ros2_ws/build/communication_module/build/lib/communication_module/ugv02_control.py -> /home/robot/Desktop/mineswarm-parent/ros2_ws/install/communication_module/lib/python3.10/site-packages/communication_module
copying /home/robot/Desktop/mineswarm-parent/ros2_ws/build/communication_module/build/lib/communication_module/__init__.py -> /home/robot/Desktop/mineswarm-parent/ros2_ws/install/communication_module/lib/python3.10/site-packages/communication_module
byte-compiling /home/robot/Desktop/mineswarm-parent/ros2_ws/install/communication_module/lib/python3.10/site-packages/communication_module/ugv02_control.py to ugv02_control.cpython-310.pyc
byte-compiling /home/robot/Desktop/mineswarm-parent/ros2_ws/install/communication_module/lib/python3.10/site-packages/communication_module/__init__.py to __init__.cpython-310.pyc
running install_data
running install_egg_info
Copying ../../build/communication_module/communication_module.egg-info to /home/robot/Desktop/mineswarm-parent/ros2_ws/install/communication_module/lib/python3.10/site-packages/communication_module-0.0.0-py3.10.egg-info
running install_scripts
Installing ugv02_control script to /home/robot/Desktop/mineswarm-parent/ros2_ws/install/communication_module/lib/communication_module
writing list of installed files to '/home/robot/Desktop/mineswarm-parent/ros2_ws/build/communication_module/install.log'
