[5.627s] Invoking command in '/home/robot/Desktop/mineswarm-parent/ros2_ws/src/communication_module': PYTHONPATH=/home/robot/Desktop/mineswarm-parent/ros2_ws/build/communication_module/prefix_override:/usr/lib/python3/dist-packages/colcon_core/task/python/colcon_distutils_commands:/home/robot/Desktop/mineswarm-parent/ros2_ws/install/communication_module/lib/python3.10/site-packages:${PYTHONPATH} /usr/bin/python3 -W ignore:setup.py install is deprecated setup.py egg_info --egg-base ../../build/communication_module build --build-base /home/robot/Desktop/mineswarm-parent/ros2_ws/build/communication_module/build install --record /home/robot/Desktop/mineswarm-parent/ros2_ws/build/communication_module/install.log --single-version-externally-managed install_data
[7.482s] running egg_info
[7.485s] creating ../../build/communication_module/communication_module.egg-info
[7.485s] writing ../../build/communication_module/communication_module.egg-info/PKG-INFO
[7.487s] writing dependency_links to ../../build/communication_module/communication_module.egg-info/dependency_links.txt
[7.488s] writing entry points to ../../build/communication_module/communication_module.egg-info/entry_points.txt
[7.488s] writing requirements to ../../build/communication_module/communication_module.egg-info/requires.txt
[7.489s] writing top-level names to ../../build/communication_module/communication_module.egg-info/top_level.txt
[7.490s] writing manifest file '../../build/communication_module/communication_module.egg-info/SOURCES.txt'
[7.497s] reading manifest file '../../build/communication_module/communication_module.egg-info/SOURCES.txt'
[7.500s] writing manifest file '../../build/communication_module/communication_module.egg-info/SOURCES.txt'
[7.501s] running build
[7.501s] running build_py
[7.501s] creating /home/robot/Desktop/mineswarm-parent/ros2_ws/build/communication_module/build
[7.502s] creating /home/robot/Desktop/mineswarm-parent/ros2_ws/build/communication_module/build/lib
[7.503s] creating /home/robot/Desktop/mineswarm-parent/ros2_ws/build/communication_module/build/lib/communication_module
[7.503s] copying communication_module/ugv02_control.py -> /home/robot/Desktop/mineswarm-parent/ros2_ws/build/communication_module/build/lib/communication_module
[7.517s] copying communication_module/__init__.py -> /home/robot/Desktop/mineswarm-parent/ros2_ws/build/communication_module/build/lib/communication_module
[7.519s] running install
[7.531s] running install_lib
[7.533s] creating /home/robot/Desktop/mineswarm-parent/ros2_ws/install/communication_module/lib/python3.10/site-packages/communication_module
[7.533s] copying /home/robot/Desktop/mineswarm-parent/ros2_ws/build/communication_module/build/lib/communication_module/ugv02_control.py -> /home/robot/Desktop/mineswarm-parent/ros2_ws/install/communication_module/lib/python3.10/site-packages/communication_module
[7.534s] copying /home/robot/Desktop/mineswarm-parent/ros2_ws/build/communication_module/build/lib/communication_module/__init__.py -> /home/robot/Desktop/mineswarm-parent/ros2_ws/install/communication_module/lib/python3.10/site-packages/communication_module
[7.534s] byte-compiling /home/robot/Desktop/mineswarm-parent/ros2_ws/install/communication_module/lib/python3.10/site-packages/communication_module/ugv02_control.py to ugv02_control.cpython-310.pyc
[7.537s] byte-compiling /home/robot/Desktop/mineswarm-parent/ros2_ws/install/communication_module/lib/python3.10/site-packages/communication_module/__init__.py to __init__.cpython-310.pyc
[7.539s] running install_data
[7.542s] running install_egg_info
[7.554s] Copying ../../build/communication_module/communication_module.egg-info to /home/robot/Desktop/mineswarm-parent/ros2_ws/install/communication_module/lib/python3.10/site-packages/communication_module-0.0.0-py3.10.egg-info
[7.565s] running install_scripts
[7.695s] Installing ugv02_control script to /home/robot/Desktop/mineswarm-parent/ros2_ws/install/communication_module/lib/communication_module
[7.697s] writing list of installed files to '/home/robot/Desktop/mineswarm-parent/ros2_ws/build/communication_module/install.log'
[8.135s] Invoked command in '/home/robot/Desktop/mineswarm-parent/ros2_ws/src/communication_module' returned '0': PYTHONPATH=/home/robot/Desktop/mineswarm-parent/ros2_ws/build/communication_module/prefix_override:/usr/lib/python3/dist-packages/colcon_core/task/python/colcon_distutils_commands:/home/robot/Desktop/mineswarm-parent/ros2_ws/install/communication_module/lib/python3.10/site-packages:${PYTHONPATH} /usr/bin/python3 -W ignore:setup.py install is deprecated setup.py egg_info --egg-base ../../build/communication_module build --build-base /home/robot/Desktop/mineswarm-parent/ros2_ws/build/communication_module/build install --record /home/robot/Desktop/mineswarm-parent/ros2_ws/build/communication_module/install.log --single-version-externally-managed install_data
