[2.931s] Invoking command in '/home/robot/Desktop/ros2_ws/src/childcomms': PYTHONPATH=/home/robot/Desktop/ros2_ws/build/childcomms/prefix_override:/home/robot/Desktop/ros2_ws/install/childcomms/lib/python3.10/site-packages:${PYTHONPATH} /usr/bin/python3 -W ignore:setup.py install is deprecated setup.py egg_info --egg-base ../../build/childcomms build --build-base /home/robot/Desktop/ros2_ws/build/childcomms/build install --record /home/robot/Desktop/ros2_ws/build/childcomms/install.log --single-version-externally-managed install_data
[4.065s] running egg_info
[4.069s] writing ../../build/childcomms/childcomms.egg-info/PKG-INFO
[4.070s] writing dependency_links to ../../build/childcomms/childcomms.egg-info/dependency_links.txt
[4.071s] writing entry points to ../../build/childcomms/childcomms.egg-info/entry_points.txt
[4.072s] writing requirements to ../../build/childcomms/childcomms.egg-info/requires.txt
[4.073s] writing top-level names to ../../build/childcomms/childcomms.egg-info/top_level.txt
[4.081s] reading manifest file '../../build/childcomms/childcomms.egg-info/SOURCES.txt'
[4.082s] adding license file 'LICENSE'
[4.085s] writing manifest file '../../build/childcomms/childcomms.egg-info/SOURCES.txt'
[4.086s] running build
[4.086s] running build_py
[4.087s] copying childcomms/childcomms2.py -> /home/robot/Desktop/ros2_ws/build/childcomms/build/lib/childcomms
[4.088s] running install
[4.090s] running install_lib
[4.093s] copying /home/robot/Desktop/ros2_ws/build/childcomms/build/lib/childcomms/childcomms2.py -> /home/robot/Desktop/ros2_ws/install/childcomms/lib/python3.10/site-packages/childcomms
[4.097s] byte-compiling /home/robot/Desktop/ros2_ws/install/childcomms/lib/python3.10/site-packages/childcomms/childcomms2.py to childcomms2.cpython-310.pyc
[4.101s] running install_data
[4.102s] running install_egg_info
[4.109s] removing '/home/robot/Desktop/ros2_ws/install/childcomms/lib/python3.10/site-packages/childcomms-0.0.0-py3.10.egg-info' (and everything under it)
[4.110s] Copying ../../build/childcomms/childcomms.egg-info to /home/robot/Desktop/ros2_ws/install/childcomms/lib/python3.10/site-packages/childcomms-0.0.0-py3.10.egg-info
[4.116s] running install_scripts
[4.207s] Installing childcomms1 script to /home/robot/Desktop/ros2_ws/install/childcomms/lib/childcomms
[4.208s] Installing childcomms2 script to /home/robot/Desktop/ros2_ws/install/childcomms/lib/childcomms
[4.210s] writing list of installed files to '/home/robot/Desktop/ros2_ws/build/childcomms/install.log'
[4.352s] Invoked command in '/home/robot/Desktop/ros2_ws/src/childcomms' returned '0': PYTHONPATH=/home/robot/Desktop/ros2_ws/build/childcomms/prefix_override:/home/robot/Desktop/ros2_ws/install/childcomms/lib/python3.10/site-packages:${PYTHONPATH} /usr/bin/python3 -W ignore:setup.py install is deprecated setup.py egg_info --egg-base ../../build/childcomms build --build-base /home/robot/Desktop/ros2_ws/build/childcomms/build install --record /home/robot/Desktop/ros2_ws/build/childcomms/install.log --single-version-externally-managed install_data
