[0.812s] DEBUG:colcon:Command line arguments: ['/usr/bin/colcon', 'build']
[0.813s] DEBUG:colcon:Parsed command line arguments: Namespace(log_base=None, log_level=None, verb_name='build', build_base='build', install_base='install', merge_install=False, symlink_install=False, test_result_base=None, continue_on_error=False, executor='parallel', parallel_workers=4, event_handlers=None, ignore_user_meta=False, metas=['./colcon.meta'], base_paths=['.'], packages_ignore=None, packages_ignore_regex=None, paths=None, packages_up_to=None, packages_up_to_regex=None, packages_above=None, packages_above_and_dependencies=None, packages_above_depth=None, packages_select_by_dep=None, packages_skip_by_dep=None, packages_skip_up_to=None, packages_select_build_failed=False, packages_skip_build_finished=False, packages_select_test_failures=False, packages_skip_test_passed=False, packages_select=None, packages_skip=None, packages_select_regex=None, packages_skip_regex=None, packages_start=None, packages_end=None, allow_overriding=[], cmake_args=None, cmake_target=None, cmake_target_skip_unavailable=False, cmake_clean_cache=False, cmake_clean_first=False, cmake_force_configure=False, ament_cmake_args=None, catkin_cmake_args=None, catkin_skip_building_tests=False, mixin_files=None, mixin=None, verb_parser=<colcon_mixin.mixin.mixin_argument.MixinArgumentDecorator object at 0xffffbb849840>, verb_extension=<colcon_core.verb.build.BuildVerb object at 0xffffbb949e40>, main=<bound method BuildVerb.main of <colcon_core.verb.build.BuildVerb object at 0xffffbb949e40>>, mixin_verb=('build',))
[2.301s] Level 1:colcon.colcon_core.package_discovery:discover_packages(colcon_meta) check parameters
[2.302s] Level 1:colcon.colcon_core.package_discovery:discover_packages(recursive) check parameters
[2.302s] Level 1:colcon.colcon_core.package_discovery:discover_packages(ignore) check parameters
[2.302s] Level 1:colcon.colcon_core.package_discovery:discover_packages(path) check parameters
[2.302s] Level 1:colcon.colcon_core.package_discovery:discover_packages(colcon_meta) discover
[2.302s] Level 1:colcon.colcon_core.package_discovery:discover_packages(recursive) discover
[2.303s] INFO:colcon.colcon_core.package_discovery:Crawling recursively for packages in '/home/mine/Desktop/ros2_ws'
[2.303s] Level 1:colcon.colcon_core.package_identification:_identify(.) by extensions ['ignore', 'ignore_ament_install']
[2.304s] Level 1:colcon.colcon_core.package_identification:_identify(.) by extension 'ignore'
[2.304s] Level 1:colcon.colcon_core.package_identification:_identify(.) by extension 'ignore_ament_install'
[2.304s] Level 1:colcon.colcon_core.package_identification:_identify(.) by extensions ['colcon_pkg']
[2.304s] Level 1:colcon.colcon_core.package_identification:_identify(.) by extension 'colcon_pkg'
[2.305s] Level 1:colcon.colcon_core.package_identification:_identify(.) by extensions ['colcon_meta']
[2.305s] Level 1:colcon.colcon_core.package_identification:_identify(.) by extension 'colcon_meta'
[2.305s] Level 1:colcon.colcon_core.package_identification:_identify(.) by extensions ['ros']
[2.305s] Level 1:colcon.colcon_core.package_identification:_identify(.) by extension 'ros'
[2.384s] Level 1:colcon.colcon_core.package_identification:_identify(.) by extensions ['cmake', 'python']
[2.384s] Level 1:colcon.colcon_core.package_identification:_identify(.) by extension 'cmake'
[2.384s] Level 1:colcon.colcon_core.package_identification:_identify(.) by extension 'python'
[2.384s] Level 1:colcon.colcon_core.package_identification:_identify(.) by extensions ['python_setup_py']
[2.384s] Level 1:colcon.colcon_core.package_identification:_identify(.) by extension 'python_setup_py'
[2.385s] Level 1:colcon.colcon_core.package_identification:_identify(build) by extensions ['ignore', 'ignore_ament_install']
[2.385s] Level 1:colcon.colcon_core.package_identification:_identify(build) by extension 'ignore'
[2.385s] Level 1:colcon.colcon_core.package_identification:_identify(build) ignored
[2.386s] Level 1:colcon.colcon_core.package_identification:_identify(install) by extensions ['ignore', 'ignore_ament_install']
[2.386s] Level 1:colcon.colcon_core.package_identification:_identify(install) by extension 'ignore'
[2.387s] Level 1:colcon.colcon_core.package_identification:_identify(install) ignored
[2.387s] Level 1:colcon.colcon_core.package_identification:_identify(log) by extensions ['ignore', 'ignore_ament_install']
[2.388s] Level 1:colcon.colcon_core.package_identification:_identify(log) by extension 'ignore'
[2.388s] Level 1:colcon.colcon_core.package_identification:_identify(log) ignored
[2.388s] Level 1:colcon.colcon_core.package_identification:_identify(src) by extensions ['ignore', 'ignore_ament_install']
[2.388s] Level 1:colcon.colcon_core.package_identification:_identify(src) by extension 'ignore'
[2.389s] Level 1:colcon.colcon_core.package_identification:_identify(src) by extension 'ignore_ament_install'
[2.389s] Level 1:colcon.colcon_core.package_identification:_identify(src) by extensions ['colcon_pkg']
[2.389s] Level 1:colcon.colcon_core.package_identification:_identify(src) by extension 'colcon_pkg'
[2.389s] Level 1:colcon.colcon_core.package_identification:_identify(src) by extensions ['colcon_meta']
[2.389s] Level 1:colcon.colcon_core.package_identification:_identify(src) by extension 'colcon_meta'
[2.389s] Level 1:colcon.colcon_core.package_identification:_identify(src) by extensions ['ros']
[2.390s] Level 1:colcon.colcon_core.package_identification:_identify(src) by extension 'ros'
[2.390s] Level 1:colcon.colcon_core.package_identification:_identify(src) by extensions ['cmake', 'python']
[2.390s] Level 1:colcon.colcon_core.package_identification:_identify(src) by extension 'cmake'
[2.390s] Level 1:colcon.colcon_core.package_identification:_identify(src) by extension 'python'
[2.390s] Level 1:colcon.colcon_core.package_identification:_identify(src) by extensions ['python_setup_py']
[2.391s] Level 1:colcon.colcon_core.package_identification:_identify(src) by extension 'python_setup_py'
[2.391s] Level 1:colcon.colcon_core.package_identification:_identify(src/build) by extensions ['ignore', 'ignore_ament_install']
[2.391s] Level 1:colcon.colcon_core.package_identification:_identify(src/build) by extension 'ignore'
[2.391s] Level 1:colcon.colcon_core.package_identification:_identify(src/build) ignored
[2.392s] Level 1:colcon.colcon_core.package_identification:_identify(src/install) by extensions ['ignore', 'ignore_ament_install']
[2.392s] Level 1:colcon.colcon_core.package_identification:_identify(src/install) by extension 'ignore'
[2.392s] Level 1:colcon.colcon_core.package_identification:_identify(src/install) ignored
[2.393s] Level 1:colcon.colcon_core.package_identification:_identify(src/log) by extensions ['ignore', 'ignore_ament_install']
[2.393s] Level 1:colcon.colcon_core.package_identification:_identify(src/log) by extension 'ignore'
[2.393s] Level 1:colcon.colcon_core.package_identification:_identify(src/log) ignored
[2.394s] Level 1:colcon.colcon_core.package_identification:_identify(src/sllidar_ros2) by extensions ['ignore', 'ignore_ament_install']
[2.394s] Level 1:colcon.colcon_core.package_identification:_identify(src/sllidar_ros2) by extension 'ignore'
[2.394s] Level 1:colcon.colcon_core.package_identification:_identify(src/sllidar_ros2) by extension 'ignore_ament_install'
[2.394s] Level 1:colcon.colcon_core.package_identification:_identify(src/sllidar_ros2) by extensions ['colcon_pkg']
[2.395s] Level 1:colcon.colcon_core.package_identification:_identify(src/sllidar_ros2) by extension 'colcon_pkg'
[2.395s] Level 1:colcon.colcon_core.package_identification:_identify(src/sllidar_ros2) by extensions ['colcon_meta']
[2.395s] Level 1:colcon.colcon_core.package_identification:_identify(src/sllidar_ros2) by extension 'colcon_meta'
[2.395s] Level 1:colcon.colcon_core.package_identification:_identify(src/sllidar_ros2) by extensions ['ros']
[2.395s] Level 1:colcon.colcon_core.package_identification:_identify(src/sllidar_ros2) by extension 'ros'
[2.412s] DEBUG:colcon.colcon_core.package_identification:Package 'src/sllidar_ros2' with type 'ros.ament_cmake' and name 'sllidar_ros2'
[2.413s] Level 1:colcon.colcon_core.package_identification:_identify(src/ugv02_cartographer) by extensions ['ignore', 'ignore_ament_install']
[2.414s] Level 1:colcon.colcon_core.package_identification:_identify(src/ugv02_cartographer) by extension 'ignore'
[2.414s] Level 1:colcon.colcon_core.package_identification:_identify(src/ugv02_cartographer) by extension 'ignore_ament_install'
[2.414s] Level 1:colcon.colcon_core.package_identification:_identify(src/ugv02_cartographer) by extensions ['colcon_pkg']
[2.415s] Level 1:colcon.colcon_core.package_identification:_identify(src/ugv02_cartographer) by extension 'colcon_pkg'
[2.415s] Level 1:colcon.colcon_core.package_identification:_identify(src/ugv02_cartographer) by extensions ['colcon_meta']
[2.415s] Level 1:colcon.colcon_core.package_identification:_identify(src/ugv02_cartographer) by extension 'colcon_meta'
[2.415s] Level 1:colcon.colcon_core.package_identification:_identify(src/ugv02_cartographer) by extensions ['ros']
[2.415s] Level 1:colcon.colcon_core.package_identification:_identify(src/ugv02_cartographer) by extension 'ros'
[2.421s] DEBUG:colcon.colcon_core.package_identification:Package 'src/ugv02_cartographer' with type 'ros.ament_cmake' and name 'ugv02_cartographer'
[2.421s] Level 1:colcon.colcon_core.package_discovery:discover_packages(recursive) using defaults
[2.422s] Level 1:colcon.colcon_core.package_discovery:discover_packages(ignore) discover
[2.422s] Level 1:colcon.colcon_core.package_discovery:discover_packages(ignore) using defaults
[2.422s] Level 1:colcon.colcon_core.package_discovery:discover_packages(path) discover
[2.422s] Level 1:colcon.colcon_core.package_discovery:discover_packages(path) using defaults
[2.609s] Level 1:colcon.colcon_core.package_discovery:discover_packages(prefix_path) check parameters
[2.609s] Level 1:colcon.colcon_core.package_discovery:discover_packages(prefix_path) discover
[2.626s] DEBUG:colcon.colcon_installed_package_information.package_discovery:Found 2 installed packages in /home/mine/Desktop/ros2_ws/install
[2.629s] DEBUG:colcon.colcon_installed_package_information.package_discovery:Found 2 installed packages in /home/mine/Desktop/ros2_ws/src/install
[2.633s] DEBUG:colcon.colcon_installed_package_information.package_discovery:Found 2 installed packages in /home/mine/Desktop/newtest/install
[2.645s] DEBUG:colcon.colcon_installed_package_information.package_discovery:Found 337 installed packages in /opt/ros/humble
[2.652s] Level 1:colcon.colcon_core.package_discovery:discover_packages(prefix_path) using defaults
[2.859s] Level 5:colcon.colcon_core.verb:set package 'sllidar_ros2' build argument 'cmake_args' from command line to 'None'
[2.859s] Level 5:colcon.colcon_core.verb:set package 'sllidar_ros2' build argument 'cmake_target' from command line to 'None'
[2.859s] Level 5:colcon.colcon_core.verb:set package 'sllidar_ros2' build argument 'cmake_target_skip_unavailable' from command line to 'False'
[2.859s] Level 5:colcon.colcon_core.verb:set package 'sllidar_ros2' build argument 'cmake_clean_cache' from command line to 'False'
[2.859s] Level 5:colcon.colcon_core.verb:set package 'sllidar_ros2' build argument 'cmake_clean_first' from command line to 'False'
[2.859s] Level 5:colcon.colcon_core.verb:set package 'sllidar_ros2' build argument 'cmake_force_configure' from command line to 'False'
[2.860s] Level 5:colcon.colcon_core.verb:set package 'sllidar_ros2' build argument 'ament_cmake_args' from command line to 'None'
[2.860s] Level 5:colcon.colcon_core.verb:set package 'sllidar_ros2' build argument 'catkin_cmake_args' from command line to 'None'
[2.860s] Level 5:colcon.colcon_core.verb:set package 'sllidar_ros2' build argument 'catkin_skip_building_tests' from command line to 'False'
[2.860s] DEBUG:colcon.colcon_core.verb:Building package 'sllidar_ros2' with the following arguments: {'ament_cmake_args': None, 'build_base': '/home/mine/Desktop/ros2_ws/build/sllidar_ros2', 'catkin_cmake_args': None, 'catkin_skip_building_tests': False, 'cmake_args': None, 'cmake_clean_cache': False, 'cmake_clean_first': False, 'cmake_force_configure': False, 'cmake_target': None, 'cmake_target_skip_unavailable': False, 'install_base': '/home/mine/Desktop/ros2_ws/install/sllidar_ros2', 'merge_install': False, 'path': '/home/mine/Desktop/ros2_ws/src/sllidar_ros2', 'symlink_install': False, 'test_result_base': None}
[2.862s] Level 5:colcon.colcon_core.verb:set package 'ugv02_cartographer' build argument 'cmake_args' from command line to 'None'
[2.862s] Level 5:colcon.colcon_core.verb:set package 'ugv02_cartographer' build argument 'cmake_target' from command line to 'None'
[2.862s] Level 5:colcon.colcon_core.verb:set package 'ugv02_cartographer' build argument 'cmake_target_skip_unavailable' from command line to 'False'
[2.862s] Level 5:colcon.colcon_core.verb:set package 'ugv02_cartographer' build argument 'cmake_clean_cache' from command line to 'False'
[2.862s] Level 5:colcon.colcon_core.verb:set package 'ugv02_cartographer' build argument 'cmake_clean_first' from command line to 'False'
[2.862s] Level 5:colcon.colcon_core.verb:set package 'ugv02_cartographer' build argument 'cmake_force_configure' from command line to 'False'
[2.862s] Level 5:colcon.colcon_core.verb:set package 'ugv02_cartographer' build argument 'ament_cmake_args' from command line to 'None'
[2.862s] Level 5:colcon.colcon_core.verb:set package 'ugv02_cartographer' build argument 'catkin_cmake_args' from command line to 'None'
[2.862s] Level 5:colcon.colcon_core.verb:set package 'ugv02_cartographer' build argument 'catkin_skip_building_tests' from command line to 'False'
[2.863s] DEBUG:colcon.colcon_core.verb:Building package 'ugv02_cartographer' with the following arguments: {'ament_cmake_args': None, 'build_base': '/home/mine/Desktop/ros2_ws/build/ugv02_cartographer', 'catkin_cmake_args': None, 'catkin_skip_building_tests': False, 'cmake_args': None, 'cmake_clean_cache': False, 'cmake_clean_first': False, 'cmake_force_configure': False, 'cmake_target': None, 'cmake_target_skip_unavailable': False, 'install_base': '/home/mine/Desktop/ros2_ws/install/ugv02_cartographer', 'merge_install': False, 'path': '/home/mine/Desktop/ros2_ws/src/ugv02_cartographer', 'symlink_install': False, 'test_result_base': None}
[2.863s] INFO:colcon.colcon_core.executor:Executing jobs using 'parallel' executor
[2.866s] DEBUG:colcon.colcon_parallel_executor.executor.parallel:run_until_complete
[2.867s] INFO:colcon.colcon_ros.task.ament_cmake.build:Building ROS package in '/home/mine/Desktop/ros2_ws/src/sllidar_ros2' with build type 'ament_cmake'
[2.868s] INFO:colcon.colcon_cmake.task.cmake.build:Building CMake package in '/home/mine/Desktop/ros2_ws/src/sllidar_ros2'
[2.894s] INFO:colcon.colcon_core.plugin_system:Skipping extension 'colcon_core.shell.bat': Not used on non-Windows systems
[2.895s] INFO:colcon.colcon_core.shell:Skip shell extension 'powershell' for command environment: Not usable outside of PowerShell
[2.895s] DEBUG:colcon.colcon_core.shell:Skip shell extension 'dsv' for command environment
[2.925s] INFO:colcon.colcon_ros.task.ament_cmake.build:Building ROS package in '/home/mine/Desktop/ros2_ws/src/ugv02_cartographer' with build type 'ament_cmake'
[2.926s] INFO:colcon.colcon_cmake.task.cmake.build:Building CMake package in '/home/mine/Desktop/ros2_ws/src/ugv02_cartographer'
[2.927s] INFO:colcon.colcon_core.shell:Skip shell extension 'powershell' for command environment: Not usable outside of PowerShell
[2.927s] DEBUG:colcon.colcon_core.shell:Skip shell extension 'dsv' for command environment
[2.983s] DEBUG:colcon.colcon_core.event_handler.log_command:Invoking command in '/home/mine/Desktop/ros2_ws/build/sllidar_ros2': CMAKE_PREFIX_PATH=${CMAKE_PREFIX_PATH}:/opt/ros/humble /usr/bin/cmake --build /home/mine/Desktop/ros2_ws/build/sllidar_ros2 -- -j4 -l4
[3.010s] DEBUG:colcon.colcon_core.event_handler.log_command:Invoking command in '/home/mine/Desktop/ros2_ws/build/ugv02_cartographer': CMAKE_PREFIX_PATH=${CMAKE_PREFIX_PATH}:/opt/ros/humble /usr/bin/cmake --build /home/mine/Desktop/ros2_ws/build/ugv02_cartographer -- -j4 -l4
[3.478s] DEBUG:colcon.colcon_core.event_handler.log_command:Invoked command in '/home/mine/Desktop/ros2_ws/build/ugv02_cartographer' returned '0': CMAKE_PREFIX_PATH=${CMAKE_PREFIX_PATH}:/opt/ros/humble /usr/bin/cmake --build /home/mine/Desktop/ros2_ws/build/ugv02_cartographer -- -j4 -l4
[3.626s] DEBUG:colcon.colcon_core.event_handler.log_command:Invoking command in '/home/mine/Desktop/ros2_ws/build/ugv02_cartographer': CMAKE_PREFIX_PATH=${CMAKE_PREFIX_PATH}:/opt/ros/humble /usr/bin/cmake --install /home/mine/Desktop/ros2_ws/build/ugv02_cartographer
[3.745s] Level 1:colcon.colcon_core.environment:create_environment_scripts_only(ugv02_cartographer)
[3.757s] DEBUG:colcon.colcon_core.event_handler.log_command:Invoked command in '/home/mine/Desktop/ros2_ws/build/ugv02_cartographer' returned '0': CMAKE_PREFIX_PATH=${CMAKE_PREFIX_PATH}:/opt/ros/humble /usr/bin/cmake --install /home/mine/Desktop/ros2_ws/build/ugv02_cartographer
[3.788s] Level 1:colcon.colcon_core.environment:checking '/home/mine/Desktop/ros2_ws/install/ugv02_cartographer' for CMake module files
[3.792s] Level 1:colcon.colcon_core.environment:checking '/home/mine/Desktop/ros2_ws/install/ugv02_cartographer' for CMake config files
[3.794s] Level 1:colcon.colcon_core.shell:create_environment_hook('ugv02_cartographer', 'cmake_prefix_path')
[3.795s] INFO:colcon.colcon_core.shell:Creating environment hook '/home/mine/Desktop/ros2_ws/install/ugv02_cartographer/share/ugv02_cartographer/hook/cmake_prefix_path.ps1'
[3.800s] INFO:colcon.colcon_core.shell:Creating environment descriptor '/home/mine/Desktop/ros2_ws/install/ugv02_cartographer/share/ugv02_cartographer/hook/cmake_prefix_path.dsv'
[3.804s] INFO:colcon.colcon_core.shell:Creating environment hook '/home/mine/Desktop/ros2_ws/install/ugv02_cartographer/share/ugv02_cartographer/hook/cmake_prefix_path.sh'
[3.809s] Level 1:colcon.colcon_core.environment:checking '/home/mine/Desktop/ros2_ws/install/ugv02_cartographer/bin'
[3.809s] Level 1:colcon.colcon_core.environment:checking '/home/mine/Desktop/ros2_ws/install/ugv02_cartographer/lib/pkgconfig/ugv02_cartographer.pc'
[3.811s] Level 1:colcon.colcon_core.environment:checking '/home/mine/Desktop/ros2_ws/install/ugv02_cartographer/lib/python3.10/site-packages'
[3.812s] Level 1:colcon.colcon_core.environment:checking '/home/mine/Desktop/ros2_ws/install/ugv02_cartographer/bin'
[3.813s] INFO:colcon.colcon_core.shell:Creating package script '/home/mine/Desktop/ros2_ws/install/ugv02_cartographer/share/ugv02_cartographer/package.ps1'
[3.819s] INFO:colcon.colcon_core.shell:Creating package descriptor '/home/mine/Desktop/ros2_ws/install/ugv02_cartographer/share/ugv02_cartographer/package.dsv'
[3.823s] INFO:colcon.colcon_core.shell:Creating package script '/home/mine/Desktop/ros2_ws/install/ugv02_cartographer/share/ugv02_cartographer/package.sh'
[3.829s] INFO:colcon.colcon_core.shell:Creating package script '/home/mine/Desktop/ros2_ws/install/ugv02_cartographer/share/ugv02_cartographer/package.bash'
[3.835s] INFO:colcon.colcon_core.shell:Creating package script '/home/mine/Desktop/ros2_ws/install/ugv02_cartographer/share/ugv02_cartographer/package.zsh'
[3.844s] Level 1:colcon.colcon_core.environment:create_file_with_runtime_dependencies(/home/mine/Desktop/ros2_ws/install/ugv02_cartographer/share/colcon-core/packages/ugv02_cartographer)
[3.957s] DEBUG:colcon.colcon_core.event_handler.log_command:Invoked command in '/home/mine/Desktop/ros2_ws/build/sllidar_ros2' returned '0': CMAKE_PREFIX_PATH=${CMAKE_PREFIX_PATH}:/opt/ros/humble /usr/bin/cmake --build /home/mine/Desktop/ros2_ws/build/sllidar_ros2 -- -j4 -l4
[3.966s] Level 1:colcon.colcon_core.environment:create_environment_scripts_only(ugv02_cartographer)
[3.968s] Level 1:colcon.colcon_core.environment:checking '/home/mine/Desktop/ros2_ws/install/ugv02_cartographer' for CMake module files
[3.972s] Level 1:colcon.colcon_core.environment:checking '/home/mine/Desktop/ros2_ws/install/ugv02_cartographer' for CMake config files
[3.978s] Level 1:colcon.colcon_core.shell:create_environment_hook('ugv02_cartographer', 'cmake_prefix_path')
[3.980s] INFO:colcon.colcon_core.shell:Creating environment hook '/home/mine/Desktop/ros2_ws/install/ugv02_cartographer/share/ugv02_cartographer/hook/cmake_prefix_path.ps1'
[3.983s] INFO:colcon.colcon_core.shell:Creating environment descriptor '/home/mine/Desktop/ros2_ws/install/ugv02_cartographer/share/ugv02_cartographer/hook/cmake_prefix_path.dsv'
[3.987s] INFO:colcon.colcon_core.shell:Creating environment hook '/home/mine/Desktop/ros2_ws/install/ugv02_cartographer/share/ugv02_cartographer/hook/cmake_prefix_path.sh'
[3.992s] Level 1:colcon.colcon_core.environment:checking '/home/mine/Desktop/ros2_ws/install/ugv02_cartographer/bin'
[3.993s] Level 1:colcon.colcon_core.environment:checking '/home/mine/Desktop/ros2_ws/install/ugv02_cartographer/lib/pkgconfig/ugv02_cartographer.pc'
[3.994s] Level 1:colcon.colcon_core.environment:checking '/home/mine/Desktop/ros2_ws/install/ugv02_cartographer/lib/python3.10/site-packages'
[3.996s] Level 1:colcon.colcon_core.environment:checking '/home/mine/Desktop/ros2_ws/install/ugv02_cartographer/bin'
[3.998s] INFO:colcon.colcon_core.shell:Creating package script '/home/mine/Desktop/ros2_ws/install/ugv02_cartographer/share/ugv02_cartographer/package.ps1'
[4.002s] INFO:colcon.colcon_core.shell:Creating package descriptor '/home/mine/Desktop/ros2_ws/install/ugv02_cartographer/share/ugv02_cartographer/package.dsv'
[4.005s] INFO:colcon.colcon_core.shell:Creating package script '/home/mine/Desktop/ros2_ws/install/ugv02_cartographer/share/ugv02_cartographer/package.sh'
[4.008s] INFO:colcon.colcon_core.shell:Creating package script '/home/mine/Desktop/ros2_ws/install/ugv02_cartographer/share/ugv02_cartographer/package.bash'
[4.011s] INFO:colcon.colcon_core.shell:Creating package script '/home/mine/Desktop/ros2_ws/install/ugv02_cartographer/share/ugv02_cartographer/package.zsh'
[4.013s] Level 1:colcon.colcon_core.environment:create_file_with_runtime_dependencies(/home/mine/Desktop/ros2_ws/install/ugv02_cartographer/share/colcon-core/packages/ugv02_cartographer)
[4.330s] DEBUG:colcon.colcon_core.event_handler.log_command:Invoking command in '/home/mine/Desktop/ros2_ws/build/sllidar_ros2': CMAKE_PREFIX_PATH=${CMAKE_PREFIX_PATH}:/opt/ros/humble /usr/bin/cmake --install /home/mine/Desktop/ros2_ws/build/sllidar_ros2
[5.902s] Level 1:colcon.colcon_core.environment:create_environment_scripts_only(sllidar_ros2)
[5.903s] Level 1:colcon.colcon_core.environment:checking '/home/mine/Desktop/ros2_ws/install/sllidar_ros2' for CMake module files
[5.905s] DEBUG:colcon.colcon_core.event_handler.log_command:Invoked command in '/home/mine/Desktop/ros2_ws/build/sllidar_ros2' returned '0': CMAKE_PREFIX_PATH=${CMAKE_PREFIX_PATH}:/opt/ros/humble /usr/bin/cmake --install /home/mine/Desktop/ros2_ws/build/sllidar_ros2
[5.909s] Level 1:colcon.colcon_core.environment:checking '/home/mine/Desktop/ros2_ws/install/sllidar_ros2' for CMake config files
[5.911s] Level 1:colcon.colcon_core.shell:create_environment_hook('sllidar_ros2', 'cmake_prefix_path')
[5.912s] INFO:colcon.colcon_core.shell:Creating environment hook '/home/mine/Desktop/ros2_ws/install/sllidar_ros2/share/sllidar_ros2/hook/cmake_prefix_path.ps1'
[5.914s] INFO:colcon.colcon_core.shell:Creating environment descriptor '/home/mine/Desktop/ros2_ws/install/sllidar_ros2/share/sllidar_ros2/hook/cmake_prefix_path.dsv'
[5.916s] INFO:colcon.colcon_core.shell:Creating environment hook '/home/mine/Desktop/ros2_ws/install/sllidar_ros2/share/sllidar_ros2/hook/cmake_prefix_path.sh'
[5.919s] Level 1:colcon.colcon_core.environment:checking '/home/mine/Desktop/ros2_ws/install/sllidar_ros2/lib'
[5.919s] Level 1:colcon.colcon_core.environment:checking '/home/mine/Desktop/ros2_ws/install/sllidar_ros2/bin'
[5.920s] Level 1:colcon.colcon_core.environment:checking '/home/mine/Desktop/ros2_ws/install/sllidar_ros2/lib/pkgconfig/sllidar_ros2.pc'
[5.921s] Level 1:colcon.colcon_core.environment:checking '/home/mine/Desktop/ros2_ws/install/sllidar_ros2/lib/python3.10/site-packages'
[5.922s] Level 1:colcon.colcon_core.environment:checking '/home/mine/Desktop/ros2_ws/install/sllidar_ros2/bin'
[5.923s] INFO:colcon.colcon_core.shell:Creating package script '/home/mine/Desktop/ros2_ws/install/sllidar_ros2/share/sllidar_ros2/package.ps1'
[5.925s] INFO:colcon.colcon_core.shell:Creating package descriptor '/home/mine/Desktop/ros2_ws/install/sllidar_ros2/share/sllidar_ros2/package.dsv'
[5.927s] INFO:colcon.colcon_core.shell:Creating package script '/home/mine/Desktop/ros2_ws/install/sllidar_ros2/share/sllidar_ros2/package.sh'
[5.930s] INFO:colcon.colcon_core.shell:Creating package script '/home/mine/Desktop/ros2_ws/install/sllidar_ros2/share/sllidar_ros2/package.bash'
[5.931s] INFO:colcon.colcon_core.shell:Creating package script '/home/mine/Desktop/ros2_ws/install/sllidar_ros2/share/sllidar_ros2/package.zsh'
[5.933s] Level 1:colcon.colcon_core.environment:create_file_with_runtime_dependencies(/home/mine/Desktop/ros2_ws/install/sllidar_ros2/share/colcon-core/packages/sllidar_ros2)
[6.288s] Level 1:colcon.colcon_core.environment:create_environment_scripts_only(sllidar_ros2)
[6.289s] Level 1:colcon.colcon_core.environment:checking '/home/mine/Desktop/ros2_ws/install/sllidar_ros2' for CMake module files
[6.293s] Level 1:colcon.colcon_core.environment:checking '/home/mine/Desktop/ros2_ws/install/sllidar_ros2' for CMake config files
[6.295s] Level 1:colcon.colcon_core.shell:create_environment_hook('sllidar_ros2', 'cmake_prefix_path')
[6.297s] INFO:colcon.colcon_core.shell:Creating environment hook '/home/mine/Desktop/ros2_ws/install/sllidar_ros2/share/sllidar_ros2/hook/cmake_prefix_path.ps1'
[6.300s] INFO:colcon.colcon_core.shell:Creating environment descriptor '/home/mine/Desktop/ros2_ws/install/sllidar_ros2/share/sllidar_ros2/hook/cmake_prefix_path.dsv'
[6.302s] INFO:colcon.colcon_core.shell:Creating environment hook '/home/mine/Desktop/ros2_ws/install/sllidar_ros2/share/sllidar_ros2/hook/cmake_prefix_path.sh'
[6.306s] Level 1:colcon.colcon_core.environment:checking '/home/mine/Desktop/ros2_ws/install/sllidar_ros2/lib'
[6.307s] Level 1:colcon.colcon_core.environment:checking '/home/mine/Desktop/ros2_ws/install/sllidar_ros2/bin'
[6.307s] Level 1:colcon.colcon_core.environment:checking '/home/mine/Desktop/ros2_ws/install/sllidar_ros2/lib/pkgconfig/sllidar_ros2.pc'
[6.309s] Level 1:colcon.colcon_core.environment:checking '/home/mine/Desktop/ros2_ws/install/sllidar_ros2/lib/python3.10/site-packages'
[6.310s] Level 1:colcon.colcon_core.environment:checking '/home/mine/Desktop/ros2_ws/install/sllidar_ros2/bin'
[6.312s] INFO:colcon.colcon_core.shell:Creating package script '/home/mine/Desktop/ros2_ws/install/sllidar_ros2/share/sllidar_ros2/package.ps1'
[6.315s] INFO:colcon.colcon_core.shell:Creating package descriptor '/home/mine/Desktop/ros2_ws/install/sllidar_ros2/share/sllidar_ros2/package.dsv'
[6.318s] INFO:colcon.colcon_core.shell:Creating package script '/home/mine/Desktop/ros2_ws/install/sllidar_ros2/share/sllidar_ros2/package.sh'
[6.321s] INFO:colcon.colcon_core.shell:Creating package script '/home/mine/Desktop/ros2_ws/install/sllidar_ros2/share/sllidar_ros2/package.bash'
[6.324s] INFO:colcon.colcon_core.shell:Creating package script '/home/mine/Desktop/ros2_ws/install/sllidar_ros2/share/sllidar_ros2/package.zsh'
[6.327s] Level 1:colcon.colcon_core.environment:create_file_with_runtime_dependencies(/home/mine/Desktop/ros2_ws/install/sllidar_ros2/share/colcon-core/packages/sllidar_ros2)
[6.329s] DEBUG:colcon.colcon_parallel_executor.executor.parallel:closing loop
[6.330s] DEBUG:colcon.colcon_parallel_executor.executor.parallel:loop closed
[6.331s] DEBUG:colcon.colcon_parallel_executor.executor.parallel:run_until_complete finished with '0'
[6.331s] DEBUG:colcon.colcon_core.event_reactor:joining thread
[6.366s] INFO:colcon.colcon_core.plugin_system:Skipping extension 'colcon_notification.desktop_notification.terminal_notifier': Not used on non-Darwin systems
[6.367s] INFO:colcon.colcon_core.plugin_system:Skipping extension 'colcon_notification.desktop_notification.win32': Not used on non-Windows systems
[6.367s] INFO:colcon.colcon_notification.desktop_notification:Sending desktop notification using 'notify2'
[6.449s] DEBUG:colcon.colcon_core.event_reactor:joined thread
[6.450s] INFO:colcon.colcon_core.shell:Creating prefix script '/home/mine/Desktop/ros2_ws/install/local_setup.ps1'
[6.459s] INFO:colcon.colcon_core.shell:Creating prefix util module '/home/mine/Desktop/ros2_ws/install/_local_setup_util_ps1.py'
[6.467s] INFO:colcon.colcon_core.shell:Creating prefix chain script '/home/mine/Desktop/ros2_ws/install/setup.ps1'
[6.475s] INFO:colcon.colcon_core.shell:Creating prefix script '/home/mine/Desktop/ros2_ws/install/local_setup.sh'
[6.480s] INFO:colcon.colcon_core.shell:Creating prefix util module '/home/mine/Desktop/ros2_ws/install/_local_setup_util_sh.py'
[6.483s] INFO:colcon.colcon_core.shell:Creating prefix chain script '/home/mine/Desktop/ros2_ws/install/setup.sh'
[6.491s] INFO:colcon.colcon_core.shell:Creating prefix script '/home/mine/Desktop/ros2_ws/install/local_setup.bash'
[6.495s] INFO:colcon.colcon_core.shell:Creating prefix chain script '/home/mine/Desktop/ros2_ws/install/setup.bash'
[6.502s] INFO:colcon.colcon_core.shell:Creating prefix script '/home/mine/Desktop/ros2_ws/install/local_setup.zsh'
[6.506s] INFO:colcon.colcon_core.shell:Creating prefix chain script '/home/mine/Desktop/ros2_ws/install/setup.zsh'
