[0.442s] DEBUG:colcon:Command line arguments: ['/usr/bin/colcon', 'build']
[0.443s] DEBUG:colcon:Parsed command line arguments: Namespace(log_base=None, log_level=None, verb_name='build', build_base='build', install_base='install', merge_install=False, symlink_install=False, test_result_base=None, continue_on_error=False, executor='parallel', parallel_workers=4, event_handlers=None, ignore_user_meta=False, metas=['./colcon.meta'], base_paths=['.'], packages_ignore=None, packages_ignore_regex=None, paths=None, packages_up_to=None, packages_up_to_regex=None, packages_above=None, packages_above_and_dependencies=None, packages_above_depth=None, packages_select_by_dep=None, packages_skip_by_dep=None, packages_skip_up_to=None, packages_select_build_failed=False, packages_skip_build_finished=False, packages_select_test_failures=False, packages_skip_test_passed=False, packages_select=None, packages_skip=None, packages_select_regex=None, packages_skip_regex=None, packages_start=None, packages_end=None, allow_overriding=[], cmake_args=None, cmake_target=None, cmake_target_skip_unavailable=False, cmake_clean_cache=False, cmake_clean_first=False, cmake_force_configure=False, ament_cmake_args=None, catkin_cmake_args=None, catkin_skip_building_tests=False, verb_parser=<colcon_defaults.argument_parser.defaults.DefaultArgumentsDecorator object at 0xffff98a84460>, verb_extension=<colcon_core.verb.build.BuildVerb object at 0xffff98a43fd0>, main=<bound method BuildVerb.main of <colcon_core.verb.build.BuildVerb object at 0xffff98a43fd0>>)
[1.251s] Level 1:colcon.colcon_core.package_discovery:discover_packages(colcon_meta) check parameters
[1.251s] Level 1:colcon.colcon_core.package_discovery:discover_packages(recursive) check parameters
[1.255s] Level 1:colcon.colcon_core.package_discovery:discover_packages(ignore) check parameters
[1.255s] Level 1:colcon.colcon_core.package_discovery:discover_packages(path) check parameters
[1.255s] Level 1:colcon.colcon_core.package_discovery:discover_packages(colcon_meta) discover
[1.255s] Level 1:colcon.colcon_core.package_discovery:discover_packages(recursive) discover
[1.255s] INFO:colcon.colcon_core.package_discovery:Crawling recursively for packages in '/home/robot/Desktop/mineswarm-parent/ros2_ws'
[1.256s] Level 1:colcon.colcon_core.package_identification:_identify(.) by extensions ['ignore', 'ignore_ament_install']
[1.256s] Level 1:colcon.colcon_core.package_identification:_identify(.) by extension 'ignore'
[1.257s] Level 1:colcon.colcon_core.package_identification:_identify(.) by extension 'ignore_ament_install'
[1.257s] Level 1:colcon.colcon_core.package_identification:_identify(.) by extensions ['colcon_pkg']
[1.257s] Level 1:colcon.colcon_core.package_identification:_identify(.) by extension 'colcon_pkg'
[1.257s] Level 1:colcon.colcon_core.package_identification:_identify(.) by extensions ['colcon_meta']
[1.257s] Level 1:colcon.colcon_core.package_identification:_identify(.) by extension 'colcon_meta'
[1.258s] Level 1:colcon.colcon_core.package_identification:_identify(.) by extensions ['ros']
[1.258s] Level 1:colcon.colcon_core.package_identification:_identify(.) by extension 'ros'
[1.308s] Level 1:colcon.colcon_core.package_identification:_identify(.) by extensions ['cmake', 'python']
[1.308s] Level 1:colcon.colcon_core.package_identification:_identify(.) by extension 'cmake'
[1.309s] Level 1:colcon.colcon_core.package_identification:_identify(.) by extension 'python'
[1.309s] Level 1:colcon.colcon_core.package_identification:_identify(.) by extensions ['python_setup_py']
[1.309s] Level 1:colcon.colcon_core.package_identification:_identify(.) by extension 'python_setup_py'
[1.310s] Level 1:colcon.colcon_core.package_identification:_identify(build) by extensions ['ignore', 'ignore_ament_install']
[1.310s] Level 1:colcon.colcon_core.package_identification:_identify(build) by extension 'ignore'
[1.310s] Level 1:colcon.colcon_core.package_identification:_identify(build) ignored
[1.311s] Level 1:colcon.colcon_core.package_identification:_identify(install) by extensions ['ignore', 'ignore_ament_install']
[1.311s] Level 1:colcon.colcon_core.package_identification:_identify(install) by extension 'ignore'
[1.311s] Level 1:colcon.colcon_core.package_identification:_identify(install) ignored
[1.314s] Level 1:colcon.colcon_core.package_identification:_identify(log) by extensions ['ignore', 'ignore_ament_install']
[1.314s] Level 1:colcon.colcon_core.package_identification:_identify(log) by extension 'ignore'
[1.314s] Level 1:colcon.colcon_core.package_identification:_identify(log) ignored
[1.315s] Level 1:colcon.colcon_core.package_identification:_identify(src) by extensions ['ignore', 'ignore_ament_install']
[1.315s] Level 1:colcon.colcon_core.package_identification:_identify(src) by extension 'ignore'
[1.315s] Level 1:colcon.colcon_core.package_identification:_identify(src) by extension 'ignore_ament_install'
[1.316s] Level 1:colcon.colcon_core.package_identification:_identify(src) by extensions ['colcon_pkg']
[1.316s] Level 1:colcon.colcon_core.package_identification:_identify(src) by extension 'colcon_pkg'
[1.316s] Level 1:colcon.colcon_core.package_identification:_identify(src) by extensions ['colcon_meta']
[1.316s] Level 1:colcon.colcon_core.package_identification:_identify(src) by extension 'colcon_meta'
[1.316s] Level 1:colcon.colcon_core.package_identification:_identify(src) by extensions ['ros']
[1.316s] Level 1:colcon.colcon_core.package_identification:_identify(src) by extension 'ros'
[1.317s] Level 1:colcon.colcon_core.package_identification:_identify(src) by extensions ['cmake', 'python']
[1.317s] Level 1:colcon.colcon_core.package_identification:_identify(src) by extension 'cmake'
[1.317s] Level 1:colcon.colcon_core.package_identification:_identify(src) by extension 'python'
[1.318s] Level 1:colcon.colcon_core.package_identification:_identify(src) by extensions ['python_setup_py']
[1.318s] Level 1:colcon.colcon_core.package_identification:_identify(src) by extension 'python_setup_py'
[1.318s] Level 1:colcon.colcon_core.package_identification:_identify(src/childcomms) by extensions ['ignore', 'ignore_ament_install']
[1.319s] Level 1:colcon.colcon_core.package_identification:_identify(src/childcomms) by extension 'ignore'
[1.319s] Level 1:colcon.colcon_core.package_identification:_identify(src/childcomms) by extension 'ignore_ament_install'
[1.319s] Level 1:colcon.colcon_core.package_identification:_identify(src/childcomms) by extensions ['colcon_pkg']
[1.319s] Level 1:colcon.colcon_core.package_identification:_identify(src/childcomms) by extension 'colcon_pkg'
[1.320s] Level 1:colcon.colcon_core.package_identification:_identify(src/childcomms) by extensions ['colcon_meta']
[1.320s] Level 1:colcon.colcon_core.package_identification:_identify(src/childcomms) by extension 'colcon_meta'
[1.320s] Level 1:colcon.colcon_core.package_identification:_identify(src/childcomms) by extensions ['ros']
[1.320s] Level 1:colcon.colcon_core.package_identification:_identify(src/childcomms) by extension 'ros'
[1.330s] DEBUG:colcon.colcon_core.package_identification:Package 'src/childcomms' with type 'ros.ament_python' and name 'childcomms'
[1.330s] Level 1:colcon.colcon_core.package_identification:_identify(src/communication_module) by extensions ['ignore', 'ignore_ament_install']
[1.331s] Level 1:colcon.colcon_core.package_identification:_identify(src/communication_module) by extension 'ignore'
[1.331s] Level 1:colcon.colcon_core.package_identification:_identify(src/communication_module) by extension 'ignore_ament_install'
[1.331s] Level 1:colcon.colcon_core.package_identification:_identify(src/communication_module) by extensions ['colcon_pkg']
[1.331s] Level 1:colcon.colcon_core.package_identification:_identify(src/communication_module) by extension 'colcon_pkg'
[1.331s] Level 1:colcon.colcon_core.package_identification:_identify(src/communication_module) by extensions ['colcon_meta']
[1.331s] Level 1:colcon.colcon_core.package_identification:_identify(src/communication_module) by extension 'colcon_meta'
[1.332s] Level 1:colcon.colcon_core.package_identification:_identify(src/communication_module) by extensions ['ros']
[1.332s] Level 1:colcon.colcon_core.package_identification:_identify(src/communication_module) by extension 'ros'
[1.334s] DEBUG:colcon.colcon_core.package_identification:Package 'src/communication_module' with type 'ros.ament_python' and name 'communication_module'
[1.335s] Level 1:colcon.colcon_core.package_identification:_identify(src/sllidar_ros2) by extensions ['ignore', 'ignore_ament_install']
[1.335s] Level 1:colcon.colcon_core.package_identification:_identify(src/sllidar_ros2) by extension 'ignore'
[1.336s] Level 1:colcon.colcon_core.package_identification:_identify(src/sllidar_ros2) by extension 'ignore_ament_install'
[1.336s] Level 1:colcon.colcon_core.package_identification:_identify(src/sllidar_ros2) by extensions ['colcon_pkg']
[1.336s] Level 1:colcon.colcon_core.package_identification:_identify(src/sllidar_ros2) by extension 'colcon_pkg'
[1.336s] Level 1:colcon.colcon_core.package_identification:_identify(src/sllidar_ros2) by extensions ['colcon_meta']
[1.336s] Level 1:colcon.colcon_core.package_identification:_identify(src/sllidar_ros2) by extension 'colcon_meta'
[1.337s] Level 1:colcon.colcon_core.package_identification:_identify(src/sllidar_ros2) by extensions ['ros']
[1.337s] Level 1:colcon.colcon_core.package_identification:_identify(src/sllidar_ros2) by extension 'ros'
[1.340s] DEBUG:colcon.colcon_core.package_identification:Package 'src/sllidar_ros2' with type 'ros.ament_cmake' and name 'sllidar_ros2'
[1.340s] Level 1:colcon.colcon_core.package_identification:_identify(src/ugv02_cartographer) by extensions ['ignore', 'ignore_ament_install']
[1.341s] Level 1:colcon.colcon_core.package_identification:_identify(src/ugv02_cartographer) by extension 'ignore'
[1.341s] Level 1:colcon.colcon_core.package_identification:_identify(src/ugv02_cartographer) by extension 'ignore_ament_install'
[1.341s] Level 1:colcon.colcon_core.package_identification:_identify(src/ugv02_cartographer) by extensions ['colcon_pkg']
[1.341s] Level 1:colcon.colcon_core.package_identification:_identify(src/ugv02_cartographer) by extension 'colcon_pkg'
[1.341s] Level 1:colcon.colcon_core.package_identification:_identify(src/ugv02_cartographer) by extensions ['colcon_meta']
[1.342s] Level 1:colcon.colcon_core.package_identification:_identify(src/ugv02_cartographer) by extension 'colcon_meta'
[1.342s] Level 1:colcon.colcon_core.package_identification:_identify(src/ugv02_cartographer) by extensions ['ros']
[1.342s] Level 1:colcon.colcon_core.package_identification:_identify(src/ugv02_cartographer) by extension 'ros'
[1.344s] DEBUG:colcon.colcon_core.package_identification:Package 'src/ugv02_cartographer' with type 'ros.ament_cmake' and name 'ugv02_cartographer'
[1.344s] Level 1:colcon.colcon_core.package_discovery:discover_packages(recursive) using defaults
[1.344s] Level 1:colcon.colcon_core.package_discovery:discover_packages(ignore) discover
[1.345s] Level 1:colcon.colcon_core.package_discovery:discover_packages(ignore) using defaults
[1.345s] Level 1:colcon.colcon_core.package_discovery:discover_packages(path) discover
[1.345s] Level 1:colcon.colcon_core.package_discovery:discover_packages(path) using defaults
[1.421s] Level 1:colcon.colcon_core.package_discovery:discover_packages(prefix_path) check parameters
[1.422s] Level 1:colcon.colcon_core.package_discovery:discover_packages(prefix_path) discover
[1.435s] DEBUG:colcon.colcon_installed_package_information.package_discovery:Found 275 installed packages in /opt/ros/humble
[1.442s] Level 1:colcon.colcon_core.package_discovery:discover_packages(prefix_path) using defaults
[1.649s] Level 5:colcon.colcon_core.verb:set package 'childcomms' build argument 'cmake_args' from command line to 'None'
[1.649s] Level 5:colcon.colcon_core.verb:set package 'childcomms' build argument 'cmake_target' from command line to 'None'
[1.649s] Level 5:colcon.colcon_core.verb:set package 'childcomms' build argument 'cmake_target_skip_unavailable' from command line to 'False'
[1.649s] Level 5:colcon.colcon_core.verb:set package 'childcomms' build argument 'cmake_clean_cache' from command line to 'False'
[1.649s] Level 5:colcon.colcon_core.verb:set package 'childcomms' build argument 'cmake_clean_first' from command line to 'False'
[1.650s] Level 5:colcon.colcon_core.verb:set package 'childcomms' build argument 'cmake_force_configure' from command line to 'False'
[1.650s] Level 5:colcon.colcon_core.verb:set package 'childcomms' build argument 'ament_cmake_args' from command line to 'None'
[1.650s] Level 5:colcon.colcon_core.verb:set package 'childcomms' build argument 'catkin_cmake_args' from command line to 'None'
[1.650s] Level 5:colcon.colcon_core.verb:set package 'childcomms' build argument 'catkin_skip_building_tests' from command line to 'False'
[1.650s] DEBUG:colcon.colcon_core.verb:Building package 'childcomms' with the following arguments: {'ament_cmake_args': None, 'build_base': '/home/robot/Desktop/mineswarm-parent/ros2_ws/build/childcomms', 'catkin_cmake_args': None, 'catkin_skip_building_tests': False, 'cmake_args': None, 'cmake_clean_cache': False, 'cmake_clean_first': False, 'cmake_force_configure': False, 'cmake_target': None, 'cmake_target_skip_unavailable': False, 'install_base': '/home/robot/Desktop/mineswarm-parent/ros2_ws/install/childcomms', 'merge_install': False, 'path': '/home/robot/Desktop/mineswarm-parent/ros2_ws/src/childcomms', 'symlink_install': False, 'test_result_base': None}
[1.652s] Level 5:colcon.colcon_core.verb:set package 'communication_module' build argument 'cmake_args' from command line to 'None'
[1.652s] Level 5:colcon.colcon_core.verb:set package 'communication_module' build argument 'cmake_target' from command line to 'None'
[1.652s] Level 5:colcon.colcon_core.verb:set package 'communication_module' build argument 'cmake_target_skip_unavailable' from command line to 'False'
[1.652s] Level 5:colcon.colcon_core.verb:set package 'communication_module' build argument 'cmake_clean_cache' from command line to 'False'
[1.652s] Level 5:colcon.colcon_core.verb:set package 'communication_module' build argument 'cmake_clean_first' from command line to 'False'
[1.652s] Level 5:colcon.colcon_core.verb:set package 'communication_module' build argument 'cmake_force_configure' from command line to 'False'
[1.652s] Level 5:colcon.colcon_core.verb:set package 'communication_module' build argument 'ament_cmake_args' from command line to 'None'
[1.652s] Level 5:colcon.colcon_core.verb:set package 'communication_module' build argument 'catkin_cmake_args' from command line to 'None'
[1.652s] Level 5:colcon.colcon_core.verb:set package 'communication_module' build argument 'catkin_skip_building_tests' from command line to 'False'
[1.653s] DEBUG:colcon.colcon_core.verb:Building package 'communication_module' with the following arguments: {'ament_cmake_args': None, 'build_base': '/home/robot/Desktop/mineswarm-parent/ros2_ws/build/communication_module', 'catkin_cmake_args': None, 'catkin_skip_building_tests': False, 'cmake_args': None, 'cmake_clean_cache': False, 'cmake_clean_first': False, 'cmake_force_configure': False, 'cmake_target': None, 'cmake_target_skip_unavailable': False, 'install_base': '/home/robot/Desktop/mineswarm-parent/ros2_ws/install/communication_module', 'merge_install': False, 'path': '/home/robot/Desktop/mineswarm-parent/ros2_ws/src/communication_module', 'symlink_install': False, 'test_result_base': None}
[1.654s] Level 5:colcon.colcon_core.verb:set package 'sllidar_ros2' build argument 'cmake_args' from command line to 'None'
[1.654s] Level 5:colcon.colcon_core.verb:set package 'sllidar_ros2' build argument 'cmake_target' from command line to 'None'
[1.654s] Level 5:colcon.colcon_core.verb:set package 'sllidar_ros2' build argument 'cmake_target_skip_unavailable' from command line to 'False'
[1.654s] Level 5:colcon.colcon_core.verb:set package 'sllidar_ros2' build argument 'cmake_clean_cache' from command line to 'False'
[1.654s] Level 5:colcon.colcon_core.verb:set package 'sllidar_ros2' build argument 'cmake_clean_first' from command line to 'False'
[1.655s] Level 5:colcon.colcon_core.verb:set package 'sllidar_ros2' build argument 'cmake_force_configure' from command line to 'False'
[1.655s] Level 5:colcon.colcon_core.verb:set package 'sllidar_ros2' build argument 'ament_cmake_args' from command line to 'None'
[1.655s] Level 5:colcon.colcon_core.verb:set package 'sllidar_ros2' build argument 'catkin_cmake_args' from command line to 'None'
[1.655s] Level 5:colcon.colcon_core.verb:set package 'sllidar_ros2' build argument 'catkin_skip_building_tests' from command line to 'False'
[1.655s] DEBUG:colcon.colcon_core.verb:Building package 'sllidar_ros2' with the following arguments: {'ament_cmake_args': None, 'build_base': '/home/robot/Desktop/mineswarm-parent/ros2_ws/build/sllidar_ros2', 'catkin_cmake_args': None, 'catkin_skip_building_tests': False, 'cmake_args': None, 'cmake_clean_cache': False, 'cmake_clean_first': False, 'cmake_force_configure': False, 'cmake_target': None, 'cmake_target_skip_unavailable': False, 'install_base': '/home/robot/Desktop/mineswarm-parent/ros2_ws/install/sllidar_ros2', 'merge_install': False, 'path': '/home/robot/Desktop/mineswarm-parent/ros2_ws/src/sllidar_ros2', 'symlink_install': False, 'test_result_base': None}
[1.656s] Level 5:colcon.colcon_core.verb:set package 'ugv02_cartographer' build argument 'cmake_args' from command line to 'None'
[1.657s] Level 5:colcon.colcon_core.verb:set package 'ugv02_cartographer' build argument 'cmake_target' from command line to 'None'
[1.657s] Level 5:colcon.colcon_core.verb:set package 'ugv02_cartographer' build argument 'cmake_target_skip_unavailable' from command line to 'False'
[1.657s] Level 5:colcon.colcon_core.verb:set package 'ugv02_cartographer' build argument 'cmake_clean_cache' from command line to 'False'
[1.657s] Level 5:colcon.colcon_core.verb:set package 'ugv02_cartographer' build argument 'cmake_clean_first' from command line to 'False'
[1.657s] Level 5:colcon.colcon_core.verb:set package 'ugv02_cartographer' build argument 'cmake_force_configure' from command line to 'False'
[1.657s] Level 5:colcon.colcon_core.verb:set package 'ugv02_cartographer' build argument 'ament_cmake_args' from command line to 'None'
[1.657s] Level 5:colcon.colcon_core.verb:set package 'ugv02_cartographer' build argument 'catkin_cmake_args' from command line to 'None'
[1.657s] Level 5:colcon.colcon_core.verb:set package 'ugv02_cartographer' build argument 'catkin_skip_building_tests' from command line to 'False'
[1.657s] DEBUG:colcon.colcon_core.verb:Building package 'ugv02_cartographer' with the following arguments: {'ament_cmake_args': None, 'build_base': '/home/robot/Desktop/mineswarm-parent/ros2_ws/build/ugv02_cartographer', 'catkin_cmake_args': None, 'catkin_skip_building_tests': False, 'cmake_args': None, 'cmake_clean_cache': False, 'cmake_clean_first': False, 'cmake_force_configure': False, 'cmake_target': None, 'cmake_target_skip_unavailable': False, 'install_base': '/home/robot/Desktop/mineswarm-parent/ros2_ws/install/ugv02_cartographer', 'merge_install': False, 'path': '/home/robot/Desktop/mineswarm-parent/ros2_ws/src/ugv02_cartographer', 'symlink_install': False, 'test_result_base': None}
[1.658s] INFO:colcon.colcon_core.executor:Executing jobs using 'parallel' executor
[1.661s] DEBUG:colcon.colcon_parallel_executor.executor.parallel:run_until_complete
[1.662s] INFO:colcon.colcon_ros.task.ament_python.build:Building ROS package in '/home/robot/Desktop/mineswarm-parent/ros2_ws/src/childcomms' with build type 'ament_python'
[1.663s] Level 1:colcon.colcon_core.shell:create_environment_hook('childcomms', 'ament_prefix_path')
[1.671s] INFO:colcon.colcon_core.plugin_system:Skipping extension 'colcon_core.shell.bat': Not used on non-Windows systems
[1.672s] INFO:colcon.colcon_core.shell:Creating environment hook '/home/robot/Desktop/mineswarm-parent/ros2_ws/install/childcomms/share/childcomms/hook/ament_prefix_path.ps1'
[1.677s] INFO:colcon.colcon_core.shell:Creating environment descriptor '/home/robot/Desktop/mineswarm-parent/ros2_ws/install/childcomms/share/childcomms/hook/ament_prefix_path.dsv'
[1.679s] INFO:colcon.colcon_core.shell:Creating environment hook '/home/robot/Desktop/mineswarm-parent/ros2_ws/install/childcomms/share/childcomms/hook/ament_prefix_path.sh'
[1.683s] INFO:colcon.colcon_core.shell:Skip shell extension 'powershell' for command environment: Not usable outside of PowerShell
[1.683s] DEBUG:colcon.colcon_core.shell:Skip shell extension 'dsv' for command environment
[1.701s] INFO:colcon.colcon_ros.task.ament_python.build:Building ROS package in '/home/robot/Desktop/mineswarm-parent/ros2_ws/src/communication_module' with build type 'ament_python'
[1.702s] Level 1:colcon.colcon_core.shell:create_environment_hook('communication_module', 'ament_prefix_path')
[1.704s] INFO:colcon.colcon_core.shell:Creating environment hook '/home/robot/Desktop/mineswarm-parent/ros2_ws/install/communication_module/share/communication_module/hook/ament_prefix_path.ps1'
[1.708s] INFO:colcon.colcon_core.shell:Creating environment descriptor '/home/robot/Desktop/mineswarm-parent/ros2_ws/install/communication_module/share/communication_module/hook/ament_prefix_path.dsv'
[1.711s] INFO:colcon.colcon_core.shell:Creating environment hook '/home/robot/Desktop/mineswarm-parent/ros2_ws/install/communication_module/share/communication_module/hook/ament_prefix_path.sh'
[1.713s] INFO:colcon.colcon_core.shell:Skip shell extension 'powershell' for command environment: Not usable outside of PowerShell
[1.714s] DEBUG:colcon.colcon_core.shell:Skip shell extension 'dsv' for command environment
[1.732s] INFO:colcon.colcon_ros.task.ament_cmake.build:Building ROS package in '/home/robot/Desktop/mineswarm-parent/ros2_ws/src/sllidar_ros2' with build type 'ament_cmake'
[1.733s] INFO:colcon.colcon_cmake.task.cmake.build:Building CMake package in '/home/robot/Desktop/mineswarm-parent/ros2_ws/src/sllidar_ros2'
[1.735s] INFO:colcon.colcon_core.shell:Skip shell extension 'powershell' for command environment: Not usable outside of PowerShell
[1.736s] DEBUG:colcon.colcon_core.shell:Skip shell extension 'dsv' for command environment
[1.752s] INFO:colcon.colcon_ros.task.ament_cmake.build:Building ROS package in '/home/robot/Desktop/mineswarm-parent/ros2_ws/src/ugv02_cartographer' with build type 'ament_cmake'
[1.753s] INFO:colcon.colcon_cmake.task.cmake.build:Building CMake package in '/home/robot/Desktop/mineswarm-parent/ros2_ws/src/ugv02_cartographer'
[1.755s] INFO:colcon.colcon_core.shell:Skip shell extension 'powershell' for command environment: Not usable outside of PowerShell
[1.755s] DEBUG:colcon.colcon_core.shell:Skip shell extension 'dsv' for command environment
[3.004s] INFO:colcon.colcon_core.task.python.build:Building Python package in '/home/robot/Desktop/mineswarm-parent/ros2_ws/src/childcomms'
[3.005s] INFO:colcon.colcon_core.shell:Skip shell extension 'powershell' for command environment: Not usable outside of PowerShell
[3.006s] DEBUG:colcon.colcon_core.shell:Skip shell extension 'dsv' for command environment
[4.244s] INFO:colcon.colcon_core.task.python.build:Building Python package in '/home/robot/Desktop/mineswarm-parent/ros2_ws/src/communication_module'
[4.245s] INFO:colcon.colcon_core.shell:Skip shell extension 'powershell' for command environment: Not usable outside of PowerShell
[4.245s] DEBUG:colcon.colcon_core.shell:Skip shell extension 'dsv' for command environment
[4.285s] DEBUG:colcon.colcon_core.event_handler.log_command:Invoking command in '/home/robot/Desktop/mineswarm-parent/ros2_ws/build/sllidar_ros2': CMAKE_PREFIX_PATH=/opt/ros/humble /usr/bin/cmake --build /home/robot/Desktop/mineswarm-parent/ros2_ws/build/sllidar_ros2 -- -j4 -l4
[4.312s] DEBUG:colcon.colcon_core.event_handler.log_command:Invoking command in '/home/robot/Desktop/mineswarm-parent/ros2_ws/build/ugv02_cartographer': CMAKE_PREFIX_PATH=/opt/ros/humble /usr/bin/cmake --build /home/robot/Desktop/mineswarm-parent/ros2_ws/build/ugv02_cartographer -- -j4 -l4
[4.588s] DEBUG:colcon.colcon_core.event_handler.log_command:Invoked command in '/home/robot/Desktop/mineswarm-parent/ros2_ws/build/ugv02_cartographer' returned '0': CMAKE_PREFIX_PATH=/opt/ros/humble /usr/bin/cmake --build /home/robot/Desktop/mineswarm-parent/ros2_ws/build/ugv02_cartographer -- -j4 -l4
[4.830s] DEBUG:colcon.colcon_core.event_handler.log_command:Invoking command in '/home/robot/Desktop/mineswarm-parent/ros2_ws/build/ugv02_cartographer': CMAKE_PREFIX_PATH=/opt/ros/humble /usr/bin/cmake --install /home/robot/Desktop/mineswarm-parent/ros2_ws/build/ugv02_cartographer
[4.915s] DEBUG:colcon.colcon_core.event_handler.log_command:Invoked command in '/home/robot/Desktop/mineswarm-parent/ros2_ws/build/sllidar_ros2' returned '0': CMAKE_PREFIX_PATH=/opt/ros/humble /usr/bin/cmake --build /home/robot/Desktop/mineswarm-parent/ros2_ws/build/sllidar_ros2 -- -j4 -l4
[4.931s] Level 1:colcon.colcon_core.environment:create_environment_scripts_only(ugv02_cartographer)
[4.937s] DEBUG:colcon.colcon_core.event_handler.log_command:Invoked command in '/home/robot/Desktop/mineswarm-parent/ros2_ws/build/ugv02_cartographer' returned '0': CMAKE_PREFIX_PATH=/opt/ros/humble /usr/bin/cmake --install /home/robot/Desktop/mineswarm-parent/ros2_ws/build/ugv02_cartographer
[4.953s] Level 1:colcon.colcon_core.environment:checking '/home/robot/Desktop/mineswarm-parent/ros2_ws/install/ugv02_cartographer' for CMake module files
[4.957s] Level 1:colcon.colcon_core.environment:checking '/home/robot/Desktop/mineswarm-parent/ros2_ws/install/ugv02_cartographer' for CMake config files
[4.962s] Level 1:colcon.colcon_core.shell:create_environment_hook('ugv02_cartographer', 'cmake_prefix_path')
[4.964s] INFO:colcon.colcon_core.shell:Creating environment hook '/home/robot/Desktop/mineswarm-parent/ros2_ws/install/ugv02_cartographer/share/ugv02_cartographer/hook/cmake_prefix_path.ps1'
[4.967s] INFO:colcon.colcon_core.shell:Creating environment descriptor '/home/robot/Desktop/mineswarm-parent/ros2_ws/install/ugv02_cartographer/share/ugv02_cartographer/hook/cmake_prefix_path.dsv'
[4.969s] INFO:colcon.colcon_core.shell:Creating environment hook '/home/robot/Desktop/mineswarm-parent/ros2_ws/install/ugv02_cartographer/share/ugv02_cartographer/hook/cmake_prefix_path.sh'
[4.974s] Level 1:colcon.colcon_core.environment:checking '/home/robot/Desktop/mineswarm-parent/ros2_ws/install/ugv02_cartographer/bin'
[4.974s] Level 1:colcon.colcon_core.environment:checking '/home/robot/Desktop/mineswarm-parent/ros2_ws/install/ugv02_cartographer/lib/pkgconfig/ugv02_cartographer.pc'
[4.975s] Level 1:colcon.colcon_core.environment:checking '/home/robot/Desktop/mineswarm-parent/ros2_ws/install/ugv02_cartographer/lib/python3.10/site-packages'
[4.977s] Level 1:colcon.colcon_core.environment:checking '/home/robot/Desktop/mineswarm-parent/ros2_ws/install/ugv02_cartographer/bin'
[4.978s] INFO:colcon.colcon_core.shell:Creating package script '/home/robot/Desktop/mineswarm-parent/ros2_ws/install/ugv02_cartographer/share/ugv02_cartographer/package.ps1'
[4.982s] INFO:colcon.colcon_core.shell:Creating package descriptor '/home/robot/Desktop/mineswarm-parent/ros2_ws/install/ugv02_cartographer/share/ugv02_cartographer/package.dsv'
[4.987s] INFO:colcon.colcon_core.shell:Creating package script '/home/robot/Desktop/mineswarm-parent/ros2_ws/install/ugv02_cartographer/share/ugv02_cartographer/package.sh'
[4.992s] INFO:colcon.colcon_core.shell:Creating package script '/home/robot/Desktop/mineswarm-parent/ros2_ws/install/ugv02_cartographer/share/ugv02_cartographer/package.bash'
[4.995s] INFO:colcon.colcon_core.shell:Creating package script '/home/robot/Desktop/mineswarm-parent/ros2_ws/install/ugv02_cartographer/share/ugv02_cartographer/package.zsh'
[4.999s] Level 1:colcon.colcon_core.environment:create_file_with_runtime_dependencies(/home/robot/Desktop/mineswarm-parent/ros2_ws/install/ugv02_cartographer/share/colcon-core/packages/ugv02_cartographer)
[5.142s] Level 1:colcon.colcon_core.environment:create_environment_scripts_only(ugv02_cartographer)
[5.144s] Level 1:colcon.colcon_core.environment:checking '/home/robot/Desktop/mineswarm-parent/ros2_ws/install/ugv02_cartographer' for CMake module files
[5.148s] Level 1:colcon.colcon_core.environment:checking '/home/robot/Desktop/mineswarm-parent/ros2_ws/install/ugv02_cartographer' for CMake config files
[5.150s] Level 1:colcon.colcon_core.shell:create_environment_hook('ugv02_cartographer', 'cmake_prefix_path')
[5.152s] INFO:colcon.colcon_core.shell:Creating environment hook '/home/robot/Desktop/mineswarm-parent/ros2_ws/install/ugv02_cartographer/share/ugv02_cartographer/hook/cmake_prefix_path.ps1'
[5.155s] INFO:colcon.colcon_core.shell:Creating environment descriptor '/home/robot/Desktop/mineswarm-parent/ros2_ws/install/ugv02_cartographer/share/ugv02_cartographer/hook/cmake_prefix_path.dsv'
[5.158s] INFO:colcon.colcon_core.shell:Creating environment hook '/home/robot/Desktop/mineswarm-parent/ros2_ws/install/ugv02_cartographer/share/ugv02_cartographer/hook/cmake_prefix_path.sh'
[5.162s] Level 1:colcon.colcon_core.environment:checking '/home/robot/Desktop/mineswarm-parent/ros2_ws/install/ugv02_cartographer/bin'
[5.163s] Level 1:colcon.colcon_core.environment:checking '/home/robot/Desktop/mineswarm-parent/ros2_ws/install/ugv02_cartographer/lib/pkgconfig/ugv02_cartographer.pc'
[5.164s] Level 1:colcon.colcon_core.environment:checking '/home/robot/Desktop/mineswarm-parent/ros2_ws/install/ugv02_cartographer/lib/python3.10/site-packages'
[5.165s] Level 1:colcon.colcon_core.environment:checking '/home/robot/Desktop/mineswarm-parent/ros2_ws/install/ugv02_cartographer/bin'
[5.167s] INFO:colcon.colcon_core.shell:Creating package script '/home/robot/Desktop/mineswarm-parent/ros2_ws/install/ugv02_cartographer/share/ugv02_cartographer/package.ps1'
[5.171s] INFO:colcon.colcon_core.shell:Creating package descriptor '/home/robot/Desktop/mineswarm-parent/ros2_ws/install/ugv02_cartographer/share/ugv02_cartographer/package.dsv'
[5.174s] INFO:colcon.colcon_core.shell:Creating package script '/home/robot/Desktop/mineswarm-parent/ros2_ws/install/ugv02_cartographer/share/ugv02_cartographer/package.sh'
[5.177s] INFO:colcon.colcon_core.shell:Creating package script '/home/robot/Desktop/mineswarm-parent/ros2_ws/install/ugv02_cartographer/share/ugv02_cartographer/package.bash'
[5.180s] INFO:colcon.colcon_core.shell:Creating package script '/home/robot/Desktop/mineswarm-parent/ros2_ws/install/ugv02_cartographer/share/ugv02_cartographer/package.zsh'
[5.182s] Level 1:colcon.colcon_core.environment:create_file_with_runtime_dependencies(/home/robot/Desktop/mineswarm-parent/ros2_ws/install/ugv02_cartographer/share/colcon-core/packages/ugv02_cartographer)
[5.414s] DEBUG:colcon.colcon_core.event_handler.log_command:Invoking command in '/home/robot/Desktop/mineswarm-parent/ros2_ws/build/sllidar_ros2': CMAKE_PREFIX_PATH=/opt/ros/humble /usr/bin/cmake --install /home/robot/Desktop/mineswarm-parent/ros2_ws/build/sllidar_ros2
[5.503s] Level 1:colcon.colcon_core.environment:create_environment_scripts_only(sllidar_ros2)
[5.504s] Level 1:colcon.colcon_core.environment:checking '/home/robot/Desktop/mineswarm-parent/ros2_ws/install/sllidar_ros2' for CMake module files
[5.509s] Level 1:colcon.colcon_core.environment:checking '/home/robot/Desktop/mineswarm-parent/ros2_ws/install/sllidar_ros2' for CMake config files
[5.510s] Level 1:colcon.colcon_core.shell:create_environment_hook('sllidar_ros2', 'cmake_prefix_path')
[5.511s] INFO:colcon.colcon_core.shell:Creating environment hook '/home/robot/Desktop/mineswarm-parent/ros2_ws/install/sllidar_ros2/share/sllidar_ros2/hook/cmake_prefix_path.ps1'
[5.515s] DEBUG:colcon.colcon_core.event_handler.log_command:Invoked command in '/home/robot/Desktop/mineswarm-parent/ros2_ws/build/sllidar_ros2' returned '0': CMAKE_PREFIX_PATH=/opt/ros/humble /usr/bin/cmake --install /home/robot/Desktop/mineswarm-parent/ros2_ws/build/sllidar_ros2
[5.516s] INFO:colcon.colcon_core.shell:Creating environment descriptor '/home/robot/Desktop/mineswarm-parent/ros2_ws/install/sllidar_ros2/share/sllidar_ros2/hook/cmake_prefix_path.dsv'
[5.518s] INFO:colcon.colcon_core.shell:Creating environment hook '/home/robot/Desktop/mineswarm-parent/ros2_ws/install/sllidar_ros2/share/sllidar_ros2/hook/cmake_prefix_path.sh'
[5.529s] Level 1:colcon.colcon_core.environment:checking '/home/robot/Desktop/mineswarm-parent/ros2_ws/install/sllidar_ros2/lib'
[5.530s] Level 1:colcon.colcon_core.environment:checking '/home/robot/Desktop/mineswarm-parent/ros2_ws/install/sllidar_ros2/bin'
[5.531s] Level 1:colcon.colcon_core.environment:checking '/home/robot/Desktop/mineswarm-parent/ros2_ws/install/sllidar_ros2/lib/pkgconfig/sllidar_ros2.pc'
[5.535s] Level 1:colcon.colcon_core.environment:checking '/home/robot/Desktop/mineswarm-parent/ros2_ws/install/sllidar_ros2/lib/python3.10/site-packages'
[5.537s] Level 1:colcon.colcon_core.environment:checking '/home/robot/Desktop/mineswarm-parent/ros2_ws/install/sllidar_ros2/bin'
[5.539s] INFO:colcon.colcon_core.shell:Creating package script '/home/robot/Desktop/mineswarm-parent/ros2_ws/install/sllidar_ros2/share/sllidar_ros2/package.ps1'
[5.541s] INFO:colcon.colcon_core.shell:Creating package descriptor '/home/robot/Desktop/mineswarm-parent/ros2_ws/install/sllidar_ros2/share/sllidar_ros2/package.dsv'
[5.544s] INFO:colcon.colcon_core.shell:Creating package script '/home/robot/Desktop/mineswarm-parent/ros2_ws/install/sllidar_ros2/share/sllidar_ros2/package.sh'
[5.547s] INFO:colcon.colcon_core.shell:Creating package script '/home/robot/Desktop/mineswarm-parent/ros2_ws/install/sllidar_ros2/share/sllidar_ros2/package.bash'
[5.549s] INFO:colcon.colcon_core.shell:Creating package script '/home/robot/Desktop/mineswarm-parent/ros2_ws/install/sllidar_ros2/share/sllidar_ros2/package.zsh'
[5.551s] Level 1:colcon.colcon_core.environment:create_file_with_runtime_dependencies(/home/robot/Desktop/mineswarm-parent/ros2_ws/install/sllidar_ros2/share/colcon-core/packages/sllidar_ros2)
[6.004s] Level 1:colcon.colcon_core.environment:create_environment_scripts_only(sllidar_ros2)
[6.005s] Level 1:colcon.colcon_core.environment:checking '/home/robot/Desktop/mineswarm-parent/ros2_ws/install/sllidar_ros2' for CMake module files
[6.009s] Level 1:colcon.colcon_core.environment:checking '/home/robot/Desktop/mineswarm-parent/ros2_ws/install/sllidar_ros2' for CMake config files
[6.010s] Level 1:colcon.colcon_core.shell:create_environment_hook('sllidar_ros2', 'cmake_prefix_path')
[6.011s] INFO:colcon.colcon_core.shell:Creating environment hook '/home/robot/Desktop/mineswarm-parent/ros2_ws/install/sllidar_ros2/share/sllidar_ros2/hook/cmake_prefix_path.ps1'
[6.014s] INFO:colcon.colcon_core.shell:Creating environment descriptor '/home/robot/Desktop/mineswarm-parent/ros2_ws/install/sllidar_ros2/share/sllidar_ros2/hook/cmake_prefix_path.dsv'
[6.016s] INFO:colcon.colcon_core.shell:Creating environment hook '/home/robot/Desktop/mineswarm-parent/ros2_ws/install/sllidar_ros2/share/sllidar_ros2/hook/cmake_prefix_path.sh'
[6.020s] Level 1:colcon.colcon_core.environment:checking '/home/robot/Desktop/mineswarm-parent/ros2_ws/install/sllidar_ros2/lib'
[6.020s] Level 1:colcon.colcon_core.environment:checking '/home/robot/Desktop/mineswarm-parent/ros2_ws/install/sllidar_ros2/bin'
[6.021s] Level 1:colcon.colcon_core.environment:checking '/home/robot/Desktop/mineswarm-parent/ros2_ws/install/sllidar_ros2/lib/pkgconfig/sllidar_ros2.pc'
[6.022s] Level 1:colcon.colcon_core.environment:checking '/home/robot/Desktop/mineswarm-parent/ros2_ws/install/sllidar_ros2/lib/python3.10/site-packages'
[6.023s] Level 1:colcon.colcon_core.environment:checking '/home/robot/Desktop/mineswarm-parent/ros2_ws/install/sllidar_ros2/bin'
[6.025s] INFO:colcon.colcon_core.shell:Creating package script '/home/robot/Desktop/mineswarm-parent/ros2_ws/install/sllidar_ros2/share/sllidar_ros2/package.ps1'
[6.029s] INFO:colcon.colcon_core.shell:Creating package descriptor '/home/robot/Desktop/mineswarm-parent/ros2_ws/install/sllidar_ros2/share/sllidar_ros2/package.dsv'
[6.033s] INFO:colcon.colcon_core.shell:Creating package script '/home/robot/Desktop/mineswarm-parent/ros2_ws/install/sllidar_ros2/share/sllidar_ros2/package.sh'
[6.037s] INFO:colcon.colcon_core.shell:Creating package script '/home/robot/Desktop/mineswarm-parent/ros2_ws/install/sllidar_ros2/share/sllidar_ros2/package.bash'
[6.041s] INFO:colcon.colcon_core.shell:Creating package script '/home/robot/Desktop/mineswarm-parent/ros2_ws/install/sllidar_ros2/share/sllidar_ros2/package.zsh'
[6.043s] Level 1:colcon.colcon_core.environment:create_file_with_runtime_dependencies(/home/robot/Desktop/mineswarm-parent/ros2_ws/install/sllidar_ros2/share/colcon-core/packages/sllidar_ros2)
[6.592s] DEBUG:colcon.colcon_core.event_handler.log_command:Invoking command in '/home/robot/Desktop/mineswarm-parent/ros2_ws/src/childcomms': PYTHONPATH=/home/robot/Desktop/mineswarm-parent/ros2_ws/build/childcomms/prefix_override:/usr/lib/python3/dist-packages/colcon_core/task/python/colcon_distutils_commands:/home/robot/Desktop/mineswarm-parent/ros2_ws/install/childcomms/lib/python3.10/site-packages:${PYTHONPATH} /usr/bin/python3 -W ignore:setup.py install is deprecated setup.py egg_info --egg-base ../../build/childcomms build --build-base /home/robot/Desktop/mineswarm-parent/ros2_ws/build/childcomms/build install --record /home/robot/Desktop/mineswarm-parent/ros2_ws/build/childcomms/install.log --single-version-externally-managed install_data
[6.617s] DEBUG:colcon.colcon_core.event_handler.log_command:Invoking command in '/home/robot/Desktop/mineswarm-parent/ros2_ws/src/communication_module': PYTHONPATH=/home/robot/Desktop/mineswarm-parent/ros2_ws/build/communication_module/prefix_override:/usr/lib/python3/dist-packages/colcon_core/task/python/colcon_distutils_commands:/home/robot/Desktop/mineswarm-parent/ros2_ws/install/communication_module/lib/python3.10/site-packages:${PYTHONPATH} /usr/bin/python3 -W ignore:setup.py install is deprecated setup.py egg_info --egg-base ../../build/communication_module build --build-base /home/robot/Desktop/mineswarm-parent/ros2_ws/build/communication_module/build install --record /home/robot/Desktop/mineswarm-parent/ros2_ws/build/communication_module/install.log --single-version-externally-managed install_data
[8.274s] Level 1:colcon.colcon_core.environment:checking '/home/robot/Desktop/mineswarm-parent/ros2_ws/install/childcomms' for CMake module files
[8.277s] DEBUG:colcon.colcon_core.event_handler.log_command:Invoked command in '/home/robot/Desktop/mineswarm-parent/ros2_ws/src/childcomms' returned '0': PYTHONPATH=/home/robot/Desktop/mineswarm-parent/ros2_ws/build/childcomms/prefix_override:/usr/lib/python3/dist-packages/colcon_core/task/python/colcon_distutils_commands:/home/robot/Desktop/mineswarm-parent/ros2_ws/install/childcomms/lib/python3.10/site-packages:${PYTHONPATH} /usr/bin/python3 -W ignore:setup.py install is deprecated setup.py egg_info --egg-base ../../build/childcomms build --build-base /home/robot/Desktop/mineswarm-parent/ros2_ws/build/childcomms/build install --record /home/robot/Desktop/mineswarm-parent/ros2_ws/build/childcomms/install.log --single-version-externally-managed install_data
[8.280s] Level 1:colcon.colcon_core.environment:checking '/home/robot/Desktop/mineswarm-parent/ros2_ws/install/childcomms' for CMake config files
[8.289s] Level 1:colcon.colcon_core.environment:checking '/home/robot/Desktop/mineswarm-parent/ros2_ws/install/childcomms/lib'
[8.290s] Level 1:colcon.colcon_core.environment:checking '/home/robot/Desktop/mineswarm-parent/ros2_ws/install/childcomms/bin'
[8.291s] Level 1:colcon.colcon_core.environment:checking '/home/robot/Desktop/mineswarm-parent/ros2_ws/install/childcomms/lib/pkgconfig/childcomms.pc'
[8.292s] Level 1:colcon.colcon_core.environment:checking '/home/robot/Desktop/mineswarm-parent/ros2_ws/install/childcomms/lib/python3.10/site-packages'
[8.293s] Level 1:colcon.colcon_core.shell:create_environment_hook('childcomms', 'pythonpath')
[8.294s] INFO:colcon.colcon_core.shell:Creating environment hook '/home/robot/Desktop/mineswarm-parent/ros2_ws/install/childcomms/share/childcomms/hook/pythonpath.ps1'
[8.297s] INFO:colcon.colcon_core.shell:Creating environment descriptor '/home/robot/Desktop/mineswarm-parent/ros2_ws/install/childcomms/share/childcomms/hook/pythonpath.dsv'
[8.299s] INFO:colcon.colcon_core.shell:Creating environment hook '/home/robot/Desktop/mineswarm-parent/ros2_ws/install/childcomms/share/childcomms/hook/pythonpath.sh'
[8.302s] Level 1:colcon.colcon_core.environment:checking '/home/robot/Desktop/mineswarm-parent/ros2_ws/install/childcomms/bin'
[8.302s] Level 1:colcon.colcon_core.environment:create_environment_scripts_only(childcomms)
[8.303s] INFO:colcon.colcon_core.shell:Creating package script '/home/robot/Desktop/mineswarm-parent/ros2_ws/install/childcomms/share/childcomms/package.ps1'
[8.306s] INFO:colcon.colcon_core.shell:Creating package descriptor '/home/robot/Desktop/mineswarm-parent/ros2_ws/install/childcomms/share/childcomms/package.dsv'
[8.308s] INFO:colcon.colcon_core.shell:Creating package script '/home/robot/Desktop/mineswarm-parent/ros2_ws/install/childcomms/share/childcomms/package.sh'
[8.310s] INFO:colcon.colcon_core.shell:Creating package script '/home/robot/Desktop/mineswarm-parent/ros2_ws/install/childcomms/share/childcomms/package.bash'
[8.311s] INFO:colcon.colcon_core.shell:Creating package script '/home/robot/Desktop/mineswarm-parent/ros2_ws/install/childcomms/share/childcomms/package.zsh'
[8.313s] Level 1:colcon.colcon_core.environment:create_file_with_runtime_dependencies(/home/robot/Desktop/mineswarm-parent/ros2_ws/install/childcomms/share/colcon-core/packages/childcomms)
[8.318s] Level 1:colcon.colcon_core.environment:checking '/home/robot/Desktop/mineswarm-parent/ros2_ws/install/communication_module' for CMake module files
[8.321s] DEBUG:colcon.colcon_core.event_handler.log_command:Invoked command in '/home/robot/Desktop/mineswarm-parent/ros2_ws/src/communication_module' returned '0': PYTHONPATH=/home/robot/Desktop/mineswarm-parent/ros2_ws/build/communication_module/prefix_override:/usr/lib/python3/dist-packages/colcon_core/task/python/colcon_distutils_commands:/home/robot/Desktop/mineswarm-parent/ros2_ws/install/communication_module/lib/python3.10/site-packages:${PYTHONPATH} /usr/bin/python3 -W ignore:setup.py install is deprecated setup.py egg_info --egg-base ../../build/communication_module build --build-base /home/robot/Desktop/mineswarm-parent/ros2_ws/build/communication_module/build install --record /home/robot/Desktop/mineswarm-parent/ros2_ws/build/communication_module/install.log --single-version-externally-managed install_data
[8.322s] Level 1:colcon.colcon_core.environment:checking '/home/robot/Desktop/mineswarm-parent/ros2_ws/install/communication_module' for CMake config files
[8.327s] Level 1:colcon.colcon_core.environment:checking '/home/robot/Desktop/mineswarm-parent/ros2_ws/install/communication_module/lib'
[8.328s] Level 1:colcon.colcon_core.environment:checking '/home/robot/Desktop/mineswarm-parent/ros2_ws/install/communication_module/bin'
[8.328s] Level 1:colcon.colcon_core.environment:checking '/home/robot/Desktop/mineswarm-parent/ros2_ws/install/communication_module/lib/pkgconfig/communication_module.pc'
[8.330s] Level 1:colcon.colcon_core.environment:checking '/home/robot/Desktop/mineswarm-parent/ros2_ws/install/communication_module/lib/python3.10/site-packages'
[8.330s] Level 1:colcon.colcon_core.shell:create_environment_hook('communication_module', 'pythonpath')
[8.331s] INFO:colcon.colcon_core.shell:Creating environment hook '/home/robot/Desktop/mineswarm-parent/ros2_ws/install/communication_module/share/communication_module/hook/pythonpath.ps1'
[8.334s] INFO:colcon.colcon_core.shell:Creating environment descriptor '/home/robot/Desktop/mineswarm-parent/ros2_ws/install/communication_module/share/communication_module/hook/pythonpath.dsv'
[8.337s] INFO:colcon.colcon_core.shell:Creating environment hook '/home/robot/Desktop/mineswarm-parent/ros2_ws/install/communication_module/share/communication_module/hook/pythonpath.sh'
[8.340s] Level 1:colcon.colcon_core.environment:checking '/home/robot/Desktop/mineswarm-parent/ros2_ws/install/communication_module/bin'
[8.341s] Level 1:colcon.colcon_core.environment:create_environment_scripts_only(communication_module)
[8.342s] INFO:colcon.colcon_core.shell:Creating package script '/home/robot/Desktop/mineswarm-parent/ros2_ws/install/communication_module/share/communication_module/package.ps1'
[8.345s] INFO:colcon.colcon_core.shell:Creating package descriptor '/home/robot/Desktop/mineswarm-parent/ros2_ws/install/communication_module/share/communication_module/package.dsv'
[8.349s] INFO:colcon.colcon_core.shell:Creating package script '/home/robot/Desktop/mineswarm-parent/ros2_ws/install/communication_module/share/communication_module/package.sh'
[8.352s] INFO:colcon.colcon_core.shell:Creating package script '/home/robot/Desktop/mineswarm-parent/ros2_ws/install/communication_module/share/communication_module/package.bash'
[8.354s] INFO:colcon.colcon_core.shell:Creating package script '/home/robot/Desktop/mineswarm-parent/ros2_ws/install/communication_module/share/communication_module/package.zsh'
[8.356s] Level 1:colcon.colcon_core.environment:create_file_with_runtime_dependencies(/home/robot/Desktop/mineswarm-parent/ros2_ws/install/communication_module/share/colcon-core/packages/communication_module)
[8.358s] DEBUG:colcon.colcon_parallel_executor.executor.parallel:closing loop
[8.359s] DEBUG:colcon.colcon_parallel_executor.executor.parallel:loop closed
[8.360s] DEBUG:colcon.colcon_parallel_executor.executor.parallel:run_until_complete finished with '0'
[8.360s] DEBUG:colcon.colcon_core.event_reactor:joining thread
[8.383s] INFO:colcon.colcon_core.plugin_system:Skipping extension 'colcon_notification.desktop_notification.terminal_notifier': Not used on non-Darwin systems
[8.384s] INFO:colcon.colcon_core.plugin_system:Skipping extension 'colcon_notification.desktop_notification.win32': Not used on non-Windows systems
[8.384s] INFO:colcon.colcon_notification.desktop_notification:Sending desktop notification using 'notify2'
[8.438s] DEBUG:colcon.colcon_core.event_reactor:joined thread
[8.440s] INFO:colcon.colcon_core.shell:Creating prefix script '/home/robot/Desktop/mineswarm-parent/ros2_ws/install/local_setup.ps1'
[8.444s] INFO:colcon.colcon_core.shell:Creating prefix util module '/home/robot/Desktop/mineswarm-parent/ros2_ws/install/_local_setup_util_ps1.py'
[8.451s] INFO:colcon.colcon_core.shell:Creating prefix chain script '/home/robot/Desktop/mineswarm-parent/ros2_ws/install/setup.ps1'
[8.456s] INFO:colcon.colcon_core.shell:Creating prefix script '/home/robot/Desktop/mineswarm-parent/ros2_ws/install/local_setup.sh'
[8.460s] INFO:colcon.colcon_core.shell:Creating prefix util module '/home/robot/Desktop/mineswarm-parent/ros2_ws/install/_local_setup_util_sh.py'
[8.463s] INFO:colcon.colcon_core.shell:Creating prefix chain script '/home/robot/Desktop/mineswarm-parent/ros2_ws/install/setup.sh'
[8.468s] INFO:colcon.colcon_core.shell:Creating prefix script '/home/robot/Desktop/mineswarm-parent/ros2_ws/install/local_setup.bash'
[8.472s] INFO:colcon.colcon_core.shell:Creating prefix chain script '/home/robot/Desktop/mineswarm-parent/ros2_ws/install/setup.bash'
[8.477s] INFO:colcon.colcon_core.shell:Creating prefix script '/home/robot/Desktop/mineswarm-parent/ros2_ws/install/local_setup.zsh'
[8.480s] INFO:colcon.colcon_core.shell:Creating prefix chain script '/home/robot/Desktop/mineswarm-parent/ros2_ws/install/setup.zsh'
