[2.490s] Invoking command in '/home/robot/Desktop/mineswarm-parent/ros2_ws/build/sllidar_ros2': CMAKE_PREFIX_PATH=/opt/ros/humble /usr/bin/cmake --build /home/robot/Desktop/mineswarm-parent/ros2_ws/build/sllidar_ros2 -- -j4 -l4
[2.841s] [ 90%] Built target sllidar_node
[2.884s] [100%] Built target sllidar_client
[3.010s] Invoked command in '/home/robot/Desktop/mineswarm-parent/ros2_ws/build/sllidar_ros2' returned '0': CMAKE_PREFIX_PATH=/opt/ros/humble /usr/bin/cmake --build /home/robot/Desktop/mineswarm-parent/ros2_ws/build/sllidar_ros2 -- -j4 -l4
[3.549s] Invoking command in '/home/robot/Desktop/mineswarm-parent/ros2_ws/build/sllidar_ros2': CMAKE_PREFIX_PATH=/opt/ros/humble /usr/bin/cmake --install /home/robot/Desktop/mineswarm-parent/ros2_ws/build/sllidar_ros2
[3.580s] -- Install configuration: ""
[3.589s] -- Up-to-date: /home/robot/Desktop/mineswarm-parent/ros2_ws/install/sllidar_ros2/share/sllidar_ros2/launch
[3.590s] -- Up-to-date: /home/robot/Desktop/mineswarm-parent/ros2_ws/install/sllidar_ros2/share/sllidar_ros2/launch/view_sllidar_s1_tcp_launch.py
[3.590s] -- Up-to-date: /home/robot/Desktop/mineswarm-parent/ros2_ws/install/sllidar_ros2/share/sllidar_ros2/launch/sllidar_t1_launch.py
[3.591s] -- Up-to-date: /home/robot/Desktop/mineswarm-parent/ros2_ws/install/sllidar_ros2/share/sllidar_ros2/launch/view_sllidar_a1_launch.py
[3.591s] -- Up-to-date: /home/robot/Desktop/mineswarm-parent/ros2_ws/install/sllidar_ros2/share/sllidar_ros2/launch/sllidar_a2m8_launch.py
[3.592s] -- Up-to-date: /home/robot/Desktop/mineswarm-parent/ros2_ws/install/sllidar_ros2/share/sllidar_ros2/launch/view_sllidar_a2m8_launch.py
[3.593s] -- Up-to-date: /home/robot/Desktop/mineswarm-parent/ros2_ws/install/sllidar_ros2/share/sllidar_ros2/launch/sllidar_s2e_launch.py
[3.593s] -- Up-to-date: /home/robot/Desktop/mineswarm-parent/ros2_ws/install/sllidar_ros2/share/sllidar_ros2/launch/view_sllidar_t1_launch.py
[3.594s] -- Up-to-date: /home/robot/Desktop/mineswarm-parent/ros2_ws/install/sllidar_ros2/share/sllidar_ros2/launch/view_sllidar_c1_launch.py
[3.599s] -- Up-to-date: /home/robot/Desktop/mineswarm-parent/ros2_ws/install/sllidar_ros2/share/sllidar_ros2/launch/view_sllidar_s2_launch.py
[3.600s] -- Up-to-date: /home/robot/Desktop/mineswarm-parent/ros2_ws/install/sllidar_ros2/share/sllidar_ros2/launch/sllidar_c1_launch.py
[3.600s] -- Up-to-date: /home/robot/Desktop/mineswarm-parent/ros2_ws/install/sllidar_ros2/share/sllidar_ros2/launch/sllidar_a1_launch.py
[3.601s] -- Up-to-date: /home/robot/Desktop/mineswarm-parent/ros2_ws/install/sllidar_ros2/share/sllidar_ros2/launch/sllidar_s2_launch.py
[3.601s] -- Up-to-date: /home/robot/Desktop/mineswarm-parent/ros2_ws/install/sllidar_ros2/share/sllidar_ros2/launch/view_sllidar_a2m7_launch.py
[3.602s] -- Up-to-date: /home/robot/Desktop/mineswarm-parent/ros2_ws/install/sllidar_ros2/share/sllidar_ros2/launch/sllidar_s3_launch.py
[3.603s] -- Up-to-date: /home/robot/Desktop/mineswarm-parent/ros2_ws/install/sllidar_ros2/share/sllidar_ros2/launch/sllidar_s1_tcp_launch.py
[3.604s] -- Up-to-date: /home/robot/Desktop/mineswarm-parent/ros2_ws/install/sllidar_ros2/share/sllidar_ros2/launch/sllidar_a2m12_launch .py
[3.605s] -- Up-to-date: /home/robot/Desktop/mineswarm-parent/ros2_ws/install/sllidar_ros2/share/sllidar_ros2/launch/sllidar_a2m7_launch.py
[3.605s] -- Up-to-date: /home/robot/Desktop/mineswarm-parent/ros2_ws/install/sllidar_ros2/share/sllidar_ros2/launch/view_sllidar_a2m12_launch.py
[3.606s] -- Up-to-date: /home/robot/Desktop/mineswarm-parent/ros2_ws/install/sllidar_ros2/share/sllidar_ros2/launch/view_sllidar_s3_launch.py
[3.607s] -- Up-to-date: /home/robot/Desktop/mineswarm-parent/ros2_ws/install/sllidar_ros2/share/sllidar_ros2/launch/view_sllidar_s1_launch.py
[3.607s] -- Up-to-date: /home/robot/Desktop/mineswarm-parent/ros2_ws/install/sllidar_ros2/share/sllidar_ros2/launch/view_sllidar_a3_launch.py
[3.609s] -- Up-to-date: /home/robot/Desktop/mineswarm-parent/ros2_ws/install/sllidar_ros2/share/sllidar_ros2/launch/sllidar_a3_launch.py
[3.621s] -- Up-to-date: /home/robot/Desktop/mineswarm-parent/ros2_ws/install/sllidar_ros2/share/sllidar_ros2/launch/sllidar_s1_launch.py
[3.622s] -- Up-to-date: /home/robot/Desktop/mineswarm-parent/ros2_ws/install/sllidar_ros2/share/sllidar_ros2/launch/view_sllidar_s2e_launch.py
[3.622s] -- Up-to-date: /home/robot/Desktop/mineswarm-parent/ros2_ws/install/sllidar_ros2/share/sllidar_ros2/rviz
[3.623s] -- Up-to-date: /home/robot/Desktop/mineswarm-parent/ros2_ws/install/sllidar_ros2/share/sllidar_ros2/rviz/sllidar_ros2.rviz
[3.623s] -- Up-to-date: /home/robot/Desktop/mineswarm-parent/ros2_ws/install/sllidar_ros2/lib/sllidar_ros2/sllidar_node
[3.623s] -- Up-to-date: /home/robot/Desktop/mineswarm-parent/ros2_ws/install/sllidar_ros2/lib/sllidar_ros2/sllidar_client
[3.624s] -- Up-to-date: /home/robot/Desktop/mineswarm-parent/ros2_ws/install/sllidar_ros2/share/ament_index/resource_index/package_run_dependencies/sllidar_ros2
[3.624s] -- Up-to-date: /home/robot/Desktop/mineswarm-parent/ros2_ws/install/sllidar_ros2/share/ament_index/resource_index/parent_prefix_path/sllidar_ros2
[3.624s] -- Up-to-date: /home/robot/Desktop/mineswarm-parent/ros2_ws/install/sllidar_ros2/share/sllidar_ros2/environment/ament_prefix_path.sh
[3.625s] -- Up-to-date: /home/robot/Desktop/mineswarm-parent/ros2_ws/install/sllidar_ros2/share/sllidar_ros2/environment/ament_prefix_path.dsv
[3.625s] -- Up-to-date: /home/robot/Desktop/mineswarm-parent/ros2_ws/install/sllidar_ros2/share/sllidar_ros2/environment/path.sh
[3.626s] -- Up-to-date: /home/robot/Desktop/mineswarm-parent/ros2_ws/install/sllidar_ros2/share/sllidar_ros2/environment/path.dsv
[3.626s] -- Up-to-date: /home/robot/Desktop/mineswarm-parent/ros2_ws/install/sllidar_ros2/share/sllidar_ros2/local_setup.bash
[3.626s] -- Up-to-date: /home/robot/Desktop/mineswarm-parent/ros2_ws/install/sllidar_ros2/share/sllidar_ros2/local_setup.sh
[3.627s] -- Up-to-date: /home/robot/Desktop/mineswarm-parent/ros2_ws/install/sllidar_ros2/share/sllidar_ros2/local_setup.zsh
[3.627s] -- Up-to-date: /home/robot/Desktop/mineswarm-parent/ros2_ws/install/sllidar_ros2/share/sllidar_ros2/local_setup.dsv
[3.627s] -- Installing: /home/robot/Desktop/mineswarm-parent/ros2_ws/install/sllidar_ros2/share/sllidar_ros2/package.dsv
[3.628s] -- Up-to-date: /home/robot/Desktop/mineswarm-parent/ros2_ws/install/sllidar_ros2/share/ament_index/resource_index/packages/sllidar_ros2
[3.628s] -- Up-to-date: /home/robot/Desktop/mineswarm-parent/ros2_ws/install/sllidar_ros2/share/sllidar_ros2/cmake/ament_cmake_export_dependencies-extras.cmake
[3.628s] -- Up-to-date: /home/robot/Desktop/mineswarm-parent/ros2_ws/install/sllidar_ros2/share/sllidar_ros2/cmake/ament_cmake_export_include_directories-extras.cmake
[3.629s] -- Up-to-date: /home/robot/Desktop/mineswarm-parent/ros2_ws/install/sllidar_ros2/share/sllidar_ros2/cmake/sllidar_ros2Config.cmake
[3.629s] -- Up-to-date: /home/robot/Desktop/mineswarm-parent/ros2_ws/install/sllidar_ros2/share/sllidar_ros2/cmake/sllidar_ros2Config-version.cmake
[3.629s] -- Up-to-date: /home/robot/Desktop/mineswarm-parent/ros2_ws/install/sllidar_ros2/share/sllidar_ros2/package.xml
[3.630s] Invoked command in '/home/robot/Desktop/mineswarm-parent/ros2_ws/build/sllidar_ros2' returned '0': CMAKE_PREFIX_PATH=/opt/ros/humble /usr/bin/cmake --install /home/robot/Desktop/mineswarm-parent/ros2_ws/build/sllidar_ros2
