[0.534s] DEBUG:colcon:Command line arguments: ['/usr/bin/colcon', 'build']
[0.535s] DEBUG:colcon:Parsed command line arguments: Namespace(log_base=None, log_level=None, verb_name='build', build_base='build', install_base='install', merge_install=False, symlink_install=False, test_result_base=None, continue_on_error=False, executor='parallel', parallel_workers=4, event_handlers=None, ignore_user_meta=False, metas=['./colcon.meta'], base_paths=['.'], packages_ignore=None, packages_ignore_regex=None, paths=None, packages_up_to=None, packages_up_to_regex=None, packages_above=None, packages_above_and_dependencies=None, packages_above_depth=None, packages_select_by_dep=None, packages_skip_by_dep=None, packages_skip_up_to=None, packages_select_build_failed=False, packages_skip_build_finished=False, packages_select_test_failures=False, packages_skip_test_passed=False, packages_select=None, packages_skip=None, packages_select_regex=None, packages_skip_regex=None, packages_start=None, packages_end=None, allow_overriding=[], cmake_args=None, cmake_target=None, cmake_target_skip_unavailable=False, cmake_clean_cache=False, cmake_clean_first=False, cmake_force_configure=False, ament_cmake_args=None, catkin_cmake_args=None, catkin_skip_building_tests=False, verb_parser=<colcon_defaults.argument_parser.defaults.DefaultArgumentsDecorator object at 0xffffb5758f10>, verb_extension=<colcon_core.verb.build.BuildVerb object at 0xffffb5855b10>, main=<bound method BuildVerb.main of <colcon_core.verb.build.BuildVerb object at 0xffffb5855b10>>)
[1.384s] Level 1:colcon.colcon_core.package_discovery:discover_packages(colcon_meta) check parameters
[1.385s] Level 1:colcon.colcon_core.package_discovery:discover_packages(recursive) check parameters
[1.385s] Level 1:colcon.colcon_core.package_discovery:discover_packages(ignore) check parameters
[1.385s] Level 1:colcon.colcon_core.package_discovery:discover_packages(path) check parameters
[1.385s] Level 1:colcon.colcon_core.package_discovery:discover_packages(colcon_meta) discover
[1.385s] Level 1:colcon.colcon_core.package_discovery:discover_packages(recursive) discover
[1.386s] INFO:colcon.colcon_core.package_discovery:Crawling recursively for packages in '/home/mine/Desktop/ros2_ws'
[1.386s] Level 1:colcon.colcon_core.package_identification:_identify(.) by extensions ['ignore', 'ignore_ament_install']
[1.386s] Level 1:colcon.colcon_core.package_identification:_identify(.) by extension 'ignore'
[1.387s] Level 1:colcon.colcon_core.package_identification:_identify(.) by extension 'ignore_ament_install'
[1.387s] Level 1:colcon.colcon_core.package_identification:_identify(.) by extensions ['colcon_pkg']
[1.387s] Level 1:colcon.colcon_core.package_identification:_identify(.) by extension 'colcon_pkg'
[1.387s] Level 1:colcon.colcon_core.package_identification:_identify(.) by extensions ['colcon_meta']
[1.387s] Level 1:colcon.colcon_core.package_identification:_identify(.) by extension 'colcon_meta'
[1.387s] Level 1:colcon.colcon_core.package_identification:_identify(.) by extensions ['ros']
[1.388s] Level 1:colcon.colcon_core.package_identification:_identify(.) by extension 'ros'
[1.435s] Level 1:colcon.colcon_core.package_identification:_identify(.) by extensions ['cmake', 'python']
[1.435s] Level 1:colcon.colcon_core.package_identification:_identify(.) by extension 'cmake'
[1.435s] Level 1:colcon.colcon_core.package_identification:_identify(.) by extension 'python'
[1.435s] Level 1:colcon.colcon_core.package_identification:_identify(.) by extensions ['python_setup_py']
[1.435s] Level 1:colcon.colcon_core.package_identification:_identify(.) by extension 'python_setup_py'
[1.436s] Level 1:colcon.colcon_core.package_identification:_identify(build) by extensions ['ignore', 'ignore_ament_install']
[1.436s] Level 1:colcon.colcon_core.package_identification:_identify(build) by extension 'ignore'
[1.437s] Level 1:colcon.colcon_core.package_identification:_identify(build) ignored
[1.437s] Level 1:colcon.colcon_core.package_identification:_identify(install) by extensions ['ignore', 'ignore_ament_install']
[1.438s] Level 1:colcon.colcon_core.package_identification:_identify(install) by extension 'ignore'
[1.438s] Level 1:colcon.colcon_core.package_identification:_identify(install) ignored
[1.439s] Level 1:colcon.colcon_core.package_identification:_identify(log) by extensions ['ignore', 'ignore_ament_install']
[1.439s] Level 1:colcon.colcon_core.package_identification:_identify(log) by extension 'ignore'
[1.439s] Level 1:colcon.colcon_core.package_identification:_identify(log) ignored
[1.440s] Level 1:colcon.colcon_core.package_identification:_identify(src) by extensions ['ignore', 'ignore_ament_install']
[1.440s] Level 1:colcon.colcon_core.package_identification:_identify(src) by extension 'ignore'
[1.440s] Level 1:colcon.colcon_core.package_identification:_identify(src) by extension 'ignore_ament_install'
[1.440s] Level 1:colcon.colcon_core.package_identification:_identify(src) by extensions ['colcon_pkg']
[1.440s] Level 1:colcon.colcon_core.package_identification:_identify(src) by extension 'colcon_pkg'
[1.441s] Level 1:colcon.colcon_core.package_identification:_identify(src) by extensions ['colcon_meta']
[1.441s] Level 1:colcon.colcon_core.package_identification:_identify(src) by extension 'colcon_meta'
[1.441s] Level 1:colcon.colcon_core.package_identification:_identify(src) by extensions ['ros']
[1.441s] Level 1:colcon.colcon_core.package_identification:_identify(src) by extension 'ros'
[1.441s] Level 1:colcon.colcon_core.package_identification:_identify(src) by extensions ['cmake', 'python']
[1.442s] Level 1:colcon.colcon_core.package_identification:_identify(src) by extension 'cmake'
[1.442s] Level 1:colcon.colcon_core.package_identification:_identify(src) by extension 'python'
[1.442s] Level 1:colcon.colcon_core.package_identification:_identify(src) by extensions ['python_setup_py']
[1.442s] Level 1:colcon.colcon_core.package_identification:_identify(src) by extension 'python_setup_py'
[1.443s] Level 1:colcon.colcon_core.package_identification:_identify(src/sllidar_ros2) by extensions ['ignore', 'ignore_ament_install']
[1.443s] Level 1:colcon.colcon_core.package_identification:_identify(src/sllidar_ros2) by extension 'ignore'
[1.443s] Level 1:colcon.colcon_core.package_identification:_identify(src/sllidar_ros2) by extension 'ignore_ament_install'
[1.443s] Level 1:colcon.colcon_core.package_identification:_identify(src/sllidar_ros2) by extensions ['colcon_pkg']
[1.443s] Level 1:colcon.colcon_core.package_identification:_identify(src/sllidar_ros2) by extension 'colcon_pkg'
[1.444s] Level 1:colcon.colcon_core.package_identification:_identify(src/sllidar_ros2) by extensions ['colcon_meta']
[1.444s] Level 1:colcon.colcon_core.package_identification:_identify(src/sllidar_ros2) by extension 'colcon_meta'
[1.444s] Level 1:colcon.colcon_core.package_identification:_identify(src/sllidar_ros2) by extensions ['ros']
[1.444s] Level 1:colcon.colcon_core.package_identification:_identify(src/sllidar_ros2) by extension 'ros'
[1.453s] DEBUG:colcon.colcon_core.package_identification:Package 'src/sllidar_ros2' with type 'ros.ament_cmake' and name 'sllidar_ros2'
[1.454s] Level 1:colcon.colcon_core.package_identification:_identify(src/ugv02_cartographer) by extensions ['ignore', 'ignore_ament_install']
[1.454s] Level 1:colcon.colcon_core.package_identification:_identify(src/ugv02_cartographer) by extension 'ignore'
[1.454s] Level 1:colcon.colcon_core.package_identification:_identify(src/ugv02_cartographer) by extension 'ignore_ament_install'
[1.454s] Level 1:colcon.colcon_core.package_identification:_identify(src/ugv02_cartographer) by extensions ['colcon_pkg']
[1.454s] Level 1:colcon.colcon_core.package_identification:_identify(src/ugv02_cartographer) by extension 'colcon_pkg'
[1.455s] Level 1:colcon.colcon_core.package_identification:_identify(src/ugv02_cartographer) by extensions ['colcon_meta']
[1.455s] Level 1:colcon.colcon_core.package_identification:_identify(src/ugv02_cartographer) by extension 'colcon_meta'
[1.455s] Level 1:colcon.colcon_core.package_identification:_identify(src/ugv02_cartographer) by extensions ['ros']
[1.455s] Level 1:colcon.colcon_core.package_identification:_identify(src/ugv02_cartographer) by extension 'ros'
[1.457s] DEBUG:colcon.colcon_core.package_identification:Package 'src/ugv02_cartographer' with type 'ros.ament_cmake' and name 'ugv02_cartographer'
[1.457s] Level 1:colcon.colcon_core.package_discovery:discover_packages(recursive) using defaults
[1.458s] Level 1:colcon.colcon_core.package_discovery:discover_packages(ignore) discover
[1.458s] Level 1:colcon.colcon_core.package_discovery:discover_packages(ignore) using defaults
[1.458s] Level 1:colcon.colcon_core.package_discovery:discover_packages(path) discover
[1.458s] Level 1:colcon.colcon_core.package_discovery:discover_packages(path) using defaults
[1.534s] Level 1:colcon.colcon_core.package_discovery:discover_packages(prefix_path) check parameters
[1.534s] Level 1:colcon.colcon_core.package_discovery:discover_packages(prefix_path) discover
[1.557s] DEBUG:colcon.colcon_installed_package_information.package_discovery:Found 337 installed packages in /opt/ros/humble
[1.603s] Level 1:colcon.colcon_core.package_discovery:discover_packages(prefix_path) using defaults
[1.798s] Level 5:colcon.colcon_core.verb:set package 'sllidar_ros2' build argument 'cmake_args' from command line to 'None'
[1.799s] Level 5:colcon.colcon_core.verb:set package 'sllidar_ros2' build argument 'cmake_target' from command line to 'None'
[1.799s] Level 5:colcon.colcon_core.verb:set package 'sllidar_ros2' build argument 'cmake_target_skip_unavailable' from command line to 'False'
[1.799s] Level 5:colcon.colcon_core.verb:set package 'sllidar_ros2' build argument 'cmake_clean_cache' from command line to 'False'
[1.799s] Level 5:colcon.colcon_core.verb:set package 'sllidar_ros2' build argument 'cmake_clean_first' from command line to 'False'
[1.799s] Level 5:colcon.colcon_core.verb:set package 'sllidar_ros2' build argument 'cmake_force_configure' from command line to 'False'
[1.799s] Level 5:colcon.colcon_core.verb:set package 'sllidar_ros2' build argument 'ament_cmake_args' from command line to 'None'
[1.799s] Level 5:colcon.colcon_core.verb:set package 'sllidar_ros2' build argument 'catkin_cmake_args' from command line to 'None'
[1.799s] Level 5:colcon.colcon_core.verb:set package 'sllidar_ros2' build argument 'catkin_skip_building_tests' from command line to 'False'
[1.800s] DEBUG:colcon.colcon_core.verb:Building package 'sllidar_ros2' with the following arguments: {'ament_cmake_args': None, 'build_base': '/home/mine/Desktop/ros2_ws/build/sllidar_ros2', 'catkin_cmake_args': None, 'catkin_skip_building_tests': False, 'cmake_args': None, 'cmake_clean_cache': False, 'cmake_clean_first': False, 'cmake_force_configure': False, 'cmake_target': None, 'cmake_target_skip_unavailable': False, 'install_base': '/home/mine/Desktop/ros2_ws/install/sllidar_ros2', 'merge_install': False, 'path': '/home/mine/Desktop/ros2_ws/src/sllidar_ros2', 'symlink_install': False, 'test_result_base': None}
[1.801s] Level 5:colcon.colcon_core.verb:set package 'ugv02_cartographer' build argument 'cmake_args' from command line to 'None'
[1.801s] Level 5:colcon.colcon_core.verb:set package 'ugv02_cartographer' build argument 'cmake_target' from command line to 'None'
[1.801s] Level 5:colcon.colcon_core.verb:set package 'ugv02_cartographer' build argument 'cmake_target_skip_unavailable' from command line to 'False'
[1.801s] Level 5:colcon.colcon_core.verb:set package 'ugv02_cartographer' build argument 'cmake_clean_cache' from command line to 'False'
[1.802s] Level 5:colcon.colcon_core.verb:set package 'ugv02_cartographer' build argument 'cmake_clean_first' from command line to 'False'
[1.802s] Level 5:colcon.colcon_core.verb:set package 'ugv02_cartographer' build argument 'cmake_force_configure' from command line to 'False'
[1.802s] Level 5:colcon.colcon_core.verb:set package 'ugv02_cartographer' build argument 'ament_cmake_args' from command line to 'None'
[1.802s] Level 5:colcon.colcon_core.verb:set package 'ugv02_cartographer' build argument 'catkin_cmake_args' from command line to 'None'
[1.802s] Level 5:colcon.colcon_core.verb:set package 'ugv02_cartographer' build argument 'catkin_skip_building_tests' from command line to 'False'
[1.802s] DEBUG:colcon.colcon_core.verb:Building package 'ugv02_cartographer' with the following arguments: {'ament_cmake_args': None, 'build_base': '/home/mine/Desktop/ros2_ws/build/ugv02_cartographer', 'catkin_cmake_args': None, 'catkin_skip_building_tests': False, 'cmake_args': None, 'cmake_clean_cache': False, 'cmake_clean_first': False, 'cmake_force_configure': False, 'cmake_target': None, 'cmake_target_skip_unavailable': False, 'install_base': '/home/mine/Desktop/ros2_ws/install/ugv02_cartographer', 'merge_install': False, 'path': '/home/mine/Desktop/ros2_ws/src/ugv02_cartographer', 'symlink_install': False, 'test_result_base': None}
[1.803s] INFO:colcon.colcon_core.executor:Executing jobs using 'parallel' executor
[1.806s] DEBUG:colcon.colcon_parallel_executor.executor.parallel:run_until_complete
[1.807s] INFO:colcon.colcon_ros.task.ament_cmake.build:Building ROS package in '/home/mine/Desktop/ros2_ws/src/sllidar_ros2' with build type 'ament_cmake'
[1.808s] INFO:colcon.colcon_cmake.task.cmake.build:Building CMake package in '/home/mine/Desktop/ros2_ws/src/sllidar_ros2'
[1.816s] INFO:colcon.colcon_core.plugin_system:Skipping extension 'colcon_core.shell.bat': Not used on non-Windows systems
[1.817s] INFO:colcon.colcon_core.shell:Skip shell extension 'powershell' for command environment: Not usable outside of PowerShell
[1.818s] DEBUG:colcon.colcon_core.shell:Skip shell extension 'dsv' for command environment
[1.837s] INFO:colcon.colcon_ros.task.ament_cmake.build:Building ROS package in '/home/mine/Desktop/ros2_ws/src/ugv02_cartographer' with build type 'ament_cmake'
[1.839s] INFO:colcon.colcon_cmake.task.cmake.build:Building CMake package in '/home/mine/Desktop/ros2_ws/src/ugv02_cartographer'
[1.840s] INFO:colcon.colcon_core.shell:Skip shell extension 'powershell' for command environment: Not usable outside of PowerShell
[1.841s] DEBUG:colcon.colcon_core.shell:Skip shell extension 'dsv' for command environment
[1.885s] DEBUG:colcon.colcon_core.event_handler.log_command:Invoking command in '/home/mine/Desktop/ros2_ws/build/sllidar_ros2': CMAKE_PREFIX_PATH=/opt/ros/humble /usr/bin/cmake --build /home/mine/Desktop/ros2_ws/build/sllidar_ros2 -- -j4 -l4
[1.909s] DEBUG:colcon.colcon_core.event_handler.log_command:Invoking command in '/home/mine/Desktop/ros2_ws/build/ugv02_cartographer': CMAKE_PREFIX_PATH=/opt/ros/humble /usr/bin/cmake --build /home/mine/Desktop/ros2_ws/build/ugv02_cartographer -- -j4 -l4
[2.275s] DEBUG:colcon.colcon_core.event_handler.log_command:Invoked command in '/home/mine/Desktop/ros2_ws/build/sllidar_ros2' returned '0': CMAKE_PREFIX_PATH=/opt/ros/humble /usr/bin/cmake --build /home/mine/Desktop/ros2_ws/build/sllidar_ros2 -- -j4 -l4
[2.760s] DEBUG:colcon.colcon_core.event_handler.log_command:Invoking command in '/home/mine/Desktop/ros2_ws/build/sllidar_ros2': CMAKE_PREFIX_PATH=/opt/ros/humble /usr/bin/cmake --install /home/mine/Desktop/ros2_ws/build/sllidar_ros2
[2.916s] Level 1:colcon.colcon_core.environment:create_environment_scripts_only(sllidar_ros2)
[2.919s] DEBUG:colcon.colcon_core.event_handler.log_command:Invoked command in '/home/mine/Desktop/ros2_ws/build/sllidar_ros2' returned '0': CMAKE_PREFIX_PATH=/opt/ros/humble /usr/bin/cmake --install /home/mine/Desktop/ros2_ws/build/sllidar_ros2
[2.938s] Level 1:colcon.colcon_core.environment:checking '/home/mine/Desktop/ros2_ws/install/sllidar_ros2' for CMake module files
[2.944s] Level 1:colcon.colcon_core.environment:checking '/home/mine/Desktop/ros2_ws/install/sllidar_ros2' for CMake config files
[2.946s] Level 1:colcon.colcon_core.shell:create_environment_hook('sllidar_ros2', 'cmake_prefix_path')
[2.947s] INFO:colcon.colcon_core.shell:Creating environment hook '/home/mine/Desktop/ros2_ws/install/sllidar_ros2/share/sllidar_ros2/hook/cmake_prefix_path.ps1'
[2.951s] INFO:colcon.colcon_core.shell:Creating environment descriptor '/home/mine/Desktop/ros2_ws/install/sllidar_ros2/share/sllidar_ros2/hook/cmake_prefix_path.dsv'
[2.956s] INFO:colcon.colcon_core.shell:Creating environment hook '/home/mine/Desktop/ros2_ws/install/sllidar_ros2/share/sllidar_ros2/hook/cmake_prefix_path.sh'
[2.962s] Level 1:colcon.colcon_core.environment:checking '/home/mine/Desktop/ros2_ws/install/sllidar_ros2/lib'
[2.963s] Level 1:colcon.colcon_core.environment:checking '/home/mine/Desktop/ros2_ws/install/sllidar_ros2/bin'
[2.964s] Level 1:colcon.colcon_core.environment:checking '/home/mine/Desktop/ros2_ws/install/sllidar_ros2/lib/pkgconfig/sllidar_ros2.pc'
[2.965s] Level 1:colcon.colcon_core.environment:checking '/home/mine/Desktop/ros2_ws/install/sllidar_ros2/lib/python3.10/site-packages'
[2.966s] Level 1:colcon.colcon_core.environment:checking '/home/mine/Desktop/ros2_ws/install/sllidar_ros2/bin'
[2.968s] INFO:colcon.colcon_core.shell:Creating package script '/home/mine/Desktop/ros2_ws/install/sllidar_ros2/share/sllidar_ros2/package.ps1'
[2.973s] INFO:colcon.colcon_core.shell:Creating package descriptor '/home/mine/Desktop/ros2_ws/install/sllidar_ros2/share/sllidar_ros2/package.dsv'
[2.977s] INFO:colcon.colcon_core.shell:Creating package script '/home/mine/Desktop/ros2_ws/install/sllidar_ros2/share/sllidar_ros2/package.sh'
[2.982s] INFO:colcon.colcon_core.shell:Creating package script '/home/mine/Desktop/ros2_ws/install/sllidar_ros2/share/sllidar_ros2/package.bash'
[2.986s] INFO:colcon.colcon_core.shell:Creating package script '/home/mine/Desktop/ros2_ws/install/sllidar_ros2/share/sllidar_ros2/package.zsh'
[2.994s] Level 1:colcon.colcon_core.environment:create_file_with_runtime_dependencies(/home/mine/Desktop/ros2_ws/install/sllidar_ros2/share/colcon-core/packages/sllidar_ros2)
[3.331s] DEBUG:colcon.colcon_core.event_handler.log_command:Invoked command in '/home/mine/Desktop/ros2_ws/build/ugv02_cartographer' returned '0': CMAKE_PREFIX_PATH=/opt/ros/humble /usr/bin/cmake --build /home/mine/Desktop/ros2_ws/build/ugv02_cartographer -- -j4 -l4
[3.423s] Level 1:colcon.colcon_core.environment:create_environment_scripts_only(sllidar_ros2)
[3.425s] Level 1:colcon.colcon_core.environment:checking '/home/mine/Desktop/ros2_ws/install/sllidar_ros2' for CMake module files
[3.430s] Level 1:colcon.colcon_core.environment:checking '/home/mine/Desktop/ros2_ws/install/sllidar_ros2' for CMake config files
[3.432s] Level 1:colcon.colcon_core.shell:create_environment_hook('sllidar_ros2', 'cmake_prefix_path')
[3.433s] INFO:colcon.colcon_core.shell:Creating environment hook '/home/mine/Desktop/ros2_ws/install/sllidar_ros2/share/sllidar_ros2/hook/cmake_prefix_path.ps1'
[3.436s] INFO:colcon.colcon_core.shell:Creating environment descriptor '/home/mine/Desktop/ros2_ws/install/sllidar_ros2/share/sllidar_ros2/hook/cmake_prefix_path.dsv'
[3.439s] INFO:colcon.colcon_core.shell:Creating environment hook '/home/mine/Desktop/ros2_ws/install/sllidar_ros2/share/sllidar_ros2/hook/cmake_prefix_path.sh'
[3.443s] Level 1:colcon.colcon_core.environment:checking '/home/mine/Desktop/ros2_ws/install/sllidar_ros2/lib'
[3.444s] Level 1:colcon.colcon_core.environment:checking '/home/mine/Desktop/ros2_ws/install/sllidar_ros2/bin'
[3.444s] Level 1:colcon.colcon_core.environment:checking '/home/mine/Desktop/ros2_ws/install/sllidar_ros2/lib/pkgconfig/sllidar_ros2.pc'
[3.445s] Level 1:colcon.colcon_core.environment:checking '/home/mine/Desktop/ros2_ws/install/sllidar_ros2/lib/python3.10/site-packages'
[3.447s] Level 1:colcon.colcon_core.environment:checking '/home/mine/Desktop/ros2_ws/install/sllidar_ros2/bin'
[3.449s] INFO:colcon.colcon_core.shell:Creating package script '/home/mine/Desktop/ros2_ws/install/sllidar_ros2/share/sllidar_ros2/package.ps1'
[3.452s] INFO:colcon.colcon_core.shell:Creating package descriptor '/home/mine/Desktop/ros2_ws/install/sllidar_ros2/share/sllidar_ros2/package.dsv'
[3.457s] INFO:colcon.colcon_core.shell:Creating package script '/home/mine/Desktop/ros2_ws/install/sllidar_ros2/share/sllidar_ros2/package.sh'
[3.461s] INFO:colcon.colcon_core.shell:Creating package script '/home/mine/Desktop/ros2_ws/install/sllidar_ros2/share/sllidar_ros2/package.bash'
[3.464s] INFO:colcon.colcon_core.shell:Creating package script '/home/mine/Desktop/ros2_ws/install/sllidar_ros2/share/sllidar_ros2/package.zsh'
[3.466s] Level 1:colcon.colcon_core.environment:create_file_with_runtime_dependencies(/home/mine/Desktop/ros2_ws/install/sllidar_ros2/share/colcon-core/packages/sllidar_ros2)
[3.488s] DEBUG:colcon.colcon_core.event_handler.log_command:Invoking command in '/home/mine/Desktop/ros2_ws/build/ugv02_cartographer': CMAKE_PREFIX_PATH=/opt/ros/humble /usr/bin/cmake --install /home/mine/Desktop/ros2_ws/build/ugv02_cartographer
[3.544s] Level 1:colcon.colcon_core.environment:create_environment_scripts_only(ugv02_cartographer)
[3.546s] Level 1:colcon.colcon_core.environment:checking '/home/mine/Desktop/ros2_ws/install/ugv02_cartographer' for CMake module files
[3.548s] DEBUG:colcon.colcon_core.event_handler.log_command:Invoked command in '/home/mine/Desktop/ros2_ws/build/ugv02_cartographer' returned '0': CMAKE_PREFIX_PATH=/opt/ros/humble /usr/bin/cmake --install /home/mine/Desktop/ros2_ws/build/ugv02_cartographer
[3.551s] Level 1:colcon.colcon_core.environment:checking '/home/mine/Desktop/ros2_ws/install/ugv02_cartographer' for CMake config files
[3.562s] Level 1:colcon.colcon_core.shell:create_environment_hook('ugv02_cartographer', 'cmake_prefix_path')
[3.563s] INFO:colcon.colcon_core.shell:Creating environment hook '/home/mine/Desktop/ros2_ws/install/ugv02_cartographer/share/ugv02_cartographer/hook/cmake_prefix_path.ps1'
[3.565s] INFO:colcon.colcon_core.shell:Creating environment descriptor '/home/mine/Desktop/ros2_ws/install/ugv02_cartographer/share/ugv02_cartographer/hook/cmake_prefix_path.dsv'
[3.568s] INFO:colcon.colcon_core.shell:Creating environment hook '/home/mine/Desktop/ros2_ws/install/ugv02_cartographer/share/ugv02_cartographer/hook/cmake_prefix_path.sh'
[3.572s] Level 1:colcon.colcon_core.environment:checking '/home/mine/Desktop/ros2_ws/install/ugv02_cartographer/bin'
[3.573s] Level 1:colcon.colcon_core.environment:checking '/home/mine/Desktop/ros2_ws/install/ugv02_cartographer/lib/pkgconfig/ugv02_cartographer.pc'
[3.575s] Level 1:colcon.colcon_core.environment:checking '/home/mine/Desktop/ros2_ws/install/ugv02_cartographer/lib/python3.10/site-packages'
[3.577s] Level 1:colcon.colcon_core.environment:checking '/home/mine/Desktop/ros2_ws/install/ugv02_cartographer/bin'
[3.579s] INFO:colcon.colcon_core.shell:Creating package script '/home/mine/Desktop/ros2_ws/install/ugv02_cartographer/share/ugv02_cartographer/package.ps1'
[3.581s] INFO:colcon.colcon_core.shell:Creating package descriptor '/home/mine/Desktop/ros2_ws/install/ugv02_cartographer/share/ugv02_cartographer/package.dsv'
[3.583s] INFO:colcon.colcon_core.shell:Creating package script '/home/mine/Desktop/ros2_ws/install/ugv02_cartographer/share/ugv02_cartographer/package.sh'
[3.585s] INFO:colcon.colcon_core.shell:Creating package script '/home/mine/Desktop/ros2_ws/install/ugv02_cartographer/share/ugv02_cartographer/package.bash'
[3.587s] INFO:colcon.colcon_core.shell:Creating package script '/home/mine/Desktop/ros2_ws/install/ugv02_cartographer/share/ugv02_cartographer/package.zsh'
[3.590s] Level 1:colcon.colcon_core.environment:create_file_with_runtime_dependencies(/home/mine/Desktop/ros2_ws/install/ugv02_cartographer/share/colcon-core/packages/ugv02_cartographer)
[3.700s] Level 1:colcon.colcon_core.environment:create_environment_scripts_only(ugv02_cartographer)
[3.701s] Level 1:colcon.colcon_core.environment:checking '/home/mine/Desktop/ros2_ws/install/ugv02_cartographer' for CMake module files
[3.704s] Level 1:colcon.colcon_core.environment:checking '/home/mine/Desktop/ros2_ws/install/ugv02_cartographer' for CMake config files
[3.707s] Level 1:colcon.colcon_core.shell:create_environment_hook('ugv02_cartographer', 'cmake_prefix_path')
[3.708s] INFO:colcon.colcon_core.shell:Creating environment hook '/home/mine/Desktop/ros2_ws/install/ugv02_cartographer/share/ugv02_cartographer/hook/cmake_prefix_path.ps1'
[3.711s] INFO:colcon.colcon_core.shell:Creating environment descriptor '/home/mine/Desktop/ros2_ws/install/ugv02_cartographer/share/ugv02_cartographer/hook/cmake_prefix_path.dsv'
[3.713s] INFO:colcon.colcon_core.shell:Creating environment hook '/home/mine/Desktop/ros2_ws/install/ugv02_cartographer/share/ugv02_cartographer/hook/cmake_prefix_path.sh'
[3.716s] Level 1:colcon.colcon_core.environment:checking '/home/mine/Desktop/ros2_ws/install/ugv02_cartographer/bin'
[3.717s] Level 1:colcon.colcon_core.environment:checking '/home/mine/Desktop/ros2_ws/install/ugv02_cartographer/lib/pkgconfig/ugv02_cartographer.pc'
[3.718s] Level 1:colcon.colcon_core.environment:checking '/home/mine/Desktop/ros2_ws/install/ugv02_cartographer/lib/python3.10/site-packages'
[3.719s] Level 1:colcon.colcon_core.environment:checking '/home/mine/Desktop/ros2_ws/install/ugv02_cartographer/bin'
[3.721s] INFO:colcon.colcon_core.shell:Creating package script '/home/mine/Desktop/ros2_ws/install/ugv02_cartographer/share/ugv02_cartographer/package.ps1'
[3.724s] INFO:colcon.colcon_core.shell:Creating package descriptor '/home/mine/Desktop/ros2_ws/install/ugv02_cartographer/share/ugv02_cartographer/package.dsv'
[3.727s] INFO:colcon.colcon_core.shell:Creating package script '/home/mine/Desktop/ros2_ws/install/ugv02_cartographer/share/ugv02_cartographer/package.sh'
[3.730s] INFO:colcon.colcon_core.shell:Creating package script '/home/mine/Desktop/ros2_ws/install/ugv02_cartographer/share/ugv02_cartographer/package.bash'
[3.732s] INFO:colcon.colcon_core.shell:Creating package script '/home/mine/Desktop/ros2_ws/install/ugv02_cartographer/share/ugv02_cartographer/package.zsh'
[3.735s] Level 1:colcon.colcon_core.environment:create_file_with_runtime_dependencies(/home/mine/Desktop/ros2_ws/install/ugv02_cartographer/share/colcon-core/packages/ugv02_cartographer)
[3.737s] DEBUG:colcon.colcon_parallel_executor.executor.parallel:closing loop
[3.741s] DEBUG:colcon.colcon_parallel_executor.executor.parallel:loop closed
[3.742s] DEBUG:colcon.colcon_parallel_executor.executor.parallel:run_until_complete finished with '0'
[3.742s] DEBUG:colcon.colcon_core.event_reactor:joining thread
[3.775s] INFO:colcon.colcon_core.plugin_system:Skipping extension 'colcon_notification.desktop_notification.terminal_notifier': Not used on non-Darwin systems
[3.775s] INFO:colcon.colcon_core.plugin_system:Skipping extension 'colcon_notification.desktop_notification.win32': Not used on non-Windows systems
[3.776s] INFO:colcon.colcon_notification.desktop_notification:Sending desktop notification using 'notify2'
[3.843s] DEBUG:colcon.colcon_core.event_reactor:joined thread
[3.845s] INFO:colcon.colcon_core.shell:Creating prefix script '/home/mine/Desktop/ros2_ws/install/local_setup.ps1'
[3.849s] INFO:colcon.colcon_core.shell:Creating prefix util module '/home/mine/Desktop/ros2_ws/install/_local_setup_util_ps1.py'
[3.856s] INFO:colcon.colcon_core.shell:Creating prefix chain script '/home/mine/Desktop/ros2_ws/install/setup.ps1'
[3.864s] INFO:colcon.colcon_core.shell:Creating prefix script '/home/mine/Desktop/ros2_ws/install/local_setup.sh'
[3.868s] INFO:colcon.colcon_core.shell:Creating prefix util module '/home/mine/Desktop/ros2_ws/install/_local_setup_util_sh.py'
[3.872s] INFO:colcon.colcon_core.shell:Creating prefix chain script '/home/mine/Desktop/ros2_ws/install/setup.sh'
[3.879s] INFO:colcon.colcon_core.shell:Creating prefix script '/home/mine/Desktop/ros2_ws/install/local_setup.bash'
[3.882s] INFO:colcon.colcon_core.shell:Creating prefix chain script '/home/mine/Desktop/ros2_ws/install/setup.bash'
[3.888s] INFO:colcon.colcon_core.shell:Creating prefix script '/home/mine/Desktop/ros2_ws/install/local_setup.zsh'
[3.893s] INFO:colcon.colcon_core.shell:Creating prefix chain script '/home/mine/Desktop/ros2_ws/install/setup.zsh'
