[0.088s] Invoking command in '/home/mine/Desktop/ros2_ws/build/sllidar_ros2': CMAKE_PREFIX_PATH=${CMAKE_PREFIX_PATH}:/opt/ros/humble /usr/bin/cmake --build /home/mine/Desktop/ros2_ws/build/sllidar_ros2 -- -j4 -l4
[0.490s] [ 10%] Built target sllidar_client
[0.550s] [100%] Built target sllidar_node
[0.644s] Invoked command in '/home/mine/Desktop/ros2_ws/build/sllidar_ros2' returned '0': CMAKE_PREFIX_PATH=${CMAKE_PREFIX_PATH}:/opt/ros/humble /usr/bin/cmake --build /home/mine/Desktop/ros2_ws/build/sllidar_ros2 -- -j4 -l4
[1.172s] Invoking command in '/home/mine/Desktop/ros2_ws/build/sllidar_ros2': CMAKE_PREFIX_PATH=${CMAKE_PREFIX_PATH}:/opt/ros/humble /usr/bin/cmake --install /home/mine/Desktop/ros2_ws/build/sllidar_ros2
[1.199s] -- Install configuration: ""
[1.201s] -- Execute custom install script
[1.206s] -- Up-to-date symlink: /home/mine/Desktop/ros2_ws/install/sllidar_ros2/share/sllidar_ros2/launch/sllidar_a1_launch.py
[1.207s] -- Up-to-date symlink: /home/mine/Desktop/ros2_ws/install/sllidar_ros2/share/sllidar_ros2/launch/sllidar_a2m12_launch .py
[1.209s] -- Up-to-date symlink: /home/mine/Desktop/ros2_ws/install/sllidar_ros2/share/sllidar_ros2/launch/sllidar_a2m7_launch.py
[1.210s] -- Up-to-date symlink: /home/mine/Desktop/ros2_ws/install/sllidar_ros2/share/sllidar_ros2/launch/sllidar_a2m8_launch.py
[1.211s] -- Up-to-date symlink: /home/mine/Desktop/ros2_ws/install/sllidar_ros2/share/sllidar_ros2/launch/sllidar_a3_launch.py
[1.214s] -- Up-to-date symlink: /home/mine/Desktop/ros2_ws/install/sllidar_ros2/share/sllidar_ros2/launch/sllidar_c1_launch.py
[1.214s] -- Up-to-date symlink: /home/mine/Desktop/ros2_ws/install/sllidar_ros2/share/sllidar_ros2/launch/sllidar_s1_launch.py
[1.217s] -- Up-to-date symlink: /home/mine/Desktop/ros2_ws/install/sllidar_ros2/share/sllidar_ros2/launch/sllidar_s1_tcp_launch.py
[1.218s] -- Up-to-date symlink: /home/mine/Desktop/ros2_ws/install/sllidar_ros2/share/sllidar_ros2/launch/sllidar_s2_launch.py
[1.219s] -- Up-to-date symlink: /home/mine/Desktop/ros2_ws/install/sllidar_ros2/share/sllidar_ros2/launch/sllidar_s2e_launch.py
[1.219s] -- Up-to-date symlink: /home/mine/Desktop/ros2_ws/install/sllidar_ros2/share/sllidar_ros2/launch/sllidar_s3_launch.py
[1.220s] -- Up-to-date symlink: /home/mine/Desktop/ros2_ws/install/sllidar_ros2/share/sllidar_ros2/launch/sllidar_t1_launch.py
[1.221s] -- Up-to-date symlink: /home/mine/Desktop/ros2_ws/install/sllidar_ros2/share/sllidar_ros2/launch/view_sllidar_a1_launch.py
[1.224s] -- Up-to-date symlink: /home/mine/Desktop/ros2_ws/install/sllidar_ros2/share/sllidar_ros2/launch/view_sllidar_a2m12_launch.py
[1.225s] -- Up-to-date symlink: /home/mine/Desktop/ros2_ws/install/sllidar_ros2/share/sllidar_ros2/launch/view_sllidar_a2m7_launch.py
[1.225s] -- Up-to-date symlink: /home/mine/Desktop/ros2_ws/install/sllidar_ros2/share/sllidar_ros2/launch/view_sllidar_a2m8_launch.py
[1.226s] -- Up-to-date symlink: /home/mine/Desktop/ros2_ws/install/sllidar_ros2/share/sllidar_ros2/launch/view_sllidar_a3_launch.py
[1.226s] -- Up-to-date symlink: /home/mine/Desktop/ros2_ws/install/sllidar_ros2/share/sllidar_ros2/launch/view_sllidar_c1_launch.py
[1.227s] -- Up-to-date symlink: /home/mine/Desktop/ros2_ws/install/sllidar_ros2/share/sllidar_ros2/launch/view_sllidar_s1_launch.py
[1.227s] -- Up-to-date symlink: /home/mine/Desktop/ros2_ws/install/sllidar_ros2/share/sllidar_ros2/launch/view_sllidar_s1_tcp_launch.py
[1.228s] -- Up-to-date symlink: /home/mine/Desktop/ros2_ws/install/sllidar_ros2/share/sllidar_ros2/launch/view_sllidar_s2_launch.py
[1.229s] -- Up-to-date symlink: /home/mine/Desktop/ros2_ws/install/sllidar_ros2/share/sllidar_ros2/launch/view_sllidar_s2e_launch.py
[1.246s] -- Up-to-date symlink: /home/mine/Desktop/ros2_ws/install/sllidar_ros2/share/sllidar_ros2/launch/view_sllidar_s3_launch.py
[1.253s] -- Up-to-date symlink: /home/mine/Desktop/ros2_ws/install/sllidar_ros2/share/sllidar_ros2/launch/view_sllidar_t1_launch.py
[1.258s] -- Up-to-date symlink: /home/mine/Desktop/ros2_ws/install/sllidar_ros2/share/sllidar_ros2/rviz/sllidar_ros2.rviz
[1.264s] -- Up-to-date symlink: /home/mine/Desktop/ros2_ws/install/sllidar_ros2/lib/sllidar_ros2/sllidar_node
[1.266s] -- Up-to-date symlink: /home/mine/Desktop/ros2_ws/install/sllidar_ros2/lib/sllidar_ros2/sllidar_client
[1.267s] -- Up-to-date symlink: /home/mine/Desktop/ros2_ws/install/sllidar_ros2/share/ament_index/resource_index/package_run_dependencies/sllidar_ros2
[1.268s] -- Up-to-date symlink: /home/mine/Desktop/ros2_ws/install/sllidar_ros2/share/ament_index/resource_index/parent_prefix_path/sllidar_ros2
[1.269s] -- Up-to-date symlink: /home/mine/Desktop/ros2_ws/install/sllidar_ros2/share/sllidar_ros2/environment/ament_prefix_path.sh
[1.274s] -- Up-to-date symlink: /home/mine/Desktop/ros2_ws/install/sllidar_ros2/share/sllidar_ros2/environment/ament_prefix_path.dsv
[1.276s] -- Up-to-date symlink: /home/mine/Desktop/ros2_ws/install/sllidar_ros2/share/sllidar_ros2/environment/path.sh
[1.282s] -- Up-to-date symlink: /home/mine/Desktop/ros2_ws/install/sllidar_ros2/share/sllidar_ros2/environment/path.dsv
[1.283s] -- Up-to-date symlink: /home/mine/Desktop/ros2_ws/install/sllidar_ros2/share/sllidar_ros2/local_setup.bash
[1.287s] -- Up-to-date symlink: /home/mine/Desktop/ros2_ws/install/sllidar_ros2/share/sllidar_ros2/local_setup.sh
[1.289s] -- Up-to-date symlink: /home/mine/Desktop/ros2_ws/install/sllidar_ros2/share/sllidar_ros2/local_setup.zsh
[1.291s] -- Up-to-date symlink: /home/mine/Desktop/ros2_ws/install/sllidar_ros2/share/sllidar_ros2/local_setup.dsv
[1.294s] -- Symlinking: /home/mine/Desktop/ros2_ws/install/sllidar_ros2/share/sllidar_ros2/package.dsv
[1.354s] -- Up-to-date symlink: /home/mine/Desktop/ros2_ws/install/sllidar_ros2/share/ament_index/resource_index/packages/sllidar_ros2
[1.356s] -- Up-to-date symlink: /home/mine/Desktop/ros2_ws/install/sllidar_ros2/share/sllidar_ros2/cmake/ament_cmake_export_dependencies-extras.cmake
[1.357s] -- Up-to-date symlink: /home/mine/Desktop/ros2_ws/install/sllidar_ros2/share/sllidar_ros2/cmake/ament_cmake_export_include_directories-extras.cmake
[1.359s] -- Up-to-date symlink: /home/mine/Desktop/ros2_ws/install/sllidar_ros2/share/sllidar_ros2/cmake/sllidar_ros2Config.cmake
[1.360s] -- Up-to-date symlink: /home/mine/Desktop/ros2_ws/install/sllidar_ros2/share/sllidar_ros2/cmake/sllidar_ros2Config-version.cmake
[1.364s] -- Up-to-date symlink: /home/mine/Desktop/ros2_ws/install/sllidar_ros2/share/sllidar_ros2/package.xml
[1.375s] Invoked command in '/home/mine/Desktop/ros2_ws/build/sllidar_ros2' returned '0': CMAKE_PREFIX_PATH=${CMAKE_PREFIX_PATH}:/opt/ros/humble /usr/bin/cmake --install /home/mine/Desktop/ros2_ws/build/sllidar_ros2
