[5.168s] Invoking command in '/home/robot/Desktop/mineswarm-parent/ros2_ws/src/communication_module': PYTHONPATH=/home/robot/Desktop/mineswarm-parent/ros2_ws/build/communication_module/prefix_override:/usr/lib/python3/dist-packages/colcon_core/task/python/colcon_distutils_commands:/home/robot/Desktop/mineswarm-parent/ros2_ws/install/communication_module/lib/python3.10/site-packages:${PYTHONPATH} /usr/bin/python3 -W ignore:setup.py install is deprecated setup.py egg_info --egg-base ../../build/communication_module build --build-base /home/robot/Desktop/mineswarm-parent/ros2_ws/build/communication_module/build install --record /home/robot/Desktop/mineswarm-parent/ros2_ws/build/communication_module/install.log --single-version-externally-managed install_data
[6.493s] running egg_info
[6.496s] writing ../../build/communication_module/communication_module.egg-info/PKG-INFO
[6.498s] writing dependency_links to ../../build/communication_module/communication_module.egg-info/dependency_links.txt
[6.498s] writing entry points to ../../build/communication_module/communication_module.egg-info/entry_points.txt
[6.500s] writing requirements to ../../build/communication_module/communication_module.egg-info/requires.txt
[6.501s] writing top-level names to ../../build/communication_module/communication_module.egg-info/top_level.txt
[6.508s] reading manifest file '../../build/communication_module/communication_module.egg-info/SOURCES.txt'
[6.513s] writing manifest file '../../build/communication_module/communication_module.egg-info/SOURCES.txt'
[6.513s] running build
[6.514s] running build_py
[6.517s] running install
[6.518s] running install_lib
[6.523s] running install_data
[6.524s] running install_egg_info
[6.532s] removing '/home/robot/Desktop/mineswarm-parent/ros2_ws/install/communication_module/lib/python3.10/site-packages/communication_module-0.0.0-py3.10.egg-info' (and everything under it)
[6.534s] Copying ../../build/communication_module/communication_module.egg-info to /home/robot/Desktop/mineswarm-parent/ros2_ws/install/communication_module/lib/python3.10/site-packages/communication_module-0.0.0-py3.10.egg-info
[6.541s] running install_scripts
[6.635s] Installing ugv02_control script to /home/robot/Desktop/mineswarm-parent/ros2_ws/install/communication_module/lib/communication_module
[6.638s] writing list of installed files to '/home/robot/Desktop/mineswarm-parent/ros2_ws/build/communication_module/install.log'
[6.850s] Invoked command in '/home/robot/Desktop/mineswarm-parent/ros2_ws/src/communication_module' returned '0': PYTHONPATH=/home/robot/Desktop/mineswarm-parent/ros2_ws/build/communication_module/prefix_override:/usr/lib/python3/dist-packages/colcon_core/task/python/colcon_distutils_commands:/home/robot/Desktop/mineswarm-parent/ros2_ws/install/communication_module/lib/python3.10/site-packages:${PYTHONPATH} /usr/bin/python3 -W ignore:setup.py install is deprecated setup.py egg_info --egg-base ../../build/communication_module build --build-base /home/robot/Desktop/mineswarm-parent/ros2_ws/build/communication_module/build install --record /home/robot/Desktop/mineswarm-parent/ros2_ws/build/communication_module/install.log --single-version-externally-managed install_data
